-- The C compiler identification is GNU 11.4.0
-- The CXX compiler identification is GNU 11.4.0
-- Detecting C compiler ABI info
-- Detecting C compiler ABI info - done
-- Check for working C compiler: /usr/bin/cc - skipped
-- Detecting C compile features
-- Detecting C compile features - done
-- Detecting CXX compiler ABI info
-- Detecting CXX compiler ABI info - done
-- Check for working CXX compiler: /usr/bin/c++ - skipped
-- Detecting CXX compile features
-- Detecting CXX compile features - done
-- Found ament_cmake: 1.3.12 (/opt/ros/humble/share/ament_cmake/cmake)
-- Found Python3: /usr/bin/python3 (found version "3.10.12") found components: Interpreter 
[31mCMake Error at CMakeLists.txt:21 (find_package):
  By not providing "Findunitree_sdk2.cmake" in CMAKE_MODULE_PATH this project
  has asked CMake to find a package configuration file provided by
  "unitree_sdk2", but CMake did not find one.

  Could not find a package configuration file provided by "unitree_sdk2" with
  any of the following names:

    unitree_sdk2Config.cmake
    unitree_sdk2-config.cmake

  Add the installation prefix of "unitree_sdk2" to CMAKE_PREFIX_PATH or set
  "unitree_sdk2_DIR" to a directory containing one of the above files.  If
  "unitree_sdk2" provides a separate development package or SDK, be sure it
  has been installed.

[0m
-- Configuring incomplete, errors occurred!
See also "/home/yzz/quadruped_ws/build/hardware_unitree_mujoco/CMakeFiles/CMakeOutput.log".
