[0.059s] Invoking command in '/home/yzz/quadruped_ws/build/unitree_guide_controller': CMAKE_PREFIX_PATH=/home/yzz/quadruped_ws/install/controller_common:/home/yzz/quadruped_ws/install/control_input_msgs:/home/yzz/quadruped_ws/install/unitree_sdk2:/home/yzz/quadruped_ws/install/unitree_guide_controller:/home/yzz/quadruped_ws/install/leg_pd_controller:/home/yzz/quadruped_ws/install/keyboard_input:/home/yzz/quadruped_ws/install/go1_description:/opt/ros/humble LD_LIBRARY_PATH=/home/yzz/quadruped_ws/install/controller_common/lib:/home/yzz/quadruped_ws/install/control_input_msgs/lib:/home/yzz/quadruped_ws/install/unitree_guide_controller/lib:/home/yzz/quadruped_ws/install/unitree_sdk2/lib:/home/yzz/quadruped_ws/install/leg_pd_controller/lib:/opt/ros/humble/opt/rviz_ogre_vendor/lib:/opt/ros/humble/lib/x86_64-linux-gnu:/opt/ros/humble/lib /usr/bin/cmake /home/yzz/quadruped_ws/src/quadruped_ros2_control-humble/controllers/unitree_guide_controller -DAMENT_CMAKE_SYMLINK_INSTALL=1 -DCMAKE_INSTALL_PREFIX=/home/yzz/quadruped_ws/install/unitree_guide_controller
[0.285s] -- The C compiler identification is GNU 11.4.0
[0.483s] -- The CXX compiler identification is GNU 11.4.0
[0.509s] -- Detecting C compiler ABI info
[0.805s] -- Detecting C compiler ABI info - done
[0.841s] -- Check for working C compiler: /usr/bin/cc - skipped
[0.841s] -- Detecting C compile features
[0.843s] -- Detecting C compile features - done
[0.856s] -- Detecting CXX compiler ABI info
[1.176s] -- Detecting CXX compiler ABI info - done
[1.201s] -- Check for working CXX compiler: /usr/bin/c++ - skipped
[1.202s] -- Detecting CXX compile features
[1.202s] -- Detecting CXX compile features - done
[1.210s] -- Found ament_cmake: 1.3.12 (/opt/ros/humble/share/ament_cmake/cmake)
[1.510s] -- Found Python3: /usr/bin/python3 (found version "3.10.12") found components: Interpreter 
[1.614s] -- Override CMake install command with custom implementation using symlinks instead of copying resources
[1.667s] -- Found pluginlib: 5.1.2 (/opt/ros/humble/share/pluginlib/cmake)
[1.716s] -- Found controller_interface: 2.52.2 (/opt/ros/humble/share/controller_interface/cmake)
[1.767s] -- Found rosidl_generator_c: 3.1.7 (/opt/ros/humble/share/rosidl_generator_c/cmake)
[1.773s] -- Found rosidl_adapter: 3.1.7 (/opt/ros/humble/share/rosidl_adapter/cmake)
[1.803s] -- Found rosidl_generator_cpp: 3.1.7 (/opt/ros/humble/share/rosidl_generator_cpp/cmake)
[1.828s] -- Using all available rosidl_typesupport_c: rosidl_typesupport_fastrtps_c;rosidl_typesupport_introspection_c
[1.856s] -- Using all available rosidl_typesupport_cpp: rosidl_typesupport_fastrtps_cpp;rosidl_typesupport_introspection_cpp
[2.260s] -- Found rmw_implementation_cmake: 6.1.2 (/opt/ros/humble/share/rmw_implementation_cmake/cmake)
[2.265s] -- Found rmw_fastrtps_cpp: 6.2.9 (/opt/ros/humble/share/rmw_fastrtps_cpp/cmake)
[2.326s] -- Found TinyXML2 via Config file: TinyXML2_DIR-NOTFOUND
[2.545s] -- Found OpenSSL: /usr/lib/x86_64-linux-gnu/libcrypto.so (found version "3.0.2")  
[2.552s] -- Found TinyXML2 via Config file: TinyXML2_DIR-NOTFOUND
[2.598s] -- Found FastRTPS: /opt/ros/humble/include  
[2.608s] -- Found TinyXML2 via Config file: TinyXML2_DIR-NOTFOUND
[2.644s] -- Found TinyXML2 via Config file: TinyXML2_DIR-NOTFOUND
[2.682s] -- Using RMW implementation 'rmw_fastrtps_cpp' as default
[2.703s] -- Looking for pthread.h
[2.959s] -- Looking for pthread.h - found
[2.959s] -- Performing Test CMAKE_HAVE_LIBC_PTHREAD
[3.331s] -- Performing Test CMAKE_HAVE_LIBC_PTHREAD - Success
[3.334s] -- Found Threads: TRUE  
[3.470s] -- Found realtime_tools: 2.14.1 (/opt/ros/humble/share/realtime_tools/cmake)
[3.501s] -- Found control_input_msgs: 0.0.0 (/home/yzz/quadruped_ws/install/control_input_msgs/share/control_input_msgs/cmake)
[3.528s] -- Found controller_common: 0.0.0 (/home/yzz/quadruped_ws/install/controller_common/share/controller_common/cmake)
[3.534s] -- Found kdl_parser: 2.6.4 (/opt/ros/humble/share/kdl_parser/cmake)
[3.568s] -- Found eigen3_cmake_module: 0.1.1 (/opt/ros/humble/share/eigen3_cmake_module/cmake)
[3.575s] -- Found Eigen3: TRUE (found version "3.4.0") 
[3.576s] -- Ensuring Eigen3 include directory is part of orocos-kdl CMake target
[3.596s] -- Found ament_lint_auto: 0.12.14 (/opt/ros/humble/share/ament_lint_auto/cmake)
[3.827s] -- Added test 'cppcheck' to perform static code analysis on C / C++ code
[3.829s] -- Configured cppcheck include dirs: $<BUILD_INTERFACE:/home/yzz/quadruped_ws/src/quadruped_ros2_control-humble/controllers/unitree_guide_controller/include>;/home/yzz/quadruped_ws/src/quadruped_ros2_control-humble/controllers/unitree_guide_controller/src
[3.829s] -- Configured cppcheck exclude dirs and/or files: 
[3.831s] -- Added test 'flake8' to check Python code syntax and style conventions
[3.836s] -- Added test 'lint_cmake' to check CMake code style
[3.840s] -- Added test 'pep257' to check Python code against some of the docstring style conventions in PEP 257
[3.852s] -- Added test 'uncrustify' to check C / C++ code style
[3.852s] -- Configured uncrustify additional arguments: 
[3.855s] -- Added test 'xmllint' to check XML markup files
[3.863s] -- Configuring done
[3.967s] -- Generating done
[3.982s] -- Build files have been written to: /home/yzz/quadruped_ws/build/unitree_guide_controller
[4.020s] Invoked command in '/home/yzz/quadruped_ws/build/unitree_guide_controller' returned '0': CMAKE_PREFIX_PATH=/home/yzz/quadruped_ws/install/controller_common:/home/yzz/quadruped_ws/install/control_input_msgs:/home/yzz/quadruped_ws/install/unitree_sdk2:/home/yzz/quadruped_ws/install/unitree_guide_controller:/home/yzz/quadruped_ws/install/leg_pd_controller:/home/yzz/quadruped_ws/install/keyboard_input:/home/yzz/quadruped_ws/install/go1_description:/opt/ros/humble LD_LIBRARY_PATH=/home/yzz/quadruped_ws/install/controller_common/lib:/home/yzz/quadruped_ws/install/control_input_msgs/lib:/home/yzz/quadruped_ws/install/unitree_guide_controller/lib:/home/yzz/quadruped_ws/install/unitree_sdk2/lib:/home/yzz/quadruped_ws/install/leg_pd_controller/lib:/opt/ros/humble/opt/rviz_ogre_vendor/lib:/opt/ros/humble/lib/x86_64-linux-gnu:/opt/ros/humble/lib /usr/bin/cmake /home/yzz/quadruped_ws/src/quadruped_ros2_control-humble/controllers/unitree_guide_controller -DAMENT_CMAKE_SYMLINK_INSTALL=1 -DCMAKE_INSTALL_PREFIX=/home/yzz/quadruped_ws/install/unitree_guide_controller
[4.021s] Invoking command in '/home/yzz/quadruped_ws/build/unitree_guide_controller': CMAKE_PREFIX_PATH=/home/yzz/quadruped_ws/install/controller_common:/home/yzz/quadruped_ws/install/control_input_msgs:/home/yzz/quadruped_ws/install/unitree_sdk2:/home/yzz/quadruped_ws/install/unitree_guide_controller:/home/yzz/quadruped_ws/install/leg_pd_controller:/home/yzz/quadruped_ws/install/keyboard_input:/home/yzz/quadruped_ws/install/go1_description:/opt/ros/humble LD_LIBRARY_PATH=/home/yzz/quadruped_ws/install/controller_common/lib:/home/yzz/quadruped_ws/install/control_input_msgs/lib:/home/yzz/quadruped_ws/install/unitree_guide_controller/lib:/home/yzz/quadruped_ws/install/unitree_sdk2/lib:/home/yzz/quadruped_ws/install/leg_pd_controller/lib:/opt/ros/humble/opt/rviz_ogre_vendor/lib:/opt/ros/humble/lib/x86_64-linux-gnu:/opt/ros/humble/lib /usr/bin/cmake --build /home/yzz/quadruped_ws/build/unitree_guide_controller -- -j2 -l2
[4.252s] [  5%] [32mBuilding CXX object CMakeFiles/unitree_guide_controller.dir/src/UnitreeGuideController.cpp.o[0m
[28.499s] [ 11%] [32mBuilding CXX object CMakeFiles/unitree_guide_controller.dir/src/FSM/StateFixedStand.cpp.o[0m
[29.500s] [ 17%] [32mBuilding CXX object CMakeFiles/unitree_guide_controller.dir/src/FSM/StateSwingTest.cpp.o[0m
[33.551s] [ 23%] [32mBuilding CXX object CMakeFiles/unitree_guide_controller.dir/src/FSM/StateFreeStand.cpp.o[0m
[41.321s] [ 29%] [32mBuilding CXX object CMakeFiles/unitree_guide_controller.dir/src/FSM/StateBalanceTest.cpp.o[0m
[49.753s] [ 35%] [32mBuilding CXX object CMakeFiles/unitree_guide_controller.dir/src/FSM/StateTrotting.cpp.o[0m
[54.790s] [ 41%] [32mBuilding CXX object CMakeFiles/unitree_guide_controller.dir/src/robot/QuadrupedRobot.cpp.o[0m
[59.014s] [ 47%] [32mBuilding CXX object CMakeFiles/unitree_guide_controller.dir/src/robot/RobotLeg.cpp.o[0m
[61.977s] [ 52%] [32mBuilding CXX object CMakeFiles/unitree_guide_controller.dir/src/control/Estimator.cpp.o[0m
[85.938s] [ 58%] [32mBuilding CXX object CMakeFiles/unitree_guide_controller.dir/src/control/LowPassFilter.cpp.o[0m
[86.204s] [ 64%] [32mBuilding CXX object CMakeFiles/unitree_guide_controller.dir/src/control/BalanceCtrl.cpp.o[0m
[93.561s] [ 70%] [32mBuilding CXX object CMakeFiles/unitree_guide_controller.dir/src/quadProgpp/Array.cc.o[0m
[94.479s] [ 76%] [32mBuilding CXX object CMakeFiles/unitree_guide_controller.dir/src/quadProgpp/QuadProg++.cc.o[0m
[96.909s] [ 82%] [32mBuilding CXX object CMakeFiles/unitree_guide_controller.dir/src/gait/WaveGenerator.cpp.o[0m
[98.821s] [ 88%] [32mBuilding CXX object CMakeFiles/unitree_guide_controller.dir/src/gait/FeetEndCalc.cpp.o[0m
[102.264s] [ 94%] [32mBuilding CXX object CMakeFiles/unitree_guide_controller.dir/src/gait/GaitGenerator.cpp.o[0m
[105.887s] [100%] [32m[1mLinking CXX shared library libunitree_guide_controller.so[0m
[106.198s] [100%] Built target unitree_guide_controller
[106.215s] Invoked command in '/home/yzz/quadruped_ws/build/unitree_guide_controller' returned '0': CMAKE_PREFIX_PATH=/home/yzz/quadruped_ws/install/controller_common:/home/yzz/quadruped_ws/install/control_input_msgs:/home/yzz/quadruped_ws/install/unitree_sdk2:/home/yzz/quadruped_ws/install/unitree_guide_controller:/home/yzz/quadruped_ws/install/leg_pd_controller:/home/yzz/quadruped_ws/install/keyboard_input:/home/yzz/quadruped_ws/install/go1_description:/opt/ros/humble LD_LIBRARY_PATH=/home/yzz/quadruped_ws/install/controller_common/lib:/home/yzz/quadruped_ws/install/control_input_msgs/lib:/home/yzz/quadruped_ws/install/unitree_guide_controller/lib:/home/yzz/quadruped_ws/install/unitree_sdk2/lib:/home/yzz/quadruped_ws/install/leg_pd_controller/lib:/opt/ros/humble/opt/rviz_ogre_vendor/lib:/opt/ros/humble/lib/x86_64-linux-gnu:/opt/ros/humble/lib /usr/bin/cmake --build /home/yzz/quadruped_ws/build/unitree_guide_controller -- -j2 -l2
[106.218s] Invoking command in '/home/yzz/quadruped_ws/build/unitree_guide_controller': CMAKE_PREFIX_PATH=/home/yzz/quadruped_ws/install/controller_common:/home/yzz/quadruped_ws/install/control_input_msgs:/home/yzz/quadruped_ws/install/unitree_sdk2:/home/yzz/quadruped_ws/install/unitree_guide_controller:/home/yzz/quadruped_ws/install/leg_pd_controller:/home/yzz/quadruped_ws/install/keyboard_input:/home/yzz/quadruped_ws/install/go1_description:/opt/ros/humble LD_LIBRARY_PATH=/home/yzz/quadruped_ws/install/controller_common/lib:/home/yzz/quadruped_ws/install/control_input_msgs/lib:/home/yzz/quadruped_ws/install/unitree_guide_controller/lib:/home/yzz/quadruped_ws/install/unitree_sdk2/lib:/home/yzz/quadruped_ws/install/leg_pd_controller/lib:/opt/ros/humble/opt/rviz_ogre_vendor/lib:/opt/ros/humble/lib/x86_64-linux-gnu:/opt/ros/humble/lib /usr/bin/cmake --install /home/yzz/quadruped_ws/build/unitree_guide_controller
[106.230s] -- Install configuration: "Release"
[106.231s] -- Execute custom install script
[106.231s] -- Symlinking: /home/yzz/quadruped_ws/install/unitree_guide_controller/share/unitree_guide_controller//unitree_guide_controller.xml
[106.245s] -- Symlinking: /home/yzz/quadruped_ws/install/unitree_guide_controller/include/unitree_guide_controller/unitree_guide_controller/FSM/StateBalanceTest.h
[106.259s] -- Symlinking: /home/yzz/quadruped_ws/install/unitree_guide_controller/include/unitree_guide_controller/unitree_guide_controller/FSM/StateFixedStand.h
[106.272s] -- Symlinking: /home/yzz/quadruped_ws/install/unitree_guide_controller/include/unitree_guide_controller/unitree_guide_controller/FSM/StateFreeStand.h
[106.284s] -- Symlinking: /home/yzz/quadruped_ws/install/unitree_guide_controller/include/unitree_guide_controller/unitree_guide_controller/FSM/StateSwingTest.h
[106.295s] -- Symlinking: /home/yzz/quadruped_ws/install/unitree_guide_controller/include/unitree_guide_controller/unitree_guide_controller/FSM/StateTrotting.h
[106.307s] -- Symlinking: /home/yzz/quadruped_ws/install/unitree_guide_controller/include/unitree_guide_controller/unitree_guide_controller/UnitreeGuideController.h
[106.320s] -- Symlinking: /home/yzz/quadruped_ws/install/unitree_guide_controller/include/unitree_guide_controller/unitree_guide_controller/common/mathTools.h
[106.331s] -- Symlinking: /home/yzz/quadruped_ws/install/unitree_guide_controller/include/unitree_guide_controller/unitree_guide_controller/common/mathTypes.h
[106.349s] -- Symlinking: /home/yzz/quadruped_ws/install/unitree_guide_controller/include/unitree_guide_controller/unitree_guide_controller/control/BalanceCtrl.h
[106.367s] -- Symlinking: /home/yzz/quadruped_ws/install/unitree_guide_controller/include/unitree_guide_controller/unitree_guide_controller/control/CtrlComponent.h
[106.383s] -- Symlinking: /home/yzz/quadruped_ws/install/unitree_guide_controller/include/unitree_guide_controller/unitree_guide_controller/control/Estimator.h
[106.399s] -- Symlinking: /home/yzz/quadruped_ws/install/unitree_guide_controller/include/unitree_guide_controller/unitree_guide_controller/control/LowPassFilter.h
[106.416s] -- Symlinking: /home/yzz/quadruped_ws/install/unitree_guide_controller/include/unitree_guide_controller/unitree_guide_controller/gait/FeetEndCalc.h
[106.437s] -- Symlinking: /home/yzz/quadruped_ws/install/unitree_guide_controller/include/unitree_guide_controller/unitree_guide_controller/gait/GaitGenerator.h
[106.458s] -- Symlinking: /home/yzz/quadruped_ws/install/unitree_guide_controller/include/unitree_guide_controller/unitree_guide_controller/gait/WaveGenerator.h
[106.475s] -- Symlinking: /home/yzz/quadruped_ws/install/unitree_guide_controller/include/unitree_guide_controller/unitree_guide_controller/robot/QuadrupedRobot.h
[106.489s] -- Symlinking: /home/yzz/quadruped_ws/install/unitree_guide_controller/include/unitree_guide_controller/unitree_guide_controller/robot/RobotLeg.h
[106.504s] -- Symlinking: /home/yzz/quadruped_ws/install/unitree_guide_controller/share/unitree_guide_controller//launch/gazebo.launch.py
[106.518s] -- Symlinking: /home/yzz/quadruped_ws/install/unitree_guide_controller/share/unitree_guide_controller//launch/gazebo_classic.launch.py
[106.533s] -- Symlinking: /home/yzz/quadruped_ws/install/unitree_guide_controller/share/unitree_guide_controller//launch/mujoco.launch.py
[106.548s] -- Symlinking: /home/yzz/quadruped_ws/install/unitree_guide_controller/share/unitree_guide_controller/environment/library_path.sh
[106.564s] -- Symlinking: /home/yzz/quadruped_ws/install/unitree_guide_controller/share/unitree_guide_controller/environment/library_path.dsv
[106.581s] -- Symlinking: /home/yzz/quadruped_ws/install/unitree_guide_controller/share/ament_index/resource_index/package_run_dependencies/unitree_guide_controller
[106.595s] -- Symlinking: /home/yzz/quadruped_ws/install/unitree_guide_controller/share/ament_index/resource_index/parent_prefix_path/unitree_guide_controller
[106.611s] -- Symlinking: /home/yzz/quadruped_ws/install/unitree_guide_controller/share/unitree_guide_controller/environment/ament_prefix_path.sh
[106.627s] -- Symlinking: /home/yzz/quadruped_ws/install/unitree_guide_controller/share/unitree_guide_controller/environment/ament_prefix_path.dsv
[106.641s] -- Symlinking: /home/yzz/quadruped_ws/install/unitree_guide_controller/share/unitree_guide_controller/environment/path.sh
[106.655s] -- Symlinking: /home/yzz/quadruped_ws/install/unitree_guide_controller/share/unitree_guide_controller/environment/path.dsv
[106.670s] -- Symlinking: /home/yzz/quadruped_ws/install/unitree_guide_controller/share/unitree_guide_controller/local_setup.bash
[106.684s] -- Symlinking: /home/yzz/quadruped_ws/install/unitree_guide_controller/share/unitree_guide_controller/local_setup.sh
[106.698s] -- Symlinking: /home/yzz/quadruped_ws/install/unitree_guide_controller/share/unitree_guide_controller/local_setup.zsh
[106.715s] -- Symlinking: /home/yzz/quadruped_ws/install/unitree_guide_controller/share/unitree_guide_controller/local_setup.dsv
[106.727s] -- Symlinking: /home/yzz/quadruped_ws/install/unitree_guide_controller/share/unitree_guide_controller/package.dsv
[106.741s] -- Symlinking: /home/yzz/quadruped_ws/install/unitree_guide_controller/share/ament_index/resource_index/packages/unitree_guide_controller
[106.755s] -- Symlinking: /home/yzz/quadruped_ws/install/unitree_guide_controller/share/ament_index/resource_index/controller_interface__pluginlib__plugin/unitree_guide_controller
[106.769s] -- Symlinking: /home/yzz/quadruped_ws/install/unitree_guide_controller/share/unitree_guide_controller/cmake/ament_cmake_export_dependencies-extras.cmake
[106.783s] -- Symlinking: /home/yzz/quadruped_ws/install/unitree_guide_controller/share/unitree_guide_controller/cmake/ament_cmake_export_targets-extras.cmake
[106.797s] -- Symlinking: /home/yzz/quadruped_ws/install/unitree_guide_controller/share/unitree_guide_controller/cmake/unitree_guide_controllerConfig.cmake
[106.811s] -- Symlinking: /home/yzz/quadruped_ws/install/unitree_guide_controller/share/unitree_guide_controller/cmake/unitree_guide_controllerConfig-version.cmake
[106.825s] -- Symlinking: /home/yzz/quadruped_ws/install/unitree_guide_controller/share/unitree_guide_controller/package.xml
[106.838s] -- Installing: /home/yzz/quadruped_ws/install/unitree_guide_controller/lib/unitree_guide_controller/libunitree_guide_controller.so
[106.842s] -- Set runtime path of "/home/yzz/quadruped_ws/install/unitree_guide_controller/lib/unitree_guide_controller/libunitree_guide_controller.so" to ""
[106.842s] -- Installing: /home/yzz/quadruped_ws/install/unitree_guide_controller/share/unitree_guide_controller/cmake/export_unitree_guide_controllerExport.cmake
[106.843s] -- Installing: /home/yzz/quadruped_ws/install/unitree_guide_controller/share/unitree_guide_controller/cmake/export_unitree_guide_controllerExport-release.cmake
[106.847s] Invoked command in '/home/yzz/quadruped_ws/build/unitree_guide_controller' returned '0': CMAKE_PREFIX_PATH=/home/yzz/quadruped_ws/install/controller_common:/home/yzz/quadruped_ws/install/control_input_msgs:/home/yzz/quadruped_ws/install/unitree_sdk2:/home/yzz/quadruped_ws/install/unitree_guide_controller:/home/yzz/quadruped_ws/install/leg_pd_controller:/home/yzz/quadruped_ws/install/keyboard_input:/home/yzz/quadruped_ws/install/go1_description:/opt/ros/humble LD_LIBRARY_PATH=/home/yzz/quadruped_ws/install/controller_common/lib:/home/yzz/quadruped_ws/install/control_input_msgs/lib:/home/yzz/quadruped_ws/install/unitree_guide_controller/lib:/home/yzz/quadruped_ws/install/unitree_sdk2/lib:/home/yzz/quadruped_ws/install/leg_pd_controller/lib:/opt/ros/humble/opt/rviz_ogre_vendor/lib:/opt/ros/humble/lib/x86_64-linux-gnu:/opt/ros/humble/lib /usr/bin/cmake --install /home/yzz/quadruped_ws/build/unitree_guide_controller
