[0.077s] Invoking command in '/home/yzz/quadruped_ws/build/control_input_msgs': CMAKE_PREFIX_PATH=${CMAKE_PREFIX_PATH}:/opt/ros/humble /usr/bin/cmake --build /home/yzz/quadruped_ws/build/control_input_msgs -- -j2 -l2
[0.284s] [35m[1mConsolidate compiler generated dependencies of target control_input_msgs__rosidl_generator_c[0m
[0.341s] [  3%] Built target control_input_msgs__cpp
[0.382s] [ 12%] Built target control_input_msgs__rosidl_generator_c
[0.435s] [35m[1mConsolidate compiler generated dependencies of target control_input_msgs__rosidl_typesupport_cpp[0m
[0.462s] [ 12%] Built target ament_cmake_python_symlink_control_input_msgs
[0.506s] [ 22%] Built target control_input_msgs__rosidl_typesupport_cpp
[0.519s] [35m[1mConsolidate compiler generated dependencies of target control_input_msgs__rosidl_typesupport_fastrtps_c[0m
[0.560s] [ 32%] Built target control_input_msgs__rosidl_typesupport_fastrtps_c
[0.579s] [35m[1mConsolidate compiler generated dependencies of target control_input_msgs__rosidl_typesupport_introspection_c[0m
[0.593s] [35m[1mConsolidate compiler generated dependencies of target control_input_msgs__rosidl_typesupport_c[0m
[0.640s] [ 41%] Built target control_input_msgs__rosidl_typesupport_c
[0.644s] [ 51%] Built target control_input_msgs__rosidl_typesupport_introspection_c
[0.696s] [35m[1mConsolidate compiler generated dependencies of target control_input_msgs__rosidl_typesupport_introspection_cpp[0m
[0.702s] [35m[1mConsolidate compiler generated dependencies of target control_input_msgs__rosidl_typesupport_fastrtps_cpp[0m
[0.762s] [ 61%] Built target control_input_msgs__rosidl_typesupport_introspection_cpp
[0.762s] [ 70%] Built target control_input_msgs__rosidl_typesupport_fastrtps_cpp
[0.855s] [ 70%] Built target control_input_msgs
[0.978s] [ 74%] Built target control_input_msgs__py
[1.052s] [35m[1mConsolidate compiler generated dependencies of target control_input_msgs__rosidl_generator_py[0m
[1.108s] [ 80%] Built target control_input_msgs__rosidl_generator_py
[1.155s] [35m[1mConsolidate compiler generated dependencies of target control_input_msgs__rosidl_typesupport_fastrtps_c__pyext[0m
[1.232s] [ 87%] Built target control_input_msgs__rosidl_typesupport_fastrtps_c__pyext
[1.294s] [35m[1mConsolidate compiler generated dependencies of target control_input_msgs__rosidl_typesupport_introspection_c__pyext[0m
[1.368s] [ 93%] Built target control_input_msgs__rosidl_typesupport_introspection_c__pyext
[1.434s] [35m[1mConsolidate compiler generated dependencies of target control_input_msgs__rosidl_typesupport_c__pyext[0m
[1.531s] [100%] Built target control_input_msgs__rosidl_typesupport_c__pyext
[1.673s] running egg_info
[1.675s] writing control_input_msgs.egg-info/PKG-INFO
[1.675s] writing dependency_links to control_input_msgs.egg-info/dependency_links.txt
[1.676s] writing top-level names to control_input_msgs.egg-info/top_level.txt
[1.682s] reading manifest file 'control_input_msgs.egg-info/SOURCES.txt'
[1.684s] writing manifest file 'control_input_msgs.egg-info/SOURCES.txt'
[1.799s] [100%] Built target ament_cmake_python_build_control_input_msgs_egg
[1.829s] Invoked command in '/home/yzz/quadruped_ws/build/control_input_msgs' returned '0': CMAKE_PREFIX_PATH=${CMAKE_PREFIX_PATH}:/opt/ros/humble /usr/bin/cmake --build /home/yzz/quadruped_ws/build/control_input_msgs -- -j2 -l2
[1.868s] Invoking command in '/home/yzz/quadruped_ws/build/control_input_msgs': CMAKE_PREFIX_PATH=${CMAKE_PREFIX_PATH}:/opt/ros/humble /usr/bin/cmake --install /home/yzz/quadruped_ws/build/control_input_msgs
[1.919s] -- Install configuration: ""
[1.920s] -- Execute custom install script
[1.924s] -- Up-to-date symlink: /home/yzz/quadruped_ws/install/control_input_msgs/share/ament_index/resource_index/rosidl_interfaces/control_input_msgs
[1.924s] -- Up-to-date symlink: /home/yzz/quadruped_ws/install/control_input_msgs/include/control_input_msgs/control_input_msgs/msg/detail/inputs__functions.h
[1.924s] -- Up-to-date symlink: /home/yzz/quadruped_ws/install/control_input_msgs/include/control_input_msgs/control_input_msgs/msg/detail/inputs__struct.h
[1.926s] -- Up-to-date symlink: /home/yzz/quadruped_ws/install/control_input_msgs/include/control_input_msgs/control_input_msgs/msg/detail/inputs__type_support.h
[1.927s] -- Up-to-date symlink: /home/yzz/quadruped_ws/install/control_input_msgs/include/control_input_msgs/control_input_msgs/msg/inputs.h
[1.927s] -- Up-to-date symlink: /home/yzz/quadruped_ws/install/control_input_msgs/include/control_input_msgs/control_input_msgs/msg/rosidl_generator_c__visibility_control.h
[1.931s] -- Up-to-date symlink: /home/yzz/quadruped_ws/install/control_input_msgs/share/control_input_msgs/environment/library_path.sh
[1.931s] -- Up-to-date symlink: /home/yzz/quadruped_ws/install/control_input_msgs/share/control_input_msgs/environment/library_path.dsv
[1.931s] -- Up-to-date symlink: /home/yzz/quadruped_ws/install/control_input_msgs/include/control_input_msgs/control_input_msgs/msg/detail/inputs__rosidl_typesupport_fastrtps_c.h
[1.933s] -- Up-to-date symlink: /home/yzz/quadruped_ws/install/control_input_msgs/include/control_input_msgs/control_input_msgs/msg/rosidl_typesupport_fastrtps_c__visibility_control.h
[1.936s] -- Up-to-date symlink: /home/yzz/quadruped_ws/install/control_input_msgs/include/control_input_msgs/control_input_msgs/msg/detail/inputs__rosidl_typesupport_introspection_c.h
[1.937s] -- Up-to-date symlink: /home/yzz/quadruped_ws/install/control_input_msgs/include/control_input_msgs/control_input_msgs/msg/rosidl_typesupport_introspection_c__visibility_control.h
[1.938s] -- Up-to-date symlink: /home/yzz/quadruped_ws/install/control_input_msgs/include/control_input_msgs/control_input_msgs/msg/detail/inputs__builder.hpp
[1.941s] -- Up-to-date symlink: /home/yzz/quadruped_ws/install/control_input_msgs/include/control_input_msgs/control_input_msgs/msg/detail/inputs__struct.hpp
[1.941s] -- Up-to-date symlink: /home/yzz/quadruped_ws/install/control_input_msgs/include/control_input_msgs/control_input_msgs/msg/detail/inputs__traits.hpp
[1.941s] -- Up-to-date symlink: /home/yzz/quadruped_ws/install/control_input_msgs/include/control_input_msgs/control_input_msgs/msg/detail/inputs__type_support.hpp
[1.941s] -- Up-to-date symlink: /home/yzz/quadruped_ws/install/control_input_msgs/include/control_input_msgs/control_input_msgs/msg/inputs.hpp
[1.941s] -- Up-to-date symlink: /home/yzz/quadruped_ws/install/control_input_msgs/include/control_input_msgs/control_input_msgs/msg/rosidl_generator_cpp__visibility_control.hpp
[1.941s] -- Up-to-date symlink: /home/yzz/quadruped_ws/install/control_input_msgs/include/control_input_msgs/control_input_msgs/msg/detail/inputs__rosidl_typesupport_fastrtps_cpp.hpp
[1.947s] -- Up-to-date symlink: /home/yzz/quadruped_ws/install/control_input_msgs/include/control_input_msgs/control_input_msgs/msg/rosidl_typesupport_fastrtps_cpp__visibility_control.h
[1.947s] -- Up-to-date symlink: /home/yzz/quadruped_ws/install/control_input_msgs/include/control_input_msgs/control_input_msgs/msg/detail/inputs__rosidl_typesupport_introspection_cpp.hpp
[1.947s] -- Up-to-date symlink: /home/yzz/quadruped_ws/install/control_input_msgs/share/control_input_msgs/environment/pythonpath.sh
[1.947s] -- Up-to-date symlink: /home/yzz/quadruped_ws/install/control_input_msgs/share/control_input_msgs/environment/pythonpath.dsv
[1.947s] -- Up-to-date symlink: /home/yzz/quadruped_ws/install/control_input_msgs/local/lib/python3.10/dist-packages/control_input_msgs-0.0.0-py3.10.egg-info/PKG-INFO
[1.947s] -- Up-to-date symlink: /home/yzz/quadruped_ws/install/control_input_msgs/local/lib/python3.10/dist-packages/control_input_msgs-0.0.0-py3.10.egg-info/SOURCES.txt
[1.950s] -- Up-to-date symlink: /home/yzz/quadruped_ws/install/control_input_msgs/local/lib/python3.10/dist-packages/control_input_msgs-0.0.0-py3.10.egg-info/dependency_links.txt
[1.950s] -- Up-to-date symlink: /home/yzz/quadruped_ws/install/control_input_msgs/local/lib/python3.10/dist-packages/control_input_msgs-0.0.0-py3.10.egg-info/top_level.txt
[1.950s] -- Up-to-date symlink: /home/yzz/quadruped_ws/install/control_input_msgs/local/lib/python3.10/dist-packages/control_input_msgs/__init__.py
[1.950s] -- Up-to-date symlink: /home/yzz/quadruped_ws/install/control_input_msgs/local/lib/python3.10/dist-packages/control_input_msgs/_control_input_msgs_s.ep.rosidl_typesupport_c.c
[1.950s] -- Up-to-date symlink: /home/yzz/quadruped_ws/install/control_input_msgs/local/lib/python3.10/dist-packages/control_input_msgs/_control_input_msgs_s.ep.rosidl_typesupport_fastrtps_c.c
[1.950s] -- Up-to-date symlink: /home/yzz/quadruped_ws/install/control_input_msgs/local/lib/python3.10/dist-packages/control_input_msgs/_control_input_msgs_s.ep.rosidl_typesupport_introspection_c.c
[1.950s] -- Up-to-date symlink: /home/yzz/quadruped_ws/install/control_input_msgs/local/lib/python3.10/dist-packages/control_input_msgs/control_input_msgs_s__rosidl_typesupport_c.cpython-310-x86_64-linux-gnu.so
[1.950s] -- Up-to-date symlink: /home/yzz/quadruped_ws/install/control_input_msgs/local/lib/python3.10/dist-packages/control_input_msgs/control_input_msgs_s__rosidl_typesupport_fastrtps_c.cpython-310-x86_64-linux-gnu.so
[1.953s] -- Up-to-date symlink: /home/yzz/quadruped_ws/install/control_input_msgs/local/lib/python3.10/dist-packages/control_input_msgs/control_input_msgs_s__rosidl_typesupport_introspection_c.cpython-310-x86_64-linux-gnu.so
[1.953s] -- Up-to-date symlink: /home/yzz/quadruped_ws/install/control_input_msgs/local/lib/python3.10/dist-packages/control_input_msgs/libcontrol_input_msgs__rosidl_generator_py.so
[1.954s] -- Up-to-date symlink: /home/yzz/quadruped_ws/install/control_input_msgs/local/lib/python3.10/dist-packages/control_input_msgs/msg/__init__.py
[1.954s] -- Up-to-date symlink: /home/yzz/quadruped_ws/install/control_input_msgs/local/lib/python3.10/dist-packages/control_input_msgs/msg/_inputs.py
[1.957s] -- Up-to-date symlink: /home/yzz/quadruped_ws/install/control_input_msgs/local/lib/python3.10/dist-packages/control_input_msgs/msg/_inputs_s.c
[1.957s] -- Up-to-date symlink: /home/yzz/quadruped_ws/install/control_input_msgs/local/lib/python3.10/dist-packages/control_input_msgs/control_input_msgs_s__rosidl_typesupport_fastrtps_c.cpython-310-x86_64-linux-gnu.so
[1.958s] -- Up-to-date symlink: /home/yzz/quadruped_ws/install/control_input_msgs/local/lib/python3.10/dist-packages/control_input_msgs/control_input_msgs_s__rosidl_typesupport_introspection_c.cpython-310-x86_64-linux-gnu.so
[1.958s] -- Up-to-date symlink: /home/yzz/quadruped_ws/install/control_input_msgs/local/lib/python3.10/dist-packages/control_input_msgs/control_input_msgs_s__rosidl_typesupport_c.cpython-310-x86_64-linux-gnu.so
[1.961s] -- Up-to-date symlink: /home/yzz/quadruped_ws/install/control_input_msgs/share/control_input_msgs/msg/Inputs.idl
[1.962s] -- Up-to-date symlink: /home/yzz/quadruped_ws/install/control_input_msgs/share/control_input_msgs/msg/Inputs.msg
[1.962s] -- Up-to-date symlink: /home/yzz/quadruped_ws/install/control_input_msgs/share/ament_index/resource_index/package_run_dependencies/control_input_msgs
[1.962s] -- Up-to-date symlink: /home/yzz/quadruped_ws/install/control_input_msgs/share/ament_index/resource_index/parent_prefix_path/control_input_msgs
[1.962s] -- Up-to-date symlink: /home/yzz/quadruped_ws/install/control_input_msgs/share/control_input_msgs/environment/ament_prefix_path.sh
[1.962s] -- Up-to-date symlink: /home/yzz/quadruped_ws/install/control_input_msgs/share/control_input_msgs/environment/ament_prefix_path.dsv
[1.968s] -- Up-to-date symlink: /home/yzz/quadruped_ws/install/control_input_msgs/share/control_input_msgs/environment/path.sh
[1.968s] -- Up-to-date symlink: /home/yzz/quadruped_ws/install/control_input_msgs/share/control_input_msgs/environment/path.dsv
[1.968s] -- Up-to-date symlink: /home/yzz/quadruped_ws/install/control_input_msgs/share/control_input_msgs/local_setup.bash
[1.968s] -- Up-to-date symlink: /home/yzz/quadruped_ws/install/control_input_msgs/share/control_input_msgs/local_setup.sh
[1.968s] -- Up-to-date symlink: /home/yzz/quadruped_ws/install/control_input_msgs/share/control_input_msgs/local_setup.zsh
[1.968s] -- Up-to-date symlink: /home/yzz/quadruped_ws/install/control_input_msgs/share/control_input_msgs/local_setup.dsv
[1.968s] -- Symlinking: /home/yzz/quadruped_ws/install/control_input_msgs/share/control_input_msgs/package.dsv
[2.012s] -- Up-to-date symlink: /home/yzz/quadruped_ws/install/control_input_msgs/share/ament_index/resource_index/packages/control_input_msgs
[2.013s] -- Up-to-date symlink: /home/yzz/quadruped_ws/install/control_input_msgs/share/control_input_msgs/cmake/rosidl_cmake-extras.cmake
[2.014s] -- Up-to-date symlink: /home/yzz/quadruped_ws/install/control_input_msgs/share/control_input_msgs/cmake/ament_cmake_export_include_directories-extras.cmake
[2.014s] -- Up-to-date symlink: /home/yzz/quadruped_ws/install/control_input_msgs/share/control_input_msgs/cmake/ament_cmake_export_libraries-extras.cmake
[2.019s] -- Up-to-date symlink: /home/yzz/quadruped_ws/install/control_input_msgs/share/control_input_msgs/cmake/ament_cmake_export_targets-extras.cmake
[2.019s] -- Up-to-date symlink: /home/yzz/quadruped_ws/install/control_input_msgs/share/control_input_msgs/cmake/rosidl_cmake_export_typesupport_targets-extras.cmake
[2.019s] -- Up-to-date symlink: /home/yzz/quadruped_ws/install/control_input_msgs/share/control_input_msgs/cmake/ament_cmake_export_dependencies-extras.cmake
[2.019s] -- Up-to-date symlink: /home/yzz/quadruped_ws/install/control_input_msgs/share/control_input_msgs/cmake/rosidl_cmake_export_typesupport_libraries-extras.cmake
[2.019s] -- Up-to-date symlink: /home/yzz/quadruped_ws/install/control_input_msgs/share/control_input_msgs/cmake/control_input_msgsConfig.cmake
[2.019s] -- Up-to-date symlink: /home/yzz/quadruped_ws/install/control_input_msgs/share/control_input_msgs/cmake/control_input_msgsConfig-version.cmake
[2.019s] -- Up-to-date symlink: /home/yzz/quadruped_ws/install/control_input_msgs/share/control_input_msgs/package.xml
[2.019s] -- Up-to-date: /home/yzz/quadruped_ws/install/control_input_msgs/lib/libcontrol_input_msgs__rosidl_generator_c.so
[2.026s] -- Up-to-date: /home/yzz/quadruped_ws/install/control_input_msgs/lib/libcontrol_input_msgs__rosidl_typesupport_fastrtps_c.so
[2.026s] -- Up-to-date: /home/yzz/quadruped_ws/install/control_input_msgs/lib/libcontrol_input_msgs__rosidl_typesupport_introspection_c.so
[2.026s] -- Up-to-date: /home/yzz/quadruped_ws/install/control_input_msgs/lib/libcontrol_input_msgs__rosidl_typesupport_c.so
[2.026s] -- Up-to-date: /home/yzz/quadruped_ws/install/control_input_msgs/lib/libcontrol_input_msgs__rosidl_typesupport_fastrtps_cpp.so
[2.027s] -- Up-to-date: /home/yzz/quadruped_ws/install/control_input_msgs/lib/libcontrol_input_msgs__rosidl_typesupport_introspection_cpp.so
[2.027s] -- Up-to-date: /home/yzz/quadruped_ws/install/control_input_msgs/lib/libcontrol_input_msgs__rosidl_typesupport_cpp.so
[2.123s] Listing '/home/yzz/quadruped_ws/install/control_input_msgs/local/lib/python3.10/dist-packages/control_input_msgs'...
[2.124s] Listing '/home/yzz/quadruped_ws/install/control_input_msgs/local/lib/python3.10/dist-packages/control_input_msgs/msg'...
[2.125s] -- Up-to-date: /home/yzz/quadruped_ws/install/control_input_msgs/lib/libcontrol_input_msgs__rosidl_generator_py.so
[2.125s] -- Up-to-date: /home/yzz/quadruped_ws/install/control_input_msgs/share/control_input_msgs/cmake/export_control_input_msgs__rosidl_generator_cExport.cmake
[2.125s] -- Up-to-date: /home/yzz/quadruped_ws/install/control_input_msgs/share/control_input_msgs/cmake/export_control_input_msgs__rosidl_generator_cExport-noconfig.cmake
[2.125s] -- Up-to-date: /home/yzz/quadruped_ws/install/control_input_msgs/share/control_input_msgs/cmake/export_control_input_msgs__rosidl_typesupport_fastrtps_cExport.cmake
[2.126s] -- Up-to-date: /home/yzz/quadruped_ws/install/control_input_msgs/share/control_input_msgs/cmake/export_control_input_msgs__rosidl_typesupport_fastrtps_cExport-noconfig.cmake
[2.127s] -- Up-to-date: /home/yzz/quadruped_ws/install/control_input_msgs/share/control_input_msgs/cmake/control_input_msgs__rosidl_typesupport_introspection_cExport.cmake
[2.127s] -- Up-to-date: /home/yzz/quadruped_ws/install/control_input_msgs/share/control_input_msgs/cmake/control_input_msgs__rosidl_typesupport_introspection_cExport-noconfig.cmake
[2.127s] -- Up-to-date: /home/yzz/quadruped_ws/install/control_input_msgs/share/control_input_msgs/cmake/control_input_msgs__rosidl_typesupport_cExport.cmake
[2.127s] -- Up-to-date: /home/yzz/quadruped_ws/install/control_input_msgs/share/control_input_msgs/cmake/control_input_msgs__rosidl_typesupport_cExport-noconfig.cmake
[2.128s] -- Up-to-date: /home/yzz/quadruped_ws/install/control_input_msgs/share/control_input_msgs/cmake/export_control_input_msgs__rosidl_generator_cppExport.cmake
[2.128s] -- Up-to-date: /home/yzz/quadruped_ws/install/control_input_msgs/share/control_input_msgs/cmake/export_control_input_msgs__rosidl_typesupport_fastrtps_cppExport.cmake
[2.128s] -- Up-to-date: /home/yzz/quadruped_ws/install/control_input_msgs/share/control_input_msgs/cmake/export_control_input_msgs__rosidl_typesupport_fastrtps_cppExport-noconfig.cmake
[2.128s] -- Up-to-date: /home/yzz/quadruped_ws/install/control_input_msgs/share/control_input_msgs/cmake/control_input_msgs__rosidl_typesupport_introspection_cppExport.cmake
[2.128s] -- Up-to-date: /home/yzz/quadruped_ws/install/control_input_msgs/share/control_input_msgs/cmake/control_input_msgs__rosidl_typesupport_introspection_cppExport-noconfig.cmake
[2.128s] -- Up-to-date: /home/yzz/quadruped_ws/install/control_input_msgs/share/control_input_msgs/cmake/control_input_msgs__rosidl_typesupport_cppExport.cmake
[2.129s] -- Up-to-date: /home/yzz/quadruped_ws/install/control_input_msgs/share/control_input_msgs/cmake/control_input_msgs__rosidl_typesupport_cppExport-noconfig.cmake
[2.129s] -- Up-to-date: /home/yzz/quadruped_ws/install/control_input_msgs/share/control_input_msgs/cmake/export_control_input_msgs__rosidl_generator_pyExport.cmake
[2.129s] -- Up-to-date: /home/yzz/quadruped_ws/install/control_input_msgs/share/control_input_msgs/cmake/export_control_input_msgs__rosidl_generator_pyExport-noconfig.cmake
[2.134s] Invoked command in '/home/yzz/quadruped_ws/build/control_input_msgs' returned '0': CMAKE_PREFIX_PATH=${CMAKE_PREFIX_PATH}:/opt/ros/humble /usr/bin/cmake --install /home/yzz/quadruped_ws/build/control_input_msgs
