[0.015s] Invoking command in '/home/yzz/ROS2_WS/build/controller_common': CMAKE_PREFIX_PATH=/home/yzz/ROS2_WS/install/control_input_msgs:/home/yzz/ROS2_WS/install/unitree_sdk2:/home/yzz/ROS2_WS/install/unitree_guide_controller:/home/yzz/ROS2_WS/install/leg_pd_controller:/home/yzz/ROS2_WS/install/keyboard_input:/home/yzz/ROS2_WS/install/go1_description:/home/yzz/ROS2_WS/install/controller_common:/opt/ros/humble LD_LIBRARY_PATH=/home/yzz/ROS2_WS/install/control_input_msgs/lib:/home/yzz/ROS2_WS/install/unitree_sdk2/lib:/home/yzz/ROS2_WS/install/unitree_guide_controller/lib:/home/yzz/ROS2_WS/install/leg_pd_controller/lib:/home/yzz/ROS2_WS/install/controller_common/lib:/usr/lib/x86_64-linux-gnu/gazebo-11/plugins:/opt/ros/humble/opt/rviz_ogre_vendor/lib:/opt/ros/humble/lib/x86_64-linux-gnu:/opt/ros/humble/lib /usr/bin/cmake --build /home/yzz/ROS2_WS/build/controller_common -- -j2 -l2
[0.118s] [100%] Built target controller_common
[0.134s] Invoked command in '/home/yzz/ROS2_WS/build/controller_common' returned '0': CMAKE_PREFIX_PATH=/home/yzz/ROS2_WS/install/control_input_msgs:/home/yzz/ROS2_WS/install/unitree_sdk2:/home/yzz/ROS2_WS/install/unitree_guide_controller:/home/yzz/ROS2_WS/install/leg_pd_controller:/home/yzz/ROS2_WS/install/keyboard_input:/home/yzz/ROS2_WS/install/go1_description:/home/yzz/ROS2_WS/install/controller_common:/opt/ros/humble LD_LIBRARY_PATH=/home/yzz/ROS2_WS/install/control_input_msgs/lib:/home/yzz/ROS2_WS/install/unitree_sdk2/lib:/home/yzz/ROS2_WS/install/unitree_guide_controller/lib:/home/yzz/ROS2_WS/install/leg_pd_controller/lib:/home/yzz/ROS2_WS/install/controller_common/lib:/usr/lib/x86_64-linux-gnu/gazebo-11/plugins:/opt/ros/humble/opt/rviz_ogre_vendor/lib:/opt/ros/humble/lib/x86_64-linux-gnu:/opt/ros/humble/lib /usr/bin/cmake --build /home/yzz/ROS2_WS/build/controller_common -- -j2 -l2
[0.137s] Invoking command in '/home/yzz/ROS2_WS/build/controller_common': CMAKE_PREFIX_PATH=/home/yzz/ROS2_WS/install/control_input_msgs:/home/yzz/ROS2_WS/install/unitree_sdk2:/home/yzz/ROS2_WS/install/unitree_guide_controller:/home/yzz/ROS2_WS/install/leg_pd_controller:/home/yzz/ROS2_WS/install/keyboard_input:/home/yzz/ROS2_WS/install/go1_description:/home/yzz/ROS2_WS/install/controller_common:/opt/ros/humble LD_LIBRARY_PATH=/home/yzz/ROS2_WS/install/control_input_msgs/lib:/home/yzz/ROS2_WS/install/unitree_sdk2/lib:/home/yzz/ROS2_WS/install/unitree_guide_controller/lib:/home/yzz/ROS2_WS/install/leg_pd_controller/lib:/home/yzz/ROS2_WS/install/controller_common/lib:/usr/lib/x86_64-linux-gnu/gazebo-11/plugins:/opt/ros/humble/opt/rviz_ogre_vendor/lib:/opt/ros/humble/lib/x86_64-linux-gnu:/opt/ros/humble/lib /usr/bin/cmake --install /home/yzz/ROS2_WS/build/controller_common
[0.155s] -- Install configuration: "Release"
[0.156s] -- Execute custom install script
[0.157s] -- Up-to-date symlink: /home/yzz/ROS2_WS/install/controller_common/include/controller_common/controller_common/CtrlInterfaces.h
[0.158s] -- Up-to-date symlink: /home/yzz/ROS2_WS/install/controller_common/include/controller_common/controller_common/FSM/BaseFixedStand.h
[0.158s] -- Up-to-date symlink: /home/yzz/ROS2_WS/install/controller_common/include/controller_common/controller_common/FSM/FSMState.h
[0.159s] -- Up-to-date symlink: /home/yzz/ROS2_WS/install/controller_common/include/controller_common/controller_common/FSM/StateFixedDown.h
[0.160s] -- Up-to-date symlink: /home/yzz/ROS2_WS/install/controller_common/include/controller_common/controller_common/FSM/StatePassive.h
[0.161s] -- Up-to-date symlink: /home/yzz/ROS2_WS/install/controller_common/include/controller_common/controller_common/common/enumClass.h
[0.161s] -- Up-to-date symlink: /home/yzz/ROS2_WS/install/controller_common/include/controller_common/controller_common/common/mathTools.h
[0.162s] -- Up-to-date symlink: /home/yzz/ROS2_WS/install/controller_common/include/controller_common/controller_common/common/mathTypes.h
[0.163s] -- Up-to-date symlink: /home/yzz/ROS2_WS/install/controller_common/share/controller_common/environment/library_path.sh
[0.164s] -- Up-to-date symlink: /home/yzz/ROS2_WS/install/controller_common/share/controller_common/environment/library_path.dsv
[0.164s] -- Up-to-date symlink: /home/yzz/ROS2_WS/install/controller_common/share/ament_index/resource_index/package_run_dependencies/controller_common
[0.165s] -- Up-to-date symlink: /home/yzz/ROS2_WS/install/controller_common/share/ament_index/resource_index/parent_prefix_path/controller_common
[0.166s] -- Up-to-date symlink: /home/yzz/ROS2_WS/install/controller_common/share/controller_common/environment/ament_prefix_path.sh
[0.167s] -- Up-to-date symlink: /home/yzz/ROS2_WS/install/controller_common/share/controller_common/environment/ament_prefix_path.dsv
[0.168s] -- Up-to-date symlink: /home/yzz/ROS2_WS/install/controller_common/share/controller_common/environment/path.sh
[0.169s] -- Up-to-date symlink: /home/yzz/ROS2_WS/install/controller_common/share/controller_common/environment/path.dsv
[0.170s] -- Up-to-date symlink: /home/yzz/ROS2_WS/install/controller_common/share/controller_common/local_setup.bash
[0.171s] -- Up-to-date symlink: /home/yzz/ROS2_WS/install/controller_common/share/controller_common/local_setup.sh
[0.171s] -- Up-to-date symlink: /home/yzz/ROS2_WS/install/controller_common/share/controller_common/local_setup.zsh
[0.171s] -- Up-to-date symlink: /home/yzz/ROS2_WS/install/controller_common/share/controller_common/local_setup.dsv
[0.171s] -- Symlinking: /home/yzz/ROS2_WS/install/controller_common/share/controller_common/package.dsv
[0.183s] -- Up-to-date symlink: /home/yzz/ROS2_WS/install/controller_common/share/ament_index/resource_index/packages/controller_common
[0.183s] -- Up-to-date symlink: /home/yzz/ROS2_WS/install/controller_common/share/controller_common/cmake/ament_cmake_export_targets-extras.cmake
[0.183s] -- Up-to-date symlink: /home/yzz/ROS2_WS/install/controller_common/share/controller_common/cmake/controller_commonConfig.cmake
[0.184s] -- Up-to-date symlink: /home/yzz/ROS2_WS/install/controller_common/share/controller_common/cmake/controller_commonConfig-version.cmake
[0.184s] -- Up-to-date symlink: /home/yzz/ROS2_WS/install/controller_common/share/controller_common/package.xml
[0.185s] -- Up-to-date: /home/yzz/ROS2_WS/install/controller_common/lib/libcontroller_common.so
[0.187s] -- Up-to-date: /home/yzz/ROS2_WS/install/controller_common/share/controller_common/cmake/export_controller_commonExport.cmake
[0.187s] -- Up-to-date: /home/yzz/ROS2_WS/install/controller_common/share/controller_common/cmake/export_controller_commonExport-release.cmake
[0.192s] Invoked command in '/home/yzz/ROS2_WS/build/controller_common' returned '0': CMAKE_PREFIX_PATH=/home/yzz/ROS2_WS/install/control_input_msgs:/home/yzz/ROS2_WS/install/unitree_sdk2:/home/yzz/ROS2_WS/install/unitree_guide_controller:/home/yzz/ROS2_WS/install/leg_pd_controller:/home/yzz/ROS2_WS/install/keyboard_input:/home/yzz/ROS2_WS/install/go1_description:/home/yzz/ROS2_WS/install/controller_common:/opt/ros/humble LD_LIBRARY_PATH=/home/yzz/ROS2_WS/install/control_input_msgs/lib:/home/yzz/ROS2_WS/install/unitree_sdk2/lib:/home/yzz/ROS2_WS/install/unitree_guide_controller/lib:/home/yzz/ROS2_WS/install/leg_pd_controller/lib:/home/yzz/ROS2_WS/install/controller_common/lib:/usr/lib/x86_64-linux-gnu/gazebo-11/plugins:/opt/ros/humble/opt/rviz_ogre_vendor/lib:/opt/ros/humble/lib/x86_64-linux-gnu:/opt/ros/humble/lib /usr/bin/cmake --install /home/yzz/ROS2_WS/build/controller_common
