[0.035s] Invoking command in '/home/yzz/quadruped_ws/build/keyboard_input': CMAKE_PREFIX_PATH=/home/yzz/quadruped_ws/install/control_input_msgs:/home/yzz/quadruped_ws/install/unitree_sdk2:/home/yzz/quadruped_ws/install/unitree_guide_controller:/home/yzz/quadruped_ws/install/leg_pd_controller:/home/yzz/quadruped_ws/install/keyboard_input:/home/yzz/quadruped_ws/install/go1_description:/home/yzz/quadruped_ws/install/controller_common:/opt/ros/humble LD_LIBRARY_PATH=/home/yzz/quadruped_ws/install/control_input_msgs/lib:/home/yzz/quadruped_ws/install/unitree_guide_controller/lib:/home/yzz/quadruped_ws/install/unitree_sdk2/lib:/home/yzz/quadruped_ws/install/leg_pd_controller/lib:/home/yzz/quadruped_ws/install/controller_common/lib:/opt/ros/humble/opt/rviz_ogre_vendor/lib:/opt/ros/humble/lib/x86_64-linux-gnu:/opt/ros/humble/lib /usr/bin/cmake --build /home/yzz/quadruped_ws/build/keyboard_input -- -j2 -l2
[0.156s] [35m[1mConsolidate compiler generated dependencies of target keyboard_input[0m
[0.211s] [100%] Built target keyboard_input
[0.241s] Invoked command in '/home/yzz/quadruped_ws/build/keyboard_input' returned '0': CMAKE_PREFIX_PATH=/home/yzz/quadruped_ws/install/control_input_msgs:/home/yzz/quadruped_ws/install/unitree_sdk2:/home/yzz/quadruped_ws/install/unitree_guide_controller:/home/yzz/quadruped_ws/install/leg_pd_controller:/home/yzz/quadruped_ws/install/keyboard_input:/home/yzz/quadruped_ws/install/go1_description:/home/yzz/quadruped_ws/install/controller_common:/opt/ros/humble LD_LIBRARY_PATH=/home/yzz/quadruped_ws/install/control_input_msgs/lib:/home/yzz/quadruped_ws/install/unitree_guide_controller/lib:/home/yzz/quadruped_ws/install/unitree_sdk2/lib:/home/yzz/quadruped_ws/install/leg_pd_controller/lib:/home/yzz/quadruped_ws/install/controller_common/lib:/opt/ros/humble/opt/rviz_ogre_vendor/lib:/opt/ros/humble/lib/x86_64-linux-gnu:/opt/ros/humble/lib /usr/bin/cmake --build /home/yzz/quadruped_ws/build/keyboard_input -- -j2 -l2
[0.244s] Invoking command in '/home/yzz/quadruped_ws/build/keyboard_input': CMAKE_PREFIX_PATH=/home/yzz/quadruped_ws/install/control_input_msgs:/home/yzz/quadruped_ws/install/unitree_sdk2:/home/yzz/quadruped_ws/install/unitree_guide_controller:/home/yzz/quadruped_ws/install/leg_pd_controller:/home/yzz/quadruped_ws/install/keyboard_input:/home/yzz/quadruped_ws/install/go1_description:/home/yzz/quadruped_ws/install/controller_common:/opt/ros/humble LD_LIBRARY_PATH=/home/yzz/quadruped_ws/install/control_input_msgs/lib:/home/yzz/quadruped_ws/install/unitree_guide_controller/lib:/home/yzz/quadruped_ws/install/unitree_sdk2/lib:/home/yzz/quadruped_ws/install/leg_pd_controller/lib:/home/yzz/quadruped_ws/install/controller_common/lib:/opt/ros/humble/opt/rviz_ogre_vendor/lib:/opt/ros/humble/lib/x86_64-linux-gnu:/opt/ros/humble/lib /usr/bin/cmake --install /home/yzz/quadruped_ws/build/keyboard_input
[0.277s] -- Install configuration: ""
[0.278s] -- Execute custom install script
[0.279s] -- Up-to-date symlink: /home/yzz/quadruped_ws/install/keyboard_input/lib/keyboard_input/keyboard_input
[0.280s] -- Up-to-date symlink: /home/yzz/quadruped_ws/install/keyboard_input/share/ament_index/resource_index/package_run_dependencies/keyboard_input
[0.281s] -- Up-to-date symlink: /home/yzz/quadruped_ws/install/keyboard_input/share/ament_index/resource_index/parent_prefix_path/keyboard_input
[0.281s] -- Up-to-date symlink: /home/yzz/quadruped_ws/install/keyboard_input/share/keyboard_input/environment/ament_prefix_path.sh
[0.283s] -- Up-to-date symlink: /home/yzz/quadruped_ws/install/keyboard_input/share/keyboard_input/environment/ament_prefix_path.dsv
[0.283s] -- Up-to-date symlink: /home/yzz/quadruped_ws/install/keyboard_input/share/keyboard_input/environment/path.sh
[0.283s] -- Up-to-date symlink: /home/yzz/quadruped_ws/install/keyboard_input/share/keyboard_input/environment/path.dsv
[0.283s] -- Up-to-date symlink: /home/yzz/quadruped_ws/install/keyboard_input/share/keyboard_input/local_setup.bash
[0.284s] -- Up-to-date symlink: /home/yzz/quadruped_ws/install/keyboard_input/share/keyboard_input/local_setup.sh
[0.284s] -- Up-to-date symlink: /home/yzz/quadruped_ws/install/keyboard_input/share/keyboard_input/local_setup.zsh
[0.285s] -- Up-to-date symlink: /home/yzz/quadruped_ws/install/keyboard_input/share/keyboard_input/local_setup.dsv
[0.285s] -- Symlinking: /home/yzz/quadruped_ws/install/keyboard_input/share/keyboard_input/package.dsv
[0.309s] -- Up-to-date symlink: /home/yzz/quadruped_ws/install/keyboard_input/share/ament_index/resource_index/packages/keyboard_input
[0.310s] -- Up-to-date symlink: /home/yzz/quadruped_ws/install/keyboard_input/share/keyboard_input/cmake/keyboard_inputConfig.cmake
[0.311s] -- Up-to-date symlink: /home/yzz/quadruped_ws/install/keyboard_input/share/keyboard_input/cmake/keyboard_inputConfig-version.cmake
[0.312s] -- Up-to-date symlink: /home/yzz/quadruped_ws/install/keyboard_input/share/keyboard_input/package.xml
[0.317s] Invoked command in '/home/yzz/quadruped_ws/build/keyboard_input' returned '0': CMAKE_PREFIX_PATH=/home/yzz/quadruped_ws/install/control_input_msgs:/home/yzz/quadruped_ws/install/unitree_sdk2:/home/yzz/quadruped_ws/install/unitree_guide_controller:/home/yzz/quadruped_ws/install/leg_pd_controller:/home/yzz/quadruped_ws/install/keyboard_input:/home/yzz/quadruped_ws/install/go1_description:/home/yzz/quadruped_ws/install/controller_common:/opt/ros/humble LD_LIBRARY_PATH=/home/yzz/quadruped_ws/install/control_input_msgs/lib:/home/yzz/quadruped_ws/install/unitree_guide_controller/lib:/home/yzz/quadruped_ws/install/unitree_sdk2/lib:/home/yzz/quadruped_ws/install/leg_pd_controller/lib:/home/yzz/quadruped_ws/install/controller_common/lib:/opt/ros/humble/opt/rviz_ogre_vendor/lib:/opt/ros/humble/lib/x86_64-linux-gnu:/opt/ros/humble/lib /usr/bin/cmake --install /home/yzz/quadruped_ws/build/keyboard_input
