[0.032s] Invoking command in '/home/yzz/ROS2_WS/build/control_input_msgs': CMAKE_PREFIX_PATH=${CMAKE_PREFIX_PATH}:/opt/ros/humble /usr/bin/cmake --build /home/yzz/ROS2_WS/build/control_input_msgs -- -j2 -l2
[0.173s] [  3%] Built target control_input_msgs__cpp
[0.208s] [ 12%] Built target control_input_msgs__rosidl_generator_c
[0.227s] [ 12%] Built target ament_cmake_python_symlink_control_input_msgs
[0.275s] [ 22%] Built target control_input_msgs__rosidl_typesupport_introspection_cpp
[0.280s] [ 32%] Built target control_input_msgs__rosidl_typesupport_fastrtps_cpp
[0.305s] [ 41%] Built target control_input_msgs__rosidl_typesupport_cpp
[0.330s] [ 51%] Built target control_input_msgs__rosidl_typesupport_fastrtps_c
[0.353s] [ 61%] Built target control_input_msgs__rosidl_typesupport_introspection_c
[0.370s] [ 70%] Built target control_input_msgs__rosidl_typesupport_c
[0.403s] [ 70%] Built target control_input_msgs
[0.446s] [ 74%] Built target control_input_msgs__py
[0.476s] [ 80%] Built target control_input_msgs__rosidl_generator_py
[0.502s] [ 87%] Built target control_input_msgs__rosidl_typesupport_fastrtps_c__pyext
[0.534s] [ 93%] Built target control_input_msgs__rosidl_typesupport_introspection_c__pyext
[0.585s] [100%] Built target control_input_msgs__rosidl_typesupport_c__pyext
[0.700s] running egg_info
[0.701s] writing control_input_msgs.egg-info/PKG-INFO
[0.701s] writing dependency_links to control_input_msgs.egg-info/dependency_links.txt
[0.702s] writing top-level names to control_input_msgs.egg-info/top_level.txt
[0.704s] reading manifest file 'control_input_msgs.egg-info/SOURCES.txt'
[0.706s] writing manifest file 'control_input_msgs.egg-info/SOURCES.txt'
[0.730s] [100%] Built target ament_cmake_python_build_control_input_msgs_egg
[0.744s] Invoked command in '/home/yzz/ROS2_WS/build/control_input_msgs' returned '0': CMAKE_PREFIX_PATH=${CMAKE_PREFIX_PATH}:/opt/ros/humble /usr/bin/cmake --build /home/yzz/ROS2_WS/build/control_input_msgs -- -j2 -l2
[0.754s] Invoking command in '/home/yzz/ROS2_WS/build/control_input_msgs': CMAKE_PREFIX_PATH=${CMAKE_PREFIX_PATH}:/opt/ros/humble /usr/bin/cmake --install /home/yzz/ROS2_WS/build/control_input_msgs
[0.764s] -- Install configuration: ""
[0.765s] -- Execute custom install script
[0.766s] -- Up-to-date symlink: /home/yzz/ROS2_WS/install/control_input_msgs/share/ament_index/resource_index/rosidl_interfaces/control_input_msgs
[0.768s] -- Up-to-date symlink: /home/yzz/ROS2_WS/install/control_input_msgs/include/control_input_msgs/control_input_msgs/msg/detail/inputs__functions.h
[0.768s] -- Up-to-date symlink: /home/yzz/ROS2_WS/install/control_input_msgs/include/control_input_msgs/control_input_msgs/msg/detail/inputs__struct.h
[0.768s] -- Up-to-date symlink: /home/yzz/ROS2_WS/install/control_input_msgs/include/control_input_msgs/control_input_msgs/msg/detail/inputs__type_support.h
[0.768s] -- Up-to-date symlink: /home/yzz/ROS2_WS/install/control_input_msgs/include/control_input_msgs/control_input_msgs/msg/inputs.h
[0.768s] -- Up-to-date symlink: /home/yzz/ROS2_WS/install/control_input_msgs/include/control_input_msgs/control_input_msgs/msg/rosidl_generator_c__visibility_control.h
[0.768s] -- Up-to-date symlink: /home/yzz/ROS2_WS/install/control_input_msgs/share/control_input_msgs/environment/library_path.sh
[0.768s] -- Up-to-date symlink: /home/yzz/ROS2_WS/install/control_input_msgs/share/control_input_msgs/environment/library_path.dsv
[0.768s] -- Up-to-date symlink: /home/yzz/ROS2_WS/install/control_input_msgs/include/control_input_msgs/control_input_msgs/msg/detail/inputs__rosidl_typesupport_fastrtps_c.h
[0.769s] -- Up-to-date symlink: /home/yzz/ROS2_WS/install/control_input_msgs/include/control_input_msgs/control_input_msgs/msg/rosidl_typesupport_fastrtps_c__visibility_control.h
[0.769s] -- Up-to-date symlink: /home/yzz/ROS2_WS/install/control_input_msgs/include/control_input_msgs/control_input_msgs/msg/detail/inputs__rosidl_typesupport_introspection_c.h
[0.769s] -- Up-to-date symlink: /home/yzz/ROS2_WS/install/control_input_msgs/include/control_input_msgs/control_input_msgs/msg/rosidl_typesupport_introspection_c__visibility_control.h
[0.770s] -- Up-to-date symlink: /home/yzz/ROS2_WS/install/control_input_msgs/include/control_input_msgs/control_input_msgs/msg/detail/inputs__builder.hpp
[0.770s] -- Up-to-date symlink: /home/yzz/ROS2_WS/install/control_input_msgs/include/control_input_msgs/control_input_msgs/msg/detail/inputs__struct.hpp
[0.770s] -- Up-to-date symlink: /home/yzz/ROS2_WS/install/control_input_msgs/include/control_input_msgs/control_input_msgs/msg/detail/inputs__traits.hpp
[0.770s] -- Up-to-date symlink: /home/yzz/ROS2_WS/install/control_input_msgs/include/control_input_msgs/control_input_msgs/msg/detail/inputs__type_support.hpp
[0.770s] -- Up-to-date symlink: /home/yzz/ROS2_WS/install/control_input_msgs/include/control_input_msgs/control_input_msgs/msg/inputs.hpp
[0.770s] -- Up-to-date symlink: /home/yzz/ROS2_WS/install/control_input_msgs/include/control_input_msgs/control_input_msgs/msg/rosidl_generator_cpp__visibility_control.hpp
[0.770s] -- Up-to-date symlink: /home/yzz/ROS2_WS/install/control_input_msgs/include/control_input_msgs/control_input_msgs/msg/detail/inputs__rosidl_typesupport_fastrtps_cpp.hpp
[0.771s] -- Up-to-date symlink: /home/yzz/ROS2_WS/install/control_input_msgs/include/control_input_msgs/control_input_msgs/msg/rosidl_typesupport_fastrtps_cpp__visibility_control.h
[0.771s] -- Up-to-date symlink: /home/yzz/ROS2_WS/install/control_input_msgs/include/control_input_msgs/control_input_msgs/msg/detail/inputs__rosidl_typesupport_introspection_cpp.hpp
[0.771s] -- Up-to-date symlink: /home/yzz/ROS2_WS/install/control_input_msgs/share/control_input_msgs/environment/pythonpath.sh
[0.771s] -- Up-to-date symlink: /home/yzz/ROS2_WS/install/control_input_msgs/share/control_input_msgs/environment/pythonpath.dsv
[0.772s] -- Up-to-date symlink: /home/yzz/ROS2_WS/install/control_input_msgs/local/lib/python3.10/dist-packages/control_input_msgs-0.0.0-py3.10.egg-info/PKG-INFO
[0.772s] -- Up-to-date symlink: /home/yzz/ROS2_WS/install/control_input_msgs/local/lib/python3.10/dist-packages/control_input_msgs-0.0.0-py3.10.egg-info/SOURCES.txt
[0.772s] -- Up-to-date symlink: /home/yzz/ROS2_WS/install/control_input_msgs/local/lib/python3.10/dist-packages/control_input_msgs-0.0.0-py3.10.egg-info/dependency_links.txt
[0.772s] -- Up-to-date symlink: /home/yzz/ROS2_WS/install/control_input_msgs/local/lib/python3.10/dist-packages/control_input_msgs-0.0.0-py3.10.egg-info/top_level.txt
[0.773s] -- Up-to-date symlink: /home/yzz/ROS2_WS/install/control_input_msgs/local/lib/python3.10/dist-packages/control_input_msgs/__init__.py
[0.773s] -- Up-to-date symlink: /home/yzz/ROS2_WS/install/control_input_msgs/local/lib/python3.10/dist-packages/control_input_msgs/_control_input_msgs_s.ep.rosidl_typesupport_c.c
[0.773s] -- Up-to-date symlink: /home/yzz/ROS2_WS/install/control_input_msgs/local/lib/python3.10/dist-packages/control_input_msgs/_control_input_msgs_s.ep.rosidl_typesupport_fastrtps_c.c
[0.773s] -- Up-to-date symlink: /home/yzz/ROS2_WS/install/control_input_msgs/local/lib/python3.10/dist-packages/control_input_msgs/_control_input_msgs_s.ep.rosidl_typesupport_introspection_c.c
[0.774s] -- Up-to-date symlink: /home/yzz/ROS2_WS/install/control_input_msgs/local/lib/python3.10/dist-packages/control_input_msgs/control_input_msgs_s__rosidl_typesupport_c.cpython-310-x86_64-linux-gnu.so
[0.774s] -- Up-to-date symlink: /home/yzz/ROS2_WS/install/control_input_msgs/local/lib/python3.10/dist-packages/control_input_msgs/control_input_msgs_s__rosidl_typesupport_fastrtps_c.cpython-310-x86_64-linux-gnu.so
[0.774s] -- Up-to-date symlink: /home/yzz/ROS2_WS/install/control_input_msgs/local/lib/python3.10/dist-packages/control_input_msgs/control_input_msgs_s__rosidl_typesupport_introspection_c.cpython-310-x86_64-linux-gnu.so
[0.775s] -- Up-to-date symlink: /home/yzz/ROS2_WS/install/control_input_msgs/local/lib/python3.10/dist-packages/control_input_msgs/libcontrol_input_msgs__rosidl_generator_py.so
[0.775s] -- Up-to-date symlink: /home/yzz/ROS2_WS/install/control_input_msgs/local/lib/python3.10/dist-packages/control_input_msgs/msg/__init__.py
[0.775s] -- Up-to-date symlink: /home/yzz/ROS2_WS/install/control_input_msgs/local/lib/python3.10/dist-packages/control_input_msgs/msg/_inputs.py
[0.775s] -- Up-to-date symlink: /home/yzz/ROS2_WS/install/control_input_msgs/local/lib/python3.10/dist-packages/control_input_msgs/msg/_inputs_s.c
[0.776s] -- Up-to-date symlink: /home/yzz/ROS2_WS/install/control_input_msgs/local/lib/python3.10/dist-packages/control_input_msgs/control_input_msgs_s__rosidl_typesupport_fastrtps_c.cpython-310-x86_64-linux-gnu.so
[0.777s] -- Up-to-date symlink: /home/yzz/ROS2_WS/install/control_input_msgs/local/lib/python3.10/dist-packages/control_input_msgs/control_input_msgs_s__rosidl_typesupport_introspection_c.cpython-310-x86_64-linux-gnu.so
[0.777s] -- Up-to-date symlink: /home/yzz/ROS2_WS/install/control_input_msgs/local/lib/python3.10/dist-packages/control_input_msgs/control_input_msgs_s__rosidl_typesupport_c.cpython-310-x86_64-linux-gnu.so
[0.777s] -- Up-to-date symlink: /home/yzz/ROS2_WS/install/control_input_msgs/share/control_input_msgs/msg/Inputs.idl
[0.777s] -- Up-to-date symlink: /home/yzz/ROS2_WS/install/control_input_msgs/share/control_input_msgs/msg/Inputs.msg
[0.777s] -- Up-to-date symlink: /home/yzz/ROS2_WS/install/control_input_msgs/share/ament_index/resource_index/package_run_dependencies/control_input_msgs
[0.777s] -- Up-to-date symlink: /home/yzz/ROS2_WS/install/control_input_msgs/share/ament_index/resource_index/parent_prefix_path/control_input_msgs
[0.777s] -- Up-to-date symlink: /home/yzz/ROS2_WS/install/control_input_msgs/share/control_input_msgs/environment/ament_prefix_path.sh
[0.778s] -- Up-to-date symlink: /home/yzz/ROS2_WS/install/control_input_msgs/share/control_input_msgs/environment/ament_prefix_path.dsv
[0.778s] -- Up-to-date symlink: /home/yzz/ROS2_WS/install/control_input_msgs/share/control_input_msgs/environment/path.sh
[0.778s] -- Up-to-date symlink: /home/yzz/ROS2_WS/install/control_input_msgs/share/control_input_msgs/environment/path.dsv
[0.778s] -- Up-to-date symlink: /home/yzz/ROS2_WS/install/control_input_msgs/share/control_input_msgs/local_setup.bash
[0.779s] -- Up-to-date symlink: /home/yzz/ROS2_WS/install/control_input_msgs/share/control_input_msgs/local_setup.sh
[0.779s] -- Up-to-date symlink: /home/yzz/ROS2_WS/install/control_input_msgs/share/control_input_msgs/local_setup.zsh
[0.779s] -- Up-to-date symlink: /home/yzz/ROS2_WS/install/control_input_msgs/share/control_input_msgs/local_setup.dsv
[0.779s] -- Symlinking: /home/yzz/ROS2_WS/install/control_input_msgs/share/control_input_msgs/package.dsv
[0.787s] -- Up-to-date symlink: /home/yzz/ROS2_WS/install/control_input_msgs/share/ament_index/resource_index/packages/control_input_msgs
[0.787s] -- Up-to-date symlink: /home/yzz/ROS2_WS/install/control_input_msgs/share/control_input_msgs/cmake/rosidl_cmake-extras.cmake
[0.787s] -- Up-to-date symlink: /home/yzz/ROS2_WS/install/control_input_msgs/share/control_input_msgs/cmake/ament_cmake_export_include_directories-extras.cmake
[0.787s] -- Up-to-date symlink: /home/yzz/ROS2_WS/install/control_input_msgs/share/control_input_msgs/cmake/ament_cmake_export_libraries-extras.cmake
[0.788s] -- Up-to-date symlink: /home/yzz/ROS2_WS/install/control_input_msgs/share/control_input_msgs/cmake/ament_cmake_export_targets-extras.cmake
[0.788s] -- Up-to-date symlink: /home/yzz/ROS2_WS/install/control_input_msgs/share/control_input_msgs/cmake/rosidl_cmake_export_typesupport_targets-extras.cmake
[0.788s] -- Up-to-date symlink: /home/yzz/ROS2_WS/install/control_input_msgs/share/control_input_msgs/cmake/ament_cmake_export_dependencies-extras.cmake
[0.788s] -- Up-to-date symlink: /home/yzz/ROS2_WS/install/control_input_msgs/share/control_input_msgs/cmake/rosidl_cmake_export_typesupport_libraries-extras.cmake
[0.788s] -- Up-to-date symlink: /home/yzz/ROS2_WS/install/control_input_msgs/share/control_input_msgs/cmake/control_input_msgsConfig.cmake
[0.789s] -- Up-to-date symlink: /home/yzz/ROS2_WS/install/control_input_msgs/share/control_input_msgs/cmake/control_input_msgsConfig-version.cmake
[0.789s] -- Up-to-date symlink: /home/yzz/ROS2_WS/install/control_input_msgs/share/control_input_msgs/package.xml
[0.790s] -- Up-to-date: /home/yzz/ROS2_WS/install/control_input_msgs/lib/libcontrol_input_msgs__rosidl_generator_c.so
[0.790s] -- Up-to-date: /home/yzz/ROS2_WS/install/control_input_msgs/lib/libcontrol_input_msgs__rosidl_typesupport_fastrtps_c.so
[0.790s] -- Up-to-date: /home/yzz/ROS2_WS/install/control_input_msgs/lib/libcontrol_input_msgs__rosidl_typesupport_introspection_c.so
[0.791s] -- Up-to-date: /home/yzz/ROS2_WS/install/control_input_msgs/lib/libcontrol_input_msgs__rosidl_typesupport_c.so
[0.791s] -- Up-to-date: /home/yzz/ROS2_WS/install/control_input_msgs/lib/libcontrol_input_msgs__rosidl_typesupport_fastrtps_cpp.so
[0.792s] -- Up-to-date: /home/yzz/ROS2_WS/install/control_input_msgs/lib/libcontrol_input_msgs__rosidl_typesupport_introspection_cpp.so
[0.793s] -- Up-to-date: /home/yzz/ROS2_WS/install/control_input_msgs/lib/libcontrol_input_msgs__rosidl_typesupport_cpp.so
[0.817s] Listing '/home/yzz/ROS2_WS/install/control_input_msgs/local/lib/python3.10/dist-packages/control_input_msgs'...
[0.817s] Listing '/home/yzz/ROS2_WS/install/control_input_msgs/local/lib/python3.10/dist-packages/control_input_msgs/msg'...
[0.824s] -- Up-to-date: /home/yzz/ROS2_WS/install/control_input_msgs/lib/libcontrol_input_msgs__rosidl_generator_py.so
[0.825s] -- Up-to-date: /home/yzz/ROS2_WS/install/control_input_msgs/share/control_input_msgs/cmake/export_control_input_msgs__rosidl_generator_cExport.cmake
[0.826s] -- Up-to-date: /home/yzz/ROS2_WS/install/control_input_msgs/share/control_input_msgs/cmake/export_control_input_msgs__rosidl_generator_cExport-noconfig.cmake
[0.826s] -- Up-to-date: /home/yzz/ROS2_WS/install/control_input_msgs/share/control_input_msgs/cmake/export_control_input_msgs__rosidl_typesupport_fastrtps_cExport.cmake
[0.827s] -- Up-to-date: /home/yzz/ROS2_WS/install/control_input_msgs/share/control_input_msgs/cmake/export_control_input_msgs__rosidl_typesupport_fastrtps_cExport-noconfig.cmake
[0.827s] -- Up-to-date: /home/yzz/ROS2_WS/install/control_input_msgs/share/control_input_msgs/cmake/control_input_msgs__rosidl_typesupport_introspection_cExport.cmake
[0.827s] -- Up-to-date: /home/yzz/ROS2_WS/install/control_input_msgs/share/control_input_msgs/cmake/control_input_msgs__rosidl_typesupport_introspection_cExport-noconfig.cmake
[0.829s] -- Up-to-date: /home/yzz/ROS2_WS/install/control_input_msgs/share/control_input_msgs/cmake/control_input_msgs__rosidl_typesupport_cExport.cmake
[0.829s] -- Up-to-date: /home/yzz/ROS2_WS/install/control_input_msgs/share/control_input_msgs/cmake/control_input_msgs__rosidl_typesupport_cExport-noconfig.cmake
[0.829s] -- Up-to-date: /home/yzz/ROS2_WS/install/control_input_msgs/share/control_input_msgs/cmake/export_control_input_msgs__rosidl_generator_cppExport.cmake
[0.830s] -- Up-to-date: /home/yzz/ROS2_WS/install/control_input_msgs/share/control_input_msgs/cmake/export_control_input_msgs__rosidl_typesupport_fastrtps_cppExport.cmake
[0.830s] -- Up-to-date: /home/yzz/ROS2_WS/install/control_input_msgs/share/control_input_msgs/cmake/export_control_input_msgs__rosidl_typesupport_fastrtps_cppExport-noconfig.cmake
[0.830s] -- Up-to-date: /home/yzz/ROS2_WS/install/control_input_msgs/share/control_input_msgs/cmake/control_input_msgs__rosidl_typesupport_introspection_cppExport.cmake
[0.830s] -- Up-to-date: /home/yzz/ROS2_WS/install/control_input_msgs/share/control_input_msgs/cmake/control_input_msgs__rosidl_typesupport_introspection_cppExport-noconfig.cmake
[0.830s] -- Up-to-date: /home/yzz/ROS2_WS/install/control_input_msgs/share/control_input_msgs/cmake/control_input_msgs__rosidl_typesupport_cppExport.cmake
[0.835s] -- Up-to-date: /home/yzz/ROS2_WS/install/control_input_msgs/share/control_input_msgs/cmake/control_input_msgs__rosidl_typesupport_cppExport-noconfig.cmake
[0.835s] -- Up-to-date: /home/yzz/ROS2_WS/install/control_input_msgs/share/control_input_msgs/cmake/export_control_input_msgs__rosidl_generator_pyExport.cmake
[0.835s] -- Up-to-date: /home/yzz/ROS2_WS/install/control_input_msgs/share/control_input_msgs/cmake/export_control_input_msgs__rosidl_generator_pyExport-noconfig.cmake
[0.836s] Invoked command in '/home/yzz/ROS2_WS/build/control_input_msgs' returned '0': CMAKE_PREFIX_PATH=${CMAKE_PREFIX_PATH}:/opt/ros/humble /usr/bin/cmake --install /home/yzz/ROS2_WS/build/control_input_msgs
