-- The C compiler identification is GNU 11.4.0
-- The CXX compiler identification is GNU 11.4.0
-- Detecting C compiler ABI info
-- Detecting C compiler ABI info - done
-- Check for working C compiler: /usr/bin/cc - skipped
-- Detecting C compile features
-- Detecting C compile features - done
-- Detecting CXX compiler ABI info
-- Detecting CXX compiler ABI info - done
-- Check for working CXX compiler: /usr/bin/c++ - skipped
-- Detecting CXX compile features
-- Detecting CXX compile features - done
-- Found ament_cmake: 1.3.12 (/opt/ros/humble/share/ament_cmake/cmake)
-- Found Python3: /usr/bin/python3 (found version "3.10.12") found components: Interpreter 
-- Override CMake install command with custom implementation using symlinks instead of copying resources
-- Found rclcpp: 16.0.16 (/opt/ros/humble/share/rclcpp/cmake)
-- Found rosidl_generator_c: 3.1.7 (/opt/ros/humble/share/rosidl_generator_c/cmake)
-- Found rosidl_adapter: 3.1.7 (/opt/ros/humble/share/rosidl_adapter/cmake)
-- Found rosidl_generator_cpp: 3.1.7 (/opt/ros/humble/share/rosidl_generator_cpp/cmake)
-- Using all available rosidl_typesupport_c: rosidl_typesupport_fastrtps_c;rosidl_typesupport_introspection_c
-- Using all available rosidl_typesupport_cpp: rosidl_typesupport_fastrtps_cpp;rosidl_typesupport_introspection_cpp
-- Found rmw_implementation_cmake: 6.1.2 (/opt/ros/humble/share/rmw_implementation_cmake/cmake)
-- Found rmw_fastrtps_cpp: 6.2.9 (/opt/ros/humble/share/rmw_fastrtps_cpp/cmake)
-- Found OpenSSL: /usr/lib/x86_64-linux-gnu/libcrypto.so (found version "3.0.2")  
-- Found FastRTPS: /opt/ros/humble/include  
-- Using RMW implementation 'rmw_fastrtps_cpp' as default
-- Looking for pthread.h
-- Looking for pthread.h - found
-- Performing Test CMAKE_HAVE_LIBC_PTHREAD
-- Performing Test CMAKE_HAVE_LIBC_PTHREAD - Success
-- Found Threads: TRUE  
-- Found control_input_msgs: 0.0.0 (/home/yzz/quadruped_ws/install/control_input_msgs/share/control_input_msgs/cmake)
-- Configuring done
-- Generating done
-- Build files have been written to: /home/yzz/quadruped_ws/build/keyboard_input
[ 50%] [32mBuilding CXX object CMakeFiles/keyboard_input.dir/src/KeyboardInput.cpp.o[0m
[100%] [32m[1mLinking CXX executable keyboard_input[0m
[100%] Built target keyboard_input
-- Install configuration: ""
-- Execute custom install script
-- Symlinking: /home/yzz/quadruped_ws/install/keyboard_input/lib/keyboard_input/keyboard_input
-- Symlinking: /home/yzz/quadruped_ws/install/keyboard_input/share/ament_index/resource_index/package_run_dependencies/keyboard_input
-- Symlinking: /home/yzz/quadruped_ws/install/keyboard_input/share/ament_index/resource_index/parent_prefix_path/keyboard_input
-- Symlinking: /home/yzz/quadruped_ws/install/keyboard_input/share/keyboard_input/environment/ament_prefix_path.sh
-- Symlinking: /home/yzz/quadruped_ws/install/keyboard_input/share/keyboard_input/environment/ament_prefix_path.dsv
-- Symlinking: /home/yzz/quadruped_ws/install/keyboard_input/share/keyboard_input/environment/path.sh
-- Symlinking: /home/yzz/quadruped_ws/install/keyboard_input/share/keyboard_input/environment/path.dsv
-- Symlinking: /home/yzz/quadruped_ws/install/keyboard_input/share/keyboard_input/local_setup.bash
-- Symlinking: /home/yzz/quadruped_ws/install/keyboard_input/share/keyboard_input/local_setup.sh
-- Symlinking: /home/yzz/quadruped_ws/install/keyboard_input/share/keyboard_input/local_setup.zsh
-- Symlinking: /home/yzz/quadruped_ws/install/keyboard_input/share/keyboard_input/local_setup.dsv
-- Symlinking: /home/yzz/quadruped_ws/install/keyboard_input/share/keyboard_input/package.dsv
-- Symlinking: /home/yzz/quadruped_ws/install/keyboard_input/share/ament_index/resource_index/packages/keyboard_input
-- Symlinking: /home/yzz/quadruped_ws/install/keyboard_input/share/keyboard_input/cmake/keyboard_inputConfig.cmake
-- Symlinking: /home/yzz/quadruped_ws/install/keyboard_input/share/keyboard_input/cmake/keyboard_inputConfig-version.cmake
-- Symlinking: /home/yzz/quadruped_ws/install/keyboard_input/share/keyboard_input/package.xml
