[0.034s] Invoking command in '/home/yzz/quadruped_ws/build/keyboard_input': CMAKE_PREFIX_PATH=/home/yzz/quadruped_ws/install/control_input_msgs:/home/yzz/quadruped_ws/install/unitree_sdk2:/home/yzz/quadruped_ws/install/unitree_guide_controller:/home/yzz/quadruped_ws/install/leg_pd_controller:/home/yzz/quadruped_ws/install/keyboard_input:/home/yzz/quadruped_ws/install/go1_description:/home/yzz/quadruped_ws/install/controller_common:/opt/ros/humble LD_LIBRARY_PATH=/home/yzz/quadruped_ws/install/control_input_msgs/lib:/home/yzz/quadruped_ws/install/unitree_guide_controller/lib:/home/yzz/quadruped_ws/install/unitree_sdk2/lib:/home/yzz/quadruped_ws/install/leg_pd_controller/lib:/home/yzz/quadruped_ws/install/controller_common/lib:/opt/ros/humble/opt/rviz_ogre_vendor/lib:/opt/ros/humble/lib/x86_64-linux-gnu:/opt/ros/humble/lib /usr/bin/cmake /home/yzz/quadruped_ws/src/quadruped_ros2_control-humble/commands/keyboard_input -DAMENT_CMAKE_SYMLINK_INSTALL=1 -DCMAKE_INSTALL_PREFIX=/home/yzz/quadruped_ws/install/keyboard_input
[0.225s] -- The C compiler identification is GNU 11.4.0
[0.400s] -- The CXX compiler identification is GNU 11.4.0
[0.421s] -- Detecting C compiler ABI info
[0.705s] -- Detecting C compiler ABI info - done
[0.721s] -- Check for working C compiler: /usr/bin/cc - skipped
[0.722s] -- Detecting C compile features
[0.722s] -- Detecting C compile features - done
[0.731s] -- Detecting CXX compiler ABI info
[1.007s] -- Detecting CXX compiler ABI info - done
[1.023s] -- Check for working CXX compiler: /usr/bin/c++ - skipped
[1.028s] -- Detecting CXX compile features
[1.029s] -- Detecting CXX compile features - done
[1.035s] -- Found ament_cmake: 1.3.12 (/opt/ros/humble/share/ament_cmake/cmake)
[1.476s] -- Found Python3: /usr/bin/python3 (found version "3.10.12") found components: Interpreter 
[1.642s] -- Override CMake install command with custom implementation using symlinks instead of copying resources
[1.713s] -- Found rclcpp: 16.0.16 (/opt/ros/humble/share/rclcpp/cmake)
[1.812s] -- Found rosidl_generator_c: 3.1.7 (/opt/ros/humble/share/rosidl_generator_c/cmake)
[1.827s] -- Found rosidl_adapter: 3.1.7 (/opt/ros/humble/share/rosidl_adapter/cmake)
[1.852s] -- Found rosidl_generator_cpp: 3.1.7 (/opt/ros/humble/share/rosidl_generator_cpp/cmake)
[1.891s] -- Using all available rosidl_typesupport_c: rosidl_typesupport_fastrtps_c;rosidl_typesupport_introspection_c
[1.934s] -- Using all available rosidl_typesupport_cpp: rosidl_typesupport_fastrtps_cpp;rosidl_typesupport_introspection_cpp
[2.053s] -- Found rmw_implementation_cmake: 6.1.2 (/opt/ros/humble/share/rmw_implementation_cmake/cmake)
[2.057s] -- Found rmw_fastrtps_cpp: 6.2.9 (/opt/ros/humble/share/rmw_fastrtps_cpp/cmake)
[2.315s] -- Found OpenSSL: /usr/lib/x86_64-linux-gnu/libcrypto.so (found version "3.0.2")  
[2.394s] -- Found FastRTPS: /opt/ros/humble/include  
[2.506s] -- Using RMW implementation 'rmw_fastrtps_cpp' as default
[2.528s] -- Looking for pthread.h
[2.718s] -- Looking for pthread.h - found
[2.720s] -- Performing Test CMAKE_HAVE_LIBC_PTHREAD
[2.986s] -- Performing Test CMAKE_HAVE_LIBC_PTHREAD - Success
[2.989s] -- Found Threads: TRUE  
[3.126s] -- Found control_input_msgs: 0.0.0 (/home/yzz/quadruped_ws/install/control_input_msgs/share/control_input_msgs/cmake)
[3.345s] -- Configuring done
[3.370s] -- Generating done
[3.381s] -- Build files have been written to: /home/yzz/quadruped_ws/build/keyboard_input
[3.408s] Invoked command in '/home/yzz/quadruped_ws/build/keyboard_input' returned '0': CMAKE_PREFIX_PATH=/home/yzz/quadruped_ws/install/control_input_msgs:/home/yzz/quadruped_ws/install/unitree_sdk2:/home/yzz/quadruped_ws/install/unitree_guide_controller:/home/yzz/quadruped_ws/install/leg_pd_controller:/home/yzz/quadruped_ws/install/keyboard_input:/home/yzz/quadruped_ws/install/go1_description:/home/yzz/quadruped_ws/install/controller_common:/opt/ros/humble LD_LIBRARY_PATH=/home/yzz/quadruped_ws/install/control_input_msgs/lib:/home/yzz/quadruped_ws/install/unitree_guide_controller/lib:/home/yzz/quadruped_ws/install/unitree_sdk2/lib:/home/yzz/quadruped_ws/install/leg_pd_controller/lib:/home/yzz/quadruped_ws/install/controller_common/lib:/opt/ros/humble/opt/rviz_ogre_vendor/lib:/opt/ros/humble/lib/x86_64-linux-gnu:/opt/ros/humble/lib /usr/bin/cmake /home/yzz/quadruped_ws/src/quadruped_ros2_control-humble/commands/keyboard_input -DAMENT_CMAKE_SYMLINK_INSTALL=1 -DCMAKE_INSTALL_PREFIX=/home/yzz/quadruped_ws/install/keyboard_input
[3.408s] Invoking command in '/home/yzz/quadruped_ws/build/keyboard_input': CMAKE_PREFIX_PATH=/home/yzz/quadruped_ws/install/control_input_msgs:/home/yzz/quadruped_ws/install/unitree_sdk2:/home/yzz/quadruped_ws/install/unitree_guide_controller:/home/yzz/quadruped_ws/install/leg_pd_controller:/home/yzz/quadruped_ws/install/keyboard_input:/home/yzz/quadruped_ws/install/go1_description:/home/yzz/quadruped_ws/install/controller_common:/opt/ros/humble LD_LIBRARY_PATH=/home/yzz/quadruped_ws/install/control_input_msgs/lib:/home/yzz/quadruped_ws/install/unitree_guide_controller/lib:/home/yzz/quadruped_ws/install/unitree_sdk2/lib:/home/yzz/quadruped_ws/install/leg_pd_controller/lib:/home/yzz/quadruped_ws/install/controller_common/lib:/opt/ros/humble/opt/rviz_ogre_vendor/lib:/opt/ros/humble/lib/x86_64-linux-gnu:/opt/ros/humble/lib /usr/bin/cmake --build /home/yzz/quadruped_ws/build/keyboard_input -- -j2 -l2
[3.613s] [ 50%] [32mBuilding CXX object CMakeFiles/keyboard_input.dir/src/KeyboardInput.cpp.o[0m
[17.399s] [100%] [32m[1mLinking CXX executable keyboard_input[0m
[17.912s] [100%] Built target keyboard_input
[17.957s] Invoked command in '/home/yzz/quadruped_ws/build/keyboard_input' returned '0': CMAKE_PREFIX_PATH=/home/yzz/quadruped_ws/install/control_input_msgs:/home/yzz/quadruped_ws/install/unitree_sdk2:/home/yzz/quadruped_ws/install/unitree_guide_controller:/home/yzz/quadruped_ws/install/leg_pd_controller:/home/yzz/quadruped_ws/install/keyboard_input:/home/yzz/quadruped_ws/install/go1_description:/home/yzz/quadruped_ws/install/controller_common:/opt/ros/humble LD_LIBRARY_PATH=/home/yzz/quadruped_ws/install/control_input_msgs/lib:/home/yzz/quadruped_ws/install/unitree_guide_controller/lib:/home/yzz/quadruped_ws/install/unitree_sdk2/lib:/home/yzz/quadruped_ws/install/leg_pd_controller/lib:/home/yzz/quadruped_ws/install/controller_common/lib:/opt/ros/humble/opt/rviz_ogre_vendor/lib:/opt/ros/humble/lib/x86_64-linux-gnu:/opt/ros/humble/lib /usr/bin/cmake --build /home/yzz/quadruped_ws/build/keyboard_input -- -j2 -l2
[17.960s] Invoking command in '/home/yzz/quadruped_ws/build/keyboard_input': CMAKE_PREFIX_PATH=/home/yzz/quadruped_ws/install/control_input_msgs:/home/yzz/quadruped_ws/install/unitree_sdk2:/home/yzz/quadruped_ws/install/unitree_guide_controller:/home/yzz/quadruped_ws/install/leg_pd_controller:/home/yzz/quadruped_ws/install/keyboard_input:/home/yzz/quadruped_ws/install/go1_description:/home/yzz/quadruped_ws/install/controller_common:/opt/ros/humble LD_LIBRARY_PATH=/home/yzz/quadruped_ws/install/control_input_msgs/lib:/home/yzz/quadruped_ws/install/unitree_guide_controller/lib:/home/yzz/quadruped_ws/install/unitree_sdk2/lib:/home/yzz/quadruped_ws/install/leg_pd_controller/lib:/home/yzz/quadruped_ws/install/controller_common/lib:/opt/ros/humble/opt/rviz_ogre_vendor/lib:/opt/ros/humble/lib/x86_64-linux-gnu:/opt/ros/humble/lib /usr/bin/cmake --install /home/yzz/quadruped_ws/build/keyboard_input
[17.994s] -- Install configuration: ""
[17.994s] -- Execute custom install script
[17.995s] -- Symlinking: /home/yzz/quadruped_ws/install/keyboard_input/lib/keyboard_input/keyboard_input
[18.021s] -- Symlinking: /home/yzz/quadruped_ws/install/keyboard_input/share/ament_index/resource_index/package_run_dependencies/keyboard_input
[18.051s] -- Symlinking: /home/yzz/quadruped_ws/install/keyboard_input/share/ament_index/resource_index/parent_prefix_path/keyboard_input
[18.078s] -- Symlinking: /home/yzz/quadruped_ws/install/keyboard_input/share/keyboard_input/environment/ament_prefix_path.sh
[18.104s] -- Symlinking: /home/yzz/quadruped_ws/install/keyboard_input/share/keyboard_input/environment/ament_prefix_path.dsv
[18.133s] -- Symlinking: /home/yzz/quadruped_ws/install/keyboard_input/share/keyboard_input/environment/path.sh
[18.199s] -- Symlinking: /home/yzz/quadruped_ws/install/keyboard_input/share/keyboard_input/environment/path.dsv
[18.199s] -- Symlinking: /home/yzz/quadruped_ws/install/keyboard_input/share/keyboard_input/local_setup.bash
[18.210s] -- Symlinking: /home/yzz/quadruped_ws/install/keyboard_input/share/keyboard_input/local_setup.sh
[18.247s] -- Symlinking: /home/yzz/quadruped_ws/install/keyboard_input/share/keyboard_input/local_setup.zsh
[18.280s] -- Symlinking: /home/yzz/quadruped_ws/install/keyboard_input/share/keyboard_input/local_setup.dsv
[18.307s] -- Symlinking: /home/yzz/quadruped_ws/install/keyboard_input/share/keyboard_input/package.dsv
[18.336s] -- Symlinking: /home/yzz/quadruped_ws/install/keyboard_input/share/ament_index/resource_index/packages/keyboard_input
[18.365s] -- Symlinking: /home/yzz/quadruped_ws/install/keyboard_input/share/keyboard_input/cmake/keyboard_inputConfig.cmake
[18.400s] -- Symlinking: /home/yzz/quadruped_ws/install/keyboard_input/share/keyboard_input/cmake/keyboard_inputConfig-version.cmake
[18.432s] -- Symlinking: /home/yzz/quadruped_ws/install/keyboard_input/share/keyboard_input/package.xml
[18.465s] Invoked command in '/home/yzz/quadruped_ws/build/keyboard_input' returned '0': CMAKE_PREFIX_PATH=/home/yzz/quadruped_ws/install/control_input_msgs:/home/yzz/quadruped_ws/install/unitree_sdk2:/home/yzz/quadruped_ws/install/unitree_guide_controller:/home/yzz/quadruped_ws/install/leg_pd_controller:/home/yzz/quadruped_ws/install/keyboard_input:/home/yzz/quadruped_ws/install/go1_description:/home/yzz/quadruped_ws/install/controller_common:/opt/ros/humble LD_LIBRARY_PATH=/home/yzz/quadruped_ws/install/control_input_msgs/lib:/home/yzz/quadruped_ws/install/unitree_guide_controller/lib:/home/yzz/quadruped_ws/install/unitree_sdk2/lib:/home/yzz/quadruped_ws/install/leg_pd_controller/lib:/home/yzz/quadruped_ws/install/controller_common/lib:/opt/ros/humble/opt/rviz_ogre_vendor/lib:/opt/ros/humble/lib/x86_64-linux-gnu:/opt/ros/humble/lib /usr/bin/cmake --install /home/yzz/quadruped_ws/build/keyboard_input
