[0.057s] Invoking command in '/home/yzz/quadruped_ws/build/controller_common': CMAKE_PREFIX_PATH=/home/yzz/quadruped_ws/install/control_input_msgs:/home/yzz/quadruped_ws/install/unitree_sdk2:/home/yzz/quadruped_ws/install/unitree_guide_controller:/home/yzz/quadruped_ws/install/leg_pd_controller:/home/yzz/quadruped_ws/install/keyboard_input:/home/yzz/quadruped_ws/install/go1_description:/home/yzz/quadruped_ws/install/controller_common:/opt/ros/humble LD_LIBRARY_PATH=/home/yzz/quadruped_ws/install/control_input_msgs/lib:/home/yzz/quadruped_ws/install/unitree_guide_controller/lib:/home/yzz/quadruped_ws/install/unitree_sdk2/lib:/home/yzz/quadruped_ws/install/leg_pd_controller/lib:/home/yzz/quadruped_ws/install/controller_common/lib:/opt/ros/humble/opt/rviz_ogre_vendor/lib:/opt/ros/humble/lib/x86_64-linux-gnu:/opt/ros/humble/lib /usr/bin/cmake --build /home/yzz/quadruped_ws/build/controller_common -- -j2 -l2
[0.256s] [35m[1mConsolidate compiler generated dependencies of target controller_common[0m
[0.332s] [100%] Built target controller_common
[0.362s] Invoked command in '/home/yzz/quadruped_ws/build/controller_common' returned '0': CMAKE_PREFIX_PATH=/home/yzz/quadruped_ws/install/control_input_msgs:/home/yzz/quadruped_ws/install/unitree_sdk2:/home/yzz/quadruped_ws/install/unitree_guide_controller:/home/yzz/quadruped_ws/install/leg_pd_controller:/home/yzz/quadruped_ws/install/keyboard_input:/home/yzz/quadruped_ws/install/go1_description:/home/yzz/quadruped_ws/install/controller_common:/opt/ros/humble LD_LIBRARY_PATH=/home/yzz/quadruped_ws/install/control_input_msgs/lib:/home/yzz/quadruped_ws/install/unitree_guide_controller/lib:/home/yzz/quadruped_ws/install/unitree_sdk2/lib:/home/yzz/quadruped_ws/install/leg_pd_controller/lib:/home/yzz/quadruped_ws/install/controller_common/lib:/opt/ros/humble/opt/rviz_ogre_vendor/lib:/opt/ros/humble/lib/x86_64-linux-gnu:/opt/ros/humble/lib /usr/bin/cmake --build /home/yzz/quadruped_ws/build/controller_common -- -j2 -l2
[0.363s] Invoking command in '/home/yzz/quadruped_ws/build/controller_common': CMAKE_PREFIX_PATH=/home/yzz/quadruped_ws/install/control_input_msgs:/home/yzz/quadruped_ws/install/unitree_sdk2:/home/yzz/quadruped_ws/install/unitree_guide_controller:/home/yzz/quadruped_ws/install/leg_pd_controller:/home/yzz/quadruped_ws/install/keyboard_input:/home/yzz/quadruped_ws/install/go1_description:/home/yzz/quadruped_ws/install/controller_common:/opt/ros/humble LD_LIBRARY_PATH=/home/yzz/quadruped_ws/install/control_input_msgs/lib:/home/yzz/quadruped_ws/install/unitree_guide_controller/lib:/home/yzz/quadruped_ws/install/unitree_sdk2/lib:/home/yzz/quadruped_ws/install/leg_pd_controller/lib:/home/yzz/quadruped_ws/install/controller_common/lib:/opt/ros/humble/opt/rviz_ogre_vendor/lib:/opt/ros/humble/lib/x86_64-linux-gnu:/opt/ros/humble/lib /usr/bin/cmake --install /home/yzz/quadruped_ws/build/controller_common
[0.388s] -- Install configuration: "Release"
[0.388s] -- Execute custom install script
[0.391s] -- Up-to-date symlink: /home/yzz/quadruped_ws/install/controller_common/include/controller_common/controller_common/CtrlInterfaces.h
[0.391s] -- Up-to-date symlink: /home/yzz/quadruped_ws/install/controller_common/include/controller_common/controller_common/FSM/BaseFixedStand.h
[0.392s] -- Up-to-date symlink: /home/yzz/quadruped_ws/install/controller_common/include/controller_common/controller_common/FSM/FSMState.h
[0.392s] -- Up-to-date symlink: /home/yzz/quadruped_ws/install/controller_common/include/controller_common/controller_common/FSM/StateFixedDown.h
[0.392s] -- Up-to-date symlink: /home/yzz/quadruped_ws/install/controller_common/include/controller_common/controller_common/FSM/StatePassive.h
[0.393s] -- Up-to-date symlink: /home/yzz/quadruped_ws/install/controller_common/include/controller_common/controller_common/common/enumClass.h
[0.393s] -- Up-to-date symlink: /home/yzz/quadruped_ws/install/controller_common/include/controller_common/controller_common/common/mathTools.h
[0.393s] -- Up-to-date symlink: /home/yzz/quadruped_ws/install/controller_common/include/controller_common/controller_common/common/mathTypes.h
[0.394s] -- Up-to-date symlink: /home/yzz/quadruped_ws/install/controller_common/share/controller_common/environment/library_path.sh
[0.394s] -- Up-to-date symlink: /home/yzz/quadruped_ws/install/controller_common/share/controller_common/environment/library_path.dsv
[0.395s] -- Up-to-date symlink: /home/yzz/quadruped_ws/install/controller_common/share/ament_index/resource_index/package_run_dependencies/controller_common
[0.395s] -- Up-to-date symlink: /home/yzz/quadruped_ws/install/controller_common/share/ament_index/resource_index/parent_prefix_path/controller_common
[0.396s] -- Up-to-date symlink: /home/yzz/quadruped_ws/install/controller_common/share/controller_common/environment/ament_prefix_path.sh
[0.398s] -- Up-to-date symlink: /home/yzz/quadruped_ws/install/controller_common/share/controller_common/environment/ament_prefix_path.dsv
[0.398s] -- Up-to-date symlink: /home/yzz/quadruped_ws/install/controller_common/share/controller_common/environment/path.sh
[0.398s] -- Up-to-date symlink: /home/yzz/quadruped_ws/install/controller_common/share/controller_common/environment/path.dsv
[0.398s] -- Up-to-date symlink: /home/yzz/quadruped_ws/install/controller_common/share/controller_common/local_setup.bash
[0.399s] -- Up-to-date symlink: /home/yzz/quadruped_ws/install/controller_common/share/controller_common/local_setup.sh
[0.399s] -- Up-to-date symlink: /home/yzz/quadruped_ws/install/controller_common/share/controller_common/local_setup.zsh
[0.399s] -- Up-to-date symlink: /home/yzz/quadruped_ws/install/controller_common/share/controller_common/local_setup.dsv
[0.399s] -- Symlinking: /home/yzz/quadruped_ws/install/controller_common/share/controller_common/package.dsv
[0.422s] -- Up-to-date symlink: /home/yzz/quadruped_ws/install/controller_common/share/ament_index/resource_index/packages/controller_common
[0.423s] -- Up-to-date symlink: /home/yzz/quadruped_ws/install/controller_common/share/controller_common/cmake/ament_cmake_export_targets-extras.cmake
[0.423s] -- Up-to-date symlink: /home/yzz/quadruped_ws/install/controller_common/share/controller_common/cmake/controller_commonConfig.cmake
[0.424s] -- Up-to-date symlink: /home/yzz/quadruped_ws/install/controller_common/share/controller_common/cmake/controller_commonConfig-version.cmake
[0.425s] -- Up-to-date symlink: /home/yzz/quadruped_ws/install/controller_common/share/controller_common/package.xml
[0.425s] -- Up-to-date: /home/yzz/quadruped_ws/install/controller_common/lib/libcontroller_common.so
[0.426s] -- Up-to-date: /home/yzz/quadruped_ws/install/controller_common/share/controller_common/cmake/export_controller_commonExport.cmake
[0.426s] -- Up-to-date: /home/yzz/quadruped_ws/install/controller_common/share/controller_common/cmake/export_controller_commonExport-release.cmake
[0.435s] Invoked command in '/home/yzz/quadruped_ws/build/controller_common' returned '0': CMAKE_PREFIX_PATH=/home/yzz/quadruped_ws/install/control_input_msgs:/home/yzz/quadruped_ws/install/unitree_sdk2:/home/yzz/quadruped_ws/install/unitree_guide_controller:/home/yzz/quadruped_ws/install/leg_pd_controller:/home/yzz/quadruped_ws/install/keyboard_input:/home/yzz/quadruped_ws/install/go1_description:/home/yzz/quadruped_ws/install/controller_common:/opt/ros/humble LD_LIBRARY_PATH=/home/yzz/quadruped_ws/install/control_input_msgs/lib:/home/yzz/quadruped_ws/install/unitree_guide_controller/lib:/home/yzz/quadruped_ws/install/unitree_sdk2/lib:/home/yzz/quadruped_ws/install/leg_pd_controller/lib:/home/yzz/quadruped_ws/install/controller_common/lib:/opt/ros/humble/opt/rviz_ogre_vendor/lib:/opt/ros/humble/lib/x86_64-linux-gnu:/opt/ros/humble/lib /usr/bin/cmake --install /home/yzz/quadruped_ws/build/controller_common
