[0.031s] Invoking command in '/home/yzz/ROS2_WS/build/unitree_guide_controller': CMAKE_PREFIX_PATH=/home/yzz/ROS2_WS/install/controller_common:/home/yzz/ROS2_WS/install/control_input_msgs:/home/yzz/ROS2_WS/install/unitree_sdk2:/home/yzz/ROS2_WS/install/unitree_guide_controller:/home/yzz/ROS2_WS/install/leg_pd_controller:/home/yzz/ROS2_WS/install/keyboard_input:/home/yzz/ROS2_WS/install/go1_description:/opt/ros/humble LD_LIBRARY_PATH=/home/yzz/ROS2_WS/install/controller_common/lib:/home/yzz/ROS2_WS/install/control_input_msgs/lib:/home/yzz/ROS2_WS/install/unitree_sdk2/lib:/home/yzz/ROS2_WS/install/unitree_guide_controller/lib:/home/yzz/ROS2_WS/install/leg_pd_controller/lib:/usr/lib/x86_64-linux-gnu/gazebo-11/plugins:/opt/ros/humble/opt/rviz_ogre_vendor/lib:/opt/ros/humble/lib/x86_64-linux-gnu:/opt/ros/humble/lib /usr/bin/cmake --build /home/yzz/ROS2_WS/build/unitree_guide_controller -- -j2 -l2
[0.147s] [35m[1mConsolidate compiler generated dependencies of target unitree_guide_controller[0m
[0.208s] [  5%] [32mBuilding CXX object CMakeFiles/unitree_guide_controller.dir/src/FSM/StateTrotting.cpp.o[0m
[4.874s] [ 11%] [32m[1mLinking CXX shared library libunitree_guide_controller.so[0m
[5.175s] [100%] Built target unitree_guide_controller
[5.199s] Invoked command in '/home/yzz/ROS2_WS/build/unitree_guide_controller' returned '0': CMAKE_PREFIX_PATH=/home/yzz/ROS2_WS/install/controller_common:/home/yzz/ROS2_WS/install/control_input_msgs:/home/yzz/ROS2_WS/install/unitree_sdk2:/home/yzz/ROS2_WS/install/unitree_guide_controller:/home/yzz/ROS2_WS/install/leg_pd_controller:/home/yzz/ROS2_WS/install/keyboard_input:/home/yzz/ROS2_WS/install/go1_description:/opt/ros/humble LD_LIBRARY_PATH=/home/yzz/ROS2_WS/install/controller_common/lib:/home/yzz/ROS2_WS/install/control_input_msgs/lib:/home/yzz/ROS2_WS/install/unitree_sdk2/lib:/home/yzz/ROS2_WS/install/unitree_guide_controller/lib:/home/yzz/ROS2_WS/install/leg_pd_controller/lib:/usr/lib/x86_64-linux-gnu/gazebo-11/plugins:/opt/ros/humble/opt/rviz_ogre_vendor/lib:/opt/ros/humble/lib/x86_64-linux-gnu:/opt/ros/humble/lib /usr/bin/cmake --build /home/yzz/ROS2_WS/build/unitree_guide_controller -- -j2 -l2
[5.202s] Invoking command in '/home/yzz/ROS2_WS/build/unitree_guide_controller': CMAKE_PREFIX_PATH=/home/yzz/ROS2_WS/install/controller_common:/home/yzz/ROS2_WS/install/control_input_msgs:/home/yzz/ROS2_WS/install/unitree_sdk2:/home/yzz/ROS2_WS/install/unitree_guide_controller:/home/yzz/ROS2_WS/install/leg_pd_controller:/home/yzz/ROS2_WS/install/keyboard_input:/home/yzz/ROS2_WS/install/go1_description:/opt/ros/humble LD_LIBRARY_PATH=/home/yzz/ROS2_WS/install/controller_common/lib:/home/yzz/ROS2_WS/install/control_input_msgs/lib:/home/yzz/ROS2_WS/install/unitree_sdk2/lib:/home/yzz/ROS2_WS/install/unitree_guide_controller/lib:/home/yzz/ROS2_WS/install/leg_pd_controller/lib:/usr/lib/x86_64-linux-gnu/gazebo-11/plugins:/opt/ros/humble/opt/rviz_ogre_vendor/lib:/opt/ros/humble/lib/x86_64-linux-gnu:/opt/ros/humble/lib /usr/bin/cmake --install /home/yzz/ROS2_WS/build/unitree_guide_controller
[5.208s] -- Install configuration: "Release"
[5.209s] -- Execute custom install script
[5.212s] -- Up-to-date symlink: /home/yzz/ROS2_WS/install/unitree_guide_controller/share/unitree_guide_controller//unitree_guide_controller.xml
[5.213s] -- Up-to-date symlink: /home/yzz/ROS2_WS/install/unitree_guide_controller/include/unitree_guide_controller/unitree_guide_controller/FSM/StateBalanceTest.h
[5.213s] -- Up-to-date symlink: /home/yzz/ROS2_WS/install/unitree_guide_controller/include/unitree_guide_controller/unitree_guide_controller/FSM/StateFixedStand.h
[5.214s] -- Up-to-date symlink: /home/yzz/ROS2_WS/install/unitree_guide_controller/include/unitree_guide_controller/unitree_guide_controller/FSM/StateFreeStand.h
[5.214s] -- Up-to-date symlink: /home/yzz/ROS2_WS/install/unitree_guide_controller/include/unitree_guide_controller/unitree_guide_controller/FSM/StateSwingTest.h
[5.214s] -- Up-to-date symlink: /home/yzz/ROS2_WS/install/unitree_guide_controller/include/unitree_guide_controller/unitree_guide_controller/FSM/StateTrotting.h
[5.215s] -- Up-to-date symlink: /home/yzz/ROS2_WS/install/unitree_guide_controller/include/unitree_guide_controller/unitree_guide_controller/UnitreeGuideController.h
[5.215s] -- Up-to-date symlink: /home/yzz/ROS2_WS/install/unitree_guide_controller/include/unitree_guide_controller/unitree_guide_controller/common/mathTools.h
[5.215s] -- Up-to-date symlink: /home/yzz/ROS2_WS/install/unitree_guide_controller/include/unitree_guide_controller/unitree_guide_controller/common/mathTypes.h
[5.215s] -- Up-to-date symlink: /home/yzz/ROS2_WS/install/unitree_guide_controller/include/unitree_guide_controller/unitree_guide_controller/control/BalanceCtrl.h
[5.215s] -- Up-to-date symlink: /home/yzz/ROS2_WS/install/unitree_guide_controller/include/unitree_guide_controller/unitree_guide_controller/control/CtrlComponent.h
[5.215s] -- Up-to-date symlink: /home/yzz/ROS2_WS/install/unitree_guide_controller/include/unitree_guide_controller/unitree_guide_controller/control/Estimator.h
[5.216s] -- Up-to-date symlink: /home/yzz/ROS2_WS/install/unitree_guide_controller/include/unitree_guide_controller/unitree_guide_controller/control/LowPassFilter.h
[5.217s] -- Up-to-date symlink: /home/yzz/ROS2_WS/install/unitree_guide_controller/include/unitree_guide_controller/unitree_guide_controller/gait/FeetEndCalc.h
[5.217s] -- Up-to-date symlink: /home/yzz/ROS2_WS/install/unitree_guide_controller/include/unitree_guide_controller/unitree_guide_controller/gait/GaitGenerator.h
[5.217s] -- Up-to-date symlink: /home/yzz/ROS2_WS/install/unitree_guide_controller/include/unitree_guide_controller/unitree_guide_controller/gait/WaveGenerator.h
[5.217s] -- Up-to-date symlink: /home/yzz/ROS2_WS/install/unitree_guide_controller/include/unitree_guide_controller/unitree_guide_controller/robot/QuadrupedRobot.h
[5.217s] -- Up-to-date symlink: /home/yzz/ROS2_WS/install/unitree_guide_controller/include/unitree_guide_controller/unitree_guide_controller/robot/RobotLeg.h
[5.219s] -- Up-to-date symlink: /home/yzz/ROS2_WS/install/unitree_guide_controller/share/unitree_guide_controller//launch/gazebo.launch.py
[5.219s] -- Up-to-date symlink: /home/yzz/ROS2_WS/install/unitree_guide_controller/share/unitree_guide_controller//launch/gazebo_classic.launch.py
[5.219s] -- Up-to-date symlink: /home/yzz/ROS2_WS/install/unitree_guide_controller/share/unitree_guide_controller//launch/mujoco.launch.py
[5.220s] -- Up-to-date symlink: /home/yzz/ROS2_WS/install/unitree_guide_controller/share/unitree_guide_controller/environment/library_path.sh
[5.220s] -- Up-to-date symlink: /home/yzz/ROS2_WS/install/unitree_guide_controller/share/unitree_guide_controller/environment/library_path.dsv
[5.222s] -- Up-to-date symlink: /home/yzz/ROS2_WS/install/unitree_guide_controller/share/ament_index/resource_index/package_run_dependencies/unitree_guide_controller
[5.222s] -- Up-to-date symlink: /home/yzz/ROS2_WS/install/unitree_guide_controller/share/ament_index/resource_index/parent_prefix_path/unitree_guide_controller
[5.223s] -- Up-to-date symlink: /home/yzz/ROS2_WS/install/unitree_guide_controller/share/unitree_guide_controller/environment/ament_prefix_path.sh
[5.224s] -- Up-to-date symlink: /home/yzz/ROS2_WS/install/unitree_guide_controller/share/unitree_guide_controller/environment/ament_prefix_path.dsv
[5.225s] -- Up-to-date symlink: /home/yzz/ROS2_WS/install/unitree_guide_controller/share/unitree_guide_controller/environment/path.sh
[5.225s] -- Up-to-date symlink: /home/yzz/ROS2_WS/install/unitree_guide_controller/share/unitree_guide_controller/environment/path.dsv
[5.226s] -- Up-to-date symlink: /home/yzz/ROS2_WS/install/unitree_guide_controller/share/unitree_guide_controller/local_setup.bash
[5.226s] -- Up-to-date symlink: /home/yzz/ROS2_WS/install/unitree_guide_controller/share/unitree_guide_controller/local_setup.sh
[5.229s] -- Up-to-date symlink: /home/yzz/ROS2_WS/install/unitree_guide_controller/share/unitree_guide_controller/local_setup.zsh
[5.229s] -- Up-to-date symlink: /home/yzz/ROS2_WS/install/unitree_guide_controller/share/unitree_guide_controller/local_setup.dsv
[5.229s] -- Symlinking: /home/yzz/ROS2_WS/install/unitree_guide_controller/share/unitree_guide_controller/package.dsv
[5.237s] -- Up-to-date symlink: /home/yzz/ROS2_WS/install/unitree_guide_controller/share/ament_index/resource_index/packages/unitree_guide_controller
[5.238s] -- Up-to-date symlink: /home/yzz/ROS2_WS/install/unitree_guide_controller/share/ament_index/resource_index/controller_interface__pluginlib__plugin/unitree_guide_controller
[5.239s] -- Up-to-date symlink: /home/yzz/ROS2_WS/install/unitree_guide_controller/share/unitree_guide_controller/cmake/ament_cmake_export_dependencies-extras.cmake
[5.240s] -- Up-to-date symlink: /home/yzz/ROS2_WS/install/unitree_guide_controller/share/unitree_guide_controller/cmake/ament_cmake_export_targets-extras.cmake
[5.240s] -- Up-to-date symlink: /home/yzz/ROS2_WS/install/unitree_guide_controller/share/unitree_guide_controller/cmake/unitree_guide_controllerConfig.cmake
[5.241s] -- Up-to-date symlink: /home/yzz/ROS2_WS/install/unitree_guide_controller/share/unitree_guide_controller/cmake/unitree_guide_controllerConfig-version.cmake
[5.242s] -- Up-to-date symlink: /home/yzz/ROS2_WS/install/unitree_guide_controller/share/unitree_guide_controller/package.xml
[5.243s] -- Installing: /home/yzz/ROS2_WS/install/unitree_guide_controller/lib/unitree_guide_controller/libunitree_guide_controller.so
[5.246s] -- Set runtime path of "/home/yzz/ROS2_WS/install/unitree_guide_controller/lib/unitree_guide_controller/libunitree_guide_controller.so" to ""
[5.248s] -- Up-to-date: /home/yzz/ROS2_WS/install/unitree_guide_controller/share/unitree_guide_controller/cmake/export_unitree_guide_controllerExport.cmake
[5.249s] -- Up-to-date: /home/yzz/ROS2_WS/install/unitree_guide_controller/share/unitree_guide_controller/cmake/export_unitree_guide_controllerExport-release.cmake
[5.251s] Invoked command in '/home/yzz/ROS2_WS/build/unitree_guide_controller' returned '0': CMAKE_PREFIX_PATH=/home/yzz/ROS2_WS/install/controller_common:/home/yzz/ROS2_WS/install/control_input_msgs:/home/yzz/ROS2_WS/install/unitree_sdk2:/home/yzz/ROS2_WS/install/unitree_guide_controller:/home/yzz/ROS2_WS/install/leg_pd_controller:/home/yzz/ROS2_WS/install/keyboard_input:/home/yzz/ROS2_WS/install/go1_description:/opt/ros/humble LD_LIBRARY_PATH=/home/yzz/ROS2_WS/install/controller_common/lib:/home/yzz/ROS2_WS/install/control_input_msgs/lib:/home/yzz/ROS2_WS/install/unitree_sdk2/lib:/home/yzz/ROS2_WS/install/unitree_guide_controller/lib:/home/yzz/ROS2_WS/install/leg_pd_controller/lib:/usr/lib/x86_64-linux-gnu/gazebo-11/plugins:/opt/ros/humble/opt/rviz_ogre_vendor/lib:/opt/ros/humble/lib/x86_64-linux-gnu:/opt/ros/humble/lib /usr/bin/cmake --install /home/yzz/ROS2_WS/build/unitree_guide_controller
