[0.149s] DEBUG:colcon:Command line arguments: ['/usr/bin/colcon', 'build', '--packages-up-to', 'hardware_unitree_mujoco']
[0.149s] DEBUG:colcon:Parsed command line arguments: Namespace(log_base=None, log_level=None, verb_name='build', build_base='build', install_base='install', merge_install=False, symlink_install=False, test_result_base=None, continue_on_error=False, executor='parallel', parallel_workers=2, event_handlers=None, ignore_user_meta=False, metas=['./colcon.meta'], base_paths=['.'], packages_ignore=None, packages_ignore_regex=None, paths=None, packages_up_to=['hardware_unitree_mujoco'], packages_up_to_regex=None, packages_above=None, packages_above_and_dependencies=None, packages_above_depth=None, packages_select_by_dep=None, packages_skip_by_dep=None, packages_skip_up_to=None, packages_select_build_failed=False, packages_skip_build_finished=False, packages_select_test_failures=False, packages_skip_test_passed=False, packages_select=None, packages_skip=None, packages_select_regex=None, packages_skip_regex=None, packages_start=None, packages_end=None, allow_overriding=[], cmake_args=None, cmake_target=None, cmake_target_skip_unavailable=False, cmake_clean_cache=False, cmake_clean_first=False, cmake_force_configure=False, ament_cmake_args=None, catkin_cmake_args=None, catkin_skip_building_tests=False, verb_parser=<colcon_defaults.argument_parser.defaults.DefaultArgumentsDecorator object at 0x73be4772ff10>, verb_extension=<colcon_core.verb.build.BuildVerb object at 0x73be4772f850>, main=<bound method BuildVerb.main of <colcon_core.verb.build.BuildVerb object at 0x73be4772f850>>)
[0.352s] Level 1:colcon.colcon_core.package_discovery:discover_packages(colcon_meta) check parameters
[0.352s] Level 1:colcon.colcon_core.package_discovery:discover_packages(recursive) check parameters
[0.352s] Level 1:colcon.colcon_core.package_discovery:discover_packages(ignore) check parameters
[0.352s] Level 1:colcon.colcon_core.package_discovery:discover_packages(path) check parameters
[0.352s] Level 1:colcon.colcon_core.package_discovery:discover_packages(colcon_meta) discover
[0.352s] Level 1:colcon.colcon_core.package_discovery:discover_packages(recursive) discover
[0.352s] INFO:colcon.colcon_core.package_discovery:Crawling recursively for packages in '/home/yzz/quadruped_ws'
[0.352s] Level 1:colcon.colcon_core.package_identification:_identify(.) by extensions ['ignore', 'ignore_ament_install']
[0.352s] Level 1:colcon.colcon_core.package_identification:_identify(.) by extension 'ignore'
[0.352s] Level 1:colcon.colcon_core.package_identification:_identify(.) by extension 'ignore_ament_install'
[0.352s] Level 1:colcon.colcon_core.package_identification:_identify(.) by extensions ['colcon_pkg']
[0.352s] Level 1:colcon.colcon_core.package_identification:_identify(.) by extension 'colcon_pkg'
[0.353s] Level 1:colcon.colcon_core.package_identification:_identify(.) by extensions ['colcon_meta']
[0.353s] Level 1:colcon.colcon_core.package_identification:_identify(.) by extension 'colcon_meta'
[0.353s] Level 1:colcon.colcon_core.package_identification:_identify(.) by extensions ['ros']
[0.353s] Level 1:colcon.colcon_core.package_identification:_identify(.) by extension 'ros'
[0.368s] Level 1:colcon.colcon_core.package_identification:_identify(.) by extensions ['cmake', 'python']
[0.368s] Level 1:colcon.colcon_core.package_identification:_identify(.) by extension 'cmake'
[0.368s] Level 1:colcon.colcon_core.package_identification:_identify(.) by extension 'python'
[0.368s] Level 1:colcon.colcon_core.package_identification:_identify(.) by extensions ['python_setup_py']
[0.368s] Level 1:colcon.colcon_core.package_identification:_identify(.) by extension 'python_setup_py'
[0.369s] Level 1:colcon.colcon_core.package_identification:_identify(build) by extensions ['ignore', 'ignore_ament_install']
[0.369s] Level 1:colcon.colcon_core.package_identification:_identify(build) by extension 'ignore'
[0.369s] Level 1:colcon.colcon_core.package_identification:_identify(build) ignored
[0.369s] Level 1:colcon.colcon_core.package_identification:_identify(install) by extensions ['ignore', 'ignore_ament_install']
[0.369s] Level 1:colcon.colcon_core.package_identification:_identify(install) by extension 'ignore'
[0.369s] Level 1:colcon.colcon_core.package_identification:_identify(install) ignored
[0.369s] Level 1:colcon.colcon_core.package_identification:_identify(log) by extensions ['ignore', 'ignore_ament_install']
[0.370s] Level 1:colcon.colcon_core.package_identification:_identify(log) by extension 'ignore'
[0.370s] Level 1:colcon.colcon_core.package_identification:_identify(log) ignored
[0.370s] Level 1:colcon.colcon_core.package_identification:_identify(src) by extensions ['ignore', 'ignore_ament_install']
[0.370s] Level 1:colcon.colcon_core.package_identification:_identify(src) by extension 'ignore'
[0.370s] Level 1:colcon.colcon_core.package_identification:_identify(src) by extension 'ignore_ament_install'
[0.370s] Level 1:colcon.colcon_core.package_identification:_identify(src) by extensions ['colcon_pkg']
[0.370s] Level 1:colcon.colcon_core.package_identification:_identify(src) by extension 'colcon_pkg'
[0.370s] Level 1:colcon.colcon_core.package_identification:_identify(src) by extensions ['colcon_meta']
[0.370s] Level 1:colcon.colcon_core.package_identification:_identify(src) by extension 'colcon_meta'
[0.370s] Level 1:colcon.colcon_core.package_identification:_identify(src) by extensions ['ros']
[0.370s] Level 1:colcon.colcon_core.package_identification:_identify(src) by extension 'ros'
[0.370s] Level 1:colcon.colcon_core.package_identification:_identify(src) by extensions ['cmake', 'python']
[0.370s] Level 1:colcon.colcon_core.package_identification:_identify(src) by extension 'cmake'
[0.370s] Level 1:colcon.colcon_core.package_identification:_identify(src) by extension 'python'
[0.370s] Level 1:colcon.colcon_core.package_identification:_identify(src) by extensions ['python_setup_py']
[0.370s] Level 1:colcon.colcon_core.package_identification:_identify(src) by extension 'python_setup_py'
[0.371s] Level 1:colcon.colcon_core.package_identification:_identify(src/quadruped_ros2_control-humble) by extensions ['ignore', 'ignore_ament_install']
[0.371s] Level 1:colcon.colcon_core.package_identification:_identify(src/quadruped_ros2_control-humble) by extension 'ignore'
[0.371s] Level 1:colcon.colcon_core.package_identification:_identify(src/quadruped_ros2_control-humble) by extension 'ignore_ament_install'
[0.371s] Level 1:colcon.colcon_core.package_identification:_identify(src/quadruped_ros2_control-humble) by extensions ['colcon_pkg']
[0.371s] Level 1:colcon.colcon_core.package_identification:_identify(src/quadruped_ros2_control-humble) by extension 'colcon_pkg'
[0.371s] Level 1:colcon.colcon_core.package_identification:_identify(src/quadruped_ros2_control-humble) by extensions ['colcon_meta']
[0.371s] Level 1:colcon.colcon_core.package_identification:_identify(src/quadruped_ros2_control-humble) by extension 'colcon_meta'
[0.371s] Level 1:colcon.colcon_core.package_identification:_identify(src/quadruped_ros2_control-humble) by extensions ['ros']
[0.371s] Level 1:colcon.colcon_core.package_identification:_identify(src/quadruped_ros2_control-humble) by extension 'ros'
[0.371s] Level 1:colcon.colcon_core.package_identification:_identify(src/quadruped_ros2_control-humble) by extensions ['cmake', 'python']
[0.371s] Level 1:colcon.colcon_core.package_identification:_identify(src/quadruped_ros2_control-humble) by extension 'cmake'
[0.371s] Level 1:colcon.colcon_core.package_identification:_identify(src/quadruped_ros2_control-humble) by extension 'python'
[0.371s] Level 1:colcon.colcon_core.package_identification:_identify(src/quadruped_ros2_control-humble) by extensions ['python_setup_py']
[0.371s] Level 1:colcon.colcon_core.package_identification:_identify(src/quadruped_ros2_control-humble) by extension 'python_setup_py'
[0.371s] Level 1:colcon.colcon_core.package_identification:_identify(src/quadruped_ros2_control-humble/LICENSES) by extensions ['ignore', 'ignore_ament_install']
[0.371s] Level 1:colcon.colcon_core.package_identification:_identify(src/quadruped_ros2_control-humble/LICENSES) by extension 'ignore'
[0.371s] Level 1:colcon.colcon_core.package_identification:_identify(src/quadruped_ros2_control-humble/LICENSES) by extension 'ignore_ament_install'
[0.372s] Level 1:colcon.colcon_core.package_identification:_identify(src/quadruped_ros2_control-humble/LICENSES) by extensions ['colcon_pkg']
[0.372s] Level 1:colcon.colcon_core.package_identification:_identify(src/quadruped_ros2_control-humble/LICENSES) by extension 'colcon_pkg'
[0.372s] Level 1:colcon.colcon_core.package_identification:_identify(src/quadruped_ros2_control-humble/LICENSES) by extensions ['colcon_meta']
[0.372s] Level 1:colcon.colcon_core.package_identification:_identify(src/quadruped_ros2_control-humble/LICENSES) by extension 'colcon_meta'
[0.372s] Level 1:colcon.colcon_core.package_identification:_identify(src/quadruped_ros2_control-humble/LICENSES) by extensions ['ros']
[0.372s] Level 1:colcon.colcon_core.package_identification:_identify(src/quadruped_ros2_control-humble/LICENSES) by extension 'ros'
[0.372s] Level 1:colcon.colcon_core.package_identification:_identify(src/quadruped_ros2_control-humble/LICENSES) by extensions ['cmake', 'python']
[0.372s] Level 1:colcon.colcon_core.package_identification:_identify(src/quadruped_ros2_control-humble/LICENSES) by extension 'cmake'
[0.372s] Level 1:colcon.colcon_core.package_identification:_identify(src/quadruped_ros2_control-humble/LICENSES) by extension 'python'
[0.372s] Level 1:colcon.colcon_core.package_identification:_identify(src/quadruped_ros2_control-humble/LICENSES) by extensions ['python_setup_py']
[0.372s] Level 1:colcon.colcon_core.package_identification:_identify(src/quadruped_ros2_control-humble/LICENSES) by extension 'python_setup_py'
[0.372s] Level 1:colcon.colcon_core.package_identification:_identify(src/quadruped_ros2_control-humble/LICENSES/legged_control) by extensions ['ignore', 'ignore_ament_install']
[0.372s] Level 1:colcon.colcon_core.package_identification:_identify(src/quadruped_ros2_control-humble/LICENSES/legged_control) by extension 'ignore'
[0.372s] Level 1:colcon.colcon_core.package_identification:_identify(src/quadruped_ros2_control-humble/LICENSES/legged_control) by extension 'ignore_ament_install'
[0.372s] Level 1:colcon.colcon_core.package_identification:_identify(src/quadruped_ros2_control-humble/LICENSES/legged_control) by extensions ['colcon_pkg']
[0.372s] Level 1:colcon.colcon_core.package_identification:_identify(src/quadruped_ros2_control-humble/LICENSES/legged_control) by extension 'colcon_pkg'
[0.372s] Level 1:colcon.colcon_core.package_identification:_identify(src/quadruped_ros2_control-humble/LICENSES/legged_control) by extensions ['colcon_meta']
[0.372s] Level 1:colcon.colcon_core.package_identification:_identify(src/quadruped_ros2_control-humble/LICENSES/legged_control) by extension 'colcon_meta'
[0.372s] Level 1:colcon.colcon_core.package_identification:_identify(src/quadruped_ros2_control-humble/LICENSES/legged_control) by extensions ['ros']
[0.372s] Level 1:colcon.colcon_core.package_identification:_identify(src/quadruped_ros2_control-humble/LICENSES/legged_control) by extension 'ros'
[0.372s] Level 1:colcon.colcon_core.package_identification:_identify(src/quadruped_ros2_control-humble/LICENSES/legged_control) by extensions ['cmake', 'python']
[0.373s] Level 1:colcon.colcon_core.package_identification:_identify(src/quadruped_ros2_control-humble/LICENSES/legged_control) by extension 'cmake'
[0.373s] Level 1:colcon.colcon_core.package_identification:_identify(src/quadruped_ros2_control-humble/LICENSES/legged_control) by extension 'python'
[0.373s] Level 1:colcon.colcon_core.package_identification:_identify(src/quadruped_ros2_control-humble/LICENSES/legged_control) by extensions ['python_setup_py']
[0.373s] Level 1:colcon.colcon_core.package_identification:_identify(src/quadruped_ros2_control-humble/LICENSES/legged_control) by extension 'python_setup_py'
[0.373s] Level 1:colcon.colcon_core.package_identification:_identify(src/quadruped_ros2_control-humble/LICENSES/unitree_guide) by extensions ['ignore', 'ignore_ament_install']
[0.373s] Level 1:colcon.colcon_core.package_identification:_identify(src/quadruped_ros2_control-humble/LICENSES/unitree_guide) by extension 'ignore'
[0.373s] Level 1:colcon.colcon_core.package_identification:_identify(src/quadruped_ros2_control-humble/LICENSES/unitree_guide) by extension 'ignore_ament_install'
[0.373s] Level 1:colcon.colcon_core.package_identification:_identify(src/quadruped_ros2_control-humble/LICENSES/unitree_guide) by extensions ['colcon_pkg']
[0.373s] Level 1:colcon.colcon_core.package_identification:_identify(src/quadruped_ros2_control-humble/LICENSES/unitree_guide) by extension 'colcon_pkg'
[0.373s] Level 1:colcon.colcon_core.package_identification:_identify(src/quadruped_ros2_control-humble/LICENSES/unitree_guide) by extensions ['colcon_meta']
[0.373s] Level 1:colcon.colcon_core.package_identification:_identify(src/quadruped_ros2_control-humble/LICENSES/unitree_guide) by extension 'colcon_meta'
[0.373s] Level 1:colcon.colcon_core.package_identification:_identify(src/quadruped_ros2_control-humble/LICENSES/unitree_guide) by extensions ['ros']
[0.373s] Level 1:colcon.colcon_core.package_identification:_identify(src/quadruped_ros2_control-humble/LICENSES/unitree_guide) by extension 'ros'
[0.373s] Level 1:colcon.colcon_core.package_identification:_identify(src/quadruped_ros2_control-humble/LICENSES/unitree_guide) by extensions ['cmake', 'python']
[0.374s] Level 1:colcon.colcon_core.package_identification:_identify(src/quadruped_ros2_control-humble/LICENSES/unitree_guide) by extension 'cmake'
[0.374s] Level 1:colcon.colcon_core.package_identification:_identify(src/quadruped_ros2_control-humble/LICENSES/unitree_guide) by extension 'python'
[0.374s] Level 1:colcon.colcon_core.package_identification:_identify(src/quadruped_ros2_control-humble/LICENSES/unitree_guide) by extensions ['python_setup_py']
[0.374s] Level 1:colcon.colcon_core.package_identification:_identify(src/quadruped_ros2_control-humble/LICENSES/unitree_guide) by extension 'python_setup_py'
[0.374s] Level 1:colcon.colcon_core.package_identification:_identify(src/quadruped_ros2_control-humble/commands) by extensions ['ignore', 'ignore_ament_install']
[0.374s] Level 1:colcon.colcon_core.package_identification:_identify(src/quadruped_ros2_control-humble/commands) by extension 'ignore'
[0.374s] Level 1:colcon.colcon_core.package_identification:_identify(src/quadruped_ros2_control-humble/commands) by extension 'ignore_ament_install'
[0.374s] Level 1:colcon.colcon_core.package_identification:_identify(src/quadruped_ros2_control-humble/commands) by extensions ['colcon_pkg']
[0.374s] Level 1:colcon.colcon_core.package_identification:_identify(src/quadruped_ros2_control-humble/commands) by extension 'colcon_pkg'
[0.374s] Level 1:colcon.colcon_core.package_identification:_identify(src/quadruped_ros2_control-humble/commands) by extensions ['colcon_meta']
[0.374s] Level 1:colcon.colcon_core.package_identification:_identify(src/quadruped_ros2_control-humble/commands) by extension 'colcon_meta'
[0.374s] Level 1:colcon.colcon_core.package_identification:_identify(src/quadruped_ros2_control-humble/commands) by extensions ['ros']
[0.374s] Level 1:colcon.colcon_core.package_identification:_identify(src/quadruped_ros2_control-humble/commands) by extension 'ros'
[0.374s] Level 1:colcon.colcon_core.package_identification:_identify(src/quadruped_ros2_control-humble/commands) by extensions ['cmake', 'python']
[0.374s] Level 1:colcon.colcon_core.package_identification:_identify(src/quadruped_ros2_control-humble/commands) by extension 'cmake'
[0.374s] Level 1:colcon.colcon_core.package_identification:_identify(src/quadruped_ros2_control-humble/commands) by extension 'python'
[0.374s] Level 1:colcon.colcon_core.package_identification:_identify(src/quadruped_ros2_control-humble/commands) by extensions ['python_setup_py']
[0.374s] Level 1:colcon.colcon_core.package_identification:_identify(src/quadruped_ros2_control-humble/commands) by extension 'python_setup_py'
[0.374s] Level 1:colcon.colcon_core.package_identification:_identify(src/quadruped_ros2_control-humble/commands/control_input_msgs) by extensions ['ignore', 'ignore_ament_install']
[0.375s] Level 1:colcon.colcon_core.package_identification:_identify(src/quadruped_ros2_control-humble/commands/control_input_msgs) by extension 'ignore'
[0.375s] Level 1:colcon.colcon_core.package_identification:_identify(src/quadruped_ros2_control-humble/commands/control_input_msgs) by extension 'ignore_ament_install'
[0.375s] Level 1:colcon.colcon_core.package_identification:_identify(src/quadruped_ros2_control-humble/commands/control_input_msgs) by extensions ['colcon_pkg']
[0.375s] Level 1:colcon.colcon_core.package_identification:_identify(src/quadruped_ros2_control-humble/commands/control_input_msgs) by extension 'colcon_pkg'
[0.375s] Level 1:colcon.colcon_core.package_identification:_identify(src/quadruped_ros2_control-humble/commands/control_input_msgs) by extensions ['colcon_meta']
[0.375s] Level 1:colcon.colcon_core.package_identification:_identify(src/quadruped_ros2_control-humble/commands/control_input_msgs) by extension 'colcon_meta'
[0.375s] Level 1:colcon.colcon_core.package_identification:_identify(src/quadruped_ros2_control-humble/commands/control_input_msgs) by extensions ['ros']
[0.375s] Level 1:colcon.colcon_core.package_identification:_identify(src/quadruped_ros2_control-humble/commands/control_input_msgs) by extension 'ros'
[0.377s] DEBUG:colcon.colcon_core.package_identification:Package 'src/quadruped_ros2_control-humble/commands/control_input_msgs' with type 'ros.ament_cmake' and name 'control_input_msgs'
[0.378s] Level 1:colcon.colcon_core.package_identification:_identify(src/quadruped_ros2_control-humble/commands/joystick_input) by extensions ['ignore', 'ignore_ament_install']
[0.378s] Level 1:colcon.colcon_core.package_identification:_identify(src/quadruped_ros2_control-humble/commands/joystick_input) by extension 'ignore'
[0.378s] Level 1:colcon.colcon_core.package_identification:_identify(src/quadruped_ros2_control-humble/commands/joystick_input) by extension 'ignore_ament_install'
[0.378s] Level 1:colcon.colcon_core.package_identification:_identify(src/quadruped_ros2_control-humble/commands/joystick_input) by extensions ['colcon_pkg']
[0.378s] Level 1:colcon.colcon_core.package_identification:_identify(src/quadruped_ros2_control-humble/commands/joystick_input) by extension 'colcon_pkg'
[0.378s] Level 1:colcon.colcon_core.package_identification:_identify(src/quadruped_ros2_control-humble/commands/joystick_input) by extensions ['colcon_meta']
[0.378s] Level 1:colcon.colcon_core.package_identification:_identify(src/quadruped_ros2_control-humble/commands/joystick_input) by extension 'colcon_meta'
[0.378s] Level 1:colcon.colcon_core.package_identification:_identify(src/quadruped_ros2_control-humble/commands/joystick_input) by extensions ['ros']
[0.378s] Level 1:colcon.colcon_core.package_identification:_identify(src/quadruped_ros2_control-humble/commands/joystick_input) by extension 'ros'
[0.379s] DEBUG:colcon.colcon_core.package_identification:Package 'src/quadruped_ros2_control-humble/commands/joystick_input' with type 'ros.ament_cmake' and name 'joystick_input'
[0.379s] Level 1:colcon.colcon_core.package_identification:_identify(src/quadruped_ros2_control-humble/commands/keyboard_input) by extensions ['ignore', 'ignore_ament_install']
[0.379s] Level 1:colcon.colcon_core.package_identification:_identify(src/quadruped_ros2_control-humble/commands/keyboard_input) by extension 'ignore'
[0.379s] Level 1:colcon.colcon_core.package_identification:_identify(src/quadruped_ros2_control-humble/commands/keyboard_input) by extension 'ignore_ament_install'
[0.379s] Level 1:colcon.colcon_core.package_identification:_identify(src/quadruped_ros2_control-humble/commands/keyboard_input) by extensions ['colcon_pkg']
[0.379s] Level 1:colcon.colcon_core.package_identification:_identify(src/quadruped_ros2_control-humble/commands/keyboard_input) by extension 'colcon_pkg'
[0.379s] Level 1:colcon.colcon_core.package_identification:_identify(src/quadruped_ros2_control-humble/commands/keyboard_input) by extensions ['colcon_meta']
[0.379s] Level 1:colcon.colcon_core.package_identification:_identify(src/quadruped_ros2_control-humble/commands/keyboard_input) by extension 'colcon_meta'
[0.379s] Level 1:colcon.colcon_core.package_identification:_identify(src/quadruped_ros2_control-humble/commands/keyboard_input) by extensions ['ros']
[0.379s] Level 1:colcon.colcon_core.package_identification:_identify(src/quadruped_ros2_control-humble/commands/keyboard_input) by extension 'ros'
[0.380s] DEBUG:colcon.colcon_core.package_identification:Package 'src/quadruped_ros2_control-humble/commands/keyboard_input' with type 'ros.ament_cmake' and name 'keyboard_input'
[0.380s] Level 1:colcon.colcon_core.package_identification:_identify(src/quadruped_ros2_control-humble/commands/unitree_joystick_input) by extensions ['ignore', 'ignore_ament_install']
[0.380s] Level 1:colcon.colcon_core.package_identification:_identify(src/quadruped_ros2_control-humble/commands/unitree_joystick_input) by extension 'ignore'
[0.380s] Level 1:colcon.colcon_core.package_identification:_identify(src/quadruped_ros2_control-humble/commands/unitree_joystick_input) by extension 'ignore_ament_install'
[0.380s] Level 1:colcon.colcon_core.package_identification:_identify(src/quadruped_ros2_control-humble/commands/unitree_joystick_input) by extensions ['colcon_pkg']
[0.380s] Level 1:colcon.colcon_core.package_identification:_identify(src/quadruped_ros2_control-humble/commands/unitree_joystick_input) by extension 'colcon_pkg'
[0.380s] Level 1:colcon.colcon_core.package_identification:_identify(src/quadruped_ros2_control-humble/commands/unitree_joystick_input) by extensions ['colcon_meta']
[0.380s] Level 1:colcon.colcon_core.package_identification:_identify(src/quadruped_ros2_control-humble/commands/unitree_joystick_input) by extension 'colcon_meta'
[0.381s] Level 1:colcon.colcon_core.package_identification:_identify(src/quadruped_ros2_control-humble/commands/unitree_joystick_input) by extensions ['ros']
[0.381s] Level 1:colcon.colcon_core.package_identification:_identify(src/quadruped_ros2_control-humble/commands/unitree_joystick_input) by extension 'ros'
[0.381s] DEBUG:colcon.colcon_core.package_identification:Package 'src/quadruped_ros2_control-humble/commands/unitree_joystick_input' with type 'ros.ament_cmake' and name 'unitree_joystick_input'
[0.381s] Level 1:colcon.colcon_core.package_identification:_identify(src/quadruped_ros2_control-humble/controllers) by extensions ['ignore', 'ignore_ament_install']
[0.381s] Level 1:colcon.colcon_core.package_identification:_identify(src/quadruped_ros2_control-humble/controllers) by extension 'ignore'
[0.382s] Level 1:colcon.colcon_core.package_identification:_identify(src/quadruped_ros2_control-humble/controllers) by extension 'ignore_ament_install'
[0.382s] Level 1:colcon.colcon_core.package_identification:_identify(src/quadruped_ros2_control-humble/controllers) by extensions ['colcon_pkg']
[0.382s] Level 1:colcon.colcon_core.package_identification:_identify(src/quadruped_ros2_control-humble/controllers) by extension 'colcon_pkg'
[0.382s] Level 1:colcon.colcon_core.package_identification:_identify(src/quadruped_ros2_control-humble/controllers) by extensions ['colcon_meta']
[0.382s] Level 1:colcon.colcon_core.package_identification:_identify(src/quadruped_ros2_control-humble/controllers) by extension 'colcon_meta'
[0.382s] Level 1:colcon.colcon_core.package_identification:_identify(src/quadruped_ros2_control-humble/controllers) by extensions ['ros']
[0.382s] Level 1:colcon.colcon_core.package_identification:_identify(src/quadruped_ros2_control-humble/controllers) by extension 'ros'
[0.382s] Level 1:colcon.colcon_core.package_identification:_identify(src/quadruped_ros2_control-humble/controllers) by extensions ['cmake', 'python']
[0.382s] Level 1:colcon.colcon_core.package_identification:_identify(src/quadruped_ros2_control-humble/controllers) by extension 'cmake'
[0.382s] Level 1:colcon.colcon_core.package_identification:_identify(src/quadruped_ros2_control-humble/controllers) by extension 'python'
[0.382s] Level 1:colcon.colcon_core.package_identification:_identify(src/quadruped_ros2_control-humble/controllers) by extensions ['python_setup_py']
[0.382s] Level 1:colcon.colcon_core.package_identification:_identify(src/quadruped_ros2_control-humble/controllers) by extension 'python_setup_py'
[0.382s] Level 1:colcon.colcon_core.package_identification:_identify(src/quadruped_ros2_control-humble/controllers/leg_pd_controller) by extensions ['ignore', 'ignore_ament_install']
[0.382s] Level 1:colcon.colcon_core.package_identification:_identify(src/quadruped_ros2_control-humble/controllers/leg_pd_controller) by extension 'ignore'
[0.382s] Level 1:colcon.colcon_core.package_identification:_identify(src/quadruped_ros2_control-humble/controllers/leg_pd_controller) by extension 'ignore_ament_install'
[0.382s] Level 1:colcon.colcon_core.package_identification:_identify(src/quadruped_ros2_control-humble/controllers/leg_pd_controller) by extensions ['colcon_pkg']
[0.382s] Level 1:colcon.colcon_core.package_identification:_identify(src/quadruped_ros2_control-humble/controllers/leg_pd_controller) by extension 'colcon_pkg'
[0.382s] Level 1:colcon.colcon_core.package_identification:_identify(src/quadruped_ros2_control-humble/controllers/leg_pd_controller) by extensions ['colcon_meta']
[0.382s] Level 1:colcon.colcon_core.package_identification:_identify(src/quadruped_ros2_control-humble/controllers/leg_pd_controller) by extension 'colcon_meta'
[0.382s] Level 1:colcon.colcon_core.package_identification:_identify(src/quadruped_ros2_control-humble/controllers/leg_pd_controller) by extensions ['ros']
[0.382s] Level 1:colcon.colcon_core.package_identification:_identify(src/quadruped_ros2_control-humble/controllers/leg_pd_controller) by extension 'ros'
[0.383s] DEBUG:colcon.colcon_core.package_identification:Package 'src/quadruped_ros2_control-humble/controllers/leg_pd_controller' with type 'ros.ament_cmake' and name 'leg_pd_controller'
[0.383s] Level 1:colcon.colcon_core.package_identification:_identify(src/quadruped_ros2_control-humble/controllers/ocs2_quadruped_controller) by extensions ['ignore', 'ignore_ament_install']
[0.383s] Level 1:colcon.colcon_core.package_identification:_identify(src/quadruped_ros2_control-humble/controllers/ocs2_quadruped_controller) by extension 'ignore'
[0.383s] Level 1:colcon.colcon_core.package_identification:_identify(src/quadruped_ros2_control-humble/controllers/ocs2_quadruped_controller) by extension 'ignore_ament_install'
[0.383s] Level 1:colcon.colcon_core.package_identification:_identify(src/quadruped_ros2_control-humble/controllers/ocs2_quadruped_controller) by extensions ['colcon_pkg']
[0.383s] Level 1:colcon.colcon_core.package_identification:_identify(src/quadruped_ros2_control-humble/controllers/ocs2_quadruped_controller) by extension 'colcon_pkg'
[0.383s] Level 1:colcon.colcon_core.package_identification:_identify(src/quadruped_ros2_control-humble/controllers/ocs2_quadruped_controller) by extensions ['colcon_meta']
[0.383s] Level 1:colcon.colcon_core.package_identification:_identify(src/quadruped_ros2_control-humble/controllers/ocs2_quadruped_controller) by extension 'colcon_meta'
[0.383s] Level 1:colcon.colcon_core.package_identification:_identify(src/quadruped_ros2_control-humble/controllers/ocs2_quadruped_controller) by extensions ['ros']
[0.383s] Level 1:colcon.colcon_core.package_identification:_identify(src/quadruped_ros2_control-humble/controllers/ocs2_quadruped_controller) by extension 'ros'
[0.385s] DEBUG:colcon.colcon_core.package_identification:Package 'src/quadruped_ros2_control-humble/controllers/ocs2_quadruped_controller' with type 'ros.ament_cmake' and name 'ocs2_quadruped_controller'
[0.385s] Level 1:colcon.colcon_core.package_identification:_identify(src/quadruped_ros2_control-humble/controllers/rl_quadruped_controller) by extensions ['ignore', 'ignore_ament_install']
[0.385s] Level 1:colcon.colcon_core.package_identification:_identify(src/quadruped_ros2_control-humble/controllers/rl_quadruped_controller) by extension 'ignore'
[0.385s] Level 1:colcon.colcon_core.package_identification:_identify(src/quadruped_ros2_control-humble/controllers/rl_quadruped_controller) by extension 'ignore_ament_install'
[0.385s] Level 1:colcon.colcon_core.package_identification:_identify(src/quadruped_ros2_control-humble/controllers/rl_quadruped_controller) by extensions ['colcon_pkg']
[0.385s] Level 1:colcon.colcon_core.package_identification:_identify(src/quadruped_ros2_control-humble/controllers/rl_quadruped_controller) by extension 'colcon_pkg'
[0.385s] Level 1:colcon.colcon_core.package_identification:_identify(src/quadruped_ros2_control-humble/controllers/rl_quadruped_controller) by extensions ['colcon_meta']
[0.385s] Level 1:colcon.colcon_core.package_identification:_identify(src/quadruped_ros2_control-humble/controllers/rl_quadruped_controller) by extension 'colcon_meta'
[0.385s] Level 1:colcon.colcon_core.package_identification:_identify(src/quadruped_ros2_control-humble/controllers/rl_quadruped_controller) by extensions ['ros']
[0.385s] Level 1:colcon.colcon_core.package_identification:_identify(src/quadruped_ros2_control-humble/controllers/rl_quadruped_controller) by extension 'ros'
[0.387s] DEBUG:colcon.colcon_core.package_identification:Package 'src/quadruped_ros2_control-humble/controllers/rl_quadruped_controller' with type 'ros.ament_cmake' and name 'rl_quadruped_controller'
[0.387s] Level 1:colcon.colcon_core.package_identification:_identify(src/quadruped_ros2_control-humble/controllers/unitree_guide_controller) by extensions ['ignore', 'ignore_ament_install']
[0.387s] Level 1:colcon.colcon_core.package_identification:_identify(src/quadruped_ros2_control-humble/controllers/unitree_guide_controller) by extension 'ignore'
[0.387s] Level 1:colcon.colcon_core.package_identification:_identify(src/quadruped_ros2_control-humble/controllers/unitree_guide_controller) by extension 'ignore_ament_install'
[0.387s] Level 1:colcon.colcon_core.package_identification:_identify(src/quadruped_ros2_control-humble/controllers/unitree_guide_controller) by extensions ['colcon_pkg']
[0.387s] Level 1:colcon.colcon_core.package_identification:_identify(src/quadruped_ros2_control-humble/controllers/unitree_guide_controller) by extension 'colcon_pkg'
[0.387s] Level 1:colcon.colcon_core.package_identification:_identify(src/quadruped_ros2_control-humble/controllers/unitree_guide_controller) by extensions ['colcon_meta']
[0.387s] Level 1:colcon.colcon_core.package_identification:_identify(src/quadruped_ros2_control-humble/controllers/unitree_guide_controller) by extension 'colcon_meta'
[0.387s] Level 1:colcon.colcon_core.package_identification:_identify(src/quadruped_ros2_control-humble/controllers/unitree_guide_controller) by extensions ['ros']
[0.387s] Level 1:colcon.colcon_core.package_identification:_identify(src/quadruped_ros2_control-humble/controllers/unitree_guide_controller) by extension 'ros'
[0.388s] DEBUG:colcon.colcon_core.package_identification:Package 'src/quadruped_ros2_control-humble/controllers/unitree_guide_controller' with type 'ros.ament_cmake' and name 'unitree_guide_controller'
[0.388s] Level 1:colcon.colcon_core.package_identification:_identify(src/quadruped_ros2_control-humble/descriptions) by extensions ['ignore', 'ignore_ament_install']
[0.388s] Level 1:colcon.colcon_core.package_identification:_identify(src/quadruped_ros2_control-humble/descriptions) by extension 'ignore'
[0.388s] Level 1:colcon.colcon_core.package_identification:_identify(src/quadruped_ros2_control-humble/descriptions) by extension 'ignore_ament_install'
[0.388s] Level 1:colcon.colcon_core.package_identification:_identify(src/quadruped_ros2_control-humble/descriptions) by extensions ['colcon_pkg']
[0.388s] Level 1:colcon.colcon_core.package_identification:_identify(src/quadruped_ros2_control-humble/descriptions) by extension 'colcon_pkg'
[0.388s] Level 1:colcon.colcon_core.package_identification:_identify(src/quadruped_ros2_control-humble/descriptions) by extensions ['colcon_meta']
[0.388s] Level 1:colcon.colcon_core.package_identification:_identify(src/quadruped_ros2_control-humble/descriptions) by extension 'colcon_meta'
[0.389s] Level 1:colcon.colcon_core.package_identification:_identify(src/quadruped_ros2_control-humble/descriptions) by extensions ['ros']
[0.389s] Level 1:colcon.colcon_core.package_identification:_identify(src/quadruped_ros2_control-humble/descriptions) by extension 'ros'
[0.389s] Level 1:colcon.colcon_core.package_identification:_identify(src/quadruped_ros2_control-humble/descriptions) by extensions ['cmake', 'python']
[0.389s] Level 1:colcon.colcon_core.package_identification:_identify(src/quadruped_ros2_control-humble/descriptions) by extension 'cmake'
[0.389s] Level 1:colcon.colcon_core.package_identification:_identify(src/quadruped_ros2_control-humble/descriptions) by extension 'python'
[0.389s] Level 1:colcon.colcon_core.package_identification:_identify(src/quadruped_ros2_control-humble/descriptions) by extensions ['python_setup_py']
[0.389s] Level 1:colcon.colcon_core.package_identification:_identify(src/quadruped_ros2_control-humble/descriptions) by extension 'python_setup_py'
[0.389s] Level 1:colcon.colcon_core.package_identification:_identify(src/quadruped_ros2_control-humble/descriptions/anybotics) by extensions ['ignore', 'ignore_ament_install']
[0.389s] Level 1:colcon.colcon_core.package_identification:_identify(src/quadruped_ros2_control-humble/descriptions/anybotics) by extension 'ignore'
[0.389s] Level 1:colcon.colcon_core.package_identification:_identify(src/quadruped_ros2_control-humble/descriptions/anybotics) by extension 'ignore_ament_install'
[0.389s] Level 1:colcon.colcon_core.package_identification:_identify(src/quadruped_ros2_control-humble/descriptions/anybotics) by extensions ['colcon_pkg']
[0.389s] Level 1:colcon.colcon_core.package_identification:_identify(src/quadruped_ros2_control-humble/descriptions/anybotics) by extension 'colcon_pkg'
[0.389s] Level 1:colcon.colcon_core.package_identification:_identify(src/quadruped_ros2_control-humble/descriptions/anybotics) by extensions ['colcon_meta']
[0.389s] Level 1:colcon.colcon_core.package_identification:_identify(src/quadruped_ros2_control-humble/descriptions/anybotics) by extension 'colcon_meta'
[0.389s] Level 1:colcon.colcon_core.package_identification:_identify(src/quadruped_ros2_control-humble/descriptions/anybotics) by extensions ['ros']
[0.389s] Level 1:colcon.colcon_core.package_identification:_identify(src/quadruped_ros2_control-humble/descriptions/anybotics) by extension 'ros'
[0.389s] Level 1:colcon.colcon_core.package_identification:_identify(src/quadruped_ros2_control-humble/descriptions/anybotics) by extensions ['cmake', 'python']
[0.389s] Level 1:colcon.colcon_core.package_identification:_identify(src/quadruped_ros2_control-humble/descriptions/anybotics) by extension 'cmake'
[0.389s] Level 1:colcon.colcon_core.package_identification:_identify(src/quadruped_ros2_control-humble/descriptions/anybotics) by extension 'python'
[0.389s] Level 1:colcon.colcon_core.package_identification:_identify(src/quadruped_ros2_control-humble/descriptions/anybotics) by extensions ['python_setup_py']
[0.389s] Level 1:colcon.colcon_core.package_identification:_identify(src/quadruped_ros2_control-humble/descriptions/anybotics) by extension 'python_setup_py'
[0.390s] Level 1:colcon.colcon_core.package_identification:_identify(src/quadruped_ros2_control-humble/descriptions/anybotics/anymal_c_description) by extensions ['ignore', 'ignore_ament_install']
[0.390s] Level 1:colcon.colcon_core.package_identification:_identify(src/quadruped_ros2_control-humble/descriptions/anybotics/anymal_c_description) by extension 'ignore'
[0.390s] Level 1:colcon.colcon_core.package_identification:_identify(src/quadruped_ros2_control-humble/descriptions/anybotics/anymal_c_description) by extension 'ignore_ament_install'
[0.390s] Level 1:colcon.colcon_core.package_identification:_identify(src/quadruped_ros2_control-humble/descriptions/anybotics/anymal_c_description) by extensions ['colcon_pkg']
[0.390s] Level 1:colcon.colcon_core.package_identification:_identify(src/quadruped_ros2_control-humble/descriptions/anybotics/anymal_c_description) by extension 'colcon_pkg'
[0.390s] Level 1:colcon.colcon_core.package_identification:_identify(src/quadruped_ros2_control-humble/descriptions/anybotics/anymal_c_description) by extensions ['colcon_meta']
[0.390s] Level 1:colcon.colcon_core.package_identification:_identify(src/quadruped_ros2_control-humble/descriptions/anybotics/anymal_c_description) by extension 'colcon_meta'
[0.390s] Level 1:colcon.colcon_core.package_identification:_identify(src/quadruped_ros2_control-humble/descriptions/anybotics/anymal_c_description) by extensions ['ros']
[0.390s] Level 1:colcon.colcon_core.package_identification:_identify(src/quadruped_ros2_control-humble/descriptions/anybotics/anymal_c_description) by extension 'ros'
[0.391s] DEBUG:colcon.colcon_core.package_identification:Package 'src/quadruped_ros2_control-humble/descriptions/anybotics/anymal_c_description' with type 'ros.ament_cmake' and name 'anymal_c_description'
[0.391s] Level 1:colcon.colcon_core.package_identification:_identify(src/quadruped_ros2_control-humble/descriptions/deep_robotics) by extensions ['ignore', 'ignore_ament_install']
[0.391s] Level 1:colcon.colcon_core.package_identification:_identify(src/quadruped_ros2_control-humble/descriptions/deep_robotics) by extension 'ignore'
[0.391s] Level 1:colcon.colcon_core.package_identification:_identify(src/quadruped_ros2_control-humble/descriptions/deep_robotics) by extension 'ignore_ament_install'
[0.391s] Level 1:colcon.colcon_core.package_identification:_identify(src/quadruped_ros2_control-humble/descriptions/deep_robotics) by extensions ['colcon_pkg']
[0.391s] Level 1:colcon.colcon_core.package_identification:_identify(src/quadruped_ros2_control-humble/descriptions/deep_robotics) by extension 'colcon_pkg'
[0.391s] Level 1:colcon.colcon_core.package_identification:_identify(src/quadruped_ros2_control-humble/descriptions/deep_robotics) by extensions ['colcon_meta']
[0.391s] Level 1:colcon.colcon_core.package_identification:_identify(src/quadruped_ros2_control-humble/descriptions/deep_robotics) by extension 'colcon_meta'
[0.391s] Level 1:colcon.colcon_core.package_identification:_identify(src/quadruped_ros2_control-humble/descriptions/deep_robotics) by extensions ['ros']
[0.391s] Level 1:colcon.colcon_core.package_identification:_identify(src/quadruped_ros2_control-humble/descriptions/deep_robotics) by extension 'ros'
[0.391s] Level 1:colcon.colcon_core.package_identification:_identify(src/quadruped_ros2_control-humble/descriptions/deep_robotics) by extensions ['cmake', 'python']
[0.391s] Level 1:colcon.colcon_core.package_identification:_identify(src/quadruped_ros2_control-humble/descriptions/deep_robotics) by extension 'cmake'
[0.391s] Level 1:colcon.colcon_core.package_identification:_identify(src/quadruped_ros2_control-humble/descriptions/deep_robotics) by extension 'python'
[0.391s] Level 1:colcon.colcon_core.package_identification:_identify(src/quadruped_ros2_control-humble/descriptions/deep_robotics) by extensions ['python_setup_py']
[0.391s] Level 1:colcon.colcon_core.package_identification:_identify(src/quadruped_ros2_control-humble/descriptions/deep_robotics) by extension 'python_setup_py'
[0.392s] Level 1:colcon.colcon_core.package_identification:_identify(src/quadruped_ros2_control-humble/descriptions/deep_robotics/lite3_description) by extensions ['ignore', 'ignore_ament_install']
[0.392s] Level 1:colcon.colcon_core.package_identification:_identify(src/quadruped_ros2_control-humble/descriptions/deep_robotics/lite3_description) by extension 'ignore'
[0.392s] Level 1:colcon.colcon_core.package_identification:_identify(src/quadruped_ros2_control-humble/descriptions/deep_robotics/lite3_description) by extension 'ignore_ament_install'
[0.392s] Level 1:colcon.colcon_core.package_identification:_identify(src/quadruped_ros2_control-humble/descriptions/deep_robotics/lite3_description) by extensions ['colcon_pkg']
[0.392s] Level 1:colcon.colcon_core.package_identification:_identify(src/quadruped_ros2_control-humble/descriptions/deep_robotics/lite3_description) by extension 'colcon_pkg'
[0.392s] Level 1:colcon.colcon_core.package_identification:_identify(src/quadruped_ros2_control-humble/descriptions/deep_robotics/lite3_description) by extensions ['colcon_meta']
[0.392s] Level 1:colcon.colcon_core.package_identification:_identify(src/quadruped_ros2_control-humble/descriptions/deep_robotics/lite3_description) by extension 'colcon_meta'
[0.392s] Level 1:colcon.colcon_core.package_identification:_identify(src/quadruped_ros2_control-humble/descriptions/deep_robotics/lite3_description) by extensions ['ros']
[0.392s] Level 1:colcon.colcon_core.package_identification:_identify(src/quadruped_ros2_control-humble/descriptions/deep_robotics/lite3_description) by extension 'ros'
[0.392s] DEBUG:colcon.colcon_core.package_identification:Package 'src/quadruped_ros2_control-humble/descriptions/deep_robotics/lite3_description' with type 'ros.ament_cmake' and name 'lite3_description'
[0.393s] Level 1:colcon.colcon_core.package_identification:_identify(src/quadruped_ros2_control-humble/descriptions/deep_robotics/x30_description) by extensions ['ignore', 'ignore_ament_install']
[0.393s] Level 1:colcon.colcon_core.package_identification:_identify(src/quadruped_ros2_control-humble/descriptions/deep_robotics/x30_description) by extension 'ignore'
[0.393s] Level 1:colcon.colcon_core.package_identification:_identify(src/quadruped_ros2_control-humble/descriptions/deep_robotics/x30_description) by extension 'ignore_ament_install'
[0.393s] Level 1:colcon.colcon_core.package_identification:_identify(src/quadruped_ros2_control-humble/descriptions/deep_robotics/x30_description) by extensions ['colcon_pkg']
[0.393s] Level 1:colcon.colcon_core.package_identification:_identify(src/quadruped_ros2_control-humble/descriptions/deep_robotics/x30_description) by extension 'colcon_pkg'
[0.393s] Level 1:colcon.colcon_core.package_identification:_identify(src/quadruped_ros2_control-humble/descriptions/deep_robotics/x30_description) by extensions ['colcon_meta']
[0.393s] Level 1:colcon.colcon_core.package_identification:_identify(src/quadruped_ros2_control-humble/descriptions/deep_robotics/x30_description) by extension 'colcon_meta'
[0.393s] Level 1:colcon.colcon_core.package_identification:_identify(src/quadruped_ros2_control-humble/descriptions/deep_robotics/x30_description) by extensions ['ros']
[0.393s] Level 1:colcon.colcon_core.package_identification:_identify(src/quadruped_ros2_control-humble/descriptions/deep_robotics/x30_description) by extension 'ros'
[0.394s] DEBUG:colcon.colcon_core.package_identification:Package 'src/quadruped_ros2_control-humble/descriptions/deep_robotics/x30_description' with type 'ros.ament_cmake' and name 'x30_description'
[0.394s] Level 1:colcon.colcon_core.package_identification:_identify(src/quadruped_ros2_control-humble/descriptions/unitree) by extensions ['ignore', 'ignore_ament_install']
[0.394s] Level 1:colcon.colcon_core.package_identification:_identify(src/quadruped_ros2_control-humble/descriptions/unitree) by extension 'ignore'
[0.394s] Level 1:colcon.colcon_core.package_identification:_identify(src/quadruped_ros2_control-humble/descriptions/unitree) by extension 'ignore_ament_install'
[0.394s] Level 1:colcon.colcon_core.package_identification:_identify(src/quadruped_ros2_control-humble/descriptions/unitree) by extensions ['colcon_pkg']
[0.394s] Level 1:colcon.colcon_core.package_identification:_identify(src/quadruped_ros2_control-humble/descriptions/unitree) by extension 'colcon_pkg'
[0.394s] Level 1:colcon.colcon_core.package_identification:_identify(src/quadruped_ros2_control-humble/descriptions/unitree) by extensions ['colcon_meta']
[0.394s] Level 1:colcon.colcon_core.package_identification:_identify(src/quadruped_ros2_control-humble/descriptions/unitree) by extension 'colcon_meta'
[0.394s] Level 1:colcon.colcon_core.package_identification:_identify(src/quadruped_ros2_control-humble/descriptions/unitree) by extensions ['ros']
[0.394s] Level 1:colcon.colcon_core.package_identification:_identify(src/quadruped_ros2_control-humble/descriptions/unitree) by extension 'ros'
[0.394s] Level 1:colcon.colcon_core.package_identification:_identify(src/quadruped_ros2_control-humble/descriptions/unitree) by extensions ['cmake', 'python']
[0.394s] Level 1:colcon.colcon_core.package_identification:_identify(src/quadruped_ros2_control-humble/descriptions/unitree) by extension 'cmake'
[0.394s] Level 1:colcon.colcon_core.package_identification:_identify(src/quadruped_ros2_control-humble/descriptions/unitree) by extension 'python'
[0.394s] Level 1:colcon.colcon_core.package_identification:_identify(src/quadruped_ros2_control-humble/descriptions/unitree) by extensions ['python_setup_py']
[0.394s] Level 1:colcon.colcon_core.package_identification:_identify(src/quadruped_ros2_control-humble/descriptions/unitree) by extension 'python_setup_py'
[0.394s] Level 1:colcon.colcon_core.package_identification:_identify(src/quadruped_ros2_control-humble/descriptions/unitree/a1_description) by extensions ['ignore', 'ignore_ament_install']
[0.394s] Level 1:colcon.colcon_core.package_identification:_identify(src/quadruped_ros2_control-humble/descriptions/unitree/a1_description) by extension 'ignore'
[0.394s] Level 1:colcon.colcon_core.package_identification:_identify(src/quadruped_ros2_control-humble/descriptions/unitree/a1_description) by extension 'ignore_ament_install'
[0.394s] Level 1:colcon.colcon_core.package_identification:_identify(src/quadruped_ros2_control-humble/descriptions/unitree/a1_description) by extensions ['colcon_pkg']
[0.395s] Level 1:colcon.colcon_core.package_identification:_identify(src/quadruped_ros2_control-humble/descriptions/unitree/a1_description) by extension 'colcon_pkg'
[0.395s] Level 1:colcon.colcon_core.package_identification:_identify(src/quadruped_ros2_control-humble/descriptions/unitree/a1_description) by extensions ['colcon_meta']
[0.395s] Level 1:colcon.colcon_core.package_identification:_identify(src/quadruped_ros2_control-humble/descriptions/unitree/a1_description) by extension 'colcon_meta'
[0.395s] Level 1:colcon.colcon_core.package_identification:_identify(src/quadruped_ros2_control-humble/descriptions/unitree/a1_description) by extensions ['ros']
[0.395s] Level 1:colcon.colcon_core.package_identification:_identify(src/quadruped_ros2_control-humble/descriptions/unitree/a1_description) by extension 'ros'
[0.395s] DEBUG:colcon.colcon_core.package_identification:Package 'src/quadruped_ros2_control-humble/descriptions/unitree/a1_description' with type 'ros.ament_cmake' and name 'a1_description'
[0.395s] Level 1:colcon.colcon_core.package_identification:_identify(src/quadruped_ros2_control-humble/descriptions/unitree/aliengo_description) by extensions ['ignore', 'ignore_ament_install']
[0.395s] Level 1:colcon.colcon_core.package_identification:_identify(src/quadruped_ros2_control-humble/descriptions/unitree/aliengo_description) by extension 'ignore'
[0.395s] Level 1:colcon.colcon_core.package_identification:_identify(src/quadruped_ros2_control-humble/descriptions/unitree/aliengo_description) by extension 'ignore_ament_install'
[0.395s] Level 1:colcon.colcon_core.package_identification:_identify(src/quadruped_ros2_control-humble/descriptions/unitree/aliengo_description) by extensions ['colcon_pkg']
[0.396s] Level 1:colcon.colcon_core.package_identification:_identify(src/quadruped_ros2_control-humble/descriptions/unitree/aliengo_description) by extension 'colcon_pkg'
[0.396s] Level 1:colcon.colcon_core.package_identification:_identify(src/quadruped_ros2_control-humble/descriptions/unitree/aliengo_description) by extensions ['colcon_meta']
[0.396s] Level 1:colcon.colcon_core.package_identification:_identify(src/quadruped_ros2_control-humble/descriptions/unitree/aliengo_description) by extension 'colcon_meta'
[0.396s] Level 1:colcon.colcon_core.package_identification:_identify(src/quadruped_ros2_control-humble/descriptions/unitree/aliengo_description) by extensions ['ros']
[0.396s] Level 1:colcon.colcon_core.package_identification:_identify(src/quadruped_ros2_control-humble/descriptions/unitree/aliengo_description) by extension 'ros'
[0.396s] DEBUG:colcon.colcon_core.package_identification:Package 'src/quadruped_ros2_control-humble/descriptions/unitree/aliengo_description' with type 'ros.ament_cmake' and name 'aliengo_description'
[0.396s] Level 1:colcon.colcon_core.package_identification:_identify(src/quadruped_ros2_control-humble/descriptions/unitree/b2_description) by extensions ['ignore', 'ignore_ament_install']
[0.396s] Level 1:colcon.colcon_core.package_identification:_identify(src/quadruped_ros2_control-humble/descriptions/unitree/b2_description) by extension 'ignore'
[0.396s] Level 1:colcon.colcon_core.package_identification:_identify(src/quadruped_ros2_control-humble/descriptions/unitree/b2_description) by extension 'ignore_ament_install'
[0.397s] Level 1:colcon.colcon_core.package_identification:_identify(src/quadruped_ros2_control-humble/descriptions/unitree/b2_description) by extensions ['colcon_pkg']
[0.397s] Level 1:colcon.colcon_core.package_identification:_identify(src/quadruped_ros2_control-humble/descriptions/unitree/b2_description) by extension 'colcon_pkg'
[0.397s] Level 1:colcon.colcon_core.package_identification:_identify(src/quadruped_ros2_control-humble/descriptions/unitree/b2_description) by extensions ['colcon_meta']
[0.397s] Level 1:colcon.colcon_core.package_identification:_identify(src/quadruped_ros2_control-humble/descriptions/unitree/b2_description) by extension 'colcon_meta'
[0.397s] Level 1:colcon.colcon_core.package_identification:_identify(src/quadruped_ros2_control-humble/descriptions/unitree/b2_description) by extensions ['ros']
[0.397s] Level 1:colcon.colcon_core.package_identification:_identify(src/quadruped_ros2_control-humble/descriptions/unitree/b2_description) by extension 'ros'
[0.397s] DEBUG:colcon.colcon_core.package_identification:Package 'src/quadruped_ros2_control-humble/descriptions/unitree/b2_description' with type 'ros.ament_cmake' and name 'b2_description'
[0.397s] Level 1:colcon.colcon_core.package_identification:_identify(src/quadruped_ros2_control-humble/descriptions/unitree/go1_description) by extensions ['ignore', 'ignore_ament_install']
[0.397s] Level 1:colcon.colcon_core.package_identification:_identify(src/quadruped_ros2_control-humble/descriptions/unitree/go1_description) by extension 'ignore'
[0.397s] Level 1:colcon.colcon_core.package_identification:_identify(src/quadruped_ros2_control-humble/descriptions/unitree/go1_description) by extension 'ignore_ament_install'
[0.398s] Level 1:colcon.colcon_core.package_identification:_identify(src/quadruped_ros2_control-humble/descriptions/unitree/go1_description) by extensions ['colcon_pkg']
[0.398s] Level 1:colcon.colcon_core.package_identification:_identify(src/quadruped_ros2_control-humble/descriptions/unitree/go1_description) by extension 'colcon_pkg'
[0.398s] Level 1:colcon.colcon_core.package_identification:_identify(src/quadruped_ros2_control-humble/descriptions/unitree/go1_description) by extensions ['colcon_meta']
[0.398s] Level 1:colcon.colcon_core.package_identification:_identify(src/quadruped_ros2_control-humble/descriptions/unitree/go1_description) by extension 'colcon_meta'
[0.398s] Level 1:colcon.colcon_core.package_identification:_identify(src/quadruped_ros2_control-humble/descriptions/unitree/go1_description) by extensions ['ros']
[0.398s] Level 1:colcon.colcon_core.package_identification:_identify(src/quadruped_ros2_control-humble/descriptions/unitree/go1_description) by extension 'ros'
[0.398s] DEBUG:colcon.colcon_core.package_identification:Package 'src/quadruped_ros2_control-humble/descriptions/unitree/go1_description' with type 'ros.ament_cmake' and name 'go1_description'
[0.398s] Level 1:colcon.colcon_core.package_identification:_identify(src/quadruped_ros2_control-humble/descriptions/unitree/go2_description) by extensions ['ignore', 'ignore_ament_install']
[0.398s] Level 1:colcon.colcon_core.package_identification:_identify(src/quadruped_ros2_control-humble/descriptions/unitree/go2_description) by extension 'ignore'
[0.398s] Level 1:colcon.colcon_core.package_identification:_identify(src/quadruped_ros2_control-humble/descriptions/unitree/go2_description) by extension 'ignore_ament_install'
[0.398s] Level 1:colcon.colcon_core.package_identification:_identify(src/quadruped_ros2_control-humble/descriptions/unitree/go2_description) by extensions ['colcon_pkg']
[0.399s] Level 1:colcon.colcon_core.package_identification:_identify(src/quadruped_ros2_control-humble/descriptions/unitree/go2_description) by extension 'colcon_pkg'
[0.399s] Level 1:colcon.colcon_core.package_identification:_identify(src/quadruped_ros2_control-humble/descriptions/unitree/go2_description) by extensions ['colcon_meta']
[0.399s] Level 1:colcon.colcon_core.package_identification:_identify(src/quadruped_ros2_control-humble/descriptions/unitree/go2_description) by extension 'colcon_meta'
[0.399s] Level 1:colcon.colcon_core.package_identification:_identify(src/quadruped_ros2_control-humble/descriptions/unitree/go2_description) by extensions ['ros']
[0.399s] Level 1:colcon.colcon_core.package_identification:_identify(src/quadruped_ros2_control-humble/descriptions/unitree/go2_description) by extension 'ros'
[0.399s] DEBUG:colcon.colcon_core.package_identification:Package 'src/quadruped_ros2_control-humble/descriptions/unitree/go2_description' with type 'ros.ament_cmake' and name 'go2_description'
[0.399s] Level 1:colcon.colcon_core.package_identification:_identify(src/quadruped_ros2_control-humble/descriptions/xiaomi) by extensions ['ignore', 'ignore_ament_install']
[0.399s] Level 1:colcon.colcon_core.package_identification:_identify(src/quadruped_ros2_control-humble/descriptions/xiaomi) by extension 'ignore'
[0.399s] Level 1:colcon.colcon_core.package_identification:_identify(src/quadruped_ros2_control-humble/descriptions/xiaomi) by extension 'ignore_ament_install'
[0.399s] Level 1:colcon.colcon_core.package_identification:_identify(src/quadruped_ros2_control-humble/descriptions/xiaomi) by extensions ['colcon_pkg']
[0.400s] Level 1:colcon.colcon_core.package_identification:_identify(src/quadruped_ros2_control-humble/descriptions/xiaomi) by extension 'colcon_pkg'
[0.400s] Level 1:colcon.colcon_core.package_identification:_identify(src/quadruped_ros2_control-humble/descriptions/xiaomi) by extensions ['colcon_meta']
[0.400s] Level 1:colcon.colcon_core.package_identification:_identify(src/quadruped_ros2_control-humble/descriptions/xiaomi) by extension 'colcon_meta'
[0.400s] Level 1:colcon.colcon_core.package_identification:_identify(src/quadruped_ros2_control-humble/descriptions/xiaomi) by extensions ['ros']
[0.400s] Level 1:colcon.colcon_core.package_identification:_identify(src/quadruped_ros2_control-humble/descriptions/xiaomi) by extension 'ros'
[0.400s] Level 1:colcon.colcon_core.package_identification:_identify(src/quadruped_ros2_control-humble/descriptions/xiaomi) by extensions ['cmake', 'python']
[0.400s] Level 1:colcon.colcon_core.package_identification:_identify(src/quadruped_ros2_control-humble/descriptions/xiaomi) by extension 'cmake'
[0.400s] Level 1:colcon.colcon_core.package_identification:_identify(src/quadruped_ros2_control-humble/descriptions/xiaomi) by extension 'python'
[0.400s] Level 1:colcon.colcon_core.package_identification:_identify(src/quadruped_ros2_control-humble/descriptions/xiaomi) by extensions ['python_setup_py']
[0.400s] Level 1:colcon.colcon_core.package_identification:_identify(src/quadruped_ros2_control-humble/descriptions/xiaomi) by extension 'python_setup_py'
[0.400s] Level 1:colcon.colcon_core.package_identification:_identify(src/quadruped_ros2_control-humble/descriptions/xiaomi/cyberdog_description) by extensions ['ignore', 'ignore_ament_install']
[0.400s] Level 1:colcon.colcon_core.package_identification:_identify(src/quadruped_ros2_control-humble/descriptions/xiaomi/cyberdog_description) by extension 'ignore'
[0.400s] Level 1:colcon.colcon_core.package_identification:_identify(src/quadruped_ros2_control-humble/descriptions/xiaomi/cyberdog_description) by extension 'ignore_ament_install'
[0.400s] Level 1:colcon.colcon_core.package_identification:_identify(src/quadruped_ros2_control-humble/descriptions/xiaomi/cyberdog_description) by extensions ['colcon_pkg']
[0.400s] Level 1:colcon.colcon_core.package_identification:_identify(src/quadruped_ros2_control-humble/descriptions/xiaomi/cyberdog_description) by extension 'colcon_pkg'
[0.400s] Level 1:colcon.colcon_core.package_identification:_identify(src/quadruped_ros2_control-humble/descriptions/xiaomi/cyberdog_description) by extensions ['colcon_meta']
[0.400s] Level 1:colcon.colcon_core.package_identification:_identify(src/quadruped_ros2_control-humble/descriptions/xiaomi/cyberdog_description) by extension 'colcon_meta'
[0.400s] Level 1:colcon.colcon_core.package_identification:_identify(src/quadruped_ros2_control-humble/descriptions/xiaomi/cyberdog_description) by extensions ['ros']
[0.400s] Level 1:colcon.colcon_core.package_identification:_identify(src/quadruped_ros2_control-humble/descriptions/xiaomi/cyberdog_description) by extension 'ros'
[0.401s] DEBUG:colcon.colcon_core.package_identification:Package 'src/quadruped_ros2_control-humble/descriptions/xiaomi/cyberdog_description' with type 'ros.ament_cmake' and name 'cyberdog_description'
[0.401s] Level 1:colcon.colcon_core.package_identification:_identify(src/quadruped_ros2_control-humble/hardwares) by extensions ['ignore', 'ignore_ament_install']
[0.401s] Level 1:colcon.colcon_core.package_identification:_identify(src/quadruped_ros2_control-humble/hardwares) by extension 'ignore'
[0.401s] Level 1:colcon.colcon_core.package_identification:_identify(src/quadruped_ros2_control-humble/hardwares) by extension 'ignore_ament_install'
[0.401s] Level 1:colcon.colcon_core.package_identification:_identify(src/quadruped_ros2_control-humble/hardwares) by extensions ['colcon_pkg']
[0.401s] Level 1:colcon.colcon_core.package_identification:_identify(src/quadruped_ros2_control-humble/hardwares) by extension 'colcon_pkg'
[0.401s] Level 1:colcon.colcon_core.package_identification:_identify(src/quadruped_ros2_control-humble/hardwares) by extensions ['colcon_meta']
[0.401s] Level 1:colcon.colcon_core.package_identification:_identify(src/quadruped_ros2_control-humble/hardwares) by extension 'colcon_meta'
[0.401s] Level 1:colcon.colcon_core.package_identification:_identify(src/quadruped_ros2_control-humble/hardwares) by extensions ['ros']
[0.401s] Level 1:colcon.colcon_core.package_identification:_identify(src/quadruped_ros2_control-humble/hardwares) by extension 'ros'
[0.401s] Level 1:colcon.colcon_core.package_identification:_identify(src/quadruped_ros2_control-humble/hardwares) by extensions ['cmake', 'python']
[0.402s] Level 1:colcon.colcon_core.package_identification:_identify(src/quadruped_ros2_control-humble/hardwares) by extension 'cmake'
[0.402s] Level 1:colcon.colcon_core.package_identification:_identify(src/quadruped_ros2_control-humble/hardwares) by extension 'python'
[0.402s] Level 1:colcon.colcon_core.package_identification:_identify(src/quadruped_ros2_control-humble/hardwares) by extensions ['python_setup_py']
[0.402s] Level 1:colcon.colcon_core.package_identification:_identify(src/quadruped_ros2_control-humble/hardwares) by extension 'python_setup_py'
[0.402s] Level 1:colcon.colcon_core.package_identification:_identify(src/quadruped_ros2_control-humble/hardwares/gz_quadruped_hardware) by extensions ['ignore', 'ignore_ament_install']
[0.402s] Level 1:colcon.colcon_core.package_identification:_identify(src/quadruped_ros2_control-humble/hardwares/gz_quadruped_hardware) by extension 'ignore'
[0.402s] Level 1:colcon.colcon_core.package_identification:_identify(src/quadruped_ros2_control-humble/hardwares/gz_quadruped_hardware) by extension 'ignore_ament_install'
[0.402s] Level 1:colcon.colcon_core.package_identification:_identify(src/quadruped_ros2_control-humble/hardwares/gz_quadruped_hardware) by extensions ['colcon_pkg']
[0.402s] Level 1:colcon.colcon_core.package_identification:_identify(src/quadruped_ros2_control-humble/hardwares/gz_quadruped_hardware) by extension 'colcon_pkg'
[0.402s] Level 1:colcon.colcon_core.package_identification:_identify(src/quadruped_ros2_control-humble/hardwares/gz_quadruped_hardware) by extensions ['colcon_meta']
[0.402s] Level 1:colcon.colcon_core.package_identification:_identify(src/quadruped_ros2_control-humble/hardwares/gz_quadruped_hardware) by extension 'colcon_meta'
[0.402s] Level 1:colcon.colcon_core.package_identification:_identify(src/quadruped_ros2_control-humble/hardwares/gz_quadruped_hardware) by extensions ['ros']
[0.402s] Level 1:colcon.colcon_core.package_identification:_identify(src/quadruped_ros2_control-humble/hardwares/gz_quadruped_hardware) by extension 'ros'
[0.403s] DEBUG:colcon.colcon_core.package_identification:Package 'src/quadruped_ros2_control-humble/hardwares/gz_quadruped_hardware' with type 'ros.ament_cmake' and name 'gz_quadruped_hardware'
[0.403s] Level 1:colcon.colcon_core.package_identification:_identify(src/quadruped_ros2_control-humble/hardwares/hardware_unitree_mujoco) by extensions ['ignore', 'ignore_ament_install']
[0.403s] Level 1:colcon.colcon_core.package_identification:_identify(src/quadruped_ros2_control-humble/hardwares/hardware_unitree_mujoco) by extension 'ignore'
[0.403s] Level 1:colcon.colcon_core.package_identification:_identify(src/quadruped_ros2_control-humble/hardwares/hardware_unitree_mujoco) by extension 'ignore_ament_install'
[0.404s] Level 1:colcon.colcon_core.package_identification:_identify(src/quadruped_ros2_control-humble/hardwares/hardware_unitree_mujoco) by extensions ['colcon_pkg']
[0.404s] Level 1:colcon.colcon_core.package_identification:_identify(src/quadruped_ros2_control-humble/hardwares/hardware_unitree_mujoco) by extension 'colcon_pkg'
[0.404s] Level 1:colcon.colcon_core.package_identification:_identify(src/quadruped_ros2_control-humble/hardwares/hardware_unitree_mujoco) by extensions ['colcon_meta']
[0.404s] Level 1:colcon.colcon_core.package_identification:_identify(src/quadruped_ros2_control-humble/hardwares/hardware_unitree_mujoco) by extension 'colcon_meta'
[0.404s] Level 1:colcon.colcon_core.package_identification:_identify(src/quadruped_ros2_control-humble/hardwares/hardware_unitree_mujoco) by extensions ['ros']
[0.404s] Level 1:colcon.colcon_core.package_identification:_identify(src/quadruped_ros2_control-humble/hardwares/hardware_unitree_mujoco) by extension 'ros'
[0.404s] DEBUG:colcon.colcon_core.package_identification:Package 'src/quadruped_ros2_control-humble/hardwares/hardware_unitree_mujoco' with type 'ros.ament_cmake' and name 'hardware_unitree_mujoco'
[0.404s] Level 1:colcon.colcon_core.package_identification:_identify(src/quadruped_ros2_control-humble/libraries) by extensions ['ignore', 'ignore_ament_install']
[0.405s] Level 1:colcon.colcon_core.package_identification:_identify(src/quadruped_ros2_control-humble/libraries) by extension 'ignore'
[0.405s] Level 1:colcon.colcon_core.package_identification:_identify(src/quadruped_ros2_control-humble/libraries) by extension 'ignore_ament_install'
[0.405s] Level 1:colcon.colcon_core.package_identification:_identify(src/quadruped_ros2_control-humble/libraries) by extensions ['colcon_pkg']
[0.405s] Level 1:colcon.colcon_core.package_identification:_identify(src/quadruped_ros2_control-humble/libraries) by extension 'colcon_pkg'
[0.405s] Level 1:colcon.colcon_core.package_identification:_identify(src/quadruped_ros2_control-humble/libraries) by extensions ['colcon_meta']
[0.405s] Level 1:colcon.colcon_core.package_identification:_identify(src/quadruped_ros2_control-humble/libraries) by extension 'colcon_meta'
[0.405s] Level 1:colcon.colcon_core.package_identification:_identify(src/quadruped_ros2_control-humble/libraries) by extensions ['ros']
[0.405s] Level 1:colcon.colcon_core.package_identification:_identify(src/quadruped_ros2_control-humble/libraries) by extension 'ros'
[0.405s] Level 1:colcon.colcon_core.package_identification:_identify(src/quadruped_ros2_control-humble/libraries) by extensions ['cmake', 'python']
[0.405s] Level 1:colcon.colcon_core.package_identification:_identify(src/quadruped_ros2_control-humble/libraries) by extension 'cmake'
[0.405s] Level 1:colcon.colcon_core.package_identification:_identify(src/quadruped_ros2_control-humble/libraries) by extension 'python'
[0.405s] Level 1:colcon.colcon_core.package_identification:_identify(src/quadruped_ros2_control-humble/libraries) by extensions ['python_setup_py']
[0.405s] Level 1:colcon.colcon_core.package_identification:_identify(src/quadruped_ros2_control-humble/libraries) by extension 'python_setup_py'
[0.405s] Level 1:colcon.colcon_core.package_identification:_identify(src/quadruped_ros2_control-humble/libraries/controller_common) by extensions ['ignore', 'ignore_ament_install']
[0.405s] Level 1:colcon.colcon_core.package_identification:_identify(src/quadruped_ros2_control-humble/libraries/controller_common) by extension 'ignore'
[0.405s] Level 1:colcon.colcon_core.package_identification:_identify(src/quadruped_ros2_control-humble/libraries/controller_common) by extension 'ignore_ament_install'
[0.405s] Level 1:colcon.colcon_core.package_identification:_identify(src/quadruped_ros2_control-humble/libraries/controller_common) by extensions ['colcon_pkg']
[0.405s] Level 1:colcon.colcon_core.package_identification:_identify(src/quadruped_ros2_control-humble/libraries/controller_common) by extension 'colcon_pkg'
[0.405s] Level 1:colcon.colcon_core.package_identification:_identify(src/quadruped_ros2_control-humble/libraries/controller_common) by extensions ['colcon_meta']
[0.405s] Level 1:colcon.colcon_core.package_identification:_identify(src/quadruped_ros2_control-humble/libraries/controller_common) by extension 'colcon_meta'
[0.405s] Level 1:colcon.colcon_core.package_identification:_identify(src/quadruped_ros2_control-humble/libraries/controller_common) by extensions ['ros']
[0.406s] Level 1:colcon.colcon_core.package_identification:_identify(src/quadruped_ros2_control-humble/libraries/controller_common) by extension 'ros'
[0.406s] DEBUG:colcon.colcon_core.package_identification:Package 'src/quadruped_ros2_control-humble/libraries/controller_common' with type 'ros.ament_cmake' and name 'controller_common'
[0.406s] Level 1:colcon.colcon_core.package_identification:_identify(src/quadruped_ros2_control-humble/libraries/gz_quadruped_playground) by extensions ['ignore', 'ignore_ament_install']
[0.407s] Level 1:colcon.colcon_core.package_identification:_identify(src/quadruped_ros2_control-humble/libraries/gz_quadruped_playground) by extension 'ignore'
[0.407s] Level 1:colcon.colcon_core.package_identification:_identify(src/quadruped_ros2_control-humble/libraries/gz_quadruped_playground) by extension 'ignore_ament_install'
[0.407s] Level 1:colcon.colcon_core.package_identification:_identify(src/quadruped_ros2_control-humble/libraries/gz_quadruped_playground) by extensions ['colcon_pkg']
[0.407s] Level 1:colcon.colcon_core.package_identification:_identify(src/quadruped_ros2_control-humble/libraries/gz_quadruped_playground) by extension 'colcon_pkg'
[0.407s] Level 1:colcon.colcon_core.package_identification:_identify(src/quadruped_ros2_control-humble/libraries/gz_quadruped_playground) by extensions ['colcon_meta']
[0.407s] Level 1:colcon.colcon_core.package_identification:_identify(src/quadruped_ros2_control-humble/libraries/gz_quadruped_playground) by extension 'colcon_meta'
[0.407s] Level 1:colcon.colcon_core.package_identification:_identify(src/quadruped_ros2_control-humble/libraries/gz_quadruped_playground) by extensions ['ros']
[0.407s] Level 1:colcon.colcon_core.package_identification:_identify(src/quadruped_ros2_control-humble/libraries/gz_quadruped_playground) by extension 'ros'
[0.408s] DEBUG:colcon.colcon_core.package_identification:Package 'src/quadruped_ros2_control-humble/libraries/gz_quadruped_playground' with type 'ros.ament_cmake' and name 'gz_quadruped_playground'
[0.408s] Level 1:colcon.colcon_core.package_identification:_identify(src/quadruped_ros2_control-humble/libraries/qpoases_colcon) by extensions ['ignore', 'ignore_ament_install']
[0.408s] Level 1:colcon.colcon_core.package_identification:_identify(src/quadruped_ros2_control-humble/libraries/qpoases_colcon) by extension 'ignore'
[0.408s] Level 1:colcon.colcon_core.package_identification:_identify(src/quadruped_ros2_control-humble/libraries/qpoases_colcon) by extension 'ignore_ament_install'
[0.408s] Level 1:colcon.colcon_core.package_identification:_identify(src/quadruped_ros2_control-humble/libraries/qpoases_colcon) by extensions ['colcon_pkg']
[0.408s] Level 1:colcon.colcon_core.package_identification:_identify(src/quadruped_ros2_control-humble/libraries/qpoases_colcon) by extension 'colcon_pkg'
[0.408s] Level 1:colcon.colcon_core.package_identification:_identify(src/quadruped_ros2_control-humble/libraries/qpoases_colcon) by extensions ['colcon_meta']
[0.408s] Level 1:colcon.colcon_core.package_identification:_identify(src/quadruped_ros2_control-humble/libraries/qpoases_colcon) by extension 'colcon_meta'
[0.408s] Level 1:colcon.colcon_core.package_identification:_identify(src/quadruped_ros2_control-humble/libraries/qpoases_colcon) by extensions ['ros']
[0.408s] Level 1:colcon.colcon_core.package_identification:_identify(src/quadruped_ros2_control-humble/libraries/qpoases_colcon) by extension 'ros'
[0.409s] DEBUG:colcon.colcon_core.package_identification:Package 'src/quadruped_ros2_control-humble/libraries/qpoases_colcon' with type 'ros.ament_cmake' and name 'qpoases_colcon'
[0.409s] Level 1:colcon.colcon_core.package_identification:_identify(src/unitree_sdk2) by extensions ['ignore', 'ignore_ament_install']
[0.409s] Level 1:colcon.colcon_core.package_identification:_identify(src/unitree_sdk2) by extension 'ignore'
[0.409s] Level 1:colcon.colcon_core.package_identification:_identify(src/unitree_sdk2) by extension 'ignore_ament_install'
[0.409s] Level 1:colcon.colcon_core.package_identification:_identify(src/unitree_sdk2) by extensions ['colcon_pkg']
[0.409s] Level 1:colcon.colcon_core.package_identification:_identify(src/unitree_sdk2) by extension 'colcon_pkg'
[0.409s] Level 1:colcon.colcon_core.package_identification:_identify(src/unitree_sdk2) by extensions ['colcon_meta']
[0.409s] Level 1:colcon.colcon_core.package_identification:_identify(src/unitree_sdk2) by extension 'colcon_meta'
[0.409s] Level 1:colcon.colcon_core.package_identification:_identify(src/unitree_sdk2) by extensions ['ros']
[0.409s] Level 1:colcon.colcon_core.package_identification:_identify(src/unitree_sdk2) by extension 'ros'
[0.409s] Level 1:colcon.colcon_core.package_identification:_identify(src/unitree_sdk2) by extensions ['cmake', 'python']
[0.409s] Level 1:colcon.colcon_core.package_identification:_identify(src/unitree_sdk2) by extension 'cmake'
[0.416s] Level 1:colcon.colcon_core.package_identification:_identify(src/unitree_sdk2) by extension 'python'
[0.416s] DEBUG:colcon.colcon_core.package_identification:Package 'src/unitree_sdk2' with type 'cmake' and name 'unitree_sdk2'
[0.416s] Level 1:colcon.colcon_core.package_discovery:discover_packages(recursive) using defaults
[0.416s] Level 1:colcon.colcon_core.package_discovery:discover_packages(ignore) discover
[0.416s] Level 1:colcon.colcon_core.package_discovery:discover_packages(ignore) using defaults
[0.416s] Level 1:colcon.colcon_core.package_discovery:discover_packages(path) discover
[0.416s] Level 1:colcon.colcon_core.package_discovery:discover_packages(path) using defaults
[0.463s] INFO:colcon.colcon_core.package_selection:Skipping package 'unitree_guide_controller' in 'src/quadruped_ros2_control-humble/controllers/unitree_guide_controller'
[0.464s] INFO:colcon.colcon_core.package_selection:Skipping package 'rl_quadruped_controller' in 'src/quadruped_ros2_control-humble/controllers/rl_quadruped_controller'
[0.464s] INFO:colcon.colcon_core.package_selection:Skipping package 'ocs2_quadruped_controller' in 'src/quadruped_ros2_control-humble/controllers/ocs2_quadruped_controller'
[0.464s] INFO:colcon.colcon_core.package_selection:Skipping package 'unitree_joystick_input' in 'src/quadruped_ros2_control-humble/commands/unitree_joystick_input'
[0.464s] INFO:colcon.colcon_core.package_selection:Skipping package 'keyboard_input' in 'src/quadruped_ros2_control-humble/commands/keyboard_input'
[0.464s] INFO:colcon.colcon_core.package_selection:Skipping package 'joystick_input' in 'src/quadruped_ros2_control-humble/commands/joystick_input'
[0.464s] INFO:colcon.colcon_core.package_selection:Skipping package 'gz_quadruped_playground' in 'src/quadruped_ros2_control-humble/libraries/gz_quadruped_playground'
[0.464s] INFO:colcon.colcon_core.package_selection:Skipping package 'controller_common' in 'src/quadruped_ros2_control-humble/libraries/controller_common'
[0.464s] INFO:colcon.colcon_core.package_selection:Skipping package 'x30_description' in 'src/quadruped_ros2_control-humble/descriptions/deep_robotics/x30_description'
[0.464s] INFO:colcon.colcon_core.package_selection:Skipping package 'unitree_sdk2' in 'src/unitree_sdk2'
[0.464s] INFO:colcon.colcon_core.package_selection:Skipping package 'qpoases_colcon' in 'src/quadruped_ros2_control-humble/libraries/qpoases_colcon'
[0.464s] INFO:colcon.colcon_core.package_selection:Skipping package 'lite3_description' in 'src/quadruped_ros2_control-humble/descriptions/deep_robotics/lite3_description'
[0.464s] INFO:colcon.colcon_core.package_selection:Skipping package 'leg_pd_controller' in 'src/quadruped_ros2_control-humble/controllers/leg_pd_controller'
[0.464s] INFO:colcon.colcon_core.package_selection:Skipping package 'gz_quadruped_hardware' in 'src/quadruped_ros2_control-humble/hardwares/gz_quadruped_hardware'
[0.464s] INFO:colcon.colcon_core.package_selection:Skipping package 'go2_description' in 'src/quadruped_ros2_control-humble/descriptions/unitree/go2_description'
[0.464s] INFO:colcon.colcon_core.package_selection:Skipping package 'go1_description' in 'src/quadruped_ros2_control-humble/descriptions/unitree/go1_description'
[0.464s] INFO:colcon.colcon_core.package_selection:Skipping package 'cyberdog_description' in 'src/quadruped_ros2_control-humble/descriptions/xiaomi/cyberdog_description'
[0.464s] INFO:colcon.colcon_core.package_selection:Skipping package 'control_input_msgs' in 'src/quadruped_ros2_control-humble/commands/control_input_msgs'
[0.464s] INFO:colcon.colcon_core.package_selection:Skipping package 'b2_description' in 'src/quadruped_ros2_control-humble/descriptions/unitree/b2_description'
[0.464s] INFO:colcon.colcon_core.package_selection:Skipping package 'anymal_c_description' in 'src/quadruped_ros2_control-humble/descriptions/anybotics/anymal_c_description'
[0.464s] INFO:colcon.colcon_core.package_selection:Skipping package 'aliengo_description' in 'src/quadruped_ros2_control-humble/descriptions/unitree/aliengo_description'
[0.464s] INFO:colcon.colcon_core.package_selection:Skipping package 'a1_description' in 'src/quadruped_ros2_control-humble/descriptions/unitree/a1_description'
[0.464s] Level 1:colcon.colcon_core.package_discovery:discover_packages(prefix_path) check parameters
[0.464s] Level 1:colcon.colcon_core.package_discovery:discover_packages(prefix_path) discover
[0.465s] WARNING:colcon.colcon_ros.prefix_path.ament:The path '/home/yzz/quadruped_ws/install/unitree_guide_controller' in the environment variable AMENT_PREFIX_PATH doesn't exist
[0.466s] WARNING:colcon.colcon_ros.prefix_path.ament:The path '/home/yzz/quadruped_ws/install/keyboard_input' in the environment variable AMENT_PREFIX_PATH doesn't exist
[0.466s] WARNING:colcon.colcon_ros.prefix_path.ament:The path '/home/yzz/quadruped_ws/install/go1_description' in the environment variable AMENT_PREFIX_PATH doesn't exist
[0.466s] WARNING:colcon.colcon_ros.prefix_path.ament:The path '/home/yzz/quadruped_ws/install/controller_common' in the environment variable AMENT_PREFIX_PATH doesn't exist
[0.466s] WARNING:colcon.colcon_ros.prefix_path.ament:The path '/home/yzz/quadruped_ws/install/control_input_msgs' in the environment variable AMENT_PREFIX_PATH doesn't exist
[0.466s] WARNING:colcon.colcon_ros.prefix_path.ament:The path '/home/yzz/quadruped_ws/install/leg_pd_controller' in the environment variable AMENT_PREFIX_PATH doesn't exist
[0.466s] WARNING:colcon.colcon_ros.prefix_path.catkin:The path '/home/yzz/quadruped_ws/install/unitree_sdk2' in the environment variable CMAKE_PREFIX_PATH doesn't exist
[0.466s] WARNING:colcon.colcon_ros.prefix_path.catkin:The path '/home/yzz/quadruped_ws/install/unitree_guide_controller' in the environment variable CMAKE_PREFIX_PATH doesn't exist
[0.466s] WARNING:colcon.colcon_ros.prefix_path.catkin:The path '/home/yzz/quadruped_ws/install/leg_pd_controller' in the environment variable CMAKE_PREFIX_PATH doesn't exist
[0.466s] WARNING:colcon.colcon_ros.prefix_path.catkin:The path '/home/yzz/quadruped_ws/install/keyboard_input' in the environment variable CMAKE_PREFIX_PATH doesn't exist
[0.466s] WARNING:colcon.colcon_ros.prefix_path.catkin:The path '/home/yzz/quadruped_ws/install/go1_description' in the environment variable CMAKE_PREFIX_PATH doesn't exist
[0.466s] WARNING:colcon.colcon_ros.prefix_path.catkin:The path '/home/yzz/quadruped_ws/install/controller_common' in the environment variable CMAKE_PREFIX_PATH doesn't exist
[0.466s] WARNING:colcon.colcon_ros.prefix_path.catkin:The path '/home/yzz/quadruped_ws/install/control_input_msgs' in the environment variable CMAKE_PREFIX_PATH doesn't exist
[0.467s] DEBUG:colcon.colcon_installed_package_information.package_discovery:Found 0 installed packages in /home/yzz/quadruped_ws/install
[0.468s] DEBUG:colcon.colcon_installed_package_information.package_discovery:Found 321 installed packages in /opt/ros/humble
[0.470s] Level 1:colcon.colcon_core.package_discovery:discover_packages(prefix_path) using defaults
[0.519s] Level 5:colcon.colcon_core.verb:set package 'hardware_unitree_mujoco' build argument 'cmake_args' from command line to 'None'
[0.519s] Level 5:colcon.colcon_core.verb:set package 'hardware_unitree_mujoco' build argument 'cmake_target' from command line to 'None'
[0.519s] Level 5:colcon.colcon_core.verb:set package 'hardware_unitree_mujoco' build argument 'cmake_target_skip_unavailable' from command line to 'False'
[0.519s] Level 5:colcon.colcon_core.verb:set package 'hardware_unitree_mujoco' build argument 'cmake_clean_cache' from command line to 'False'
[0.519s] Level 5:colcon.colcon_core.verb:set package 'hardware_unitree_mujoco' build argument 'cmake_clean_first' from command line to 'False'
[0.519s] Level 5:colcon.colcon_core.verb:set package 'hardware_unitree_mujoco' build argument 'cmake_force_configure' from command line to 'False'
[0.519s] Level 5:colcon.colcon_core.verb:set package 'hardware_unitree_mujoco' build argument 'ament_cmake_args' from command line to 'None'
[0.519s] Level 5:colcon.colcon_core.verb:set package 'hardware_unitree_mujoco' build argument 'catkin_cmake_args' from command line to 'None'
[0.519s] Level 5:colcon.colcon_core.verb:set package 'hardware_unitree_mujoco' build argument 'catkin_skip_building_tests' from command line to 'False'
[0.519s] DEBUG:colcon.colcon_core.verb:Building package 'hardware_unitree_mujoco' with the following arguments: {'ament_cmake_args': None, 'build_base': '/home/yzz/quadruped_ws/build/hardware_unitree_mujoco', 'catkin_cmake_args': None, 'catkin_skip_building_tests': False, 'cmake_args': None, 'cmake_clean_cache': False, 'cmake_clean_first': False, 'cmake_force_configure': False, 'cmake_target': None, 'cmake_target_skip_unavailable': False, 'install_base': '/home/yzz/quadruped_ws/install/hardware_unitree_mujoco', 'merge_install': False, 'path': '/home/yzz/quadruped_ws/src/quadruped_ros2_control-humble/hardwares/hardware_unitree_mujoco', 'symlink_install': False, 'test_result_base': None}
[0.519s] INFO:colcon.colcon_core.executor:Executing jobs using 'parallel' executor
[0.520s] DEBUG:colcon.colcon_parallel_executor.executor.parallel:run_until_complete
[0.520s] INFO:colcon.colcon_ros.task.ament_cmake.build:Building ROS package in '/home/yzz/quadruped_ws/src/quadruped_ros2_control-humble/hardwares/hardware_unitree_mujoco' with build type 'ament_cmake'
[0.521s] INFO:colcon.colcon_cmake.task.cmake.build:Building CMake package in '/home/yzz/quadruped_ws/src/quadruped_ros2_control-humble/hardwares/hardware_unitree_mujoco'
[0.523s] INFO:colcon.colcon_core.plugin_system:Skipping extension 'colcon_core.shell.bat': Not used on non-Windows systems
[0.523s] INFO:colcon.colcon_core.shell:Skip shell extension 'powershell' for command environment: Not usable outside of PowerShell
[0.523s] DEBUG:colcon.colcon_core.shell:Skip shell extension 'dsv' for command environment
[0.536s] DEBUG:colcon.colcon_core.event_handler.log_command:Invoking command in '/home/yzz/quadruped_ws/build/hardware_unitree_mujoco': CMAKE_PREFIX_PATH=${CMAKE_PREFIX_PATH}:/opt/ros/humble /usr/bin/cmake /home/yzz/quadruped_ws/src/quadruped_ros2_control-humble/hardwares/hardware_unitree_mujoco -DCMAKE_INSTALL_PREFIX=/home/yzz/quadruped_ws/install/hardware_unitree_mujoco
[1.297s] DEBUG:colcon.colcon_core.event_handler.log_command:Invoked command in '/home/yzz/quadruped_ws/build/hardware_unitree_mujoco' returned '1': CMAKE_PREFIX_PATH=${CMAKE_PREFIX_PATH}:/opt/ros/humble /usr/bin/cmake /home/yzz/quadruped_ws/src/quadruped_ros2_control-humble/hardwares/hardware_unitree_mujoco -DCMAKE_INSTALL_PREFIX=/home/yzz/quadruped_ws/install/hardware_unitree_mujoco
[1.324s] Level 1:colcon.colcon_core.environment:create_environment_scripts_only(hardware_unitree_mujoco)
[1.328s] Level 1:colcon.colcon_core.environment:checking '/home/yzz/quadruped_ws/install/hardware_unitree_mujoco' for CMake module files
[1.329s] Level 1:colcon.colcon_core.environment:checking '/home/yzz/quadruped_ws/install/hardware_unitree_mujoco' for CMake config files
[1.329s] Level 1:colcon.colcon_core.environment:checking '/home/yzz/quadruped_ws/install/hardware_unitree_mujoco/bin'
[1.329s] Level 1:colcon.colcon_core.environment:checking '/home/yzz/quadruped_ws/install/hardware_unitree_mujoco/lib/pkgconfig/hardware_unitree_mujoco.pc'
[1.330s] Level 1:colcon.colcon_core.environment:checking '/home/yzz/quadruped_ws/install/hardware_unitree_mujoco/lib/python3.10/site-packages'
[1.330s] Level 1:colcon.colcon_core.environment:checking '/home/yzz/quadruped_ws/install/hardware_unitree_mujoco/bin'
[1.331s] INFO:colcon.colcon_core.shell:Creating package script '/home/yzz/quadruped_ws/install/hardware_unitree_mujoco/share/hardware_unitree_mujoco/package.ps1'
[1.332s] INFO:colcon.colcon_core.shell:Creating package descriptor '/home/yzz/quadruped_ws/install/hardware_unitree_mujoco/share/hardware_unitree_mujoco/package.dsv'
[1.333s] INFO:colcon.colcon_core.shell:Creating package script '/home/yzz/quadruped_ws/install/hardware_unitree_mujoco/share/hardware_unitree_mujoco/package.sh'
[1.333s] INFO:colcon.colcon_core.shell:Creating package script '/home/yzz/quadruped_ws/install/hardware_unitree_mujoco/share/hardware_unitree_mujoco/package.bash'
[1.335s] INFO:colcon.colcon_core.shell:Creating package script '/home/yzz/quadruped_ws/install/hardware_unitree_mujoco/share/hardware_unitree_mujoco/package.zsh'
[1.336s] Level 1:colcon.colcon_core.environment:create_file_with_runtime_dependencies(/home/yzz/quadruped_ws/install/hardware_unitree_mujoco/share/colcon-core/packages/hardware_unitree_mujoco)
[1.347s] DEBUG:colcon.colcon_parallel_executor.executor.parallel:closing loop
[1.347s] DEBUG:colcon.colcon_parallel_executor.executor.parallel:loop closed
[1.347s] DEBUG:colcon.colcon_parallel_executor.executor.parallel:run_until_complete finished with '1'
[1.347s] DEBUG:colcon.colcon_core.event_reactor:joining thread
[1.364s] INFO:colcon.colcon_core.plugin_system:Skipping extension 'colcon_notification.desktop_notification.terminal_notifier': Not used on non-Darwin systems
[1.365s] INFO:colcon.colcon_core.plugin_system:Skipping extension 'colcon_notification.desktop_notification.win32': Not used on non-Windows systems
[1.365s] INFO:colcon.colcon_notification.desktop_notification:Sending desktop notification using 'notify2'
[1.446s] DEBUG:colcon.colcon_core.event_reactor:joined thread
[1.446s] INFO:colcon.colcon_core.shell:Creating prefix script '/home/yzz/quadruped_ws/install/local_setup.ps1'
[1.449s] INFO:colcon.colcon_core.shell:Creating prefix util module '/home/yzz/quadruped_ws/install/_local_setup_util_ps1.py'
[1.452s] INFO:colcon.colcon_core.shell:Creating prefix chain script '/home/yzz/quadruped_ws/install/setup.ps1'
[1.453s] INFO:colcon.colcon_core.shell:Creating prefix script '/home/yzz/quadruped_ws/install/local_setup.sh'
[1.453s] INFO:colcon.colcon_core.shell:Creating prefix util module '/home/yzz/quadruped_ws/install/_local_setup_util_sh.py'
[1.454s] INFO:colcon.colcon_core.shell:Creating prefix chain script '/home/yzz/quadruped_ws/install/setup.sh'
[1.455s] INFO:colcon.colcon_core.shell:Creating prefix script '/home/yzz/quadruped_ws/install/local_setup.bash'
[1.455s] INFO:colcon.colcon_core.shell:Creating prefix chain script '/home/yzz/quadruped_ws/install/setup.bash'
[1.457s] INFO:colcon.colcon_core.shell:Creating prefix script '/home/yzz/quadruped_ws/install/local_setup.zsh'
[1.458s] INFO:colcon.colcon_core.shell:Creating prefix chain script '/home/yzz/quadruped_ws/install/setup.zsh'
