[0.025s] Invoking command in '/home/yzz/ROS2_WS/build/control_input_msgs': CMAKE_PREFIX_PATH=${CMAKE_PREFIX_PATH}:/opt/ros/humble /usr/bin/cmake --build /home/yzz/ROS2_WS/build/control_input_msgs -- -j2 -l2
[0.198s] [  3%] Built target control_input_msgs__cpp
[0.262s] [ 12%] Built target control_input_msgs__rosidl_generator_c
[0.308s] [ 12%] Built target ament_cmake_python_symlink_control_input_msgs
[0.337s] [ 22%] Built target control_input_msgs__rosidl_typesupport_fastrtps_cpp
[0.365s] [ 32%] Built target control_input_msgs__rosidl_typesupport_introspection_cpp
[0.388s] [ 41%] Built target control_input_msgs__rosidl_typesupport_cpp
[0.408s] [ 51%] Built target control_input_msgs__rosidl_typesupport_fastrtps_c
[0.479s] [ 61%] Built target control_input_msgs__rosidl_typesupport_introspection_c
[0.528s] [ 70%] Built target control_input_msgs__rosidl_typesupport_c
[0.763s] running egg_info
[0.764s] writing control_input_msgs.egg-info/PKG-INFO
[0.765s] writing dependency_links to control_input_msgs.egg-info/dependency_links.txt
[0.765s] writing top-level names to control_input_msgs.egg-info/top_level.txt
[0.766s] reading manifest file 'control_input_msgs.egg-info/SOURCES.txt'
[0.767s] writing manifest file 'control_input_msgs.egg-info/SOURCES.txt'
[0.784s] [ 70%] Built target ament_cmake_python_build_control_input_msgs_egg
[0.801s] [ 70%] Built target control_input_msgs
[0.821s] [ 74%] Built target control_input_msgs__py
[0.863s] [ 80%] Built target control_input_msgs__rosidl_generator_py
[0.884s] [ 87%] Built target control_input_msgs__rosidl_typesupport_fastrtps_c__pyext
[0.918s] [ 93%] Built target control_input_msgs__rosidl_typesupport_introspection_c__pyext
[0.958s] [100%] Built target control_input_msgs__rosidl_typesupport_c__pyext
[0.976s] Invoked command in '/home/yzz/ROS2_WS/build/control_input_msgs' returned '0': CMAKE_PREFIX_PATH=${CMAKE_PREFIX_PATH}:/opt/ros/humble /usr/bin/cmake --build /home/yzz/ROS2_WS/build/control_input_msgs -- -j2 -l2
[0.978s] Invoking command in '/home/yzz/ROS2_WS/build/control_input_msgs': CMAKE_PREFIX_PATH=${CMAKE_PREFIX_PATH}:/opt/ros/humble /usr/bin/cmake --install /home/yzz/ROS2_WS/build/control_input_msgs
[0.994s] -- Install configuration: ""
[0.995s] -- Execute custom install script
[0.995s] -- Up-to-date symlink: /home/yzz/ROS2_WS/install/control_input_msgs/share/ament_index/resource_index/rosidl_interfaces/control_input_msgs
[0.996s] -- Up-to-date symlink: /home/yzz/ROS2_WS/install/control_input_msgs/include/control_input_msgs/control_input_msgs/msg/detail/inputs__functions.h
[0.996s] -- Up-to-date symlink: /home/yzz/ROS2_WS/install/control_input_msgs/include/control_input_msgs/control_input_msgs/msg/detail/inputs__struct.h
[0.996s] -- Up-to-date symlink: /home/yzz/ROS2_WS/install/control_input_msgs/include/control_input_msgs/control_input_msgs/msg/detail/inputs__type_support.h
[0.996s] -- Up-to-date symlink: /home/yzz/ROS2_WS/install/control_input_msgs/include/control_input_msgs/control_input_msgs/msg/inputs.h
[0.996s] -- Up-to-date symlink: /home/yzz/ROS2_WS/install/control_input_msgs/include/control_input_msgs/control_input_msgs/msg/rosidl_generator_c__visibility_control.h
[0.996s] -- Up-to-date symlink: /home/yzz/ROS2_WS/install/control_input_msgs/share/control_input_msgs/environment/library_path.sh
[0.997s] -- Up-to-date symlink: /home/yzz/ROS2_WS/install/control_input_msgs/share/control_input_msgs/environment/library_path.dsv
[0.997s] -- Up-to-date symlink: /home/yzz/ROS2_WS/install/control_input_msgs/include/control_input_msgs/control_input_msgs/msg/detail/inputs__rosidl_typesupport_fastrtps_c.h
[0.997s] -- Up-to-date symlink: /home/yzz/ROS2_WS/install/control_input_msgs/include/control_input_msgs/control_input_msgs/msg/rosidl_typesupport_fastrtps_c__visibility_control.h
[0.998s] -- Up-to-date symlink: /home/yzz/ROS2_WS/install/control_input_msgs/include/control_input_msgs/control_input_msgs/msg/detail/inputs__rosidl_typesupport_introspection_c.h
[0.998s] -- Up-to-date symlink: /home/yzz/ROS2_WS/install/control_input_msgs/include/control_input_msgs/control_input_msgs/msg/rosidl_typesupport_introspection_c__visibility_control.h
[0.999s] -- Up-to-date symlink: /home/yzz/ROS2_WS/install/control_input_msgs/include/control_input_msgs/control_input_msgs/msg/detail/inputs__builder.hpp
[0.999s] -- Up-to-date symlink: /home/yzz/ROS2_WS/install/control_input_msgs/include/control_input_msgs/control_input_msgs/msg/detail/inputs__struct.hpp
[0.999s] -- Up-to-date symlink: /home/yzz/ROS2_WS/install/control_input_msgs/include/control_input_msgs/control_input_msgs/msg/detail/inputs__traits.hpp
[0.999s] -- Up-to-date symlink: /home/yzz/ROS2_WS/install/control_input_msgs/include/control_input_msgs/control_input_msgs/msg/detail/inputs__type_support.hpp
[0.999s] -- Up-to-date symlink: /home/yzz/ROS2_WS/install/control_input_msgs/include/control_input_msgs/control_input_msgs/msg/inputs.hpp
[0.999s] -- Up-to-date symlink: /home/yzz/ROS2_WS/install/control_input_msgs/include/control_input_msgs/control_input_msgs/msg/rosidl_generator_cpp__visibility_control.hpp
[0.999s] -- Up-to-date symlink: /home/yzz/ROS2_WS/install/control_input_msgs/include/control_input_msgs/control_input_msgs/msg/detail/inputs__rosidl_typesupport_fastrtps_cpp.hpp
[0.999s] -- Up-to-date symlink: /home/yzz/ROS2_WS/install/control_input_msgs/include/control_input_msgs/control_input_msgs/msg/rosidl_typesupport_fastrtps_cpp__visibility_control.h
[1.000s] -- Up-to-date symlink: /home/yzz/ROS2_WS/install/control_input_msgs/include/control_input_msgs/control_input_msgs/msg/detail/inputs__rosidl_typesupport_introspection_cpp.hpp
[1.000s] -- Up-to-date symlink: /home/yzz/ROS2_WS/install/control_input_msgs/share/control_input_msgs/environment/pythonpath.sh
[1.000s] -- Up-to-date symlink: /home/yzz/ROS2_WS/install/control_input_msgs/share/control_input_msgs/environment/pythonpath.dsv
[1.002s] -- Up-to-date symlink: /home/yzz/ROS2_WS/install/control_input_msgs/local/lib/python3.10/dist-packages/control_input_msgs-0.0.0-py3.10.egg-info/PKG-INFO
[1.002s] -- Up-to-date symlink: /home/yzz/ROS2_WS/install/control_input_msgs/local/lib/python3.10/dist-packages/control_input_msgs-0.0.0-py3.10.egg-info/SOURCES.txt
[1.002s] -- Up-to-date symlink: /home/yzz/ROS2_WS/install/control_input_msgs/local/lib/python3.10/dist-packages/control_input_msgs-0.0.0-py3.10.egg-info/dependency_links.txt
[1.002s] -- Up-to-date symlink: /home/yzz/ROS2_WS/install/control_input_msgs/local/lib/python3.10/dist-packages/control_input_msgs-0.0.0-py3.10.egg-info/top_level.txt
[1.002s] -- Up-to-date symlink: /home/yzz/ROS2_WS/install/control_input_msgs/local/lib/python3.10/dist-packages/control_input_msgs/__init__.py
[1.002s] -- Up-to-date symlink: /home/yzz/ROS2_WS/install/control_input_msgs/local/lib/python3.10/dist-packages/control_input_msgs/_control_input_msgs_s.ep.rosidl_typesupport_c.c
[1.002s] -- Up-to-date symlink: /home/yzz/ROS2_WS/install/control_input_msgs/local/lib/python3.10/dist-packages/control_input_msgs/_control_input_msgs_s.ep.rosidl_typesupport_fastrtps_c.c
[1.002s] -- Up-to-date symlink: /home/yzz/ROS2_WS/install/control_input_msgs/local/lib/python3.10/dist-packages/control_input_msgs/_control_input_msgs_s.ep.rosidl_typesupport_introspection_c.c
[1.003s] -- Up-to-date symlink: /home/yzz/ROS2_WS/install/control_input_msgs/local/lib/python3.10/dist-packages/control_input_msgs/control_input_msgs_s__rosidl_typesupport_c.cpython-310-x86_64-linux-gnu.so
[1.003s] -- Up-to-date symlink: /home/yzz/ROS2_WS/install/control_input_msgs/local/lib/python3.10/dist-packages/control_input_msgs/control_input_msgs_s__rosidl_typesupport_fastrtps_c.cpython-310-x86_64-linux-gnu.so
[1.003s] -- Up-to-date symlink: /home/yzz/ROS2_WS/install/control_input_msgs/local/lib/python3.10/dist-packages/control_input_msgs/control_input_msgs_s__rosidl_typesupport_introspection_c.cpython-310-x86_64-linux-gnu.so
[1.003s] -- Up-to-date symlink: /home/yzz/ROS2_WS/install/control_input_msgs/local/lib/python3.10/dist-packages/control_input_msgs/libcontrol_input_msgs__rosidl_generator_py.so
[1.003s] -- Up-to-date symlink: /home/yzz/ROS2_WS/install/control_input_msgs/local/lib/python3.10/dist-packages/control_input_msgs/msg/__init__.py
[1.004s] -- Up-to-date symlink: /home/yzz/ROS2_WS/install/control_input_msgs/local/lib/python3.10/dist-packages/control_input_msgs/msg/_inputs.py
[1.004s] -- Up-to-date symlink: /home/yzz/ROS2_WS/install/control_input_msgs/local/lib/python3.10/dist-packages/control_input_msgs/msg/_inputs_s.c
[1.004s] -- Up-to-date symlink: /home/yzz/ROS2_WS/install/control_input_msgs/local/lib/python3.10/dist-packages/control_input_msgs/control_input_msgs_s__rosidl_typesupport_fastrtps_c.cpython-310-x86_64-linux-gnu.so
[1.005s] -- Up-to-date symlink: /home/yzz/ROS2_WS/install/control_input_msgs/local/lib/python3.10/dist-packages/control_input_msgs/control_input_msgs_s__rosidl_typesupport_introspection_c.cpython-310-x86_64-linux-gnu.so
[1.005s] -- Up-to-date symlink: /home/yzz/ROS2_WS/install/control_input_msgs/local/lib/python3.10/dist-packages/control_input_msgs/control_input_msgs_s__rosidl_typesupport_c.cpython-310-x86_64-linux-gnu.so
[1.006s] -- Up-to-date symlink: /home/yzz/ROS2_WS/install/control_input_msgs/share/control_input_msgs/msg/Inputs.idl
[1.006s] -- Up-to-date symlink: /home/yzz/ROS2_WS/install/control_input_msgs/share/control_input_msgs/msg/Inputs.msg
[1.006s] -- Up-to-date symlink: /home/yzz/ROS2_WS/install/control_input_msgs/share/ament_index/resource_index/package_run_dependencies/control_input_msgs
[1.006s] -- Up-to-date symlink: /home/yzz/ROS2_WS/install/control_input_msgs/share/ament_index/resource_index/parent_prefix_path/control_input_msgs
[1.007s] -- Up-to-date symlink: /home/yzz/ROS2_WS/install/control_input_msgs/share/control_input_msgs/environment/ament_prefix_path.sh
[1.007s] -- Up-to-date symlink: /home/yzz/ROS2_WS/install/control_input_msgs/share/control_input_msgs/environment/ament_prefix_path.dsv
[1.009s] -- Up-to-date symlink: /home/yzz/ROS2_WS/install/control_input_msgs/share/control_input_msgs/environment/path.sh
[1.009s] -- Up-to-date symlink: /home/yzz/ROS2_WS/install/control_input_msgs/share/control_input_msgs/environment/path.dsv
[1.009s] -- Up-to-date symlink: /home/yzz/ROS2_WS/install/control_input_msgs/share/control_input_msgs/local_setup.bash
[1.009s] -- Up-to-date symlink: /home/yzz/ROS2_WS/install/control_input_msgs/share/control_input_msgs/local_setup.sh
[1.010s] -- Up-to-date symlink: /home/yzz/ROS2_WS/install/control_input_msgs/share/control_input_msgs/local_setup.zsh
[1.011s] -- Up-to-date symlink: /home/yzz/ROS2_WS/install/control_input_msgs/share/control_input_msgs/local_setup.dsv
[1.012s] -- Symlinking: /home/yzz/ROS2_WS/install/control_input_msgs/share/control_input_msgs/package.dsv
[1.021s] -- Up-to-date symlink: /home/yzz/ROS2_WS/install/control_input_msgs/share/ament_index/resource_index/packages/control_input_msgs
[1.022s] -- Up-to-date symlink: /home/yzz/ROS2_WS/install/control_input_msgs/share/control_input_msgs/cmake/rosidl_cmake-extras.cmake
[1.022s] -- Up-to-date symlink: /home/yzz/ROS2_WS/install/control_input_msgs/share/control_input_msgs/cmake/ament_cmake_export_include_directories-extras.cmake
[1.022s] -- Up-to-date symlink: /home/yzz/ROS2_WS/install/control_input_msgs/share/control_input_msgs/cmake/ament_cmake_export_libraries-extras.cmake
[1.022s] -- Up-to-date symlink: /home/yzz/ROS2_WS/install/control_input_msgs/share/control_input_msgs/cmake/ament_cmake_export_targets-extras.cmake
[1.023s] -- Up-to-date symlink: /home/yzz/ROS2_WS/install/control_input_msgs/share/control_input_msgs/cmake/rosidl_cmake_export_typesupport_targets-extras.cmake
[1.023s] -- Up-to-date symlink: /home/yzz/ROS2_WS/install/control_input_msgs/share/control_input_msgs/cmake/ament_cmake_export_dependencies-extras.cmake
[1.023s] -- Up-to-date symlink: /home/yzz/ROS2_WS/install/control_input_msgs/share/control_input_msgs/cmake/rosidl_cmake_export_typesupport_libraries-extras.cmake
[1.023s] -- Up-to-date symlink: /home/yzz/ROS2_WS/install/control_input_msgs/share/control_input_msgs/cmake/control_input_msgsConfig.cmake
[1.026s] -- Up-to-date symlink: /home/yzz/ROS2_WS/install/control_input_msgs/share/control_input_msgs/cmake/control_input_msgsConfig-version.cmake
[1.026s] -- Up-to-date symlink: /home/yzz/ROS2_WS/install/control_input_msgs/share/control_input_msgs/package.xml
[1.026s] -- Up-to-date: /home/yzz/ROS2_WS/install/control_input_msgs/lib/libcontrol_input_msgs__rosidl_generator_c.so
[1.026s] -- Up-to-date: /home/yzz/ROS2_WS/install/control_input_msgs/lib/libcontrol_input_msgs__rosidl_typesupport_fastrtps_c.so
[1.026s] -- Up-to-date: /home/yzz/ROS2_WS/install/control_input_msgs/lib/libcontrol_input_msgs__rosidl_typesupport_introspection_c.so
[1.026s] -- Up-to-date: /home/yzz/ROS2_WS/install/control_input_msgs/lib/libcontrol_input_msgs__rosidl_typesupport_c.so
[1.029s] -- Up-to-date: /home/yzz/ROS2_WS/install/control_input_msgs/lib/libcontrol_input_msgs__rosidl_typesupport_fastrtps_cpp.so
[1.029s] -- Up-to-date: /home/yzz/ROS2_WS/install/control_input_msgs/lib/libcontrol_input_msgs__rosidl_typesupport_introspection_cpp.so
[1.030s] -- Up-to-date: /home/yzz/ROS2_WS/install/control_input_msgs/lib/libcontrol_input_msgs__rosidl_typesupport_cpp.so
[1.064s] Listing '/home/yzz/ROS2_WS/install/control_input_msgs/local/lib/python3.10/dist-packages/control_input_msgs'...
[1.064s] Listing '/home/yzz/ROS2_WS/install/control_input_msgs/local/lib/python3.10/dist-packages/control_input_msgs/msg'...
[1.067s] -- Up-to-date: /home/yzz/ROS2_WS/install/control_input_msgs/lib/libcontrol_input_msgs__rosidl_generator_py.so
[1.068s] -- Up-to-date: /home/yzz/ROS2_WS/install/control_input_msgs/share/control_input_msgs/cmake/export_control_input_msgs__rosidl_generator_cExport.cmake
[1.068s] -- Up-to-date: /home/yzz/ROS2_WS/install/control_input_msgs/share/control_input_msgs/cmake/export_control_input_msgs__rosidl_generator_cExport-noconfig.cmake
[1.068s] -- Up-to-date: /home/yzz/ROS2_WS/install/control_input_msgs/share/control_input_msgs/cmake/export_control_input_msgs__rosidl_typesupport_fastrtps_cExport.cmake
[1.069s] -- Up-to-date: /home/yzz/ROS2_WS/install/control_input_msgs/share/control_input_msgs/cmake/export_control_input_msgs__rosidl_typesupport_fastrtps_cExport-noconfig.cmake
[1.069s] -- Up-to-date: /home/yzz/ROS2_WS/install/control_input_msgs/share/control_input_msgs/cmake/control_input_msgs__rosidl_typesupport_introspection_cExport.cmake
[1.069s] -- Up-to-date: /home/yzz/ROS2_WS/install/control_input_msgs/share/control_input_msgs/cmake/control_input_msgs__rosidl_typesupport_introspection_cExport-noconfig.cmake
[1.070s] -- Up-to-date: /home/yzz/ROS2_WS/install/control_input_msgs/share/control_input_msgs/cmake/control_input_msgs__rosidl_typesupport_cExport.cmake
[1.070s] -- Up-to-date: /home/yzz/ROS2_WS/install/control_input_msgs/share/control_input_msgs/cmake/control_input_msgs__rosidl_typesupport_cExport-noconfig.cmake
[1.071s] -- Up-to-date: /home/yzz/ROS2_WS/install/control_input_msgs/share/control_input_msgs/cmake/export_control_input_msgs__rosidl_generator_cppExport.cmake
[1.071s] -- Up-to-date: /home/yzz/ROS2_WS/install/control_input_msgs/share/control_input_msgs/cmake/export_control_input_msgs__rosidl_typesupport_fastrtps_cppExport.cmake
[1.071s] -- Up-to-date: /home/yzz/ROS2_WS/install/control_input_msgs/share/control_input_msgs/cmake/export_control_input_msgs__rosidl_typesupport_fastrtps_cppExport-noconfig.cmake
[1.071s] -- Up-to-date: /home/yzz/ROS2_WS/install/control_input_msgs/share/control_input_msgs/cmake/control_input_msgs__rosidl_typesupport_introspection_cppExport.cmake
[1.072s] -- Up-to-date: /home/yzz/ROS2_WS/install/control_input_msgs/share/control_input_msgs/cmake/control_input_msgs__rosidl_typesupport_introspection_cppExport-noconfig.cmake
[1.072s] -- Up-to-date: /home/yzz/ROS2_WS/install/control_input_msgs/share/control_input_msgs/cmake/control_input_msgs__rosidl_typesupport_cppExport.cmake
[1.072s] -- Up-to-date: /home/yzz/ROS2_WS/install/control_input_msgs/share/control_input_msgs/cmake/control_input_msgs__rosidl_typesupport_cppExport-noconfig.cmake
[1.072s] -- Up-to-date: /home/yzz/ROS2_WS/install/control_input_msgs/share/control_input_msgs/cmake/export_control_input_msgs__rosidl_generator_pyExport.cmake
[1.072s] -- Up-to-date: /home/yzz/ROS2_WS/install/control_input_msgs/share/control_input_msgs/cmake/export_control_input_msgs__rosidl_generator_pyExport-noconfig.cmake
[1.075s] Invoked command in '/home/yzz/ROS2_WS/build/control_input_msgs' returned '0': CMAKE_PREFIX_PATH=${CMAKE_PREFIX_PATH}:/opt/ros/humble /usr/bin/cmake --install /home/yzz/ROS2_WS/build/control_input_msgs
