[0.027s] Invoking command in '/home/yzz/ROS2_WS/build/controller_common': CMAKE_PREFIX_PATH=/home/yzz/ROS2_WS/install/control_input_msgs:/home/yzz/ROS2_WS/install/unitree_sdk2:/home/yzz/ROS2_WS/install/unitree_guide_controller:/home/yzz/ROS2_WS/install/leg_pd_controller:/home/yzz/ROS2_WS/install/keyboard_input:/home/yzz/ROS2_WS/install/go1_description:/home/yzz/ROS2_WS/install/controller_common:/opt/ros/humble LD_LIBRARY_PATH=/home/yzz/ROS2_WS/install/control_input_msgs/lib:/home/yzz/ROS2_WS/install/unitree_sdk2/lib:/home/yzz/ROS2_WS/install/unitree_guide_controller/lib:/home/yzz/ROS2_WS/install/leg_pd_controller/lib:/home/yzz/ROS2_WS/install/controller_common/lib:/usr/lib/x86_64-linux-gnu/gazebo-11/plugins:/opt/ros/humble/opt/rviz_ogre_vendor/lib:/opt/ros/humble/lib/x86_64-linux-gnu:/opt/ros/humble/lib /usr/bin/cmake --build /home/yzz/ROS2_WS/build/controller_common -- -j2 -l2
[0.101s] [100%] Built target controller_common
[0.119s] Invoked command in '/home/yzz/ROS2_WS/build/controller_common' returned '0': CMAKE_PREFIX_PATH=/home/yzz/ROS2_WS/install/control_input_msgs:/home/yzz/ROS2_WS/install/unitree_sdk2:/home/yzz/ROS2_WS/install/unitree_guide_controller:/home/yzz/ROS2_WS/install/leg_pd_controller:/home/yzz/ROS2_WS/install/keyboard_input:/home/yzz/ROS2_WS/install/go1_description:/home/yzz/ROS2_WS/install/controller_common:/opt/ros/humble LD_LIBRARY_PATH=/home/yzz/ROS2_WS/install/control_input_msgs/lib:/home/yzz/ROS2_WS/install/unitree_sdk2/lib:/home/yzz/ROS2_WS/install/unitree_guide_controller/lib:/home/yzz/ROS2_WS/install/leg_pd_controller/lib:/home/yzz/ROS2_WS/install/controller_common/lib:/usr/lib/x86_64-linux-gnu/gazebo-11/plugins:/opt/ros/humble/opt/rviz_ogre_vendor/lib:/opt/ros/humble/lib/x86_64-linux-gnu:/opt/ros/humble/lib /usr/bin/cmake --build /home/yzz/ROS2_WS/build/controller_common -- -j2 -l2
[0.122s] Invoking command in '/home/yzz/ROS2_WS/build/controller_common': CMAKE_PREFIX_PATH=/home/yzz/ROS2_WS/install/control_input_msgs:/home/yzz/ROS2_WS/install/unitree_sdk2:/home/yzz/ROS2_WS/install/unitree_guide_controller:/home/yzz/ROS2_WS/install/leg_pd_controller:/home/yzz/ROS2_WS/install/keyboard_input:/home/yzz/ROS2_WS/install/go1_description:/home/yzz/ROS2_WS/install/controller_common:/opt/ros/humble LD_LIBRARY_PATH=/home/yzz/ROS2_WS/install/control_input_msgs/lib:/home/yzz/ROS2_WS/install/unitree_sdk2/lib:/home/yzz/ROS2_WS/install/unitree_guide_controller/lib:/home/yzz/ROS2_WS/install/leg_pd_controller/lib:/home/yzz/ROS2_WS/install/controller_common/lib:/usr/lib/x86_64-linux-gnu/gazebo-11/plugins:/opt/ros/humble/opt/rviz_ogre_vendor/lib:/opt/ros/humble/lib/x86_64-linux-gnu:/opt/ros/humble/lib /usr/bin/cmake --install /home/yzz/ROS2_WS/build/controller_common
[0.137s] -- Install configuration: "Release"
[0.137s] -- Execute custom install script
[0.138s] -- Up-to-date symlink: /home/yzz/ROS2_WS/install/controller_common/include/controller_common/controller_common/CtrlInterfaces.h
[0.139s] -- Up-to-date symlink: /home/yzz/ROS2_WS/install/controller_common/include/controller_common/controller_common/FSM/BaseFixedStand.h
[0.139s] -- Up-to-date symlink: /home/yzz/ROS2_WS/install/controller_common/include/controller_common/controller_common/FSM/FSMState.h
[0.139s] -- Up-to-date symlink: /home/yzz/ROS2_WS/install/controller_common/include/controller_common/controller_common/FSM/StateFixedDown.h
[0.141s] -- Up-to-date symlink: /home/yzz/ROS2_WS/install/controller_common/include/controller_common/controller_common/FSM/StatePassive.h
[0.141s] -- Up-to-date symlink: /home/yzz/ROS2_WS/install/controller_common/include/controller_common/controller_common/common/enumClass.h
[0.141s] -- Up-to-date symlink: /home/yzz/ROS2_WS/install/controller_common/include/controller_common/controller_common/common/mathTools.h
[0.141s] -- Up-to-date symlink: /home/yzz/ROS2_WS/install/controller_common/include/controller_common/controller_common/common/mathTypes.h
[0.143s] -- Up-to-date symlink: /home/yzz/ROS2_WS/install/controller_common/share/controller_common/environment/library_path.sh
[0.143s] -- Up-to-date symlink: /home/yzz/ROS2_WS/install/controller_common/share/controller_common/environment/library_path.dsv
[0.143s] -- Up-to-date symlink: /home/yzz/ROS2_WS/install/controller_common/share/ament_index/resource_index/package_run_dependencies/controller_common
[0.144s] -- Up-to-date symlink: /home/yzz/ROS2_WS/install/controller_common/share/ament_index/resource_index/parent_prefix_path/controller_common
[0.145s] -- Up-to-date symlink: /home/yzz/ROS2_WS/install/controller_common/share/controller_common/environment/ament_prefix_path.sh
[0.145s] -- Up-to-date symlink: /home/yzz/ROS2_WS/install/controller_common/share/controller_common/environment/ament_prefix_path.dsv
[0.146s] -- Up-to-date symlink: /home/yzz/ROS2_WS/install/controller_common/share/controller_common/environment/path.sh
[0.147s] -- Up-to-date symlink: /home/yzz/ROS2_WS/install/controller_common/share/controller_common/environment/path.dsv
[0.147s] -- Up-to-date symlink: /home/yzz/ROS2_WS/install/controller_common/share/controller_common/local_setup.bash
[0.149s] -- Up-to-date symlink: /home/yzz/ROS2_WS/install/controller_common/share/controller_common/local_setup.sh
[0.149s] -- Up-to-date symlink: /home/yzz/ROS2_WS/install/controller_common/share/controller_common/local_setup.zsh
[0.153s] -- Up-to-date symlink: /home/yzz/ROS2_WS/install/controller_common/share/controller_common/local_setup.dsv
[0.153s] -- Symlinking: /home/yzz/ROS2_WS/install/controller_common/share/controller_common/package.dsv
[0.171s] -- Up-to-date symlink: /home/yzz/ROS2_WS/install/controller_common/share/ament_index/resource_index/packages/controller_common
[0.171s] -- Up-to-date symlink: /home/yzz/ROS2_WS/install/controller_common/share/controller_common/cmake/ament_cmake_export_targets-extras.cmake
[0.171s] -- Up-to-date symlink: /home/yzz/ROS2_WS/install/controller_common/share/controller_common/cmake/controller_commonConfig.cmake
[0.172s] -- Up-to-date symlink: /home/yzz/ROS2_WS/install/controller_common/share/controller_common/cmake/controller_commonConfig-version.cmake
[0.172s] -- Up-to-date symlink: /home/yzz/ROS2_WS/install/controller_common/share/controller_common/package.xml
[0.175s] -- Up-to-date: /home/yzz/ROS2_WS/install/controller_common/lib/libcontroller_common.so
[0.177s] -- Up-to-date: /home/yzz/ROS2_WS/install/controller_common/share/controller_common/cmake/export_controller_commonExport.cmake
[0.177s] -- Up-to-date: /home/yzz/ROS2_WS/install/controller_common/share/controller_common/cmake/export_controller_commonExport-release.cmake
[0.186s] Invoked command in '/home/yzz/ROS2_WS/build/controller_common' returned '0': CMAKE_PREFIX_PATH=/home/yzz/ROS2_WS/install/control_input_msgs:/home/yzz/ROS2_WS/install/unitree_sdk2:/home/yzz/ROS2_WS/install/unitree_guide_controller:/home/yzz/ROS2_WS/install/leg_pd_controller:/home/yzz/ROS2_WS/install/keyboard_input:/home/yzz/ROS2_WS/install/go1_description:/home/yzz/ROS2_WS/install/controller_common:/opt/ros/humble LD_LIBRARY_PATH=/home/yzz/ROS2_WS/install/control_input_msgs/lib:/home/yzz/ROS2_WS/install/unitree_sdk2/lib:/home/yzz/ROS2_WS/install/unitree_guide_controller/lib:/home/yzz/ROS2_WS/install/leg_pd_controller/lib:/home/yzz/ROS2_WS/install/controller_common/lib:/usr/lib/x86_64-linux-gnu/gazebo-11/plugins:/opt/ros/humble/opt/rviz_ogre_vendor/lib:/opt/ros/humble/lib/x86_64-linux-gnu:/opt/ros/humble/lib /usr/bin/cmake --install /home/yzz/ROS2_WS/build/controller_common
