[0.089s] DEBUG:colcon:Command line arguments: ['/usr/bin/colcon', 'build', '--packages-up-to', 'unitree_sdk2']
[0.089s] DEBUG:colcon:Parsed command line arguments: Namespace(log_base=None, log_level=None, verb_name='build', build_base='build', install_base='install', merge_install=False, symlink_install=False, test_result_base=None, continue_on_error=False, executor='parallel', parallel_workers=2, event_handlers=None, ignore_user_meta=False, metas=['./colcon.meta'], base_paths=['.'], packages_ignore=None, packages_ignore_regex=None, paths=None, packages_up_to=['unitree_sdk2'], packages_up_to_regex=None, packages_above=None, packages_above_and_dependencies=None, packages_above_depth=None, packages_select_by_dep=None, packages_skip_by_dep=None, packages_skip_up_to=None, packages_select_build_failed=False, packages_skip_build_finished=False, packages_select_test_failures=False, packages_skip_test_passed=False, packages_select=None, packages_skip=None, packages_select_regex=None, packages_skip_regex=None, packages_start=None, packages_end=None, allow_overriding=[], cmake_args=None, cmake_target=None, cmake_target_skip_unavailable=False, cmake_clean_cache=False, cmake_clean_first=False, cmake_force_configure=False, ament_cmake_args=None, catkin_cmake_args=None, catkin_skip_building_tests=False, verb_parser=<colcon_defaults.argument_parser.defaults.DefaultArgumentsDecorator object at 0x7af535618340>, verb_extension=<colcon_core.verb.build.BuildVerb object at 0x7af5357c9150>, main=<bound method BuildVerb.main of <colcon_core.verb.build.BuildVerb object at 0x7af5357c9150>>)
[0.186s] Level 1:colcon.colcon_core.package_discovery:discover_packages(colcon_meta) check parameters
[0.187s] Level 1:colcon.colcon_core.package_discovery:discover_packages(recursive) check parameters
[0.187s] Level 1:colcon.colcon_core.package_discovery:discover_packages(ignore) check parameters
[0.187s] Level 1:colcon.colcon_core.package_discovery:discover_packages(path) check parameters
[0.187s] Level 1:colcon.colcon_core.package_discovery:discover_packages(colcon_meta) discover
[0.187s] Level 1:colcon.colcon_core.package_discovery:discover_packages(recursive) discover
[0.187s] INFO:colcon.colcon_core.package_discovery:Crawling recursively for packages in '/home/yzz/ROS2_WS'
[0.187s] Level 1:colcon.colcon_core.package_identification:_identify(.) by extensions ['ignore', 'ignore_ament_install']
[0.187s] Level 1:colcon.colcon_core.package_identification:_identify(.) by extension 'ignore'
[0.187s] Level 1:colcon.colcon_core.package_identification:_identify(.) by extension 'ignore_ament_install'
[0.187s] Level 1:colcon.colcon_core.package_identification:_identify(.) by extensions ['colcon_pkg']
[0.187s] Level 1:colcon.colcon_core.package_identification:_identify(.) by extension 'colcon_pkg'
[0.187s] Level 1:colcon.colcon_core.package_identification:_identify(.) by extensions ['colcon_meta']
[0.187s] Level 1:colcon.colcon_core.package_identification:_identify(.) by extension 'colcon_meta'
[0.187s] Level 1:colcon.colcon_core.package_identification:_identify(.) by extensions ['ros']
[0.187s] Level 1:colcon.colcon_core.package_identification:_identify(.) by extension 'ros'
[0.193s] Level 1:colcon.colcon_core.package_identification:_identify(.) by extensions ['cmake', 'python']
[0.193s] Level 1:colcon.colcon_core.package_identification:_identify(.) by extension 'cmake'
[0.194s] Level 1:colcon.colcon_core.package_identification:_identify(.) by extension 'python'
[0.194s] Level 1:colcon.colcon_core.package_identification:_identify(.) by extensions ['python_setup_py']
[0.194s] Level 1:colcon.colcon_core.package_identification:_identify(.) by extension 'python_setup_py'
[0.194s] Level 1:colcon.colcon_core.package_identification:_identify(build) by extensions ['ignore', 'ignore_ament_install']
[0.194s] Level 1:colcon.colcon_core.package_identification:_identify(build) by extension 'ignore'
[0.194s] Level 1:colcon.colcon_core.package_identification:_identify(build) ignored
[0.194s] Level 1:colcon.colcon_core.package_identification:_identify(install) by extensions ['ignore', 'ignore_ament_install']
[0.194s] Level 1:colcon.colcon_core.package_identification:_identify(install) by extension 'ignore'
[0.194s] Level 1:colcon.colcon_core.package_identification:_identify(install) ignored
[0.194s] Level 1:colcon.colcon_core.package_identification:_identify(log) by extensions ['ignore', 'ignore_ament_install']
[0.194s] Level 1:colcon.colcon_core.package_identification:_identify(log) by extension 'ignore'
[0.194s] Level 1:colcon.colcon_core.package_identification:_identify(log) ignored
[0.194s] Level 1:colcon.colcon_core.package_identification:_identify(src) by extensions ['ignore', 'ignore_ament_install']
[0.194s] Level 1:colcon.colcon_core.package_identification:_identify(src) by extension 'ignore'
[0.194s] Level 1:colcon.colcon_core.package_identification:_identify(src) by extension 'ignore_ament_install'
[0.194s] Level 1:colcon.colcon_core.package_identification:_identify(src) by extensions ['colcon_pkg']
[0.194s] Level 1:colcon.colcon_core.package_identification:_identify(src) by extension 'colcon_pkg'
[0.194s] Level 1:colcon.colcon_core.package_identification:_identify(src) by extensions ['colcon_meta']
[0.194s] Level 1:colcon.colcon_core.package_identification:_identify(src) by extension 'colcon_meta'
[0.194s] Level 1:colcon.colcon_core.package_identification:_identify(src) by extensions ['ros']
[0.194s] Level 1:colcon.colcon_core.package_identification:_identify(src) by extension 'ros'
[0.194s] Level 1:colcon.colcon_core.package_identification:_identify(src) by extensions ['cmake', 'python']
[0.194s] Level 1:colcon.colcon_core.package_identification:_identify(src) by extension 'cmake'
[0.194s] Level 1:colcon.colcon_core.package_identification:_identify(src) by extension 'python'
[0.194s] Level 1:colcon.colcon_core.package_identification:_identify(src) by extensions ['python_setup_py']
[0.194s] Level 1:colcon.colcon_core.package_identification:_identify(src) by extension 'python_setup_py'
[0.194s] Level 1:colcon.colcon_core.package_identification:_identify(src/quadruped_ros2_control-humble) by extensions ['ignore', 'ignore_ament_install']
[0.195s] Level 1:colcon.colcon_core.package_identification:_identify(src/quadruped_ros2_control-humble) by extension 'ignore'
[0.195s] Level 1:colcon.colcon_core.package_identification:_identify(src/quadruped_ros2_control-humble) by extension 'ignore_ament_install'
[0.195s] Level 1:colcon.colcon_core.package_identification:_identify(src/quadruped_ros2_control-humble) by extensions ['colcon_pkg']
[0.195s] Level 1:colcon.colcon_core.package_identification:_identify(src/quadruped_ros2_control-humble) by extension 'colcon_pkg'
[0.195s] Level 1:colcon.colcon_core.package_identification:_identify(src/quadruped_ros2_control-humble) by extensions ['colcon_meta']
[0.195s] Level 1:colcon.colcon_core.package_identification:_identify(src/quadruped_ros2_control-humble) by extension 'colcon_meta'
[0.195s] Level 1:colcon.colcon_core.package_identification:_identify(src/quadruped_ros2_control-humble) by extensions ['ros']
[0.195s] Level 1:colcon.colcon_core.package_identification:_identify(src/quadruped_ros2_control-humble) by extension 'ros'
[0.195s] Level 1:colcon.colcon_core.package_identification:_identify(src/quadruped_ros2_control-humble) by extensions ['cmake', 'python']
[0.195s] Level 1:colcon.colcon_core.package_identification:_identify(src/quadruped_ros2_control-humble) by extension 'cmake'
[0.195s] Level 1:colcon.colcon_core.package_identification:_identify(src/quadruped_ros2_control-humble) by extension 'python'
[0.195s] Level 1:colcon.colcon_core.package_identification:_identify(src/quadruped_ros2_control-humble) by extensions ['python_setup_py']
[0.195s] Level 1:colcon.colcon_core.package_identification:_identify(src/quadruped_ros2_control-humble) by extension 'python_setup_py'
[0.195s] Level 1:colcon.colcon_core.package_identification:_identify(src/quadruped_ros2_control-humble/LICENSES) by extensions ['ignore', 'ignore_ament_install']
[0.195s] Level 1:colcon.colcon_core.package_identification:_identify(src/quadruped_ros2_control-humble/LICENSES) by extension 'ignore'
[0.195s] Level 1:colcon.colcon_core.package_identification:_identify(src/quadruped_ros2_control-humble/LICENSES) by extension 'ignore_ament_install'
[0.195s] Level 1:colcon.colcon_core.package_identification:_identify(src/quadruped_ros2_control-humble/LICENSES) by extensions ['colcon_pkg']
[0.195s] Level 1:colcon.colcon_core.package_identification:_identify(src/quadruped_ros2_control-humble/LICENSES) by extension 'colcon_pkg'
[0.195s] Level 1:colcon.colcon_core.package_identification:_identify(src/quadruped_ros2_control-humble/LICENSES) by extensions ['colcon_meta']
[0.195s] Level 1:colcon.colcon_core.package_identification:_identify(src/quadruped_ros2_control-humble/LICENSES) by extension 'colcon_meta'
[0.195s] Level 1:colcon.colcon_core.package_identification:_identify(src/quadruped_ros2_control-humble/LICENSES) by extensions ['ros']
[0.195s] Level 1:colcon.colcon_core.package_identification:_identify(src/quadruped_ros2_control-humble/LICENSES) by extension 'ros'
[0.195s] Level 1:colcon.colcon_core.package_identification:_identify(src/quadruped_ros2_control-humble/LICENSES) by extensions ['cmake', 'python']
[0.195s] Level 1:colcon.colcon_core.package_identification:_identify(src/quadruped_ros2_control-humble/LICENSES) by extension 'cmake'
[0.195s] Level 1:colcon.colcon_core.package_identification:_identify(src/quadruped_ros2_control-humble/LICENSES) by extension 'python'
[0.195s] Level 1:colcon.colcon_core.package_identification:_identify(src/quadruped_ros2_control-humble/LICENSES) by extensions ['python_setup_py']
[0.195s] Level 1:colcon.colcon_core.package_identification:_identify(src/quadruped_ros2_control-humble/LICENSES) by extension 'python_setup_py'
[0.195s] Level 1:colcon.colcon_core.package_identification:_identify(src/quadruped_ros2_control-humble/LICENSES/legged_control) by extensions ['ignore', 'ignore_ament_install']
[0.195s] Level 1:colcon.colcon_core.package_identification:_identify(src/quadruped_ros2_control-humble/LICENSES/legged_control) by extension 'ignore'
[0.195s] Level 1:colcon.colcon_core.package_identification:_identify(src/quadruped_ros2_control-humble/LICENSES/legged_control) by extension 'ignore_ament_install'
[0.195s] Level 1:colcon.colcon_core.package_identification:_identify(src/quadruped_ros2_control-humble/LICENSES/legged_control) by extensions ['colcon_pkg']
[0.195s] Level 1:colcon.colcon_core.package_identification:_identify(src/quadruped_ros2_control-humble/LICENSES/legged_control) by extension 'colcon_pkg'
[0.195s] Level 1:colcon.colcon_core.package_identification:_identify(src/quadruped_ros2_control-humble/LICENSES/legged_control) by extensions ['colcon_meta']
[0.195s] Level 1:colcon.colcon_core.package_identification:_identify(src/quadruped_ros2_control-humble/LICENSES/legged_control) by extension 'colcon_meta'
[0.195s] Level 1:colcon.colcon_core.package_identification:_identify(src/quadruped_ros2_control-humble/LICENSES/legged_control) by extensions ['ros']
[0.195s] Level 1:colcon.colcon_core.package_identification:_identify(src/quadruped_ros2_control-humble/LICENSES/legged_control) by extension 'ros'
[0.195s] Level 1:colcon.colcon_core.package_identification:_identify(src/quadruped_ros2_control-humble/LICENSES/legged_control) by extensions ['cmake', 'python']
[0.195s] Level 1:colcon.colcon_core.package_identification:_identify(src/quadruped_ros2_control-humble/LICENSES/legged_control) by extension 'cmake'
[0.195s] Level 1:colcon.colcon_core.package_identification:_identify(src/quadruped_ros2_control-humble/LICENSES/legged_control) by extension 'python'
[0.196s] Level 1:colcon.colcon_core.package_identification:_identify(src/quadruped_ros2_control-humble/LICENSES/legged_control) by extensions ['python_setup_py']
[0.196s] Level 1:colcon.colcon_core.package_identification:_identify(src/quadruped_ros2_control-humble/LICENSES/legged_control) by extension 'python_setup_py'
[0.196s] Level 1:colcon.colcon_core.package_identification:_identify(src/quadruped_ros2_control-humble/LICENSES/unitree_guide) by extensions ['ignore', 'ignore_ament_install']
[0.196s] Level 1:colcon.colcon_core.package_identification:_identify(src/quadruped_ros2_control-humble/LICENSES/unitree_guide) by extension 'ignore'
[0.196s] Level 1:colcon.colcon_core.package_identification:_identify(src/quadruped_ros2_control-humble/LICENSES/unitree_guide) by extension 'ignore_ament_install'
[0.196s] Level 1:colcon.colcon_core.package_identification:_identify(src/quadruped_ros2_control-humble/LICENSES/unitree_guide) by extensions ['colcon_pkg']
[0.196s] Level 1:colcon.colcon_core.package_identification:_identify(src/quadruped_ros2_control-humble/LICENSES/unitree_guide) by extension 'colcon_pkg'
[0.196s] Level 1:colcon.colcon_core.package_identification:_identify(src/quadruped_ros2_control-humble/LICENSES/unitree_guide) by extensions ['colcon_meta']
[0.196s] Level 1:colcon.colcon_core.package_identification:_identify(src/quadruped_ros2_control-humble/LICENSES/unitree_guide) by extension 'colcon_meta'
[0.196s] Level 1:colcon.colcon_core.package_identification:_identify(src/quadruped_ros2_control-humble/LICENSES/unitree_guide) by extensions ['ros']
[0.196s] Level 1:colcon.colcon_core.package_identification:_identify(src/quadruped_ros2_control-humble/LICENSES/unitree_guide) by extension 'ros'
[0.196s] Level 1:colcon.colcon_core.package_identification:_identify(src/quadruped_ros2_control-humble/LICENSES/unitree_guide) by extensions ['cmake', 'python']
[0.196s] Level 1:colcon.colcon_core.package_identification:_identify(src/quadruped_ros2_control-humble/LICENSES/unitree_guide) by extension 'cmake'
[0.196s] Level 1:colcon.colcon_core.package_identification:_identify(src/quadruped_ros2_control-humble/LICENSES/unitree_guide) by extension 'python'
[0.196s] Level 1:colcon.colcon_core.package_identification:_identify(src/quadruped_ros2_control-humble/LICENSES/unitree_guide) by extensions ['python_setup_py']
[0.196s] Level 1:colcon.colcon_core.package_identification:_identify(src/quadruped_ros2_control-humble/LICENSES/unitree_guide) by extension 'python_setup_py'
[0.196s] Level 1:colcon.colcon_core.package_identification:_identify(src/quadruped_ros2_control-humble/commands) by extensions ['ignore', 'ignore_ament_install']
[0.196s] Level 1:colcon.colcon_core.package_identification:_identify(src/quadruped_ros2_control-humble/commands) by extension 'ignore'
[0.196s] Level 1:colcon.colcon_core.package_identification:_identify(src/quadruped_ros2_control-humble/commands) by extension 'ignore_ament_install'
[0.196s] Level 1:colcon.colcon_core.package_identification:_identify(src/quadruped_ros2_control-humble/commands) by extensions ['colcon_pkg']
[0.196s] Level 1:colcon.colcon_core.package_identification:_identify(src/quadruped_ros2_control-humble/commands) by extension 'colcon_pkg'
[0.196s] Level 1:colcon.colcon_core.package_identification:_identify(src/quadruped_ros2_control-humble/commands) by extensions ['colcon_meta']
[0.196s] Level 1:colcon.colcon_core.package_identification:_identify(src/quadruped_ros2_control-humble/commands) by extension 'colcon_meta'
[0.196s] Level 1:colcon.colcon_core.package_identification:_identify(src/quadruped_ros2_control-humble/commands) by extensions ['ros']
[0.196s] Level 1:colcon.colcon_core.package_identification:_identify(src/quadruped_ros2_control-humble/commands) by extension 'ros'
[0.197s] Level 1:colcon.colcon_core.package_identification:_identify(src/quadruped_ros2_control-humble/commands) by extensions ['cmake', 'python']
[0.197s] Level 1:colcon.colcon_core.package_identification:_identify(src/quadruped_ros2_control-humble/commands) by extension 'cmake'
[0.197s] Level 1:colcon.colcon_core.package_identification:_identify(src/quadruped_ros2_control-humble/commands) by extension 'python'
[0.197s] Level 1:colcon.colcon_core.package_identification:_identify(src/quadruped_ros2_control-humble/commands) by extensions ['python_setup_py']
[0.197s] Level 1:colcon.colcon_core.package_identification:_identify(src/quadruped_ros2_control-humble/commands) by extension 'python_setup_py'
[0.197s] Level 1:colcon.colcon_core.package_identification:_identify(src/quadruped_ros2_control-humble/commands/control_input_msgs) by extensions ['ignore', 'ignore_ament_install']
[0.197s] Level 1:colcon.colcon_core.package_identification:_identify(src/quadruped_ros2_control-humble/commands/control_input_msgs) by extension 'ignore'
[0.197s] Level 1:colcon.colcon_core.package_identification:_identify(src/quadruped_ros2_control-humble/commands/control_input_msgs) by extension 'ignore_ament_install'
[0.197s] Level 1:colcon.colcon_core.package_identification:_identify(src/quadruped_ros2_control-humble/commands/control_input_msgs) by extensions ['colcon_pkg']
[0.197s] Level 1:colcon.colcon_core.package_identification:_identify(src/quadruped_ros2_control-humble/commands/control_input_msgs) by extension 'colcon_pkg'
[0.197s] Level 1:colcon.colcon_core.package_identification:_identify(src/quadruped_ros2_control-humble/commands/control_input_msgs) by extensions ['colcon_meta']
[0.197s] Level 1:colcon.colcon_core.package_identification:_identify(src/quadruped_ros2_control-humble/commands/control_input_msgs) by extension 'colcon_meta'
[0.197s] Level 1:colcon.colcon_core.package_identification:_identify(src/quadruped_ros2_control-humble/commands/control_input_msgs) by extensions ['ros']
[0.197s] Level 1:colcon.colcon_core.package_identification:_identify(src/quadruped_ros2_control-humble/commands/control_input_msgs) by extension 'ros'
[0.198s] DEBUG:colcon.colcon_core.package_identification:Package 'src/quadruped_ros2_control-humble/commands/control_input_msgs' with type 'ros.ament_cmake' and name 'control_input_msgs'
[0.199s] Level 1:colcon.colcon_core.package_identification:_identify(src/quadruped_ros2_control-humble/commands/joystick_input) by extensions ['ignore', 'ignore_ament_install']
[0.199s] Level 1:colcon.colcon_core.package_identification:_identify(src/quadruped_ros2_control-humble/commands/joystick_input) by extension 'ignore'
[0.199s] Level 1:colcon.colcon_core.package_identification:_identify(src/quadruped_ros2_control-humble/commands/joystick_input) by extension 'ignore_ament_install'
[0.199s] Level 1:colcon.colcon_core.package_identification:_identify(src/quadruped_ros2_control-humble/commands/joystick_input) by extensions ['colcon_pkg']
[0.199s] Level 1:colcon.colcon_core.package_identification:_identify(src/quadruped_ros2_control-humble/commands/joystick_input) by extension 'colcon_pkg'
[0.199s] Level 1:colcon.colcon_core.package_identification:_identify(src/quadruped_ros2_control-humble/commands/joystick_input) by extensions ['colcon_meta']
[0.199s] Level 1:colcon.colcon_core.package_identification:_identify(src/quadruped_ros2_control-humble/commands/joystick_input) by extension 'colcon_meta'
[0.199s] Level 1:colcon.colcon_core.package_identification:_identify(src/quadruped_ros2_control-humble/commands/joystick_input) by extensions ['ros']
[0.199s] Level 1:colcon.colcon_core.package_identification:_identify(src/quadruped_ros2_control-humble/commands/joystick_input) by extension 'ros'
[0.199s] DEBUG:colcon.colcon_core.package_identification:Package 'src/quadruped_ros2_control-humble/commands/joystick_input' with type 'ros.ament_cmake' and name 'joystick_input'
[0.199s] Level 1:colcon.colcon_core.package_identification:_identify(src/quadruped_ros2_control-humble/commands/keyboard_input) by extensions ['ignore', 'ignore_ament_install']
[0.200s] Level 1:colcon.colcon_core.package_identification:_identify(src/quadruped_ros2_control-humble/commands/keyboard_input) by extension 'ignore'
[0.200s] Level 1:colcon.colcon_core.package_identification:_identify(src/quadruped_ros2_control-humble/commands/keyboard_input) by extension 'ignore_ament_install'
[0.200s] Level 1:colcon.colcon_core.package_identification:_identify(src/quadruped_ros2_control-humble/commands/keyboard_input) by extensions ['colcon_pkg']
[0.200s] Level 1:colcon.colcon_core.package_identification:_identify(src/quadruped_ros2_control-humble/commands/keyboard_input) by extension 'colcon_pkg'
[0.200s] Level 1:colcon.colcon_core.package_identification:_identify(src/quadruped_ros2_control-humble/commands/keyboard_input) by extensions ['colcon_meta']
[0.200s] Level 1:colcon.colcon_core.package_identification:_identify(src/quadruped_ros2_control-humble/commands/keyboard_input) by extension 'colcon_meta'
[0.200s] Level 1:colcon.colcon_core.package_identification:_identify(src/quadruped_ros2_control-humble/commands/keyboard_input) by extensions ['ros']
[0.200s] Level 1:colcon.colcon_core.package_identification:_identify(src/quadruped_ros2_control-humble/commands/keyboard_input) by extension 'ros'
[0.200s] DEBUG:colcon.colcon_core.package_identification:Package 'src/quadruped_ros2_control-humble/commands/keyboard_input' with type 'ros.ament_cmake' and name 'keyboard_input'
[0.200s] Level 1:colcon.colcon_core.package_identification:_identify(src/quadruped_ros2_control-humble/commands/unitree_joystick_input) by extensions ['ignore', 'ignore_ament_install']
[0.200s] Level 1:colcon.colcon_core.package_identification:_identify(src/quadruped_ros2_control-humble/commands/unitree_joystick_input) by extension 'ignore'
[0.200s] Level 1:colcon.colcon_core.package_identification:_identify(src/quadruped_ros2_control-humble/commands/unitree_joystick_input) by extension 'ignore_ament_install'
[0.200s] Level 1:colcon.colcon_core.package_identification:_identify(src/quadruped_ros2_control-humble/commands/unitree_joystick_input) by extensions ['colcon_pkg']
[0.200s] Level 1:colcon.colcon_core.package_identification:_identify(src/quadruped_ros2_control-humble/commands/unitree_joystick_input) by extension 'colcon_pkg'
[0.201s] Level 1:colcon.colcon_core.package_identification:_identify(src/quadruped_ros2_control-humble/commands/unitree_joystick_input) by extensions ['colcon_meta']
[0.201s] Level 1:colcon.colcon_core.package_identification:_identify(src/quadruped_ros2_control-humble/commands/unitree_joystick_input) by extension 'colcon_meta'
[0.201s] Level 1:colcon.colcon_core.package_identification:_identify(src/quadruped_ros2_control-humble/commands/unitree_joystick_input) by extensions ['ros']
[0.201s] Level 1:colcon.colcon_core.package_identification:_identify(src/quadruped_ros2_control-humble/commands/unitree_joystick_input) by extension 'ros'
[0.201s] DEBUG:colcon.colcon_core.package_identification:Package 'src/quadruped_ros2_control-humble/commands/unitree_joystick_input' with type 'ros.ament_cmake' and name 'unitree_joystick_input'
[0.201s] Level 1:colcon.colcon_core.package_identification:_identify(src/quadruped_ros2_control-humble/controllers) by extensions ['ignore', 'ignore_ament_install']
[0.201s] Level 1:colcon.colcon_core.package_identification:_identify(src/quadruped_ros2_control-humble/controllers) by extension 'ignore'
[0.201s] Level 1:colcon.colcon_core.package_identification:_identify(src/quadruped_ros2_control-humble/controllers) by extension 'ignore_ament_install'
[0.201s] Level 1:colcon.colcon_core.package_identification:_identify(src/quadruped_ros2_control-humble/controllers) by extensions ['colcon_pkg']
[0.201s] Level 1:colcon.colcon_core.package_identification:_identify(src/quadruped_ros2_control-humble/controllers) by extension 'colcon_pkg'
[0.201s] Level 1:colcon.colcon_core.package_identification:_identify(src/quadruped_ros2_control-humble/controllers) by extensions ['colcon_meta']
[0.201s] Level 1:colcon.colcon_core.package_identification:_identify(src/quadruped_ros2_control-humble/controllers) by extension 'colcon_meta'
[0.201s] Level 1:colcon.colcon_core.package_identification:_identify(src/quadruped_ros2_control-humble/controllers) by extensions ['ros']
[0.201s] Level 1:colcon.colcon_core.package_identification:_identify(src/quadruped_ros2_control-humble/controllers) by extension 'ros'
[0.201s] Level 1:colcon.colcon_core.package_identification:_identify(src/quadruped_ros2_control-humble/controllers) by extensions ['cmake', 'python']
[0.201s] Level 1:colcon.colcon_core.package_identification:_identify(src/quadruped_ros2_control-humble/controllers) by extension 'cmake'
[0.201s] Level 1:colcon.colcon_core.package_identification:_identify(src/quadruped_ros2_control-humble/controllers) by extension 'python'
[0.202s] Level 1:colcon.colcon_core.package_identification:_identify(src/quadruped_ros2_control-humble/controllers) by extensions ['python_setup_py']
[0.202s] Level 1:colcon.colcon_core.package_identification:_identify(src/quadruped_ros2_control-humble/controllers) by extension 'python_setup_py'
[0.202s] Level 1:colcon.colcon_core.package_identification:_identify(src/quadruped_ros2_control-humble/controllers/leg_pd_controller) by extensions ['ignore', 'ignore_ament_install']
[0.202s] Level 1:colcon.colcon_core.package_identification:_identify(src/quadruped_ros2_control-humble/controllers/leg_pd_controller) by extension 'ignore'
[0.202s] Level 1:colcon.colcon_core.package_identification:_identify(src/quadruped_ros2_control-humble/controllers/leg_pd_controller) by extension 'ignore_ament_install'
[0.202s] Level 1:colcon.colcon_core.package_identification:_identify(src/quadruped_ros2_control-humble/controllers/leg_pd_controller) by extensions ['colcon_pkg']
[0.202s] Level 1:colcon.colcon_core.package_identification:_identify(src/quadruped_ros2_control-humble/controllers/leg_pd_controller) by extension 'colcon_pkg'
[0.202s] Level 1:colcon.colcon_core.package_identification:_identify(src/quadruped_ros2_control-humble/controllers/leg_pd_controller) by extensions ['colcon_meta']
[0.202s] Level 1:colcon.colcon_core.package_identification:_identify(src/quadruped_ros2_control-humble/controllers/leg_pd_controller) by extension 'colcon_meta'
[0.202s] Level 1:colcon.colcon_core.package_identification:_identify(src/quadruped_ros2_control-humble/controllers/leg_pd_controller) by extensions ['ros']
[0.202s] Level 1:colcon.colcon_core.package_identification:_identify(src/quadruped_ros2_control-humble/controllers/leg_pd_controller) by extension 'ros'
[0.202s] DEBUG:colcon.colcon_core.package_identification:Package 'src/quadruped_ros2_control-humble/controllers/leg_pd_controller' with type 'ros.ament_cmake' and name 'leg_pd_controller'
[0.202s] Level 1:colcon.colcon_core.package_identification:_identify(src/quadruped_ros2_control-humble/controllers/ocs2_quadruped_controller) by extensions ['ignore', 'ignore_ament_install']
[0.202s] Level 1:colcon.colcon_core.package_identification:_identify(src/quadruped_ros2_control-humble/controllers/ocs2_quadruped_controller) by extension 'ignore'
[0.202s] Level 1:colcon.colcon_core.package_identification:_identify(src/quadruped_ros2_control-humble/controllers/ocs2_quadruped_controller) by extension 'ignore_ament_install'
[0.202s] Level 1:colcon.colcon_core.package_identification:_identify(src/quadruped_ros2_control-humble/controllers/ocs2_quadruped_controller) by extensions ['colcon_pkg']
[0.203s] Level 1:colcon.colcon_core.package_identification:_identify(src/quadruped_ros2_control-humble/controllers/ocs2_quadruped_controller) by extension 'colcon_pkg'
[0.203s] Level 1:colcon.colcon_core.package_identification:_identify(src/quadruped_ros2_control-humble/controllers/ocs2_quadruped_controller) by extensions ['colcon_meta']
[0.203s] Level 1:colcon.colcon_core.package_identification:_identify(src/quadruped_ros2_control-humble/controllers/ocs2_quadruped_controller) by extension 'colcon_meta'
[0.203s] Level 1:colcon.colcon_core.package_identification:_identify(src/quadruped_ros2_control-humble/controllers/ocs2_quadruped_controller) by extensions ['ros']
[0.203s] Level 1:colcon.colcon_core.package_identification:_identify(src/quadruped_ros2_control-humble/controllers/ocs2_quadruped_controller) by extension 'ros'
[0.204s] DEBUG:colcon.colcon_core.package_identification:Package 'src/quadruped_ros2_control-humble/controllers/ocs2_quadruped_controller' with type 'ros.ament_cmake' and name 'ocs2_quadruped_controller'
[0.204s] Level 1:colcon.colcon_core.package_identification:_identify(src/quadruped_ros2_control-humble/controllers/rl_quadruped_controller) by extensions ['ignore', 'ignore_ament_install']
[0.204s] Level 1:colcon.colcon_core.package_identification:_identify(src/quadruped_ros2_control-humble/controllers/rl_quadruped_controller) by extension 'ignore'
[0.204s] Level 1:colcon.colcon_core.package_identification:_identify(src/quadruped_ros2_control-humble/controllers/rl_quadruped_controller) by extension 'ignore_ament_install'
[0.204s] Level 1:colcon.colcon_core.package_identification:_identify(src/quadruped_ros2_control-humble/controllers/rl_quadruped_controller) by extensions ['colcon_pkg']
[0.204s] Level 1:colcon.colcon_core.package_identification:_identify(src/quadruped_ros2_control-humble/controllers/rl_quadruped_controller) by extension 'colcon_pkg'
[0.204s] Level 1:colcon.colcon_core.package_identification:_identify(src/quadruped_ros2_control-humble/controllers/rl_quadruped_controller) by extensions ['colcon_meta']
[0.204s] Level 1:colcon.colcon_core.package_identification:_identify(src/quadruped_ros2_control-humble/controllers/rl_quadruped_controller) by extension 'colcon_meta'
[0.204s] Level 1:colcon.colcon_core.package_identification:_identify(src/quadruped_ros2_control-humble/controllers/rl_quadruped_controller) by extensions ['ros']
[0.204s] Level 1:colcon.colcon_core.package_identification:_identify(src/quadruped_ros2_control-humble/controllers/rl_quadruped_controller) by extension 'ros'
[0.205s] DEBUG:colcon.colcon_core.package_identification:Package 'src/quadruped_ros2_control-humble/controllers/rl_quadruped_controller' with type 'ros.ament_cmake' and name 'rl_quadruped_controller'
[0.205s] Level 1:colcon.colcon_core.package_identification:_identify(src/quadruped_ros2_control-humble/controllers/unitree_guide_controller) by extensions ['ignore', 'ignore_ament_install']
[0.205s] Level 1:colcon.colcon_core.package_identification:_identify(src/quadruped_ros2_control-humble/controllers/unitree_guide_controller) by extension 'ignore'
[0.205s] Level 1:colcon.colcon_core.package_identification:_identify(src/quadruped_ros2_control-humble/controllers/unitree_guide_controller) by extension 'ignore_ament_install'
[0.205s] Level 1:colcon.colcon_core.package_identification:_identify(src/quadruped_ros2_control-humble/controllers/unitree_guide_controller) by extensions ['colcon_pkg']
[0.205s] Level 1:colcon.colcon_core.package_identification:_identify(src/quadruped_ros2_control-humble/controllers/unitree_guide_controller) by extension 'colcon_pkg'
[0.205s] Level 1:colcon.colcon_core.package_identification:_identify(src/quadruped_ros2_control-humble/controllers/unitree_guide_controller) by extensions ['colcon_meta']
[0.205s] Level 1:colcon.colcon_core.package_identification:_identify(src/quadruped_ros2_control-humble/controllers/unitree_guide_controller) by extension 'colcon_meta'
[0.205s] Level 1:colcon.colcon_core.package_identification:_identify(src/quadruped_ros2_control-humble/controllers/unitree_guide_controller) by extensions ['ros']
[0.205s] Level 1:colcon.colcon_core.package_identification:_identify(src/quadruped_ros2_control-humble/controllers/unitree_guide_controller) by extension 'ros'
[0.205s] DEBUG:colcon.colcon_core.package_identification:Package 'src/quadruped_ros2_control-humble/controllers/unitree_guide_controller' with type 'ros.ament_cmake' and name 'unitree_guide_controller'
[0.205s] Level 1:colcon.colcon_core.package_identification:_identify(src/quadruped_ros2_control-humble/descriptions) by extensions ['ignore', 'ignore_ament_install']
[0.206s] Level 1:colcon.colcon_core.package_identification:_identify(src/quadruped_ros2_control-humble/descriptions) by extension 'ignore'
[0.206s] Level 1:colcon.colcon_core.package_identification:_identify(src/quadruped_ros2_control-humble/descriptions) by extension 'ignore_ament_install'
[0.206s] Level 1:colcon.colcon_core.package_identification:_identify(src/quadruped_ros2_control-humble/descriptions) by extensions ['colcon_pkg']
[0.206s] Level 1:colcon.colcon_core.package_identification:_identify(src/quadruped_ros2_control-humble/descriptions) by extension 'colcon_pkg'
[0.206s] Level 1:colcon.colcon_core.package_identification:_identify(src/quadruped_ros2_control-humble/descriptions) by extensions ['colcon_meta']
[0.206s] Level 1:colcon.colcon_core.package_identification:_identify(src/quadruped_ros2_control-humble/descriptions) by extension 'colcon_meta'
[0.206s] Level 1:colcon.colcon_core.package_identification:_identify(src/quadruped_ros2_control-humble/descriptions) by extensions ['ros']
[0.206s] Level 1:colcon.colcon_core.package_identification:_identify(src/quadruped_ros2_control-humble/descriptions) by extension 'ros'
[0.206s] Level 1:colcon.colcon_core.package_identification:_identify(src/quadruped_ros2_control-humble/descriptions) by extensions ['cmake', 'python']
[0.206s] Level 1:colcon.colcon_core.package_identification:_identify(src/quadruped_ros2_control-humble/descriptions) by extension 'cmake'
[0.206s] Level 1:colcon.colcon_core.package_identification:_identify(src/quadruped_ros2_control-humble/descriptions) by extension 'python'
[0.206s] Level 1:colcon.colcon_core.package_identification:_identify(src/quadruped_ros2_control-humble/descriptions) by extensions ['python_setup_py']
[0.206s] Level 1:colcon.colcon_core.package_identification:_identify(src/quadruped_ros2_control-humble/descriptions) by extension 'python_setup_py'
[0.206s] Level 1:colcon.colcon_core.package_identification:_identify(src/quadruped_ros2_control-humble/descriptions/anybotics) by extensions ['ignore', 'ignore_ament_install']
[0.206s] Level 1:colcon.colcon_core.package_identification:_identify(src/quadruped_ros2_control-humble/descriptions/anybotics) by extension 'ignore'
[0.206s] Level 1:colcon.colcon_core.package_identification:_identify(src/quadruped_ros2_control-humble/descriptions/anybotics) by extension 'ignore_ament_install'
[0.206s] Level 1:colcon.colcon_core.package_identification:_identify(src/quadruped_ros2_control-humble/descriptions/anybotics) by extensions ['colcon_pkg']
[0.206s] Level 1:colcon.colcon_core.package_identification:_identify(src/quadruped_ros2_control-humble/descriptions/anybotics) by extension 'colcon_pkg'
[0.206s] Level 1:colcon.colcon_core.package_identification:_identify(src/quadruped_ros2_control-humble/descriptions/anybotics) by extensions ['colcon_meta']
[0.206s] Level 1:colcon.colcon_core.package_identification:_identify(src/quadruped_ros2_control-humble/descriptions/anybotics) by extension 'colcon_meta'
[0.206s] Level 1:colcon.colcon_core.package_identification:_identify(src/quadruped_ros2_control-humble/descriptions/anybotics) by extensions ['ros']
[0.206s] Level 1:colcon.colcon_core.package_identification:_identify(src/quadruped_ros2_control-humble/descriptions/anybotics) by extension 'ros'
[0.206s] Level 1:colcon.colcon_core.package_identification:_identify(src/quadruped_ros2_control-humble/descriptions/anybotics) by extensions ['cmake', 'python']
[0.206s] Level 1:colcon.colcon_core.package_identification:_identify(src/quadruped_ros2_control-humble/descriptions/anybotics) by extension 'cmake'
[0.206s] Level 1:colcon.colcon_core.package_identification:_identify(src/quadruped_ros2_control-humble/descriptions/anybotics) by extension 'python'
[0.206s] Level 1:colcon.colcon_core.package_identification:_identify(src/quadruped_ros2_control-humble/descriptions/anybotics) by extensions ['python_setup_py']
[0.206s] Level 1:colcon.colcon_core.package_identification:_identify(src/quadruped_ros2_control-humble/descriptions/anybotics) by extension 'python_setup_py'
[0.206s] Level 1:colcon.colcon_core.package_identification:_identify(src/quadruped_ros2_control-humble/descriptions/anybotics/anymal_c_description) by extensions ['ignore', 'ignore_ament_install']
[0.206s] Level 1:colcon.colcon_core.package_identification:_identify(src/quadruped_ros2_control-humble/descriptions/anybotics/anymal_c_description) by extension 'ignore'
[0.206s] Level 1:colcon.colcon_core.package_identification:_identify(src/quadruped_ros2_control-humble/descriptions/anybotics/anymal_c_description) by extension 'ignore_ament_install'
[0.206s] Level 1:colcon.colcon_core.package_identification:_identify(src/quadruped_ros2_control-humble/descriptions/anybotics/anymal_c_description) by extensions ['colcon_pkg']
[0.206s] Level 1:colcon.colcon_core.package_identification:_identify(src/quadruped_ros2_control-humble/descriptions/anybotics/anymal_c_description) by extension 'colcon_pkg'
[0.206s] Level 1:colcon.colcon_core.package_identification:_identify(src/quadruped_ros2_control-humble/descriptions/anybotics/anymal_c_description) by extensions ['colcon_meta']
[0.206s] Level 1:colcon.colcon_core.package_identification:_identify(src/quadruped_ros2_control-humble/descriptions/anybotics/anymal_c_description) by extension 'colcon_meta'
[0.207s] Level 1:colcon.colcon_core.package_identification:_identify(src/quadruped_ros2_control-humble/descriptions/anybotics/anymal_c_description) by extensions ['ros']
[0.207s] Level 1:colcon.colcon_core.package_identification:_identify(src/quadruped_ros2_control-humble/descriptions/anybotics/anymal_c_description) by extension 'ros'
[0.207s] DEBUG:colcon.colcon_core.package_identification:Package 'src/quadruped_ros2_control-humble/descriptions/anybotics/anymal_c_description' with type 'ros.ament_cmake' and name 'anymal_c_description'
[0.207s] Level 1:colcon.colcon_core.package_identification:_identify(src/quadruped_ros2_control-humble/descriptions/deep_robotics) by extensions ['ignore', 'ignore_ament_install']
[0.207s] Level 1:colcon.colcon_core.package_identification:_identify(src/quadruped_ros2_control-humble/descriptions/deep_robotics) by extension 'ignore'
[0.207s] Level 1:colcon.colcon_core.package_identification:_identify(src/quadruped_ros2_control-humble/descriptions/deep_robotics) by extension 'ignore_ament_install'
[0.207s] Level 1:colcon.colcon_core.package_identification:_identify(src/quadruped_ros2_control-humble/descriptions/deep_robotics) by extensions ['colcon_pkg']
[0.207s] Level 1:colcon.colcon_core.package_identification:_identify(src/quadruped_ros2_control-humble/descriptions/deep_robotics) by extension 'colcon_pkg'
[0.207s] Level 1:colcon.colcon_core.package_identification:_identify(src/quadruped_ros2_control-humble/descriptions/deep_robotics) by extensions ['colcon_meta']
[0.207s] Level 1:colcon.colcon_core.package_identification:_identify(src/quadruped_ros2_control-humble/descriptions/deep_robotics) by extension 'colcon_meta'
[0.207s] Level 1:colcon.colcon_core.package_identification:_identify(src/quadruped_ros2_control-humble/descriptions/deep_robotics) by extensions ['ros']
[0.207s] Level 1:colcon.colcon_core.package_identification:_identify(src/quadruped_ros2_control-humble/descriptions/deep_robotics) by extension 'ros'
[0.207s] Level 1:colcon.colcon_core.package_identification:_identify(src/quadruped_ros2_control-humble/descriptions/deep_robotics) by extensions ['cmake', 'python']
[0.207s] Level 1:colcon.colcon_core.package_identification:_identify(src/quadruped_ros2_control-humble/descriptions/deep_robotics) by extension 'cmake'
[0.207s] Level 1:colcon.colcon_core.package_identification:_identify(src/quadruped_ros2_control-humble/descriptions/deep_robotics) by extension 'python'
[0.207s] Level 1:colcon.colcon_core.package_identification:_identify(src/quadruped_ros2_control-humble/descriptions/deep_robotics) by extensions ['python_setup_py']
[0.207s] Level 1:colcon.colcon_core.package_identification:_identify(src/quadruped_ros2_control-humble/descriptions/deep_robotics) by extension 'python_setup_py'
[0.208s] Level 1:colcon.colcon_core.package_identification:_identify(src/quadruped_ros2_control-humble/descriptions/deep_robotics/lite3_description) by extensions ['ignore', 'ignore_ament_install']
[0.208s] Level 1:colcon.colcon_core.package_identification:_identify(src/quadruped_ros2_control-humble/descriptions/deep_robotics/lite3_description) by extension 'ignore'
[0.208s] Level 1:colcon.colcon_core.package_identification:_identify(src/quadruped_ros2_control-humble/descriptions/deep_robotics/lite3_description) by extension 'ignore_ament_install'
[0.208s] Level 1:colcon.colcon_core.package_identification:_identify(src/quadruped_ros2_control-humble/descriptions/deep_robotics/lite3_description) by extensions ['colcon_pkg']
[0.208s] Level 1:colcon.colcon_core.package_identification:_identify(src/quadruped_ros2_control-humble/descriptions/deep_robotics/lite3_description) by extension 'colcon_pkg'
[0.208s] Level 1:colcon.colcon_core.package_identification:_identify(src/quadruped_ros2_control-humble/descriptions/deep_robotics/lite3_description) by extensions ['colcon_meta']
[0.208s] Level 1:colcon.colcon_core.package_identification:_identify(src/quadruped_ros2_control-humble/descriptions/deep_robotics/lite3_description) by extension 'colcon_meta'
[0.208s] Level 1:colcon.colcon_core.package_identification:_identify(src/quadruped_ros2_control-humble/descriptions/deep_robotics/lite3_description) by extensions ['ros']
[0.208s] Level 1:colcon.colcon_core.package_identification:_identify(src/quadruped_ros2_control-humble/descriptions/deep_robotics/lite3_description) by extension 'ros'
[0.208s] DEBUG:colcon.colcon_core.package_identification:Package 'src/quadruped_ros2_control-humble/descriptions/deep_robotics/lite3_description' with type 'ros.ament_cmake' and name 'lite3_description'
[0.208s] Level 1:colcon.colcon_core.package_identification:_identify(src/quadruped_ros2_control-humble/descriptions/deep_robotics/x30_description) by extensions ['ignore', 'ignore_ament_install']
[0.208s] Level 1:colcon.colcon_core.package_identification:_identify(src/quadruped_ros2_control-humble/descriptions/deep_robotics/x30_description) by extension 'ignore'
[0.208s] Level 1:colcon.colcon_core.package_identification:_identify(src/quadruped_ros2_control-humble/descriptions/deep_robotics/x30_description) by extension 'ignore_ament_install'
[0.208s] Level 1:colcon.colcon_core.package_identification:_identify(src/quadruped_ros2_control-humble/descriptions/deep_robotics/x30_description) by extensions ['colcon_pkg']
[0.208s] Level 1:colcon.colcon_core.package_identification:_identify(src/quadruped_ros2_control-humble/descriptions/deep_robotics/x30_description) by extension 'colcon_pkg'
[0.208s] Level 1:colcon.colcon_core.package_identification:_identify(src/quadruped_ros2_control-humble/descriptions/deep_robotics/x30_description) by extensions ['colcon_meta']
[0.208s] Level 1:colcon.colcon_core.package_identification:_identify(src/quadruped_ros2_control-humble/descriptions/deep_robotics/x30_description) by extension 'colcon_meta'
[0.208s] Level 1:colcon.colcon_core.package_identification:_identify(src/quadruped_ros2_control-humble/descriptions/deep_robotics/x30_description) by extensions ['ros']
[0.208s] Level 1:colcon.colcon_core.package_identification:_identify(src/quadruped_ros2_control-humble/descriptions/deep_robotics/x30_description) by extension 'ros'
[0.209s] DEBUG:colcon.colcon_core.package_identification:Package 'src/quadruped_ros2_control-humble/descriptions/deep_robotics/x30_description' with type 'ros.ament_cmake' and name 'x30_description'
[0.209s] Level 1:colcon.colcon_core.package_identification:_identify(src/quadruped_ros2_control-humble/descriptions/unitree) by extensions ['ignore', 'ignore_ament_install']
[0.209s] Level 1:colcon.colcon_core.package_identification:_identify(src/quadruped_ros2_control-humble/descriptions/unitree) by extension 'ignore'
[0.209s] Level 1:colcon.colcon_core.package_identification:_identify(src/quadruped_ros2_control-humble/descriptions/unitree) by extension 'ignore_ament_install'
[0.209s] Level 1:colcon.colcon_core.package_identification:_identify(src/quadruped_ros2_control-humble/descriptions/unitree) by extensions ['colcon_pkg']
[0.209s] Level 1:colcon.colcon_core.package_identification:_identify(src/quadruped_ros2_control-humble/descriptions/unitree) by extension 'colcon_pkg'
[0.209s] Level 1:colcon.colcon_core.package_identification:_identify(src/quadruped_ros2_control-humble/descriptions/unitree) by extensions ['colcon_meta']
[0.209s] Level 1:colcon.colcon_core.package_identification:_identify(src/quadruped_ros2_control-humble/descriptions/unitree) by extension 'colcon_meta'
[0.209s] Level 1:colcon.colcon_core.package_identification:_identify(src/quadruped_ros2_control-humble/descriptions/unitree) by extensions ['ros']
[0.209s] Level 1:colcon.colcon_core.package_identification:_identify(src/quadruped_ros2_control-humble/descriptions/unitree) by extension 'ros'
[0.209s] Level 1:colcon.colcon_core.package_identification:_identify(src/quadruped_ros2_control-humble/descriptions/unitree) by extensions ['cmake', 'python']
[0.209s] Level 1:colcon.colcon_core.package_identification:_identify(src/quadruped_ros2_control-humble/descriptions/unitree) by extension 'cmake'
[0.209s] Level 1:colcon.colcon_core.package_identification:_identify(src/quadruped_ros2_control-humble/descriptions/unitree) by extension 'python'
[0.209s] Level 1:colcon.colcon_core.package_identification:_identify(src/quadruped_ros2_control-humble/descriptions/unitree) by extensions ['python_setup_py']
[0.209s] Level 1:colcon.colcon_core.package_identification:_identify(src/quadruped_ros2_control-humble/descriptions/unitree) by extension 'python_setup_py'
[0.209s] Level 1:colcon.colcon_core.package_identification:_identify(src/quadruped_ros2_control-humble/descriptions/unitree/a1_description) by extensions ['ignore', 'ignore_ament_install']
[0.209s] Level 1:colcon.colcon_core.package_identification:_identify(src/quadruped_ros2_control-humble/descriptions/unitree/a1_description) by extension 'ignore'
[0.210s] Level 1:colcon.colcon_core.package_identification:_identify(src/quadruped_ros2_control-humble/descriptions/unitree/a1_description) by extension 'ignore_ament_install'
[0.210s] Level 1:colcon.colcon_core.package_identification:_identify(src/quadruped_ros2_control-humble/descriptions/unitree/a1_description) by extensions ['colcon_pkg']
[0.210s] Level 1:colcon.colcon_core.package_identification:_identify(src/quadruped_ros2_control-humble/descriptions/unitree/a1_description) by extension 'colcon_pkg'
[0.210s] Level 1:colcon.colcon_core.package_identification:_identify(src/quadruped_ros2_control-humble/descriptions/unitree/a1_description) by extensions ['colcon_meta']
[0.210s] Level 1:colcon.colcon_core.package_identification:_identify(src/quadruped_ros2_control-humble/descriptions/unitree/a1_description) by extension 'colcon_meta'
[0.210s] Level 1:colcon.colcon_core.package_identification:_identify(src/quadruped_ros2_control-humble/descriptions/unitree/a1_description) by extensions ['ros']
[0.210s] Level 1:colcon.colcon_core.package_identification:_identify(src/quadruped_ros2_control-humble/descriptions/unitree/a1_description) by extension 'ros'
[0.210s] DEBUG:colcon.colcon_core.package_identification:Package 'src/quadruped_ros2_control-humble/descriptions/unitree/a1_description' with type 'ros.ament_cmake' and name 'a1_description'
[0.210s] Level 1:colcon.colcon_core.package_identification:_identify(src/quadruped_ros2_control-humble/descriptions/unitree/aliengo_description) by extensions ['ignore', 'ignore_ament_install']
[0.210s] Level 1:colcon.colcon_core.package_identification:_identify(src/quadruped_ros2_control-humble/descriptions/unitree/aliengo_description) by extension 'ignore'
[0.210s] Level 1:colcon.colcon_core.package_identification:_identify(src/quadruped_ros2_control-humble/descriptions/unitree/aliengo_description) by extension 'ignore_ament_install'
[0.210s] Level 1:colcon.colcon_core.package_identification:_identify(src/quadruped_ros2_control-humble/descriptions/unitree/aliengo_description) by extensions ['colcon_pkg']
[0.210s] Level 1:colcon.colcon_core.package_identification:_identify(src/quadruped_ros2_control-humble/descriptions/unitree/aliengo_description) by extension 'colcon_pkg'
[0.210s] Level 1:colcon.colcon_core.package_identification:_identify(src/quadruped_ros2_control-humble/descriptions/unitree/aliengo_description) by extensions ['colcon_meta']
[0.210s] Level 1:colcon.colcon_core.package_identification:_identify(src/quadruped_ros2_control-humble/descriptions/unitree/aliengo_description) by extension 'colcon_meta'
[0.210s] Level 1:colcon.colcon_core.package_identification:_identify(src/quadruped_ros2_control-humble/descriptions/unitree/aliengo_description) by extensions ['ros']
[0.210s] Level 1:colcon.colcon_core.package_identification:_identify(src/quadruped_ros2_control-humble/descriptions/unitree/aliengo_description) by extension 'ros'
[0.211s] DEBUG:colcon.colcon_core.package_identification:Package 'src/quadruped_ros2_control-humble/descriptions/unitree/aliengo_description' with type 'ros.ament_cmake' and name 'aliengo_description'
[0.211s] Level 1:colcon.colcon_core.package_identification:_identify(src/quadruped_ros2_control-humble/descriptions/unitree/b2_description) by extensions ['ignore', 'ignore_ament_install']
[0.211s] Level 1:colcon.colcon_core.package_identification:_identify(src/quadruped_ros2_control-humble/descriptions/unitree/b2_description) by extension 'ignore'
[0.211s] Level 1:colcon.colcon_core.package_identification:_identify(src/quadruped_ros2_control-humble/descriptions/unitree/b2_description) by extension 'ignore_ament_install'
[0.211s] Level 1:colcon.colcon_core.package_identification:_identify(src/quadruped_ros2_control-humble/descriptions/unitree/b2_description) by extensions ['colcon_pkg']
[0.211s] Level 1:colcon.colcon_core.package_identification:_identify(src/quadruped_ros2_control-humble/descriptions/unitree/b2_description) by extension 'colcon_pkg'
[0.211s] Level 1:colcon.colcon_core.package_identification:_identify(src/quadruped_ros2_control-humble/descriptions/unitree/b2_description) by extensions ['colcon_meta']
[0.211s] Level 1:colcon.colcon_core.package_identification:_identify(src/quadruped_ros2_control-humble/descriptions/unitree/b2_description) by extension 'colcon_meta'
[0.211s] Level 1:colcon.colcon_core.package_identification:_identify(src/quadruped_ros2_control-humble/descriptions/unitree/b2_description) by extensions ['ros']
[0.211s] Level 1:colcon.colcon_core.package_identification:_identify(src/quadruped_ros2_control-humble/descriptions/unitree/b2_description) by extension 'ros'
[0.212s] DEBUG:colcon.colcon_core.package_identification:Package 'src/quadruped_ros2_control-humble/descriptions/unitree/b2_description' with type 'ros.ament_cmake' and name 'b2_description'
[0.212s] Level 1:colcon.colcon_core.package_identification:_identify(src/quadruped_ros2_control-humble/descriptions/unitree/go1_description) by extensions ['ignore', 'ignore_ament_install']
[0.212s] Level 1:colcon.colcon_core.package_identification:_identify(src/quadruped_ros2_control-humble/descriptions/unitree/go1_description) by extension 'ignore'
[0.212s] Level 1:colcon.colcon_core.package_identification:_identify(src/quadruped_ros2_control-humble/descriptions/unitree/go1_description) by extension 'ignore_ament_install'
[0.212s] Level 1:colcon.colcon_core.package_identification:_identify(src/quadruped_ros2_control-humble/descriptions/unitree/go1_description) by extensions ['colcon_pkg']
[0.212s] Level 1:colcon.colcon_core.package_identification:_identify(src/quadruped_ros2_control-humble/descriptions/unitree/go1_description) by extension 'colcon_pkg'
[0.212s] Level 1:colcon.colcon_core.package_identification:_identify(src/quadruped_ros2_control-humble/descriptions/unitree/go1_description) by extensions ['colcon_meta']
[0.212s] Level 1:colcon.colcon_core.package_identification:_identify(src/quadruped_ros2_control-humble/descriptions/unitree/go1_description) by extension 'colcon_meta'
[0.212s] Level 1:colcon.colcon_core.package_identification:_identify(src/quadruped_ros2_control-humble/descriptions/unitree/go1_description) by extensions ['ros']
[0.212s] Level 1:colcon.colcon_core.package_identification:_identify(src/quadruped_ros2_control-humble/descriptions/unitree/go1_description) by extension 'ros'
[0.212s] DEBUG:colcon.colcon_core.package_identification:Package 'src/quadruped_ros2_control-humble/descriptions/unitree/go1_description' with type 'ros.ament_cmake' and name 'go1_description'
[0.212s] Level 1:colcon.colcon_core.package_identification:_identify(src/quadruped_ros2_control-humble/descriptions/unitree/go2_description) by extensions ['ignore', 'ignore_ament_install']
[0.212s] Level 1:colcon.colcon_core.package_identification:_identify(src/quadruped_ros2_control-humble/descriptions/unitree/go2_description) by extension 'ignore'
[0.212s] Level 1:colcon.colcon_core.package_identification:_identify(src/quadruped_ros2_control-humble/descriptions/unitree/go2_description) by extension 'ignore_ament_install'
[0.212s] Level 1:colcon.colcon_core.package_identification:_identify(src/quadruped_ros2_control-humble/descriptions/unitree/go2_description) by extensions ['colcon_pkg']
[0.213s] Level 1:colcon.colcon_core.package_identification:_identify(src/quadruped_ros2_control-humble/descriptions/unitree/go2_description) by extension 'colcon_pkg'
[0.213s] Level 1:colcon.colcon_core.package_identification:_identify(src/quadruped_ros2_control-humble/descriptions/unitree/go2_description) by extensions ['colcon_meta']
[0.213s] Level 1:colcon.colcon_core.package_identification:_identify(src/quadruped_ros2_control-humble/descriptions/unitree/go2_description) by extension 'colcon_meta'
[0.213s] Level 1:colcon.colcon_core.package_identification:_identify(src/quadruped_ros2_control-humble/descriptions/unitree/go2_description) by extensions ['ros']
[0.213s] Level 1:colcon.colcon_core.package_identification:_identify(src/quadruped_ros2_control-humble/descriptions/unitree/go2_description) by extension 'ros'
[0.213s] DEBUG:colcon.colcon_core.package_identification:Package 'src/quadruped_ros2_control-humble/descriptions/unitree/go2_description' with type 'ros.ament_cmake' and name 'go2_description'
[0.213s] Level 1:colcon.colcon_core.package_identification:_identify(src/quadruped_ros2_control-humble/descriptions/xiaomi) by extensions ['ignore', 'ignore_ament_install']
[0.213s] Level 1:colcon.colcon_core.package_identification:_identify(src/quadruped_ros2_control-humble/descriptions/xiaomi) by extension 'ignore'
[0.213s] Level 1:colcon.colcon_core.package_identification:_identify(src/quadruped_ros2_control-humble/descriptions/xiaomi) by extension 'ignore_ament_install'
[0.213s] Level 1:colcon.colcon_core.package_identification:_identify(src/quadruped_ros2_control-humble/descriptions/xiaomi) by extensions ['colcon_pkg']
[0.213s] Level 1:colcon.colcon_core.package_identification:_identify(src/quadruped_ros2_control-humble/descriptions/xiaomi) by extension 'colcon_pkg'
[0.213s] Level 1:colcon.colcon_core.package_identification:_identify(src/quadruped_ros2_control-humble/descriptions/xiaomi) by extensions ['colcon_meta']
[0.213s] Level 1:colcon.colcon_core.package_identification:_identify(src/quadruped_ros2_control-humble/descriptions/xiaomi) by extension 'colcon_meta'
[0.213s] Level 1:colcon.colcon_core.package_identification:_identify(src/quadruped_ros2_control-humble/descriptions/xiaomi) by extensions ['ros']
[0.213s] Level 1:colcon.colcon_core.package_identification:_identify(src/quadruped_ros2_control-humble/descriptions/xiaomi) by extension 'ros'
[0.213s] Level 1:colcon.colcon_core.package_identification:_identify(src/quadruped_ros2_control-humble/descriptions/xiaomi) by extensions ['cmake', 'python']
[0.213s] Level 1:colcon.colcon_core.package_identification:_identify(src/quadruped_ros2_control-humble/descriptions/xiaomi) by extension 'cmake'
[0.213s] Level 1:colcon.colcon_core.package_identification:_identify(src/quadruped_ros2_control-humble/descriptions/xiaomi) by extension 'python'
[0.214s] Level 1:colcon.colcon_core.package_identification:_identify(src/quadruped_ros2_control-humble/descriptions/xiaomi) by extensions ['python_setup_py']
[0.214s] Level 1:colcon.colcon_core.package_identification:_identify(src/quadruped_ros2_control-humble/descriptions/xiaomi) by extension 'python_setup_py'
[0.214s] Level 1:colcon.colcon_core.package_identification:_identify(src/quadruped_ros2_control-humble/descriptions/xiaomi/cyberdog_description) by extensions ['ignore', 'ignore_ament_install']
[0.214s] Level 1:colcon.colcon_core.package_identification:_identify(src/quadruped_ros2_control-humble/descriptions/xiaomi/cyberdog_description) by extension 'ignore'
[0.214s] Level 1:colcon.colcon_core.package_identification:_identify(src/quadruped_ros2_control-humble/descriptions/xiaomi/cyberdog_description) by extension 'ignore_ament_install'
[0.214s] Level 1:colcon.colcon_core.package_identification:_identify(src/quadruped_ros2_control-humble/descriptions/xiaomi/cyberdog_description) by extensions ['colcon_pkg']
[0.214s] Level 1:colcon.colcon_core.package_identification:_identify(src/quadruped_ros2_control-humble/descriptions/xiaomi/cyberdog_description) by extension 'colcon_pkg'
[0.214s] Level 1:colcon.colcon_core.package_identification:_identify(src/quadruped_ros2_control-humble/descriptions/xiaomi/cyberdog_description) by extensions ['colcon_meta']
[0.214s] Level 1:colcon.colcon_core.package_identification:_identify(src/quadruped_ros2_control-humble/descriptions/xiaomi/cyberdog_description) by extension 'colcon_meta'
[0.214s] Level 1:colcon.colcon_core.package_identification:_identify(src/quadruped_ros2_control-humble/descriptions/xiaomi/cyberdog_description) by extensions ['ros']
[0.214s] Level 1:colcon.colcon_core.package_identification:_identify(src/quadruped_ros2_control-humble/descriptions/xiaomi/cyberdog_description) by extension 'ros'
[0.214s] DEBUG:colcon.colcon_core.package_identification:Package 'src/quadruped_ros2_control-humble/descriptions/xiaomi/cyberdog_description' with type 'ros.ament_cmake' and name 'cyberdog_description'
[0.214s] Level 1:colcon.colcon_core.package_identification:_identify(src/quadruped_ros2_control-humble/hardwares) by extensions ['ignore', 'ignore_ament_install']
[0.214s] Level 1:colcon.colcon_core.package_identification:_identify(src/quadruped_ros2_control-humble/hardwares) by extension 'ignore'
[0.214s] Level 1:colcon.colcon_core.package_identification:_identify(src/quadruped_ros2_control-humble/hardwares) by extension 'ignore_ament_install'
[0.214s] Level 1:colcon.colcon_core.package_identification:_identify(src/quadruped_ros2_control-humble/hardwares) by extensions ['colcon_pkg']
[0.215s] Level 1:colcon.colcon_core.package_identification:_identify(src/quadruped_ros2_control-humble/hardwares) by extension 'colcon_pkg'
[0.215s] Level 1:colcon.colcon_core.package_identification:_identify(src/quadruped_ros2_control-humble/hardwares) by extensions ['colcon_meta']
[0.215s] Level 1:colcon.colcon_core.package_identification:_identify(src/quadruped_ros2_control-humble/hardwares) by extension 'colcon_meta'
[0.215s] Level 1:colcon.colcon_core.package_identification:_identify(src/quadruped_ros2_control-humble/hardwares) by extensions ['ros']
[0.215s] Level 1:colcon.colcon_core.package_identification:_identify(src/quadruped_ros2_control-humble/hardwares) by extension 'ros'
[0.215s] Level 1:colcon.colcon_core.package_identification:_identify(src/quadruped_ros2_control-humble/hardwares) by extensions ['cmake', 'python']
[0.215s] Level 1:colcon.colcon_core.package_identification:_identify(src/quadruped_ros2_control-humble/hardwares) by extension 'cmake'
[0.215s] Level 1:colcon.colcon_core.package_identification:_identify(src/quadruped_ros2_control-humble/hardwares) by extension 'python'
[0.215s] Level 1:colcon.colcon_core.package_identification:_identify(src/quadruped_ros2_control-humble/hardwares) by extensions ['python_setup_py']
[0.215s] Level 1:colcon.colcon_core.package_identification:_identify(src/quadruped_ros2_control-humble/hardwares) by extension 'python_setup_py'
[0.215s] Level 1:colcon.colcon_core.package_identification:_identify(src/quadruped_ros2_control-humble/hardwares/gz_quadruped_hardware) by extensions ['ignore', 'ignore_ament_install']
[0.215s] Level 1:colcon.colcon_core.package_identification:_identify(src/quadruped_ros2_control-humble/hardwares/gz_quadruped_hardware) by extension 'ignore'
[0.215s] Level 1:colcon.colcon_core.package_identification:_identify(src/quadruped_ros2_control-humble/hardwares/gz_quadruped_hardware) by extension 'ignore_ament_install'
[0.215s] Level 1:colcon.colcon_core.package_identification:_identify(src/quadruped_ros2_control-humble/hardwares/gz_quadruped_hardware) by extensions ['colcon_pkg']
[0.215s] Level 1:colcon.colcon_core.package_identification:_identify(src/quadruped_ros2_control-humble/hardwares/gz_quadruped_hardware) by extension 'colcon_pkg'
[0.215s] Level 1:colcon.colcon_core.package_identification:_identify(src/quadruped_ros2_control-humble/hardwares/gz_quadruped_hardware) by extensions ['colcon_meta']
[0.215s] Level 1:colcon.colcon_core.package_identification:_identify(src/quadruped_ros2_control-humble/hardwares/gz_quadruped_hardware) by extension 'colcon_meta'
[0.215s] Level 1:colcon.colcon_core.package_identification:_identify(src/quadruped_ros2_control-humble/hardwares/gz_quadruped_hardware) by extensions ['ros']
[0.215s] Level 1:colcon.colcon_core.package_identification:_identify(src/quadruped_ros2_control-humble/hardwares/gz_quadruped_hardware) by extension 'ros'
[0.216s] DEBUG:colcon.colcon_core.package_identification:Package 'src/quadruped_ros2_control-humble/hardwares/gz_quadruped_hardware' with type 'ros.ament_cmake' and name 'gz_quadruped_hardware'
[0.216s] Level 1:colcon.colcon_core.package_identification:_identify(src/quadruped_ros2_control-humble/hardwares/hardware_unitree_mujoco) by extensions ['ignore', 'ignore_ament_install']
[0.216s] Level 1:colcon.colcon_core.package_identification:_identify(src/quadruped_ros2_control-humble/hardwares/hardware_unitree_mujoco) by extension 'ignore'
[0.216s] Level 1:colcon.colcon_core.package_identification:_identify(src/quadruped_ros2_control-humble/hardwares/hardware_unitree_mujoco) by extension 'ignore_ament_install'
[0.216s] Level 1:colcon.colcon_core.package_identification:_identify(src/quadruped_ros2_control-humble/hardwares/hardware_unitree_mujoco) by extensions ['colcon_pkg']
[0.216s] Level 1:colcon.colcon_core.package_identification:_identify(src/quadruped_ros2_control-humble/hardwares/hardware_unitree_mujoco) by extension 'colcon_pkg'
[0.216s] Level 1:colcon.colcon_core.package_identification:_identify(src/quadruped_ros2_control-humble/hardwares/hardware_unitree_mujoco) by extensions ['colcon_meta']
[0.216s] Level 1:colcon.colcon_core.package_identification:_identify(src/quadruped_ros2_control-humble/hardwares/hardware_unitree_mujoco) by extension 'colcon_meta'
[0.216s] Level 1:colcon.colcon_core.package_identification:_identify(src/quadruped_ros2_control-humble/hardwares/hardware_unitree_mujoco) by extensions ['ros']
[0.216s] Level 1:colcon.colcon_core.package_identification:_identify(src/quadruped_ros2_control-humble/hardwares/hardware_unitree_mujoco) by extension 'ros'
[0.216s] DEBUG:colcon.colcon_core.package_identification:Package 'src/quadruped_ros2_control-humble/hardwares/hardware_unitree_mujoco' with type 'ros.ament_cmake' and name 'hardware_unitree_mujoco'
[0.217s] Level 1:colcon.colcon_core.package_identification:_identify(src/quadruped_ros2_control-humble/libraries) by extensions ['ignore', 'ignore_ament_install']
[0.217s] Level 1:colcon.colcon_core.package_identification:_identify(src/quadruped_ros2_control-humble/libraries) by extension 'ignore'
[0.217s] Level 1:colcon.colcon_core.package_identification:_identify(src/quadruped_ros2_control-humble/libraries) by extension 'ignore_ament_install'
[0.217s] Level 1:colcon.colcon_core.package_identification:_identify(src/quadruped_ros2_control-humble/libraries) by extensions ['colcon_pkg']
[0.217s] Level 1:colcon.colcon_core.package_identification:_identify(src/quadruped_ros2_control-humble/libraries) by extension 'colcon_pkg'
[0.217s] Level 1:colcon.colcon_core.package_identification:_identify(src/quadruped_ros2_control-humble/libraries) by extensions ['colcon_meta']
[0.217s] Level 1:colcon.colcon_core.package_identification:_identify(src/quadruped_ros2_control-humble/libraries) by extension 'colcon_meta'
[0.217s] Level 1:colcon.colcon_core.package_identification:_identify(src/quadruped_ros2_control-humble/libraries) by extensions ['ros']
[0.217s] Level 1:colcon.colcon_core.package_identification:_identify(src/quadruped_ros2_control-humble/libraries) by extension 'ros'
[0.217s] Level 1:colcon.colcon_core.package_identification:_identify(src/quadruped_ros2_control-humble/libraries) by extensions ['cmake', 'python']
[0.217s] Level 1:colcon.colcon_core.package_identification:_identify(src/quadruped_ros2_control-humble/libraries) by extension 'cmake'
[0.217s] Level 1:colcon.colcon_core.package_identification:_identify(src/quadruped_ros2_control-humble/libraries) by extension 'python'
[0.217s] Level 1:colcon.colcon_core.package_identification:_identify(src/quadruped_ros2_control-humble/libraries) by extensions ['python_setup_py']
[0.217s] Level 1:colcon.colcon_core.package_identification:_identify(src/quadruped_ros2_control-humble/libraries) by extension 'python_setup_py'
[0.217s] Level 1:colcon.colcon_core.package_identification:_identify(src/quadruped_ros2_control-humble/libraries/controller_common) by extensions ['ignore', 'ignore_ament_install']
[0.217s] Level 1:colcon.colcon_core.package_identification:_identify(src/quadruped_ros2_control-humble/libraries/controller_common) by extension 'ignore'
[0.217s] Level 1:colcon.colcon_core.package_identification:_identify(src/quadruped_ros2_control-humble/libraries/controller_common) by extension 'ignore_ament_install'
[0.217s] Level 1:colcon.colcon_core.package_identification:_identify(src/quadruped_ros2_control-humble/libraries/controller_common) by extensions ['colcon_pkg']
[0.217s] Level 1:colcon.colcon_core.package_identification:_identify(src/quadruped_ros2_control-humble/libraries/controller_common) by extension 'colcon_pkg'
[0.217s] Level 1:colcon.colcon_core.package_identification:_identify(src/quadruped_ros2_control-humble/libraries/controller_common) by extensions ['colcon_meta']
[0.217s] Level 1:colcon.colcon_core.package_identification:_identify(src/quadruped_ros2_control-humble/libraries/controller_common) by extension 'colcon_meta'
[0.217s] Level 1:colcon.colcon_core.package_identification:_identify(src/quadruped_ros2_control-humble/libraries/controller_common) by extensions ['ros']
[0.217s] Level 1:colcon.colcon_core.package_identification:_identify(src/quadruped_ros2_control-humble/libraries/controller_common) by extension 'ros'
[0.218s] DEBUG:colcon.colcon_core.package_identification:Package 'src/quadruped_ros2_control-humble/libraries/controller_common' with type 'ros.ament_cmake' and name 'controller_common'
[0.218s] Level 1:colcon.colcon_core.package_identification:_identify(src/quadruped_ros2_control-humble/libraries/gz_quadruped_playground) by extensions ['ignore', 'ignore_ament_install']
[0.218s] Level 1:colcon.colcon_core.package_identification:_identify(src/quadruped_ros2_control-humble/libraries/gz_quadruped_playground) by extension 'ignore'
[0.218s] Level 1:colcon.colcon_core.package_identification:_identify(src/quadruped_ros2_control-humble/libraries/gz_quadruped_playground) by extension 'ignore_ament_install'
[0.218s] Level 1:colcon.colcon_core.package_identification:_identify(src/quadruped_ros2_control-humble/libraries/gz_quadruped_playground) by extensions ['colcon_pkg']
[0.218s] Level 1:colcon.colcon_core.package_identification:_identify(src/quadruped_ros2_control-humble/libraries/gz_quadruped_playground) by extension 'colcon_pkg'
[0.218s] Level 1:colcon.colcon_core.package_identification:_identify(src/quadruped_ros2_control-humble/libraries/gz_quadruped_playground) by extensions ['colcon_meta']
[0.218s] Level 1:colcon.colcon_core.package_identification:_identify(src/quadruped_ros2_control-humble/libraries/gz_quadruped_playground) by extension 'colcon_meta'
[0.218s] Level 1:colcon.colcon_core.package_identification:_identify(src/quadruped_ros2_control-humble/libraries/gz_quadruped_playground) by extensions ['ros']
[0.218s] Level 1:colcon.colcon_core.package_identification:_identify(src/quadruped_ros2_control-humble/libraries/gz_quadruped_playground) by extension 'ros'
[0.219s] DEBUG:colcon.colcon_core.package_identification:Package 'src/quadruped_ros2_control-humble/libraries/gz_quadruped_playground' with type 'ros.ament_cmake' and name 'gz_quadruped_playground'
[0.219s] Level 1:colcon.colcon_core.package_identification:_identify(src/quadruped_ros2_control-humble/libraries/qpoases_colcon) by extensions ['ignore', 'ignore_ament_install']
[0.219s] Level 1:colcon.colcon_core.package_identification:_identify(src/quadruped_ros2_control-humble/libraries/qpoases_colcon) by extension 'ignore'
[0.219s] Level 1:colcon.colcon_core.package_identification:_identify(src/quadruped_ros2_control-humble/libraries/qpoases_colcon) by extension 'ignore_ament_install'
[0.219s] Level 1:colcon.colcon_core.package_identification:_identify(src/quadruped_ros2_control-humble/libraries/qpoases_colcon) by extensions ['colcon_pkg']
[0.219s] Level 1:colcon.colcon_core.package_identification:_identify(src/quadruped_ros2_control-humble/libraries/qpoases_colcon) by extension 'colcon_pkg'
[0.219s] Level 1:colcon.colcon_core.package_identification:_identify(src/quadruped_ros2_control-humble/libraries/qpoases_colcon) by extensions ['colcon_meta']
[0.219s] Level 1:colcon.colcon_core.package_identification:_identify(src/quadruped_ros2_control-humble/libraries/qpoases_colcon) by extension 'colcon_meta'
[0.219s] Level 1:colcon.colcon_core.package_identification:_identify(src/quadruped_ros2_control-humble/libraries/qpoases_colcon) by extensions ['ros']
[0.219s] Level 1:colcon.colcon_core.package_identification:_identify(src/quadruped_ros2_control-humble/libraries/qpoases_colcon) by extension 'ros'
[0.219s] DEBUG:colcon.colcon_core.package_identification:Package 'src/quadruped_ros2_control-humble/libraries/qpoases_colcon' with type 'ros.ament_cmake' and name 'qpoases_colcon'
[0.219s] Level 1:colcon.colcon_core.package_identification:_identify(src/unitree_sdk2) by extensions ['ignore', 'ignore_ament_install']
[0.220s] Level 1:colcon.colcon_core.package_identification:_identify(src/unitree_sdk2) by extension 'ignore'
[0.220s] Level 1:colcon.colcon_core.package_identification:_identify(src/unitree_sdk2) by extension 'ignore_ament_install'
[0.220s] Level 1:colcon.colcon_core.package_identification:_identify(src/unitree_sdk2) by extensions ['colcon_pkg']
[0.220s] Level 1:colcon.colcon_core.package_identification:_identify(src/unitree_sdk2) by extension 'colcon_pkg'
[0.220s] Level 1:colcon.colcon_core.package_identification:_identify(src/unitree_sdk2) by extensions ['colcon_meta']
[0.220s] Level 1:colcon.colcon_core.package_identification:_identify(src/unitree_sdk2) by extension 'colcon_meta'
[0.220s] Level 1:colcon.colcon_core.package_identification:_identify(src/unitree_sdk2) by extensions ['ros']
[0.220s] Level 1:colcon.colcon_core.package_identification:_identify(src/unitree_sdk2) by extension 'ros'
[0.220s] Level 1:colcon.colcon_core.package_identification:_identify(src/unitree_sdk2) by extensions ['cmake', 'python']
[0.220s] Level 1:colcon.colcon_core.package_identification:_identify(src/unitree_sdk2) by extension 'cmake'
[0.225s] Level 1:colcon.colcon_core.package_identification:_identify(src/unitree_sdk2) by extension 'python'
[0.225s] DEBUG:colcon.colcon_core.package_identification:Package 'src/unitree_sdk2' with type 'cmake' and name 'unitree_sdk2'
[0.225s] Level 1:colcon.colcon_core.package_discovery:discover_packages(recursive) using defaults
[0.225s] Level 1:colcon.colcon_core.package_discovery:discover_packages(ignore) discover
[0.225s] Level 1:colcon.colcon_core.package_discovery:discover_packages(ignore) using defaults
[0.225s] Level 1:colcon.colcon_core.package_discovery:discover_packages(path) discover
[0.225s] Level 1:colcon.colcon_core.package_discovery:discover_packages(path) using defaults
[0.247s] INFO:colcon.colcon_core.package_selection:Skipping package 'unitree_guide_controller' in 'src/quadruped_ros2_control-humble/controllers/unitree_guide_controller'
[0.247s] INFO:colcon.colcon_core.package_selection:Skipping package 'rl_quadruped_controller' in 'src/quadruped_ros2_control-humble/controllers/rl_quadruped_controller'
[0.247s] INFO:colcon.colcon_core.package_selection:Skipping package 'ocs2_quadruped_controller' in 'src/quadruped_ros2_control-humble/controllers/ocs2_quadruped_controller'
[0.247s] INFO:colcon.colcon_core.package_selection:Skipping package 'unitree_joystick_input' in 'src/quadruped_ros2_control-humble/commands/unitree_joystick_input'
[0.247s] INFO:colcon.colcon_core.package_selection:Skipping package 'keyboard_input' in 'src/quadruped_ros2_control-humble/commands/keyboard_input'
[0.247s] INFO:colcon.colcon_core.package_selection:Skipping package 'joystick_input' in 'src/quadruped_ros2_control-humble/commands/joystick_input'
[0.247s] INFO:colcon.colcon_core.package_selection:Skipping package 'gz_quadruped_playground' in 'src/quadruped_ros2_control-humble/libraries/gz_quadruped_playground'
[0.247s] INFO:colcon.colcon_core.package_selection:Skipping package 'controller_common' in 'src/quadruped_ros2_control-humble/libraries/controller_common'
[0.247s] INFO:colcon.colcon_core.package_selection:Skipping package 'x30_description' in 'src/quadruped_ros2_control-humble/descriptions/deep_robotics/x30_description'
[0.247s] INFO:colcon.colcon_core.package_selection:Skipping package 'qpoases_colcon' in 'src/quadruped_ros2_control-humble/libraries/qpoases_colcon'
[0.247s] INFO:colcon.colcon_core.package_selection:Skipping package 'lite3_description' in 'src/quadruped_ros2_control-humble/descriptions/deep_robotics/lite3_description'
[0.247s] INFO:colcon.colcon_core.package_selection:Skipping package 'leg_pd_controller' in 'src/quadruped_ros2_control-humble/controllers/leg_pd_controller'
[0.247s] INFO:colcon.colcon_core.package_selection:Skipping package 'hardware_unitree_mujoco' in 'src/quadruped_ros2_control-humble/hardwares/hardware_unitree_mujoco'
[0.247s] INFO:colcon.colcon_core.package_selection:Skipping package 'gz_quadruped_hardware' in 'src/quadruped_ros2_control-humble/hardwares/gz_quadruped_hardware'
[0.247s] INFO:colcon.colcon_core.package_selection:Skipping package 'go2_description' in 'src/quadruped_ros2_control-humble/descriptions/unitree/go2_description'
[0.247s] INFO:colcon.colcon_core.package_selection:Skipping package 'go1_description' in 'src/quadruped_ros2_control-humble/descriptions/unitree/go1_description'
[0.247s] INFO:colcon.colcon_core.package_selection:Skipping package 'cyberdog_description' in 'src/quadruped_ros2_control-humble/descriptions/xiaomi/cyberdog_description'
[0.248s] INFO:colcon.colcon_core.package_selection:Skipping package 'control_input_msgs' in 'src/quadruped_ros2_control-humble/commands/control_input_msgs'
[0.248s] INFO:colcon.colcon_core.package_selection:Skipping package 'b2_description' in 'src/quadruped_ros2_control-humble/descriptions/unitree/b2_description'
[0.248s] INFO:colcon.colcon_core.package_selection:Skipping package 'anymal_c_description' in 'src/quadruped_ros2_control-humble/descriptions/anybotics/anymal_c_description'
[0.248s] INFO:colcon.colcon_core.package_selection:Skipping package 'aliengo_description' in 'src/quadruped_ros2_control-humble/descriptions/unitree/aliengo_description'
[0.248s] INFO:colcon.colcon_core.package_selection:Skipping package 'a1_description' in 'src/quadruped_ros2_control-humble/descriptions/unitree/a1_description'
[0.248s] Level 1:colcon.colcon_core.package_discovery:discover_packages(prefix_path) check parameters
[0.248s] Level 1:colcon.colcon_core.package_discovery:discover_packages(prefix_path) discover
[0.251s] DEBUG:colcon.colcon_installed_package_information.package_discovery:Found 331 installed packages in /opt/ros/humble
[0.252s] Level 1:colcon.colcon_core.package_discovery:discover_packages(prefix_path) using defaults
[0.276s] Level 5:colcon.colcon_core.verb:set package 'unitree_sdk2' build argument 'cmake_args' from command line to 'None'
[0.276s] Level 5:colcon.colcon_core.verb:set package 'unitree_sdk2' build argument 'cmake_target' from command line to 'None'
[0.276s] Level 5:colcon.colcon_core.verb:set package 'unitree_sdk2' build argument 'cmake_target_skip_unavailable' from command line to 'False'
[0.276s] Level 5:colcon.colcon_core.verb:set package 'unitree_sdk2' build argument 'cmake_clean_cache' from command line to 'False'
[0.276s] Level 5:colcon.colcon_core.verb:set package 'unitree_sdk2' build argument 'cmake_clean_first' from command line to 'False'
[0.276s] Level 5:colcon.colcon_core.verb:set package 'unitree_sdk2' build argument 'cmake_force_configure' from command line to 'False'
[0.276s] Level 5:colcon.colcon_core.verb:set package 'unitree_sdk2' build argument 'ament_cmake_args' from command line to 'None'
[0.276s] Level 5:colcon.colcon_core.verb:set package 'unitree_sdk2' build argument 'catkin_cmake_args' from command line to 'None'
[0.276s] Level 5:colcon.colcon_core.verb:set package 'unitree_sdk2' build argument 'catkin_skip_building_tests' from command line to 'False'
[0.276s] DEBUG:colcon.colcon_core.verb:Building package 'unitree_sdk2' with the following arguments: {'ament_cmake_args': None, 'build_base': '/home/yzz/ROS2_WS/build/unitree_sdk2', 'catkin_cmake_args': None, 'catkin_skip_building_tests': False, 'cmake_args': None, 'cmake_clean_cache': False, 'cmake_clean_first': False, 'cmake_force_configure': False, 'cmake_target': None, 'cmake_target_skip_unavailable': False, 'install_base': '/home/yzz/ROS2_WS/install/unitree_sdk2', 'merge_install': False, 'path': '/home/yzz/ROS2_WS/src/unitree_sdk2', 'symlink_install': False, 'test_result_base': None}
[0.277s] INFO:colcon.colcon_core.executor:Executing jobs using 'parallel' executor
[0.277s] DEBUG:colcon.colcon_parallel_executor.executor.parallel:run_until_complete
[0.277s] INFO:colcon.colcon_cmake.task.cmake.build:Building CMake package in '/home/yzz/ROS2_WS/src/unitree_sdk2'
[0.281s] INFO:colcon.colcon_core.plugin_system:Skipping extension 'colcon_core.shell.bat': Not used on non-Windows systems
[0.281s] INFO:colcon.colcon_core.shell:Skip shell extension 'powershell' for command environment: Not usable outside of PowerShell
[0.281s] DEBUG:colcon.colcon_core.shell:Skip shell extension 'dsv' for command environment
[0.289s] DEBUG:colcon.colcon_core.event_handler.log_command:Invoking command in '/home/yzz/ROS2_WS/build/unitree_sdk2': /usr/bin/cmake /home/yzz/ROS2_WS/src/unitree_sdk2 -DCMAKE_INSTALL_PREFIX=/home/yzz/ROS2_WS/install/unitree_sdk2
[0.713s] DEBUG:colcon.colcon_core.event_handler.log_command:Invoked command in '/home/yzz/ROS2_WS/build/unitree_sdk2' returned '0': /usr/bin/cmake /home/yzz/ROS2_WS/src/unitree_sdk2 -DCMAKE_INSTALL_PREFIX=/home/yzz/ROS2_WS/install/unitree_sdk2
[0.714s] DEBUG:colcon.colcon_core.event_handler.log_command:Invoking command in '/home/yzz/ROS2_WS/build/unitree_sdk2': /usr/bin/cmake --build /home/yzz/ROS2_WS/build/unitree_sdk2 -- -j2 -l2
[84.938s] DEBUG:colcon.colcon_core.event_handler.log_command:Invoked command in '/home/yzz/ROS2_WS/build/unitree_sdk2' returned '0': /usr/bin/cmake --build /home/yzz/ROS2_WS/build/unitree_sdk2 -- -j2 -l2
[84.945s] DEBUG:colcon.colcon_core.event_handler.log_command:Invoking command in '/home/yzz/ROS2_WS/build/unitree_sdk2': /usr/bin/cmake --install /home/yzz/ROS2_WS/build/unitree_sdk2
[85.130s] Level 1:colcon.colcon_core.environment:create_environment_scripts_only(unitree_sdk2)
[85.130s] DEBUG:colcon.colcon_core.event_handler.log_command:Invoked command in '/home/yzz/ROS2_WS/build/unitree_sdk2' returned '0': /usr/bin/cmake --install /home/yzz/ROS2_WS/build/unitree_sdk2
[85.141s] Level 1:colcon.colcon_core.environment:checking '/home/yzz/ROS2_WS/install/unitree_sdk2' for CMake module files
[85.141s] Level 1:colcon.colcon_core.environment:checking '/home/yzz/ROS2_WS/install/unitree_sdk2' for CMake config files
[85.141s] Level 1:colcon.colcon_core.shell:create_environment_hook('unitree_sdk2', 'cmake_prefix_path')
[85.142s] INFO:colcon.colcon_core.shell:Creating environment hook '/home/yzz/ROS2_WS/install/unitree_sdk2/share/unitree_sdk2/hook/cmake_prefix_path.ps1'
[85.142s] INFO:colcon.colcon_core.shell:Creating environment descriptor '/home/yzz/ROS2_WS/install/unitree_sdk2/share/unitree_sdk2/hook/cmake_prefix_path.dsv'
[85.142s] INFO:colcon.colcon_core.shell:Creating environment hook '/home/yzz/ROS2_WS/install/unitree_sdk2/share/unitree_sdk2/hook/cmake_prefix_path.sh'
[85.142s] Level 1:colcon.colcon_core.environment:checking '/home/yzz/ROS2_WS/install/unitree_sdk2/lib'
[85.146s] Level 1:colcon.colcon_core.shell:create_environment_hook('unitree_sdk2', 'ld_library_path_lib')
[85.146s] INFO:colcon.colcon_core.shell:Creating environment hook '/home/yzz/ROS2_WS/install/unitree_sdk2/share/unitree_sdk2/hook/ld_library_path_lib.ps1'
[85.147s] INFO:colcon.colcon_core.shell:Creating environment descriptor '/home/yzz/ROS2_WS/install/unitree_sdk2/share/unitree_sdk2/hook/ld_library_path_lib.dsv'
[85.147s] INFO:colcon.colcon_core.shell:Creating environment hook '/home/yzz/ROS2_WS/install/unitree_sdk2/share/unitree_sdk2/hook/ld_library_path_lib.sh'
[85.147s] Level 1:colcon.colcon_core.environment:checking '/home/yzz/ROS2_WS/install/unitree_sdk2/bin'
[85.147s] Level 1:colcon.colcon_core.environment:checking '/home/yzz/ROS2_WS/install/unitree_sdk2/lib/pkgconfig/unitree_sdk2.pc'
[85.147s] Level 1:colcon.colcon_core.environment:checking '/home/yzz/ROS2_WS/install/unitree_sdk2/lib/python3.10/site-packages'
[85.147s] Level 1:colcon.colcon_core.environment:checking '/home/yzz/ROS2_WS/install/unitree_sdk2/bin'
[85.147s] INFO:colcon.colcon_core.shell:Creating package script '/home/yzz/ROS2_WS/install/unitree_sdk2/share/unitree_sdk2/package.ps1'
[85.148s] INFO:colcon.colcon_core.shell:Creating package descriptor '/home/yzz/ROS2_WS/install/unitree_sdk2/share/unitree_sdk2/package.dsv'
[85.148s] INFO:colcon.colcon_core.shell:Creating package script '/home/yzz/ROS2_WS/install/unitree_sdk2/share/unitree_sdk2/package.sh'
[85.148s] INFO:colcon.colcon_core.shell:Creating package script '/home/yzz/ROS2_WS/install/unitree_sdk2/share/unitree_sdk2/package.bash'
[85.149s] INFO:colcon.colcon_core.shell:Creating package script '/home/yzz/ROS2_WS/install/unitree_sdk2/share/unitree_sdk2/package.zsh'
[85.149s] Level 1:colcon.colcon_core.environment:create_file_with_runtime_dependencies(/home/yzz/ROS2_WS/install/unitree_sdk2/share/colcon-core/packages/unitree_sdk2)
[85.149s] DEBUG:colcon.colcon_parallel_executor.executor.parallel:closing loop
[85.150s] DEBUG:colcon.colcon_parallel_executor.executor.parallel:loop closed
[85.150s] DEBUG:colcon.colcon_parallel_executor.executor.parallel:run_until_complete finished with '0'
[85.150s] DEBUG:colcon.colcon_core.event_reactor:joining thread
[85.154s] INFO:colcon.colcon_core.plugin_system:Skipping extension 'colcon_notification.desktop_notification.terminal_notifier': Not used on non-Darwin systems
[85.154s] INFO:colcon.colcon_core.plugin_system:Skipping extension 'colcon_notification.desktop_notification.win32': Not used on non-Windows systems
[85.154s] INFO:colcon.colcon_notification.desktop_notification:Sending desktop notification using 'notify2'
[85.173s] DEBUG:colcon.colcon_core.event_reactor:joined thread
[85.173s] INFO:colcon.colcon_core.shell:Creating prefix script '/home/yzz/ROS2_WS/install/local_setup.ps1'
[85.177s] INFO:colcon.colcon_core.shell:Creating prefix util module '/home/yzz/ROS2_WS/install/_local_setup_util_ps1.py'
[85.180s] INFO:colcon.colcon_core.shell:Creating prefix chain script '/home/yzz/ROS2_WS/install/setup.ps1'
[85.183s] INFO:colcon.colcon_core.shell:Creating prefix script '/home/yzz/ROS2_WS/install/local_setup.sh'
[85.185s] INFO:colcon.colcon_core.shell:Creating prefix util module '/home/yzz/ROS2_WS/install/_local_setup_util_sh.py'
[85.186s] INFO:colcon.colcon_core.shell:Creating prefix chain script '/home/yzz/ROS2_WS/install/setup.sh'
[85.187s] INFO:colcon.colcon_core.shell:Creating prefix script '/home/yzz/ROS2_WS/install/local_setup.bash'
[85.187s] INFO:colcon.colcon_core.shell:Creating prefix chain script '/home/yzz/ROS2_WS/install/setup.bash'
[85.189s] INFO:colcon.colcon_core.shell:Creating prefix script '/home/yzz/ROS2_WS/install/local_setup.zsh'
[85.192s] INFO:colcon.colcon_core.shell:Creating prefix chain script '/home/yzz/ROS2_WS/install/setup.zsh'
