[0.014s] Invoking command in '/home/yzz/ROS2_WS/build/controller_common': AMENT_PREFIX_PATH=/home/yzz/ROS2_WS/install/control_input_msgs:${AMENT_PREFIX_PATH} CMAKE_PREFIX_PATH=/home/yzz/ROS2_WS/install/control_input_msgs:/opt/ros/humble LD_LIBRARY_PATH=/home/yzz/ROS2_WS/install/control_input_msgs/lib:${LD_LIBRARY_PATH} PYTHONPATH=/home/yzz/ROS2_WS/install/control_input_msgs/local/lib/python3.10/dist-packages:${PYTHONPATH} /usr/bin/cmake /home/yzz/ROS2_WS/src/quadruped_ros2_control-humble/libraries/controller_common -DAMENT_CMAKE_SYMLINK_INSTALL=1 -DCMAKE_INSTALL_PREFIX=/home/yzz/ROS2_WS/install/controller_common
[0.079s] -- The C compiler identification is GNU 12.3.0
[0.146s] -- The CXX compiler identification is GNU 11.4.0
[0.152s] -- Detecting C compiler ABI info
[0.217s] -- Detecting C compiler ABI info - done
[0.222s] -- Check for working C compiler: /usr/bin/cc - skipped
[0.222s] -- Detecting C compile features
[0.223s] -- Detecting C compile features - done
[0.226s] -- Detecting CXX compiler ABI info
[0.304s] -- Detecting CXX compiler ABI info - done
[0.311s] -- Check for working CXX compiler: /usr/bin/c++ - skipped
[0.311s] -- Detecting CXX compile features
[0.311s] -- Detecting CXX compile features - done
[0.315s] -- Found ament_cmake: 1.3.12 (/opt/ros/humble/share/ament_cmake/cmake)
[0.437s] -- Found Python3: /usr/bin/python3 (found version "3.10.12") found components: Interpreter 
[0.484s] -- Override CMake install command with custom implementation using symlinks instead of copying resources
[0.509s] -- Found hardware_interface: 2.52.0 (/opt/ros/humble/share/hardware_interface/cmake)
[0.585s] -- Found rosidl_generator_c: 3.1.7 (/opt/ros/humble/share/rosidl_generator_c/cmake)
[0.590s] -- Found rosidl_adapter: 3.1.7 (/opt/ros/humble/share/rosidl_adapter/cmake)
[0.597s] -- Found rosidl_generator_cpp: 3.1.7 (/opt/ros/humble/share/rosidl_generator_cpp/cmake)
[0.605s] -- Using all available rosidl_typesupport_c: rosidl_typesupport_fastrtps_c;rosidl_typesupport_introspection_c
[0.615s] -- Using all available rosidl_typesupport_cpp: rosidl_typesupport_fastrtps_cpp;rosidl_typesupport_introspection_cpp
[0.893s] -- Found rmw_implementation_cmake: 6.1.2 (/opt/ros/humble/share/rmw_implementation_cmake/cmake)
[0.894s] -- Found rmw_fastrtps_cpp: 6.2.9 (/opt/ros/humble/share/rmw_fastrtps_cpp/cmake)
[0.914s] -- Found TinyXML2 via Config file: TinyXML2_DIR-NOTFOUND
[0.958s] -- Found OpenSSL: /usr/lib/x86_64-linux-gnu/libcrypto.so (found version "3.0.2")  
[0.961s] -- Found TinyXML2 via Config file: TinyXML2_DIR-NOTFOUND
[0.969s] -- Found FastRTPS: /opt/ros/humble/include  
[0.973s] -- Found TinyXML2 via Config file: TinyXML2_DIR-NOTFOUND
[0.989s] -- Found TinyXML2 via Config file: TinyXML2_DIR-NOTFOUND
[1.002s] -- Using RMW implementation 'rmw_fastrtps_cpp' as default
[1.008s] -- Looking for pthread.h
[1.067s] -- Looking for pthread.h - found
[1.067s] -- Performing Test CMAKE_HAVE_LIBC_PTHREAD
[1.160s] -- Performing Test CMAKE_HAVE_LIBC_PTHREAD - Success
[1.160s] -- Found Threads: TRUE  
[1.207s] -- Found control_input_msgs: 0.0.0 (/home/yzz/ROS2_WS/install/control_input_msgs/share/control_input_msgs/cmake)
[1.261s] -- Configuring done
[1.291s] -- Generating done
[1.300s] -- Build files have been written to: /home/yzz/ROS2_WS/build/controller_common
[1.311s] Invoked command in '/home/yzz/ROS2_WS/build/controller_common' returned '0': AMENT_PREFIX_PATH=/home/yzz/ROS2_WS/install/control_input_msgs:${AMENT_PREFIX_PATH} CMAKE_PREFIX_PATH=/home/yzz/ROS2_WS/install/control_input_msgs:/opt/ros/humble LD_LIBRARY_PATH=/home/yzz/ROS2_WS/install/control_input_msgs/lib:${LD_LIBRARY_PATH} PYTHONPATH=/home/yzz/ROS2_WS/install/control_input_msgs/local/lib/python3.10/dist-packages:${PYTHONPATH} /usr/bin/cmake /home/yzz/ROS2_WS/src/quadruped_ros2_control-humble/libraries/controller_common -DAMENT_CMAKE_SYMLINK_INSTALL=1 -DCMAKE_INSTALL_PREFIX=/home/yzz/ROS2_WS/install/controller_common
[1.312s] Invoking command in '/home/yzz/ROS2_WS/build/controller_common': AMENT_PREFIX_PATH=/home/yzz/ROS2_WS/install/control_input_msgs:${AMENT_PREFIX_PATH} CMAKE_PREFIX_PATH=/home/yzz/ROS2_WS/install/control_input_msgs:/opt/ros/humble LD_LIBRARY_PATH=/home/yzz/ROS2_WS/install/control_input_msgs/lib:${LD_LIBRARY_PATH} PYTHONPATH=/home/yzz/ROS2_WS/install/control_input_msgs/local/lib/python3.10/dist-packages:${PYTHONPATH} /usr/bin/cmake --build /home/yzz/ROS2_WS/build/controller_common -- -j2 -l2
[1.354s] [ 25%] [32mBuilding CXX object CMakeFiles/controller_common.dir/src/FSM/BaseFixedStand.cpp.o[0m
[1.358s] [ 50%] [32mBuilding CXX object CMakeFiles/controller_common.dir/src/FSM/StatePassive.cpp.o[0m
[2.364s] [ 75%] [32mBuilding CXX object CMakeFiles/controller_common.dir/src/FSM/StateFixedDown.cpp.o[0m
[2.977s] [100%] [32m[1mLinking CXX shared library libcontroller_common.so[0m
[3.152s] [100%] Built target controller_common
[3.164s] Invoked command in '/home/yzz/ROS2_WS/build/controller_common' returned '0': AMENT_PREFIX_PATH=/home/yzz/ROS2_WS/install/control_input_msgs:${AMENT_PREFIX_PATH} CMAKE_PREFIX_PATH=/home/yzz/ROS2_WS/install/control_input_msgs:/opt/ros/humble LD_LIBRARY_PATH=/home/yzz/ROS2_WS/install/control_input_msgs/lib:${LD_LIBRARY_PATH} PYTHONPATH=/home/yzz/ROS2_WS/install/control_input_msgs/local/lib/python3.10/dist-packages:${PYTHONPATH} /usr/bin/cmake --build /home/yzz/ROS2_WS/build/controller_common -- -j2 -l2
[3.165s] Invoking command in '/home/yzz/ROS2_WS/build/controller_common': AMENT_PREFIX_PATH=/home/yzz/ROS2_WS/install/control_input_msgs:${AMENT_PREFIX_PATH} CMAKE_PREFIX_PATH=/home/yzz/ROS2_WS/install/control_input_msgs:/opt/ros/humble LD_LIBRARY_PATH=/home/yzz/ROS2_WS/install/control_input_msgs/lib:${LD_LIBRARY_PATH} PYTHONPATH=/home/yzz/ROS2_WS/install/control_input_msgs/local/lib/python3.10/dist-packages:${PYTHONPATH} /usr/bin/cmake --install /home/yzz/ROS2_WS/build/controller_common
[3.169s] -- Install configuration: "Release"
[3.170s] -- Execute custom install script
[3.170s] -- Symlinking: /home/yzz/ROS2_WS/install/controller_common/include/controller_common/controller_common/CtrlInterfaces.h
[3.177s] -- Symlinking: /home/yzz/ROS2_WS/install/controller_common/include/controller_common/controller_common/FSM/BaseFixedStand.h
[3.184s] -- Symlinking: /home/yzz/ROS2_WS/install/controller_common/include/controller_common/controller_common/FSM/FSMState.h
[3.198s] -- Symlinking: /home/yzz/ROS2_WS/install/controller_common/include/controller_common/controller_common/FSM/StateFixedDown.h
[3.214s] -- Symlinking: /home/yzz/ROS2_WS/install/controller_common/include/controller_common/controller_common/FSM/StatePassive.h
[3.227s] -- Symlinking: /home/yzz/ROS2_WS/install/controller_common/include/controller_common/controller_common/common/enumClass.h
[3.240s] -- Symlinking: /home/yzz/ROS2_WS/install/controller_common/include/controller_common/controller_common/common/mathTools.h
[3.248s] -- Symlinking: /home/yzz/ROS2_WS/install/controller_common/include/controller_common/controller_common/common/mathTypes.h
[3.254s] -- Symlinking: /home/yzz/ROS2_WS/install/controller_common/share/controller_common/environment/library_path.sh
[3.262s] -- Symlinking: /home/yzz/ROS2_WS/install/controller_common/share/controller_common/environment/library_path.dsv
[3.269s] -- Symlinking: /home/yzz/ROS2_WS/install/controller_common/share/ament_index/resource_index/package_run_dependencies/controller_common
[3.277s] -- Symlinking: /home/yzz/ROS2_WS/install/controller_common/share/ament_index/resource_index/parent_prefix_path/controller_common
[3.284s] -- Symlinking: /home/yzz/ROS2_WS/install/controller_common/share/controller_common/environment/ament_prefix_path.sh
[3.300s] -- Symlinking: /home/yzz/ROS2_WS/install/controller_common/share/controller_common/environment/ament_prefix_path.dsv
[3.313s] -- Symlinking: /home/yzz/ROS2_WS/install/controller_common/share/controller_common/environment/path.sh
[3.321s] -- Symlinking: /home/yzz/ROS2_WS/install/controller_common/share/controller_common/environment/path.dsv
[3.329s] -- Symlinking: /home/yzz/ROS2_WS/install/controller_common/share/controller_common/local_setup.bash
[3.335s] -- Symlinking: /home/yzz/ROS2_WS/install/controller_common/share/controller_common/local_setup.sh
[3.343s] -- Symlinking: /home/yzz/ROS2_WS/install/controller_common/share/controller_common/local_setup.zsh
[3.349s] -- Symlinking: /home/yzz/ROS2_WS/install/controller_common/share/controller_common/local_setup.dsv
[3.356s] -- Symlinking: /home/yzz/ROS2_WS/install/controller_common/share/controller_common/package.dsv
[3.363s] -- Symlinking: /home/yzz/ROS2_WS/install/controller_common/share/ament_index/resource_index/packages/controller_common
[3.370s] -- Symlinking: /home/yzz/ROS2_WS/install/controller_common/share/controller_common/cmake/ament_cmake_export_targets-extras.cmake
[3.377s] -- Symlinking: /home/yzz/ROS2_WS/install/controller_common/share/controller_common/cmake/controller_commonConfig.cmake
[3.384s] -- Symlinking: /home/yzz/ROS2_WS/install/controller_common/share/controller_common/cmake/controller_commonConfig-version.cmake
[3.396s] -- Symlinking: /home/yzz/ROS2_WS/install/controller_common/share/controller_common/package.xml
[3.413s] -- Installing: /home/yzz/ROS2_WS/install/controller_common/lib/libcontroller_common.so
[3.413s] -- Set runtime path of "/home/yzz/ROS2_WS/install/controller_common/lib/libcontroller_common.so" to ""
[3.415s] -- Installing: /home/yzz/ROS2_WS/install/controller_common/share/controller_common/cmake/export_controller_commonExport.cmake
[3.415s] -- Installing: /home/yzz/ROS2_WS/install/controller_common/share/controller_common/cmake/export_controller_commonExport-release.cmake
[3.416s] Invoked command in '/home/yzz/ROS2_WS/build/controller_common' returned '0': AMENT_PREFIX_PATH=/home/yzz/ROS2_WS/install/control_input_msgs:${AMENT_PREFIX_PATH} CMAKE_PREFIX_PATH=/home/yzz/ROS2_WS/install/control_input_msgs:/opt/ros/humble LD_LIBRARY_PATH=/home/yzz/ROS2_WS/install/control_input_msgs/lib:${LD_LIBRARY_PATH} PYTHONPATH=/home/yzz/ROS2_WS/install/control_input_msgs/local/lib/python3.10/dist-packages:${PYTHONPATH} /usr/bin/cmake --install /home/yzz/ROS2_WS/build/controller_common
