[0.032s] Invoking command in '/home/yzz/ROS2_WS/build/controller_common': CMAKE_PREFIX_PATH=/home/yzz/ROS2_WS/install/control_input_msgs:/home/yzz/ROS2_WS/install/unitree_sdk2:/home/yzz/ROS2_WS/install/unitree_guide_controller:/home/yzz/ROS2_WS/install/leg_pd_controller:/home/yzz/ROS2_WS/install/keyboard_input:/home/yzz/ROS2_WS/install/go1_description:/home/yzz/ROS2_WS/install/controller_common:/opt/ros/humble LD_LIBRARY_PATH=/home/yzz/ROS2_WS/install/control_input_msgs/lib:/home/yzz/ROS2_WS/install/unitree_sdk2/lib:/home/yzz/ROS2_WS/install/unitree_guide_controller/lib:/home/yzz/ROS2_WS/install/leg_pd_controller/lib:/home/yzz/ROS2_WS/install/controller_common/lib:/usr/lib/x86_64-linux-gnu/gazebo-11/plugins:/opt/ros/humble/opt/rviz_ogre_vendor/lib:/opt/ros/humble/lib/x86_64-linux-gnu:/opt/ros/humble/lib /usr/bin/cmake --build /home/yzz/ROS2_WS/build/controller_common -- -j2 -l2
[0.454s] [100%] Built target controller_common
[0.505s] Invoked command in '/home/yzz/ROS2_WS/build/controller_common' returned '0': CMAKE_PREFIX_PATH=/home/yzz/ROS2_WS/install/control_input_msgs:/home/yzz/ROS2_WS/install/unitree_sdk2:/home/yzz/ROS2_WS/install/unitree_guide_controller:/home/yzz/ROS2_WS/install/leg_pd_controller:/home/yzz/ROS2_WS/install/keyboard_input:/home/yzz/ROS2_WS/install/go1_description:/home/yzz/ROS2_WS/install/controller_common:/opt/ros/humble LD_LIBRARY_PATH=/home/yzz/ROS2_WS/install/control_input_msgs/lib:/home/yzz/ROS2_WS/install/unitree_sdk2/lib:/home/yzz/ROS2_WS/install/unitree_guide_controller/lib:/home/yzz/ROS2_WS/install/leg_pd_controller/lib:/home/yzz/ROS2_WS/install/controller_common/lib:/usr/lib/x86_64-linux-gnu/gazebo-11/plugins:/opt/ros/humble/opt/rviz_ogre_vendor/lib:/opt/ros/humble/lib/x86_64-linux-gnu:/opt/ros/humble/lib /usr/bin/cmake --build /home/yzz/ROS2_WS/build/controller_common -- -j2 -l2
[0.511s] Invoking command in '/home/yzz/ROS2_WS/build/controller_common': CMAKE_PREFIX_PATH=/home/yzz/ROS2_WS/install/control_input_msgs:/home/yzz/ROS2_WS/install/unitree_sdk2:/home/yzz/ROS2_WS/install/unitree_guide_controller:/home/yzz/ROS2_WS/install/leg_pd_controller:/home/yzz/ROS2_WS/install/keyboard_input:/home/yzz/ROS2_WS/install/go1_description:/home/yzz/ROS2_WS/install/controller_common:/opt/ros/humble LD_LIBRARY_PATH=/home/yzz/ROS2_WS/install/control_input_msgs/lib:/home/yzz/ROS2_WS/install/unitree_sdk2/lib:/home/yzz/ROS2_WS/install/unitree_guide_controller/lib:/home/yzz/ROS2_WS/install/leg_pd_controller/lib:/home/yzz/ROS2_WS/install/controller_common/lib:/usr/lib/x86_64-linux-gnu/gazebo-11/plugins:/opt/ros/humble/opt/rviz_ogre_vendor/lib:/opt/ros/humble/lib/x86_64-linux-gnu:/opt/ros/humble/lib /usr/bin/cmake --install /home/yzz/ROS2_WS/build/controller_common
[0.585s] -- Install configuration: "Release"
[0.594s] -- Execute custom install script
[0.606s] -- Up-to-date symlink: /home/yzz/ROS2_WS/install/controller_common/include/controller_common/controller_common/CtrlInterfaces.h
[0.610s] -- Up-to-date symlink: /home/yzz/ROS2_WS/install/controller_common/include/controller_common/controller_common/FSM/BaseFixedStand.h
[0.613s] -- Up-to-date symlink: /home/yzz/ROS2_WS/install/controller_common/include/controller_common/controller_common/FSM/FSMState.h
[0.616s] -- Up-to-date symlink: /home/yzz/ROS2_WS/install/controller_common/include/controller_common/controller_common/FSM/StateFixedDown.h
[0.618s] -- Up-to-date symlink: /home/yzz/ROS2_WS/install/controller_common/include/controller_common/controller_common/FSM/StatePassive.h
[0.620s] -- Up-to-date symlink: /home/yzz/ROS2_WS/install/controller_common/include/controller_common/controller_common/common/enumClass.h
[0.623s] -- Up-to-date symlink: /home/yzz/ROS2_WS/install/controller_common/include/controller_common/controller_common/common/mathTools.h
[0.625s] -- Up-to-date symlink: /home/yzz/ROS2_WS/install/controller_common/include/controller_common/controller_common/common/mathTypes.h
[0.629s] -- Up-to-date symlink: /home/yzz/ROS2_WS/install/controller_common/share/controller_common/environment/library_path.sh
[0.631s] -- Up-to-date symlink: /home/yzz/ROS2_WS/install/controller_common/share/controller_common/environment/library_path.dsv
[0.633s] -- Up-to-date symlink: /home/yzz/ROS2_WS/install/controller_common/share/ament_index/resource_index/package_run_dependencies/controller_common
[0.634s] -- Up-to-date symlink: /home/yzz/ROS2_WS/install/controller_common/share/ament_index/resource_index/parent_prefix_path/controller_common
[0.637s] -- Up-to-date symlink: /home/yzz/ROS2_WS/install/controller_common/share/controller_common/environment/ament_prefix_path.sh
[0.639s] -- Up-to-date symlink: /home/yzz/ROS2_WS/install/controller_common/share/controller_common/environment/ament_prefix_path.dsv
[0.642s] -- Up-to-date symlink: /home/yzz/ROS2_WS/install/controller_common/share/controller_common/environment/path.sh
[0.644s] -- Up-to-date symlink: /home/yzz/ROS2_WS/install/controller_common/share/controller_common/environment/path.dsv
[0.648s] -- Up-to-date symlink: /home/yzz/ROS2_WS/install/controller_common/share/controller_common/local_setup.bash
[0.648s] -- Up-to-date symlink: /home/yzz/ROS2_WS/install/controller_common/share/controller_common/local_setup.sh
[0.648s] -- Up-to-date symlink: /home/yzz/ROS2_WS/install/controller_common/share/controller_common/local_setup.zsh
[0.650s] -- Up-to-date symlink: /home/yzz/ROS2_WS/install/controller_common/share/controller_common/local_setup.dsv
[0.650s] -- Symlinking: /home/yzz/ROS2_WS/install/controller_common/share/controller_common/package.dsv
[0.680s] -- Up-to-date symlink: /home/yzz/ROS2_WS/install/controller_common/share/ament_index/resource_index/packages/controller_common
[0.681s] -- Up-to-date symlink: /home/yzz/ROS2_WS/install/controller_common/share/controller_common/cmake/ament_cmake_export_targets-extras.cmake
[0.681s] -- Up-to-date symlink: /home/yzz/ROS2_WS/install/controller_common/share/controller_common/cmake/controller_commonConfig.cmake
[0.681s] -- Up-to-date symlink: /home/yzz/ROS2_WS/install/controller_common/share/controller_common/cmake/controller_commonConfig-version.cmake
[0.684s] -- Up-to-date symlink: /home/yzz/ROS2_WS/install/controller_common/share/controller_common/package.xml
[0.688s] -- Up-to-date: /home/yzz/ROS2_WS/install/controller_common/lib/libcontroller_common.so
[0.692s] -- Up-to-date: /home/yzz/ROS2_WS/install/controller_common/share/controller_common/cmake/export_controller_commonExport.cmake
[0.694s] -- Up-to-date: /home/yzz/ROS2_WS/install/controller_common/share/controller_common/cmake/export_controller_commonExport-release.cmake
[0.696s] Invoked command in '/home/yzz/ROS2_WS/build/controller_common' returned '0': CMAKE_PREFIX_PATH=/home/yzz/ROS2_WS/install/control_input_msgs:/home/yzz/ROS2_WS/install/unitree_sdk2:/home/yzz/ROS2_WS/install/unitree_guide_controller:/home/yzz/ROS2_WS/install/leg_pd_controller:/home/yzz/ROS2_WS/install/keyboard_input:/home/yzz/ROS2_WS/install/go1_description:/home/yzz/ROS2_WS/install/controller_common:/opt/ros/humble LD_LIBRARY_PATH=/home/yzz/ROS2_WS/install/control_input_msgs/lib:/home/yzz/ROS2_WS/install/unitree_sdk2/lib:/home/yzz/ROS2_WS/install/unitree_guide_controller/lib:/home/yzz/ROS2_WS/install/leg_pd_controller/lib:/home/yzz/ROS2_WS/install/controller_common/lib:/usr/lib/x86_64-linux-gnu/gazebo-11/plugins:/opt/ros/humble/opt/rviz_ogre_vendor/lib:/opt/ros/humble/lib/x86_64-linux-gnu:/opt/ros/humble/lib /usr/bin/cmake --install /home/yzz/ROS2_WS/build/controller_common
