[0.021s] Invoking command in '/home/yzz/quadruped_ws/build/control_input_msgs': CMAKE_PREFIX_PATH=${CMAKE_PREFIX_PATH}:/opt/ros/humble /usr/bin/cmake /home/yzz/quadruped_ws/src/quadruped_ros2_control-humble/commands/control_input_msgs -DAMENT_CMAKE_SYMLINK_INSTALL=1 -DCMAKE_INSTALL_PREFIX=/home/yzz/quadruped_ws/install/control_input_msgs
[0.297s] -- The C compiler identification is GNU 11.4.0
[0.458s] -- The CXX compiler identification is GNU 11.4.0
[0.487s] -- Detecting C compiler ABI info
[0.777s] -- Detecting C compiler ABI info - done
[0.799s] -- Check for working C compiler: /usr/bin/cc - skipped
[0.800s] -- Detecting C compile features
[0.801s] -- Detecting C compile features - done
[0.810s] -- Detecting CXX compiler ABI info
[1.020s] -- Detecting CXX compiler ABI info - done
[1.036s] -- Check for working CXX compiler: /usr/bin/c++ - skipped
[1.036s] -- Detecting CXX compile features
[1.036s] -- Detecting CXX compile features - done
[1.042s] -- Found rosidl_default_generators: 1.2.0 (/opt/ros/humble/share/rosidl_default_generators/cmake)
[1.045s] -- Found ament_cmake_core: 1.3.12 (/opt/ros/humble/share/ament_cmake_core/cmake)
[1.549s] -- Found Python3: /usr/bin/python3 (found version "3.10.12") found components: Interpreter 
[1.763s] -- Override CMake install command with custom implementation using symlinks instead of copying resources
[1.782s] -- Using all available rosidl_typesupport_c: rosidl_typesupport_fastrtps_c;rosidl_typesupport_introspection_c
[1.801s] -- Found rosidl_adapter: 3.1.7 (/opt/ros/humble/share/rosidl_adapter/cmake)
[1.998s] -- Using all available rosidl_typesupport_cpp: rosidl_typesupport_fastrtps_cpp;rosidl_typesupport_introspection_cpp
[2.776s] -- Found ament_cmake_ros: 0.10.0 (/opt/ros/humble/share/ament_cmake_ros/cmake)
[3.263s] -- Using all available rosidl_typesupport_c: rosidl_typesupport_fastrtps_c;rosidl_typesupport_introspection_c
[3.765s] -- Using all available rosidl_typesupport_cpp: rosidl_typesupport_fastrtps_cpp;rosidl_typesupport_introspection_cpp
[3.803s] -- Found PythonInterp: /usr/bin/python3 (found suitable version "3.10.12", minimum required is "3.6") 
[3.805s] -- Found python_cmake_module: 0.10.0 (/opt/ros/humble/share/python_cmake_module/cmake)
[3.847s] -- Found PythonLibs: /usr/lib/x86_64-linux-gnu/libpython3.10.so (found suitable version "3.10.12", minimum required is "3.5") 
[3.848s] -- Using PYTHON_EXECUTABLE: /usr/bin/python3
[3.848s] -- Using PYTHON_INCLUDE_DIRS: /usr/include/python3.10
[3.848s] -- Using PYTHON_LIBRARIES: /usr/lib/x86_64-linux-gnu/libpython3.10.so
[3.921s] -- Found PythonExtra: .so  
[4.139s] -- Configuring done
[4.150s] -- Generating done
[4.162s] -- Build files have been written to: /home/yzz/quadruped_ws/build/control_input_msgs
[4.177s] Invoked command in '/home/yzz/quadruped_ws/build/control_input_msgs' returned '0': CMAKE_PREFIX_PATH=${CMAKE_PREFIX_PATH}:/opt/ros/humble /usr/bin/cmake /home/yzz/quadruped_ws/src/quadruped_ros2_control-humble/commands/control_input_msgs -DAMENT_CMAKE_SYMLINK_INSTALL=1 -DCMAKE_INSTALL_PREFIX=/home/yzz/quadruped_ws/install/control_input_msgs
[4.183s] Invoking command in '/home/yzz/quadruped_ws/build/control_input_msgs': CMAKE_PREFIX_PATH=${CMAKE_PREFIX_PATH}:/opt/ros/humble /usr/bin/cmake --build /home/yzz/quadruped_ws/build/control_input_msgs -- -j2 -l2
[4.309s] [  3%] [34m[1mGenerating C code for ROS interfaces[0m
[4.331s] [  6%] [34m[1mGenerating C++ code for ROS interfaces[0m
[5.004s] [  9%] [32mBuilding C object CMakeFiles/control_input_msgs__rosidl_generator_c.dir/rosidl_generator_c/control_input_msgs/msg/detail/inputs__functions.c.o[0m
[5.037s] [  9%] Built target control_input_msgs__cpp
[5.102s] [  9%] Built target ament_cmake_python_symlink_control_input_msgs
[5.135s] [ 12%] [34m[1mGenerating C++ type support dispatch for ROS interfaces[0m
[5.169s] [ 16%] [32m[1mLinking C shared library libcontrol_input_msgs__rosidl_generator_c.so[0m
[5.307s] [ 16%] Built target control_input_msgs__rosidl_generator_c
[5.341s] [ 19%] [34m[1mGenerating C++ type support for eProsima Fast-RTPS[0m
[5.714s] [ 22%] [32mBuilding CXX object CMakeFiles/control_input_msgs__rosidl_typesupport_cpp.dir/rosidl_typesupport_cpp/control_input_msgs/msg/inputs__type_support.cpp.o[0m
[6.013s] [ 25%] [32mBuilding CXX object CMakeFiles/control_input_msgs__rosidl_typesupport_fastrtps_cpp.dir/rosidl_typesupport_fastrtps_cpp/control_input_msgs/msg/detail/dds_fastrtps/inputs__type_support.cpp.o[0m
[6.509s] [ 29%] [32m[1mLinking CXX shared library libcontrol_input_msgs__rosidl_typesupport_cpp.so[0m
[6.631s] [ 29%] Built target control_input_msgs__rosidl_typesupport_cpp
[6.672s] [ 32%] [34m[1mGenerating C++ introspection for ROS interfaces[0m
[7.078s] [ 35%] [32m[1mLinking CXX shared library libcontrol_input_msgs__rosidl_typesupport_fastrtps_cpp.so[0m
[7.321s] [ 35%] Built target control_input_msgs__rosidl_typesupport_fastrtps_cpp
[7.408s] [ 38%] [32mBuilding CXX object CMakeFiles/control_input_msgs__rosidl_typesupport_introspection_cpp.dir/rosidl_typesupport_introspection_cpp/control_input_msgs/msg/detail/inputs__type_support.cpp.o[0m
[7.973s] running egg_info
[7.974s] creating control_input_msgs.egg-info
[7.975s] writing control_input_msgs.egg-info/PKG-INFO
[7.976s] writing dependency_links to control_input_msgs.egg-info/dependency_links.txt
[7.976s] writing top-level names to control_input_msgs.egg-info/top_level.txt
[7.977s] writing manifest file 'control_input_msgs.egg-info/SOURCES.txt'
[7.982s] reading manifest file 'control_input_msgs.egg-info/SOURCES.txt'
[7.983s] writing manifest file 'control_input_msgs.egg-info/SOURCES.txt'
[8.082s] [ 38%] Built target ament_cmake_python_build_control_input_msgs_egg
[8.129s] [ 41%] [34m[1mGenerating C type support for eProsima Fast-RTPS[0m
[8.594s] [ 45%] [32m[1mLinking CXX shared library libcontrol_input_msgs__rosidl_typesupport_introspection_cpp.so[0m
[8.763s] [ 45%] Built target control_input_msgs__rosidl_typesupport_introspection_cpp
[8.788s] [ 48%] [32mBuilding CXX object CMakeFiles/control_input_msgs__rosidl_typesupport_fastrtps_c.dir/rosidl_typesupport_fastrtps_c/control_input_msgs/msg/detail/inputs__type_support_c.cpp.o[0m
[8.803s] [ 51%] [34m[1mGenerating C introspection for ROS interfaces[0m
[9.484s] [ 54%] [32mBuilding C object CMakeFiles/control_input_msgs__rosidl_typesupport_introspection_c.dir/rosidl_typesupport_introspection_c/control_input_msgs/msg/detail/inputs__type_support.c.o[0m
[9.624s] [ 58%] [32m[1mLinking C shared library libcontrol_input_msgs__rosidl_typesupport_introspection_c.so[0m
[9.680s] [ 58%] Built target control_input_msgs__rosidl_typesupport_introspection_c
[9.713s] [ 61%] [34m[1mGenerating C type support dispatch for ROS interfaces[0m
[9.815s] [ 64%] [32m[1mLinking CXX shared library libcontrol_input_msgs__rosidl_typesupport_fastrtps_c.so[0m
[10.090s] [ 64%] Built target control_input_msgs__rosidl_typesupport_fastrtps_c
[10.189s] [ 67%] [32mBuilding CXX object CMakeFiles/control_input_msgs__rosidl_typesupport_c.dir/rosidl_typesupport_c/control_input_msgs/msg/inputs__type_support.cpp.o[0m
[10.254s] [ 70%] [32m[1mLinking CXX shared library libcontrol_input_msgs__rosidl_typesupport_c.so[0m
[10.356s] [ 70%] Built target control_input_msgs__rosidl_typesupport_c
[10.401s] [ 70%] Built target control_input_msgs
[10.448s] [ 74%] [34m[1mGenerating Python code for ROS interfaces[0m
[10.949s] [ 74%] Built target control_input_msgs__py
[11.003s] [ 77%] [32mBuilding C object CMakeFiles/control_input_msgs__rosidl_generator_py.dir/rosidl_generator_py/control_input_msgs/msg/_inputs_s.c.o[0m
[11.208s] [ 80%] [32m[1mLinking C shared library rosidl_generator_py/control_input_msgs/libcontrol_input_msgs__rosidl_generator_py.so[0m
[11.291s] [ 80%] Built target control_input_msgs__rosidl_generator_py
[11.353s] [ 83%] [32mBuilding C object CMakeFiles/control_input_msgs__rosidl_typesupport_fastrtps_c__pyext.dir/rosidl_generator_py/control_input_msgs/_control_input_msgs_s.ep.rosidl_typesupport_fastrtps_c.c.o[0m
[11.422s] [ 87%] [32mBuilding C object CMakeFiles/control_input_msgs__rosidl_typesupport_introspection_c__pyext.dir/rosidl_generator_py/control_input_msgs/_control_input_msgs_s.ep.rosidl_typesupport_introspection_c.c.o[0m
[11.538s] [ 90%] [32m[1mLinking C shared library rosidl_generator_py/control_input_msgs/control_input_msgs_s__rosidl_typesupport_fastrtps_c.cpython-310-x86_64-linux-gnu.so[0m
[11.676s] [ 93%] [32m[1mLinking C shared library rosidl_generator_py/control_input_msgs/control_input_msgs_s__rosidl_typesupport_introspection_c.cpython-310-x86_64-linux-gnu.so[0m
[11.677s] [ 93%] Built target control_input_msgs__rosidl_typesupport_fastrtps_c__pyext
[11.757s] [ 96%] [32mBuilding C object CMakeFiles/control_input_msgs__rosidl_typesupport_c__pyext.dir/rosidl_generator_py/control_input_msgs/_control_input_msgs_s.ep.rosidl_typesupport_c.c.o[0m
[11.843s] [ 96%] Built target control_input_msgs__rosidl_typesupport_introspection_c__pyext
[11.942s] [100%] [32m[1mLinking C shared library rosidl_generator_py/control_input_msgs/control_input_msgs_s__rosidl_typesupport_c.cpython-310-x86_64-linux-gnu.so[0m
[12.017s] [100%] Built target control_input_msgs__rosidl_typesupport_c__pyext
[12.042s] Invoked command in '/home/yzz/quadruped_ws/build/control_input_msgs' returned '0': CMAKE_PREFIX_PATH=${CMAKE_PREFIX_PATH}:/opt/ros/humble /usr/bin/cmake --build /home/yzz/quadruped_ws/build/control_input_msgs -- -j2 -l2
[12.045s] Invoking command in '/home/yzz/quadruped_ws/build/control_input_msgs': CMAKE_PREFIX_PATH=${CMAKE_PREFIX_PATH}:/opt/ros/humble /usr/bin/cmake --install /home/yzz/quadruped_ws/build/control_input_msgs
[12.061s] -- Install configuration: ""
[12.063s] -- Execute custom install script
[12.064s] -- Symlinking: /home/yzz/quadruped_ws/install/control_input_msgs/share/ament_index/resource_index/rosidl_interfaces/control_input_msgs
[12.081s] -- Symlinking: /home/yzz/quadruped_ws/install/control_input_msgs/include/control_input_msgs/control_input_msgs/msg/detail/inputs__functions.h
[12.103s] -- Symlinking: /home/yzz/quadruped_ws/install/control_input_msgs/include/control_input_msgs/control_input_msgs/msg/detail/inputs__struct.h
[12.125s] -- Symlinking: /home/yzz/quadruped_ws/install/control_input_msgs/include/control_input_msgs/control_input_msgs/msg/detail/inputs__type_support.h
[12.142s] -- Symlinking: /home/yzz/quadruped_ws/install/control_input_msgs/include/control_input_msgs/control_input_msgs/msg/inputs.h
[12.158s] -- Symlinking: /home/yzz/quadruped_ws/install/control_input_msgs/include/control_input_msgs/control_input_msgs/msg/rosidl_generator_c__visibility_control.h
[12.174s] -- Symlinking: /home/yzz/quadruped_ws/install/control_input_msgs/share/control_input_msgs/environment/library_path.sh
[12.192s] -- Symlinking: /home/yzz/quadruped_ws/install/control_input_msgs/share/control_input_msgs/environment/library_path.dsv
[12.211s] -- Symlinking: /home/yzz/quadruped_ws/install/control_input_msgs/include/control_input_msgs/control_input_msgs/msg/detail/inputs__rosidl_typesupport_fastrtps_c.h
[12.227s] -- Symlinking: /home/yzz/quadruped_ws/install/control_input_msgs/include/control_input_msgs/control_input_msgs/msg/rosidl_typesupport_fastrtps_c__visibility_control.h
[12.241s] -- Symlinking: /home/yzz/quadruped_ws/install/control_input_msgs/include/control_input_msgs/control_input_msgs/msg/detail/inputs__rosidl_typesupport_introspection_c.h
[12.255s] -- Symlinking: /home/yzz/quadruped_ws/install/control_input_msgs/include/control_input_msgs/control_input_msgs/msg/rosidl_typesupport_introspection_c__visibility_control.h
[12.271s] -- Symlinking: /home/yzz/quadruped_ws/install/control_input_msgs/include/control_input_msgs/control_input_msgs/msg/detail/inputs__builder.hpp
[12.289s] -- Symlinking: /home/yzz/quadruped_ws/install/control_input_msgs/include/control_input_msgs/control_input_msgs/msg/detail/inputs__struct.hpp
[12.307s] -- Symlinking: /home/yzz/quadruped_ws/install/control_input_msgs/include/control_input_msgs/control_input_msgs/msg/detail/inputs__traits.hpp
[12.321s] -- Symlinking: /home/yzz/quadruped_ws/install/control_input_msgs/include/control_input_msgs/control_input_msgs/msg/detail/inputs__type_support.hpp
[12.336s] -- Symlinking: /home/yzz/quadruped_ws/install/control_input_msgs/include/control_input_msgs/control_input_msgs/msg/inputs.hpp
[12.354s] -- Symlinking: /home/yzz/quadruped_ws/install/control_input_msgs/include/control_input_msgs/control_input_msgs/msg/rosidl_generator_cpp__visibility_control.hpp
[12.375s] -- Symlinking: /home/yzz/quadruped_ws/install/control_input_msgs/include/control_input_msgs/control_input_msgs/msg/detail/inputs__rosidl_typesupport_fastrtps_cpp.hpp
[12.400s] -- Symlinking: /home/yzz/quadruped_ws/install/control_input_msgs/include/control_input_msgs/control_input_msgs/msg/rosidl_typesupport_fastrtps_cpp__visibility_control.h
[12.415s] -- Symlinking: /home/yzz/quadruped_ws/install/control_input_msgs/include/control_input_msgs/control_input_msgs/msg/detail/inputs__rosidl_typesupport_introspection_cpp.hpp
[12.429s] -- Symlinking: /home/yzz/quadruped_ws/install/control_input_msgs/share/control_input_msgs/environment/pythonpath.sh
[12.444s] -- Symlinking: /home/yzz/quadruped_ws/install/control_input_msgs/share/control_input_msgs/environment/pythonpath.dsv
[12.459s] -- Symlinking: /home/yzz/quadruped_ws/install/control_input_msgs/local/lib/python3.10/dist-packages/control_input_msgs-0.0.0-py3.10.egg-info/PKG-INFO
[12.478s] -- Symlinking: /home/yzz/quadruped_ws/install/control_input_msgs/local/lib/python3.10/dist-packages/control_input_msgs-0.0.0-py3.10.egg-info/SOURCES.txt
[12.494s] -- Symlinking: /home/yzz/quadruped_ws/install/control_input_msgs/local/lib/python3.10/dist-packages/control_input_msgs-0.0.0-py3.10.egg-info/dependency_links.txt
[12.509s] -- Symlinking: /home/yzz/quadruped_ws/install/control_input_msgs/local/lib/python3.10/dist-packages/control_input_msgs-0.0.0-py3.10.egg-info/top_level.txt
[12.525s] -- Symlinking: /home/yzz/quadruped_ws/install/control_input_msgs/local/lib/python3.10/dist-packages/control_input_msgs/__init__.py
[12.539s] -- Symlinking: /home/yzz/quadruped_ws/install/control_input_msgs/local/lib/python3.10/dist-packages/control_input_msgs/_control_input_msgs_s.ep.rosidl_typesupport_c.c
[12.554s] -- Symlinking: /home/yzz/quadruped_ws/install/control_input_msgs/local/lib/python3.10/dist-packages/control_input_msgs/_control_input_msgs_s.ep.rosidl_typesupport_fastrtps_c.c
[12.571s] -- Symlinking: /home/yzz/quadruped_ws/install/control_input_msgs/local/lib/python3.10/dist-packages/control_input_msgs/_control_input_msgs_s.ep.rosidl_typesupport_introspection_c.c
[12.590s] -- Symlinking: /home/yzz/quadruped_ws/install/control_input_msgs/local/lib/python3.10/dist-packages/control_input_msgs/control_input_msgs_s__rosidl_typesupport_c.cpython-310-x86_64-linux-gnu.so
[12.605s] -- Symlinking: /home/yzz/quadruped_ws/install/control_input_msgs/local/lib/python3.10/dist-packages/control_input_msgs/control_input_msgs_s__rosidl_typesupport_fastrtps_c.cpython-310-x86_64-linux-gnu.so
[12.619s] -- Symlinking: /home/yzz/quadruped_ws/install/control_input_msgs/local/lib/python3.10/dist-packages/control_input_msgs/control_input_msgs_s__rosidl_typesupport_introspection_c.cpython-310-x86_64-linux-gnu.so
[12.633s] -- Symlinking: /home/yzz/quadruped_ws/install/control_input_msgs/local/lib/python3.10/dist-packages/control_input_msgs/libcontrol_input_msgs__rosidl_generator_py.so
[12.647s] -- Symlinking: /home/yzz/quadruped_ws/install/control_input_msgs/local/lib/python3.10/dist-packages/control_input_msgs/msg/__init__.py
[12.663s] -- Symlinking: /home/yzz/quadruped_ws/install/control_input_msgs/local/lib/python3.10/dist-packages/control_input_msgs/msg/_inputs.py
[12.680s] -- Symlinking: /home/yzz/quadruped_ws/install/control_input_msgs/local/lib/python3.10/dist-packages/control_input_msgs/msg/_inputs_s.c
[12.697s] -- Up-to-date symlink: /home/yzz/quadruped_ws/install/control_input_msgs/local/lib/python3.10/dist-packages/control_input_msgs/control_input_msgs_s__rosidl_typesupport_fastrtps_c.cpython-310-x86_64-linux-gnu.so
[12.698s] -- Up-to-date symlink: /home/yzz/quadruped_ws/install/control_input_msgs/local/lib/python3.10/dist-packages/control_input_msgs/control_input_msgs_s__rosidl_typesupport_introspection_c.cpython-310-x86_64-linux-gnu.so
[12.699s] -- Up-to-date symlink: /home/yzz/quadruped_ws/install/control_input_msgs/local/lib/python3.10/dist-packages/control_input_msgs/control_input_msgs_s__rosidl_typesupport_c.cpython-310-x86_64-linux-gnu.so
[12.699s] -- Symlinking: /home/yzz/quadruped_ws/install/control_input_msgs/share/control_input_msgs/msg/Inputs.idl
[12.715s] -- Symlinking: /home/yzz/quadruped_ws/install/control_input_msgs/share/control_input_msgs/msg/Inputs.msg
[12.729s] -- Symlinking: /home/yzz/quadruped_ws/install/control_input_msgs/share/ament_index/resource_index/package_run_dependencies/control_input_msgs
[12.749s] -- Symlinking: /home/yzz/quadruped_ws/install/control_input_msgs/share/ament_index/resource_index/parent_prefix_path/control_input_msgs
[12.767s] -- Symlinking: /home/yzz/quadruped_ws/install/control_input_msgs/share/control_input_msgs/environment/ament_prefix_path.sh
[12.792s] -- Symlinking: /home/yzz/quadruped_ws/install/control_input_msgs/share/control_input_msgs/environment/ament_prefix_path.dsv
[12.811s] -- Symlinking: /home/yzz/quadruped_ws/install/control_input_msgs/share/control_input_msgs/environment/path.sh
[12.832s] -- Symlinking: /home/yzz/quadruped_ws/install/control_input_msgs/share/control_input_msgs/environment/path.dsv
[12.850s] -- Symlinking: /home/yzz/quadruped_ws/install/control_input_msgs/share/control_input_msgs/local_setup.bash
[12.869s] -- Symlinking: /home/yzz/quadruped_ws/install/control_input_msgs/share/control_input_msgs/local_setup.sh
[12.888s] -- Symlinking: /home/yzz/quadruped_ws/install/control_input_msgs/share/control_input_msgs/local_setup.zsh
[12.910s] -- Symlinking: /home/yzz/quadruped_ws/install/control_input_msgs/share/control_input_msgs/local_setup.dsv
[12.930s] -- Symlinking: /home/yzz/quadruped_ws/install/control_input_msgs/share/control_input_msgs/package.dsv
[12.949s] -- Symlinking: /home/yzz/quadruped_ws/install/control_input_msgs/share/ament_index/resource_index/packages/control_input_msgs
[12.969s] -- Symlinking: /home/yzz/quadruped_ws/install/control_input_msgs/share/control_input_msgs/cmake/rosidl_cmake-extras.cmake
[12.991s] -- Symlinking: /home/yzz/quadruped_ws/install/control_input_msgs/share/control_input_msgs/cmake/ament_cmake_export_include_directories-extras.cmake
[13.012s] -- Symlinking: /home/yzz/quadruped_ws/install/control_input_msgs/share/control_input_msgs/cmake/ament_cmake_export_libraries-extras.cmake
[13.033s] -- Symlinking: /home/yzz/quadruped_ws/install/control_input_msgs/share/control_input_msgs/cmake/ament_cmake_export_targets-extras.cmake
[13.056s] -- Symlinking: /home/yzz/quadruped_ws/install/control_input_msgs/share/control_input_msgs/cmake/rosidl_cmake_export_typesupport_targets-extras.cmake
[13.076s] -- Symlinking: /home/yzz/quadruped_ws/install/control_input_msgs/share/control_input_msgs/cmake/ament_cmake_export_dependencies-extras.cmake
[13.095s] -- Symlinking: /home/yzz/quadruped_ws/install/control_input_msgs/share/control_input_msgs/cmake/rosidl_cmake_export_typesupport_libraries-extras.cmake
[13.117s] -- Symlinking: /home/yzz/quadruped_ws/install/control_input_msgs/share/control_input_msgs/cmake/control_input_msgsConfig.cmake
[13.140s] -- Symlinking: /home/yzz/quadruped_ws/install/control_input_msgs/share/control_input_msgs/cmake/control_input_msgsConfig-version.cmake
[13.152s] -- Symlinking: /home/yzz/quadruped_ws/install/control_input_msgs/share/control_input_msgs/package.xml
[13.164s] -- Installing: /home/yzz/quadruped_ws/install/control_input_msgs/lib/libcontrol_input_msgs__rosidl_generator_c.so
[13.164s] -- Set runtime path of "/home/yzz/quadruped_ws/install/control_input_msgs/lib/libcontrol_input_msgs__rosidl_generator_c.so" to ""
[13.164s] -- Installing: /home/yzz/quadruped_ws/install/control_input_msgs/lib/libcontrol_input_msgs__rosidl_typesupport_fastrtps_c.so
[13.164s] -- Set runtime path of "/home/yzz/quadruped_ws/install/control_input_msgs/lib/libcontrol_input_msgs__rosidl_typesupport_fastrtps_c.so" to ""
[13.164s] -- Installing: /home/yzz/quadruped_ws/install/control_input_msgs/lib/libcontrol_input_msgs__rosidl_typesupport_introspection_c.so
[13.164s] -- Set runtime path of "/home/yzz/quadruped_ws/install/control_input_msgs/lib/libcontrol_input_msgs__rosidl_typesupport_introspection_c.so" to ""
[13.164s] -- Installing: /home/yzz/quadruped_ws/install/control_input_msgs/lib/libcontrol_input_msgs__rosidl_typesupport_c.so
[13.165s] -- Set runtime path of "/home/yzz/quadruped_ws/install/control_input_msgs/lib/libcontrol_input_msgs__rosidl_typesupport_c.so" to ""
[13.165s] -- Installing: /home/yzz/quadruped_ws/install/control_input_msgs/lib/libcontrol_input_msgs__rosidl_typesupport_fastrtps_cpp.so
[13.165s] -- Set runtime path of "/home/yzz/quadruped_ws/install/control_input_msgs/lib/libcontrol_input_msgs__rosidl_typesupport_fastrtps_cpp.so" to ""
[13.165s] -- Installing: /home/yzz/quadruped_ws/install/control_input_msgs/lib/libcontrol_input_msgs__rosidl_typesupport_introspection_cpp.so
[13.166s] -- Set runtime path of "/home/yzz/quadruped_ws/install/control_input_msgs/lib/libcontrol_input_msgs__rosidl_typesupport_introspection_cpp.so" to ""
[13.167s] -- Installing: /home/yzz/quadruped_ws/install/control_input_msgs/lib/libcontrol_input_msgs__rosidl_typesupport_cpp.so
[13.167s] -- Set runtime path of "/home/yzz/quadruped_ws/install/control_input_msgs/lib/libcontrol_input_msgs__rosidl_typesupport_cpp.so" to ""
[13.206s] Listing '/home/yzz/quadruped_ws/install/control_input_msgs/local/lib/python3.10/dist-packages/control_input_msgs'...
[13.206s] Compiling '/home/yzz/quadruped_ws/install/control_input_msgs/local/lib/python3.10/dist-packages/control_input_msgs/__init__.py'...
[13.206s] Listing '/home/yzz/quadruped_ws/install/control_input_msgs/local/lib/python3.10/dist-packages/control_input_msgs/msg'...
[13.206s] Compiling '/home/yzz/quadruped_ws/install/control_input_msgs/local/lib/python3.10/dist-packages/control_input_msgs/msg/__init__.py'...
[13.206s] Compiling '/home/yzz/quadruped_ws/install/control_input_msgs/local/lib/python3.10/dist-packages/control_input_msgs/msg/_inputs.py'...
[13.212s] -- Installing: /home/yzz/quadruped_ws/install/control_input_msgs/lib/libcontrol_input_msgs__rosidl_generator_py.so
[13.213s] -- Set runtime path of "/home/yzz/quadruped_ws/install/control_input_msgs/lib/libcontrol_input_msgs__rosidl_generator_py.so" to ""
[13.213s] -- Installing: /home/yzz/quadruped_ws/install/control_input_msgs/share/control_input_msgs/cmake/export_control_input_msgs__rosidl_generator_cExport.cmake
[13.213s] -- Installing: /home/yzz/quadruped_ws/install/control_input_msgs/share/control_input_msgs/cmake/export_control_input_msgs__rosidl_generator_cExport-noconfig.cmake
[13.213s] -- Installing: /home/yzz/quadruped_ws/install/control_input_msgs/share/control_input_msgs/cmake/export_control_input_msgs__rosidl_typesupport_fastrtps_cExport.cmake
[13.216s] -- Installing: /home/yzz/quadruped_ws/install/control_input_msgs/share/control_input_msgs/cmake/export_control_input_msgs__rosidl_typesupport_fastrtps_cExport-noconfig.cmake
[13.216s] -- Installing: /home/yzz/quadruped_ws/install/control_input_msgs/share/control_input_msgs/cmake/control_input_msgs__rosidl_typesupport_introspection_cExport.cmake
[13.216s] -- Installing: /home/yzz/quadruped_ws/install/control_input_msgs/share/control_input_msgs/cmake/control_input_msgs__rosidl_typesupport_introspection_cExport-noconfig.cmake
[13.217s] -- Installing: /home/yzz/quadruped_ws/install/control_input_msgs/share/control_input_msgs/cmake/control_input_msgs__rosidl_typesupport_cExport.cmake
[13.217s] -- Installing: /home/yzz/quadruped_ws/install/control_input_msgs/share/control_input_msgs/cmake/control_input_msgs__rosidl_typesupport_cExport-noconfig.cmake
[13.217s] -- Installing: /home/yzz/quadruped_ws/install/control_input_msgs/share/control_input_msgs/cmake/export_control_input_msgs__rosidl_generator_cppExport.cmake
[13.217s] -- Installing: /home/yzz/quadruped_ws/install/control_input_msgs/share/control_input_msgs/cmake/export_control_input_msgs__rosidl_typesupport_fastrtps_cppExport.cmake
[13.217s] -- Installing: /home/yzz/quadruped_ws/install/control_input_msgs/share/control_input_msgs/cmake/export_control_input_msgs__rosidl_typesupport_fastrtps_cppExport-noconfig.cmake
[13.217s] -- Installing: /home/yzz/quadruped_ws/install/control_input_msgs/share/control_input_msgs/cmake/control_input_msgs__rosidl_typesupport_introspection_cppExport.cmake
[13.217s] -- Installing: /home/yzz/quadruped_ws/install/control_input_msgs/share/control_input_msgs/cmake/control_input_msgs__rosidl_typesupport_introspection_cppExport-noconfig.cmake
[13.217s] -- Installing: /home/yzz/quadruped_ws/install/control_input_msgs/share/control_input_msgs/cmake/control_input_msgs__rosidl_typesupport_cppExport.cmake
[13.217s] -- Installing: /home/yzz/quadruped_ws/install/control_input_msgs/share/control_input_msgs/cmake/control_input_msgs__rosidl_typesupport_cppExport-noconfig.cmake
[13.217s] -- Installing: /home/yzz/quadruped_ws/install/control_input_msgs/share/control_input_msgs/cmake/export_control_input_msgs__rosidl_generator_pyExport.cmake
[13.217s] -- Installing: /home/yzz/quadruped_ws/install/control_input_msgs/share/control_input_msgs/cmake/export_control_input_msgs__rosidl_generator_pyExport-noconfig.cmake
[13.222s] Invoked command in '/home/yzz/quadruped_ws/build/control_input_msgs' returned '0': CMAKE_PREFIX_PATH=${CMAKE_PREFIX_PATH}:/opt/ros/humble /usr/bin/cmake --install /home/yzz/quadruped_ws/build/control_input_msgs
