[0.016s] Invoking command in '/home/yzz/ROS2_WS/build/control_input_msgs': CMAKE_PREFIX_PATH=${CMAKE_PREFIX_PATH}:/opt/ros/humble /usr/bin/cmake --build /home/yzz/ROS2_WS/build/control_input_msgs -- -j2 -l2
[0.185s] [  3%] Built target control_input_msgs__cpp
[0.256s] [ 12%] Built target control_input_msgs__rosidl_generator_c
[0.351s] [ 12%] Built target ament_cmake_python_symlink_control_input_msgs
[0.427s] [ 22%] Built target control_input_msgs__rosidl_typesupport_fastrtps_cpp
[0.495s] [ 32%] Built target control_input_msgs__rosidl_typesupport_introspection_cpp
[0.536s] [ 41%] Built target control_input_msgs__rosidl_typesupport_cpp
[0.591s] [ 51%] Built target control_input_msgs__rosidl_typesupport_fastrtps_c
[0.646s] [ 61%] Built target control_input_msgs__rosidl_typesupport_introspection_c
[0.716s] [ 70%] Built target control_input_msgs__rosidl_typesupport_c
[1.064s] running egg_info
[1.064s] writing control_input_msgs.egg-info/PKG-INFO
[1.064s] writing dependency_links to control_input_msgs.egg-info/dependency_links.txt
[1.064s] writing top-level names to control_input_msgs.egg-info/top_level.txt
[1.067s] reading manifest file 'control_input_msgs.egg-info/SOURCES.txt'
[1.067s] writing manifest file 'control_input_msgs.egg-info/SOURCES.txt'
[1.092s] [ 70%] Built target ament_cmake_python_build_control_input_msgs_egg
[1.116s] [ 70%] Built target control_input_msgs
[1.154s] [ 74%] Built target control_input_msgs__py
[1.187s] [ 80%] Built target control_input_msgs__rosidl_generator_py
[1.213s] [ 87%] Built target control_input_msgs__rosidl_typesupport_fastrtps_c__pyext
[1.263s] [ 93%] Built target control_input_msgs__rosidl_typesupport_introspection_c__pyext
[1.295s] [100%] Built target control_input_msgs__rosidl_typesupport_c__pyext
[1.309s] Invoked command in '/home/yzz/ROS2_WS/build/control_input_msgs' returned '0': CMAKE_PREFIX_PATH=${CMAKE_PREFIX_PATH}:/opt/ros/humble /usr/bin/cmake --build /home/yzz/ROS2_WS/build/control_input_msgs -- -j2 -l2
[1.317s] Invoking command in '/home/yzz/ROS2_WS/build/control_input_msgs': CMAKE_PREFIX_PATH=${CMAKE_PREFIX_PATH}:/opt/ros/humble /usr/bin/cmake --install /home/yzz/ROS2_WS/build/control_input_msgs
[1.338s] -- Install configuration: ""
[1.340s] -- Execute custom install script
[1.342s] -- Up-to-date symlink: /home/yzz/ROS2_WS/install/control_input_msgs/share/ament_index/resource_index/rosidl_interfaces/control_input_msgs
[1.344s] -- Up-to-date symlink: /home/yzz/ROS2_WS/install/control_input_msgs/include/control_input_msgs/control_input_msgs/msg/detail/inputs__functions.h
[1.345s] -- Up-to-date symlink: /home/yzz/ROS2_WS/install/control_input_msgs/include/control_input_msgs/control_input_msgs/msg/detail/inputs__struct.h
[1.345s] -- Up-to-date symlink: /home/yzz/ROS2_WS/install/control_input_msgs/include/control_input_msgs/control_input_msgs/msg/detail/inputs__type_support.h
[1.346s] -- Up-to-date symlink: /home/yzz/ROS2_WS/install/control_input_msgs/include/control_input_msgs/control_input_msgs/msg/inputs.h
[1.346s] -- Up-to-date symlink: /home/yzz/ROS2_WS/install/control_input_msgs/include/control_input_msgs/control_input_msgs/msg/rosidl_generator_c__visibility_control.h
[1.347s] -- Up-to-date symlink: /home/yzz/ROS2_WS/install/control_input_msgs/share/control_input_msgs/environment/library_path.sh
[1.347s] -- Up-to-date symlink: /home/yzz/ROS2_WS/install/control_input_msgs/share/control_input_msgs/environment/library_path.dsv
[1.348s] -- Up-to-date symlink: /home/yzz/ROS2_WS/install/control_input_msgs/include/control_input_msgs/control_input_msgs/msg/detail/inputs__rosidl_typesupport_fastrtps_c.h
[1.349s] -- Up-to-date symlink: /home/yzz/ROS2_WS/install/control_input_msgs/include/control_input_msgs/control_input_msgs/msg/rosidl_typesupport_fastrtps_c__visibility_control.h
[1.350s] -- Up-to-date symlink: /home/yzz/ROS2_WS/install/control_input_msgs/include/control_input_msgs/control_input_msgs/msg/detail/inputs__rosidl_typesupport_introspection_c.h
[1.351s] -- Up-to-date symlink: /home/yzz/ROS2_WS/install/control_input_msgs/include/control_input_msgs/control_input_msgs/msg/rosidl_typesupport_introspection_c__visibility_control.h
[1.351s] -- Up-to-date symlink: /home/yzz/ROS2_WS/install/control_input_msgs/include/control_input_msgs/control_input_msgs/msg/detail/inputs__builder.hpp
[1.352s] -- Up-to-date symlink: /home/yzz/ROS2_WS/install/control_input_msgs/include/control_input_msgs/control_input_msgs/msg/detail/inputs__struct.hpp
[1.352s] -- Up-to-date symlink: /home/yzz/ROS2_WS/install/control_input_msgs/include/control_input_msgs/control_input_msgs/msg/detail/inputs__traits.hpp
[1.352s] -- Up-to-date symlink: /home/yzz/ROS2_WS/install/control_input_msgs/include/control_input_msgs/control_input_msgs/msg/detail/inputs__type_support.hpp
[1.353s] -- Up-to-date symlink: /home/yzz/ROS2_WS/install/control_input_msgs/include/control_input_msgs/control_input_msgs/msg/inputs.hpp
[1.354s] -- Up-to-date symlink: /home/yzz/ROS2_WS/install/control_input_msgs/include/control_input_msgs/control_input_msgs/msg/rosidl_generator_cpp__visibility_control.hpp
[1.356s] -- Up-to-date symlink: /home/yzz/ROS2_WS/install/control_input_msgs/include/control_input_msgs/control_input_msgs/msg/detail/inputs__rosidl_typesupport_fastrtps_cpp.hpp
[1.356s] -- Up-to-date symlink: /home/yzz/ROS2_WS/install/control_input_msgs/include/control_input_msgs/control_input_msgs/msg/rosidl_typesupport_fastrtps_cpp__visibility_control.h
[1.356s] -- Up-to-date symlink: /home/yzz/ROS2_WS/install/control_input_msgs/include/control_input_msgs/control_input_msgs/msg/detail/inputs__rosidl_typesupport_introspection_cpp.hpp
[1.356s] -- Up-to-date symlink: /home/yzz/ROS2_WS/install/control_input_msgs/share/control_input_msgs/environment/pythonpath.sh
[1.356s] -- Up-to-date symlink: /home/yzz/ROS2_WS/install/control_input_msgs/share/control_input_msgs/environment/pythonpath.dsv
[1.356s] -- Up-to-date symlink: /home/yzz/ROS2_WS/install/control_input_msgs/local/lib/python3.10/dist-packages/control_input_msgs-0.0.0-py3.10.egg-info/PKG-INFO
[1.356s] -- Up-to-date symlink: /home/yzz/ROS2_WS/install/control_input_msgs/local/lib/python3.10/dist-packages/control_input_msgs-0.0.0-py3.10.egg-info/SOURCES.txt
[1.356s] -- Up-to-date symlink: /home/yzz/ROS2_WS/install/control_input_msgs/local/lib/python3.10/dist-packages/control_input_msgs-0.0.0-py3.10.egg-info/dependency_links.txt
[1.356s] -- Up-to-date symlink: /home/yzz/ROS2_WS/install/control_input_msgs/local/lib/python3.10/dist-packages/control_input_msgs-0.0.0-py3.10.egg-info/top_level.txt
[1.358s] -- Up-to-date symlink: /home/yzz/ROS2_WS/install/control_input_msgs/local/lib/python3.10/dist-packages/control_input_msgs/__init__.py
[1.358s] -- Up-to-date symlink: /home/yzz/ROS2_WS/install/control_input_msgs/local/lib/python3.10/dist-packages/control_input_msgs/_control_input_msgs_s.ep.rosidl_typesupport_c.c
[1.358s] -- Up-to-date symlink: /home/yzz/ROS2_WS/install/control_input_msgs/local/lib/python3.10/dist-packages/control_input_msgs/_control_input_msgs_s.ep.rosidl_typesupport_fastrtps_c.c
[1.358s] -- Up-to-date symlink: /home/yzz/ROS2_WS/install/control_input_msgs/local/lib/python3.10/dist-packages/control_input_msgs/_control_input_msgs_s.ep.rosidl_typesupport_introspection_c.c
[1.358s] -- Up-to-date symlink: /home/yzz/ROS2_WS/install/control_input_msgs/local/lib/python3.10/dist-packages/control_input_msgs/control_input_msgs_s__rosidl_typesupport_c.cpython-310-x86_64-linux-gnu.so
[1.358s] -- Up-to-date symlink: /home/yzz/ROS2_WS/install/control_input_msgs/local/lib/python3.10/dist-packages/control_input_msgs/control_input_msgs_s__rosidl_typesupport_fastrtps_c.cpython-310-x86_64-linux-gnu.so
[1.359s] -- Up-to-date symlink: /home/yzz/ROS2_WS/install/control_input_msgs/local/lib/python3.10/dist-packages/control_input_msgs/control_input_msgs_s__rosidl_typesupport_introspection_c.cpython-310-x86_64-linux-gnu.so
[1.359s] -- Up-to-date symlink: /home/yzz/ROS2_WS/install/control_input_msgs/local/lib/python3.10/dist-packages/control_input_msgs/libcontrol_input_msgs__rosidl_generator_py.so
[1.359s] -- Up-to-date symlink: /home/yzz/ROS2_WS/install/control_input_msgs/local/lib/python3.10/dist-packages/control_input_msgs/msg/__init__.py
[1.359s] -- Up-to-date symlink: /home/yzz/ROS2_WS/install/control_input_msgs/local/lib/python3.10/dist-packages/control_input_msgs/msg/_inputs.py
[1.359s] -- Up-to-date symlink: /home/yzz/ROS2_WS/install/control_input_msgs/local/lib/python3.10/dist-packages/control_input_msgs/msg/_inputs_s.c
[1.359s] -- Up-to-date symlink: /home/yzz/ROS2_WS/install/control_input_msgs/local/lib/python3.10/dist-packages/control_input_msgs/control_input_msgs_s__rosidl_typesupport_fastrtps_c.cpython-310-x86_64-linux-gnu.so
[1.360s] -- Up-to-date symlink: /home/yzz/ROS2_WS/install/control_input_msgs/local/lib/python3.10/dist-packages/control_input_msgs/control_input_msgs_s__rosidl_typesupport_introspection_c.cpython-310-x86_64-linux-gnu.so
[1.360s] -- Up-to-date symlink: /home/yzz/ROS2_WS/install/control_input_msgs/local/lib/python3.10/dist-packages/control_input_msgs/control_input_msgs_s__rosidl_typesupport_c.cpython-310-x86_64-linux-gnu.so
[1.360s] -- Up-to-date symlink: /home/yzz/ROS2_WS/install/control_input_msgs/share/control_input_msgs/msg/Inputs.idl
[1.361s] -- Up-to-date symlink: /home/yzz/ROS2_WS/install/control_input_msgs/share/control_input_msgs/msg/Inputs.msg
[1.361s] -- Up-to-date symlink: /home/yzz/ROS2_WS/install/control_input_msgs/share/ament_index/resource_index/package_run_dependencies/control_input_msgs
[1.361s] -- Up-to-date symlink: /home/yzz/ROS2_WS/install/control_input_msgs/share/ament_index/resource_index/parent_prefix_path/control_input_msgs
[1.361s] -- Up-to-date symlink: /home/yzz/ROS2_WS/install/control_input_msgs/share/control_input_msgs/environment/ament_prefix_path.sh
[1.362s] -- Up-to-date symlink: /home/yzz/ROS2_WS/install/control_input_msgs/share/control_input_msgs/environment/ament_prefix_path.dsv
[1.362s] -- Up-to-date symlink: /home/yzz/ROS2_WS/install/control_input_msgs/share/control_input_msgs/environment/path.sh
[1.364s] -- Up-to-date symlink: /home/yzz/ROS2_WS/install/control_input_msgs/share/control_input_msgs/environment/path.dsv
[1.364s] -- Up-to-date symlink: /home/yzz/ROS2_WS/install/control_input_msgs/share/control_input_msgs/local_setup.bash
[1.364s] -- Up-to-date symlink: /home/yzz/ROS2_WS/install/control_input_msgs/share/control_input_msgs/local_setup.sh
[1.364s] -- Up-to-date symlink: /home/yzz/ROS2_WS/install/control_input_msgs/share/control_input_msgs/local_setup.zsh
[1.364s] -- Up-to-date symlink: /home/yzz/ROS2_WS/install/control_input_msgs/share/control_input_msgs/local_setup.dsv
[1.364s] -- Symlinking: /home/yzz/ROS2_WS/install/control_input_msgs/share/control_input_msgs/package.dsv
[1.373s] -- Up-to-date symlink: /home/yzz/ROS2_WS/install/control_input_msgs/share/ament_index/resource_index/packages/control_input_msgs
[1.374s] -- Up-to-date symlink: /home/yzz/ROS2_WS/install/control_input_msgs/share/control_input_msgs/cmake/rosidl_cmake-extras.cmake
[1.376s] -- Up-to-date symlink: /home/yzz/ROS2_WS/install/control_input_msgs/share/control_input_msgs/cmake/ament_cmake_export_include_directories-extras.cmake
[1.376s] -- Up-to-date symlink: /home/yzz/ROS2_WS/install/control_input_msgs/share/control_input_msgs/cmake/ament_cmake_export_libraries-extras.cmake
[1.377s] -- Up-to-date symlink: /home/yzz/ROS2_WS/install/control_input_msgs/share/control_input_msgs/cmake/ament_cmake_export_targets-extras.cmake
[1.377s] -- Up-to-date symlink: /home/yzz/ROS2_WS/install/control_input_msgs/share/control_input_msgs/cmake/rosidl_cmake_export_typesupport_targets-extras.cmake
[1.378s] -- Up-to-date symlink: /home/yzz/ROS2_WS/install/control_input_msgs/share/control_input_msgs/cmake/ament_cmake_export_dependencies-extras.cmake
[1.378s] -- Up-to-date symlink: /home/yzz/ROS2_WS/install/control_input_msgs/share/control_input_msgs/cmake/rosidl_cmake_export_typesupport_libraries-extras.cmake
[1.378s] -- Up-to-date symlink: /home/yzz/ROS2_WS/install/control_input_msgs/share/control_input_msgs/cmake/control_input_msgsConfig.cmake
[1.378s] -- Up-to-date symlink: /home/yzz/ROS2_WS/install/control_input_msgs/share/control_input_msgs/cmake/control_input_msgsConfig-version.cmake
[1.378s] -- Up-to-date symlink: /home/yzz/ROS2_WS/install/control_input_msgs/share/control_input_msgs/package.xml
[1.378s] -- Up-to-date: /home/yzz/ROS2_WS/install/control_input_msgs/lib/libcontrol_input_msgs__rosidl_generator_c.so
[1.379s] -- Up-to-date: /home/yzz/ROS2_WS/install/control_input_msgs/lib/libcontrol_input_msgs__rosidl_typesupport_fastrtps_c.so
[1.379s] -- Up-to-date: /home/yzz/ROS2_WS/install/control_input_msgs/lib/libcontrol_input_msgs__rosidl_typesupport_introspection_c.so
[1.379s] -- Up-to-date: /home/yzz/ROS2_WS/install/control_input_msgs/lib/libcontrol_input_msgs__rosidl_typesupport_c.so
[1.380s] -- Up-to-date: /home/yzz/ROS2_WS/install/control_input_msgs/lib/libcontrol_input_msgs__rosidl_typesupport_fastrtps_cpp.so
[1.380s] -- Up-to-date: /home/yzz/ROS2_WS/install/control_input_msgs/lib/libcontrol_input_msgs__rosidl_typesupport_introspection_cpp.so
[1.380s] -- Up-to-date: /home/yzz/ROS2_WS/install/control_input_msgs/lib/libcontrol_input_msgs__rosidl_typesupport_cpp.so
[1.406s] Listing '/home/yzz/ROS2_WS/install/control_input_msgs/local/lib/python3.10/dist-packages/control_input_msgs'...
[1.406s] Listing '/home/yzz/ROS2_WS/install/control_input_msgs/local/lib/python3.10/dist-packages/control_input_msgs/msg'...
[1.409s] -- Up-to-date: /home/yzz/ROS2_WS/install/control_input_msgs/lib/libcontrol_input_msgs__rosidl_generator_py.so
[1.409s] -- Up-to-date: /home/yzz/ROS2_WS/install/control_input_msgs/share/control_input_msgs/cmake/export_control_input_msgs__rosidl_generator_cExport.cmake
[1.410s] -- Up-to-date: /home/yzz/ROS2_WS/install/control_input_msgs/share/control_input_msgs/cmake/export_control_input_msgs__rosidl_generator_cExport-noconfig.cmake
[1.410s] -- Up-to-date: /home/yzz/ROS2_WS/install/control_input_msgs/share/control_input_msgs/cmake/export_control_input_msgs__rosidl_typesupport_fastrtps_cExport.cmake
[1.410s] -- Up-to-date: /home/yzz/ROS2_WS/install/control_input_msgs/share/control_input_msgs/cmake/export_control_input_msgs__rosidl_typesupport_fastrtps_cExport-noconfig.cmake
[1.411s] -- Up-to-date: /home/yzz/ROS2_WS/install/control_input_msgs/share/control_input_msgs/cmake/control_input_msgs__rosidl_typesupport_introspection_cExport.cmake
[1.411s] -- Up-to-date: /home/yzz/ROS2_WS/install/control_input_msgs/share/control_input_msgs/cmake/control_input_msgs__rosidl_typesupport_introspection_cExport-noconfig.cmake
[1.411s] -- Up-to-date: /home/yzz/ROS2_WS/install/control_input_msgs/share/control_input_msgs/cmake/control_input_msgs__rosidl_typesupport_cExport.cmake
[1.411s] -- Up-to-date: /home/yzz/ROS2_WS/install/control_input_msgs/share/control_input_msgs/cmake/control_input_msgs__rosidl_typesupport_cExport-noconfig.cmake
[1.411s] -- Up-to-date: /home/yzz/ROS2_WS/install/control_input_msgs/share/control_input_msgs/cmake/export_control_input_msgs__rosidl_generator_cppExport.cmake
[1.411s] -- Up-to-date: /home/yzz/ROS2_WS/install/control_input_msgs/share/control_input_msgs/cmake/export_control_input_msgs__rosidl_typesupport_fastrtps_cppExport.cmake
[1.411s] -- Up-to-date: /home/yzz/ROS2_WS/install/control_input_msgs/share/control_input_msgs/cmake/export_control_input_msgs__rosidl_typesupport_fastrtps_cppExport-noconfig.cmake
[1.411s] -- Up-to-date: /home/yzz/ROS2_WS/install/control_input_msgs/share/control_input_msgs/cmake/control_input_msgs__rosidl_typesupport_introspection_cppExport.cmake
[1.411s] -- Up-to-date: /home/yzz/ROS2_WS/install/control_input_msgs/share/control_input_msgs/cmake/control_input_msgs__rosidl_typesupport_introspection_cppExport-noconfig.cmake
[1.411s] -- Up-to-date: /home/yzz/ROS2_WS/install/control_input_msgs/share/control_input_msgs/cmake/control_input_msgs__rosidl_typesupport_cppExport.cmake
[1.411s] -- Up-to-date: /home/yzz/ROS2_WS/install/control_input_msgs/share/control_input_msgs/cmake/control_input_msgs__rosidl_typesupport_cppExport-noconfig.cmake
[1.414s] -- Up-to-date: /home/yzz/ROS2_WS/install/control_input_msgs/share/control_input_msgs/cmake/export_control_input_msgs__rosidl_generator_pyExport.cmake
[1.415s] -- Up-to-date: /home/yzz/ROS2_WS/install/control_input_msgs/share/control_input_msgs/cmake/export_control_input_msgs__rosidl_generator_pyExport-noconfig.cmake
[1.415s] Invoked command in '/home/yzz/ROS2_WS/build/control_input_msgs' returned '0': CMAKE_PREFIX_PATH=${CMAKE_PREFIX_PATH}:/opt/ros/humble /usr/bin/cmake --install /home/yzz/ROS2_WS/build/control_input_msgs
