[0.197s] DEBUG:colcon:Command line arguments: ['/usr/bin/colcon', 'build', '--packages-up-to', 'hardware_unitree_mujoco']
[0.197s] DEBUG:colcon:Parsed command line arguments: Namespace(log_base=None, log_level=None, verb_name='build', build_base='build', install_base='install', merge_install=False, symlink_install=False, test_result_base=None, continue_on_error=False, executor='parallel', parallel_workers=2, event_handlers=None, ignore_user_meta=False, metas=['./colcon.meta'], base_paths=['.'], packages_ignore=None, packages_ignore_regex=None, paths=None, packages_up_to=['hardware_unitree_mujoco'], packages_up_to_regex=None, packages_above=None, packages_above_and_dependencies=None, packages_above_depth=None, packages_select_by_dep=None, packages_skip_by_dep=None, packages_skip_up_to=None, packages_select_build_failed=False, packages_skip_build_finished=False, packages_select_test_failures=False, packages_skip_test_passed=False, packages_select=None, packages_skip=None, packages_select_regex=None, packages_skip_regex=None, packages_start=None, packages_end=None, allow_overriding=[], cmake_args=None, cmake_target=None, cmake_target_skip_unavailable=False, cmake_clean_cache=False, cmake_clean_first=False, cmake_force_configure=False, ament_cmake_args=None, catkin_cmake_args=None, catkin_skip_building_tests=False, verb_parser=<colcon_defaults.argument_parser.defaults.DefaultArgumentsDecorator object at 0x7bb8b541fe50>, verb_extension=<colcon_core.verb.build.BuildVerb object at 0x7bb8b541f790>, main=<bound method BuildVerb.main of <colcon_core.verb.build.BuildVerb object at 0x7bb8b541f790>>)
[0.384s] Level 1:colcon.colcon_core.package_discovery:discover_packages(colcon_meta) check parameters
[0.384s] Level 1:colcon.colcon_core.package_discovery:discover_packages(recursive) check parameters
[0.384s] Level 1:colcon.colcon_core.package_discovery:discover_packages(ignore) check parameters
[0.384s] Level 1:colcon.colcon_core.package_discovery:discover_packages(path) check parameters
[0.384s] Level 1:colcon.colcon_core.package_discovery:discover_packages(colcon_meta) discover
[0.384s] Level 1:colcon.colcon_core.package_discovery:discover_packages(recursive) discover
[0.384s] INFO:colcon.colcon_core.package_discovery:Crawling recursively for packages in '/home/yzz/quadruped_ws'
[0.384s] Level 1:colcon.colcon_core.package_identification:_identify(.) by extensions ['ignore', 'ignore_ament_install']
[0.384s] Level 1:colcon.colcon_core.package_identification:_identify(.) by extension 'ignore'
[0.384s] Level 1:colcon.colcon_core.package_identification:_identify(.) by extension 'ignore_ament_install'
[0.385s] Level 1:colcon.colcon_core.package_identification:_identify(.) by extensions ['colcon_pkg']
[0.385s] Level 1:colcon.colcon_core.package_identification:_identify(.) by extension 'colcon_pkg'
[0.385s] Level 1:colcon.colcon_core.package_identification:_identify(.) by extensions ['colcon_meta']
[0.385s] Level 1:colcon.colcon_core.package_identification:_identify(.) by extension 'colcon_meta'
[0.385s] Level 1:colcon.colcon_core.package_identification:_identify(.) by extensions ['ros']
[0.385s] Level 1:colcon.colcon_core.package_identification:_identify(.) by extension 'ros'
[0.399s] Level 1:colcon.colcon_core.package_identification:_identify(.) by extensions ['cmake', 'python']
[0.399s] Level 1:colcon.colcon_core.package_identification:_identify(.) by extension 'cmake'
[0.399s] Level 1:colcon.colcon_core.package_identification:_identify(.) by extension 'python'
[0.399s] Level 1:colcon.colcon_core.package_identification:_identify(.) by extensions ['python_setup_py']
[0.399s] Level 1:colcon.colcon_core.package_identification:_identify(.) by extension 'python_setup_py'
[0.399s] Level 1:colcon.colcon_core.package_identification:_identify(build) by extensions ['ignore', 'ignore_ament_install']
[0.399s] Level 1:colcon.colcon_core.package_identification:_identify(build) by extension 'ignore'
[0.399s] Level 1:colcon.colcon_core.package_identification:_identify(build) ignored
[0.399s] Level 1:colcon.colcon_core.package_identification:_identify(install) by extensions ['ignore', 'ignore_ament_install']
[0.400s] Level 1:colcon.colcon_core.package_identification:_identify(install) by extension 'ignore'
[0.400s] Level 1:colcon.colcon_core.package_identification:_identify(install) ignored
[0.400s] Level 1:colcon.colcon_core.package_identification:_identify(log) by extensions ['ignore', 'ignore_ament_install']
[0.400s] Level 1:colcon.colcon_core.package_identification:_identify(log) by extension 'ignore'
[0.400s] Level 1:colcon.colcon_core.package_identification:_identify(log) ignored
[0.400s] Level 1:colcon.colcon_core.package_identification:_identify(src) by extensions ['ignore', 'ignore_ament_install']
[0.400s] Level 1:colcon.colcon_core.package_identification:_identify(src) by extension 'ignore'
[0.400s] Level 1:colcon.colcon_core.package_identification:_identify(src) by extension 'ignore_ament_install'
[0.400s] Level 1:colcon.colcon_core.package_identification:_identify(src) by extensions ['colcon_pkg']
[0.400s] Level 1:colcon.colcon_core.package_identification:_identify(src) by extension 'colcon_pkg'
[0.400s] Level 1:colcon.colcon_core.package_identification:_identify(src) by extensions ['colcon_meta']
[0.400s] Level 1:colcon.colcon_core.package_identification:_identify(src) by extension 'colcon_meta'
[0.400s] Level 1:colcon.colcon_core.package_identification:_identify(src) by extensions ['ros']
[0.400s] Level 1:colcon.colcon_core.package_identification:_identify(src) by extension 'ros'
[0.400s] Level 1:colcon.colcon_core.package_identification:_identify(src) by extensions ['cmake', 'python']
[0.401s] Level 1:colcon.colcon_core.package_identification:_identify(src) by extension 'cmake'
[0.401s] Level 1:colcon.colcon_core.package_identification:_identify(src) by extension 'python'
[0.401s] Level 1:colcon.colcon_core.package_identification:_identify(src) by extensions ['python_setup_py']
[0.401s] Level 1:colcon.colcon_core.package_identification:_identify(src) by extension 'python_setup_py'
[0.401s] Level 1:colcon.colcon_core.package_identification:_identify(src/quadruped_ros2_control-humble) by extensions ['ignore', 'ignore_ament_install']
[0.401s] Level 1:colcon.colcon_core.package_identification:_identify(src/quadruped_ros2_control-humble) by extension 'ignore'
[0.401s] Level 1:colcon.colcon_core.package_identification:_identify(src/quadruped_ros2_control-humble) by extension 'ignore_ament_install'
[0.401s] Level 1:colcon.colcon_core.package_identification:_identify(src/quadruped_ros2_control-humble) by extensions ['colcon_pkg']
[0.401s] Level 1:colcon.colcon_core.package_identification:_identify(src/quadruped_ros2_control-humble) by extension 'colcon_pkg'
[0.401s] Level 1:colcon.colcon_core.package_identification:_identify(src/quadruped_ros2_control-humble) by extensions ['colcon_meta']
[0.401s] Level 1:colcon.colcon_core.package_identification:_identify(src/quadruped_ros2_control-humble) by extension 'colcon_meta'
[0.401s] Level 1:colcon.colcon_core.package_identification:_identify(src/quadruped_ros2_control-humble) by extensions ['ros']
[0.401s] Level 1:colcon.colcon_core.package_identification:_identify(src/quadruped_ros2_control-humble) by extension 'ros'
[0.401s] Level 1:colcon.colcon_core.package_identification:_identify(src/quadruped_ros2_control-humble) by extensions ['cmake', 'python']
[0.401s] Level 1:colcon.colcon_core.package_identification:_identify(src/quadruped_ros2_control-humble) by extension 'cmake'
[0.401s] Level 1:colcon.colcon_core.package_identification:_identify(src/quadruped_ros2_control-humble) by extension 'python'
[0.401s] Level 1:colcon.colcon_core.package_identification:_identify(src/quadruped_ros2_control-humble) by extensions ['python_setup_py']
[0.402s] Level 1:colcon.colcon_core.package_identification:_identify(src/quadruped_ros2_control-humble) by extension 'python_setup_py'
[0.402s] Level 1:colcon.colcon_core.package_identification:_identify(src/quadruped_ros2_control-humble/LICENSES) by extensions ['ignore', 'ignore_ament_install']
[0.402s] Level 1:colcon.colcon_core.package_identification:_identify(src/quadruped_ros2_control-humble/LICENSES) by extension 'ignore'
[0.402s] Level 1:colcon.colcon_core.package_identification:_identify(src/quadruped_ros2_control-humble/LICENSES) by extension 'ignore_ament_install'
[0.402s] Level 1:colcon.colcon_core.package_identification:_identify(src/quadruped_ros2_control-humble/LICENSES) by extensions ['colcon_pkg']
[0.402s] Level 1:colcon.colcon_core.package_identification:_identify(src/quadruped_ros2_control-humble/LICENSES) by extension 'colcon_pkg'
[0.402s] Level 1:colcon.colcon_core.package_identification:_identify(src/quadruped_ros2_control-humble/LICENSES) by extensions ['colcon_meta']
[0.402s] Level 1:colcon.colcon_core.package_identification:_identify(src/quadruped_ros2_control-humble/LICENSES) by extension 'colcon_meta'
[0.402s] Level 1:colcon.colcon_core.package_identification:_identify(src/quadruped_ros2_control-humble/LICENSES) by extensions ['ros']
[0.402s] Level 1:colcon.colcon_core.package_identification:_identify(src/quadruped_ros2_control-humble/LICENSES) by extension 'ros'
[0.402s] Level 1:colcon.colcon_core.package_identification:_identify(src/quadruped_ros2_control-humble/LICENSES) by extensions ['cmake', 'python']
[0.402s] Level 1:colcon.colcon_core.package_identification:_identify(src/quadruped_ros2_control-humble/LICENSES) by extension 'cmake'
[0.402s] Level 1:colcon.colcon_core.package_identification:_identify(src/quadruped_ros2_control-humble/LICENSES) by extension 'python'
[0.402s] Level 1:colcon.colcon_core.package_identification:_identify(src/quadruped_ros2_control-humble/LICENSES) by extensions ['python_setup_py']
[0.402s] Level 1:colcon.colcon_core.package_identification:_identify(src/quadruped_ros2_control-humble/LICENSES) by extension 'python_setup_py'
[0.402s] Level 1:colcon.colcon_core.package_identification:_identify(src/quadruped_ros2_control-humble/LICENSES/legged_control) by extensions ['ignore', 'ignore_ament_install']
[0.403s] Level 1:colcon.colcon_core.package_identification:_identify(src/quadruped_ros2_control-humble/LICENSES/legged_control) by extension 'ignore'
[0.403s] Level 1:colcon.colcon_core.package_identification:_identify(src/quadruped_ros2_control-humble/LICENSES/legged_control) by extension 'ignore_ament_install'
[0.403s] Level 1:colcon.colcon_core.package_identification:_identify(src/quadruped_ros2_control-humble/LICENSES/legged_control) by extensions ['colcon_pkg']
[0.403s] Level 1:colcon.colcon_core.package_identification:_identify(src/quadruped_ros2_control-humble/LICENSES/legged_control) by extension 'colcon_pkg'
[0.403s] Level 1:colcon.colcon_core.package_identification:_identify(src/quadruped_ros2_control-humble/LICENSES/legged_control) by extensions ['colcon_meta']
[0.403s] Level 1:colcon.colcon_core.package_identification:_identify(src/quadruped_ros2_control-humble/LICENSES/legged_control) by extension 'colcon_meta'
[0.403s] Level 1:colcon.colcon_core.package_identification:_identify(src/quadruped_ros2_control-humble/LICENSES/legged_control) by extensions ['ros']
[0.403s] Level 1:colcon.colcon_core.package_identification:_identify(src/quadruped_ros2_control-humble/LICENSES/legged_control) by extension 'ros'
[0.403s] Level 1:colcon.colcon_core.package_identification:_identify(src/quadruped_ros2_control-humble/LICENSES/legged_control) by extensions ['cmake', 'python']
[0.403s] Level 1:colcon.colcon_core.package_identification:_identify(src/quadruped_ros2_control-humble/LICENSES/legged_control) by extension 'cmake'
[0.403s] Level 1:colcon.colcon_core.package_identification:_identify(src/quadruped_ros2_control-humble/LICENSES/legged_control) by extension 'python'
[0.403s] Level 1:colcon.colcon_core.package_identification:_identify(src/quadruped_ros2_control-humble/LICENSES/legged_control) by extensions ['python_setup_py']
[0.403s] Level 1:colcon.colcon_core.package_identification:_identify(src/quadruped_ros2_control-humble/LICENSES/legged_control) by extension 'python_setup_py'
[0.403s] Level 1:colcon.colcon_core.package_identification:_identify(src/quadruped_ros2_control-humble/LICENSES/unitree_guide) by extensions ['ignore', 'ignore_ament_install']
[0.404s] Level 1:colcon.colcon_core.package_identification:_identify(src/quadruped_ros2_control-humble/LICENSES/unitree_guide) by extension 'ignore'
[0.404s] Level 1:colcon.colcon_core.package_identification:_identify(src/quadruped_ros2_control-humble/LICENSES/unitree_guide) by extension 'ignore_ament_install'
[0.404s] Level 1:colcon.colcon_core.package_identification:_identify(src/quadruped_ros2_control-humble/LICENSES/unitree_guide) by extensions ['colcon_pkg']
[0.404s] Level 1:colcon.colcon_core.package_identification:_identify(src/quadruped_ros2_control-humble/LICENSES/unitree_guide) by extension 'colcon_pkg'
[0.404s] Level 1:colcon.colcon_core.package_identification:_identify(src/quadruped_ros2_control-humble/LICENSES/unitree_guide) by extensions ['colcon_meta']
[0.404s] Level 1:colcon.colcon_core.package_identification:_identify(src/quadruped_ros2_control-humble/LICENSES/unitree_guide) by extension 'colcon_meta'
[0.404s] Level 1:colcon.colcon_core.package_identification:_identify(src/quadruped_ros2_control-humble/LICENSES/unitree_guide) by extensions ['ros']
[0.404s] Level 1:colcon.colcon_core.package_identification:_identify(src/quadruped_ros2_control-humble/LICENSES/unitree_guide) by extension 'ros'
[0.404s] Level 1:colcon.colcon_core.package_identification:_identify(src/quadruped_ros2_control-humble/LICENSES/unitree_guide) by extensions ['cmake', 'python']
[0.404s] Level 1:colcon.colcon_core.package_identification:_identify(src/quadruped_ros2_control-humble/LICENSES/unitree_guide) by extension 'cmake'
[0.404s] Level 1:colcon.colcon_core.package_identification:_identify(src/quadruped_ros2_control-humble/LICENSES/unitree_guide) by extension 'python'
[0.404s] Level 1:colcon.colcon_core.package_identification:_identify(src/quadruped_ros2_control-humble/LICENSES/unitree_guide) by extensions ['python_setup_py']
[0.404s] Level 1:colcon.colcon_core.package_identification:_identify(src/quadruped_ros2_control-humble/LICENSES/unitree_guide) by extension 'python_setup_py'
[0.404s] Level 1:colcon.colcon_core.package_identification:_identify(src/quadruped_ros2_control-humble/commands) by extensions ['ignore', 'ignore_ament_install']
[0.404s] Level 1:colcon.colcon_core.package_identification:_identify(src/quadruped_ros2_control-humble/commands) by extension 'ignore'
[0.404s] Level 1:colcon.colcon_core.package_identification:_identify(src/quadruped_ros2_control-humble/commands) by extension 'ignore_ament_install'
[0.404s] Level 1:colcon.colcon_core.package_identification:_identify(src/quadruped_ros2_control-humble/commands) by extensions ['colcon_pkg']
[0.404s] Level 1:colcon.colcon_core.package_identification:_identify(src/quadruped_ros2_control-humble/commands) by extension 'colcon_pkg'
[0.405s] Level 1:colcon.colcon_core.package_identification:_identify(src/quadruped_ros2_control-humble/commands) by extensions ['colcon_meta']
[0.405s] Level 1:colcon.colcon_core.package_identification:_identify(src/quadruped_ros2_control-humble/commands) by extension 'colcon_meta'
[0.405s] Level 1:colcon.colcon_core.package_identification:_identify(src/quadruped_ros2_control-humble/commands) by extensions ['ros']
[0.405s] Level 1:colcon.colcon_core.package_identification:_identify(src/quadruped_ros2_control-humble/commands) by extension 'ros'
[0.405s] Level 1:colcon.colcon_core.package_identification:_identify(src/quadruped_ros2_control-humble/commands) by extensions ['cmake', 'python']
[0.405s] Level 1:colcon.colcon_core.package_identification:_identify(src/quadruped_ros2_control-humble/commands) by extension 'cmake'
[0.405s] Level 1:colcon.colcon_core.package_identification:_identify(src/quadruped_ros2_control-humble/commands) by extension 'python'
[0.405s] Level 1:colcon.colcon_core.package_identification:_identify(src/quadruped_ros2_control-humble/commands) by extensions ['python_setup_py']
[0.405s] Level 1:colcon.colcon_core.package_identification:_identify(src/quadruped_ros2_control-humble/commands) by extension 'python_setup_py'
[0.405s] Level 1:colcon.colcon_core.package_identification:_identify(src/quadruped_ros2_control-humble/commands/control_input_msgs) by extensions ['ignore', 'ignore_ament_install']
[0.405s] Level 1:colcon.colcon_core.package_identification:_identify(src/quadruped_ros2_control-humble/commands/control_input_msgs) by extension 'ignore'
[0.405s] Level 1:colcon.colcon_core.package_identification:_identify(src/quadruped_ros2_control-humble/commands/control_input_msgs) by extension 'ignore_ament_install'
[0.405s] Level 1:colcon.colcon_core.package_identification:_identify(src/quadruped_ros2_control-humble/commands/control_input_msgs) by extensions ['colcon_pkg']
[0.405s] Level 1:colcon.colcon_core.package_identification:_identify(src/quadruped_ros2_control-humble/commands/control_input_msgs) by extension 'colcon_pkg'
[0.405s] Level 1:colcon.colcon_core.package_identification:_identify(src/quadruped_ros2_control-humble/commands/control_input_msgs) by extensions ['colcon_meta']
[0.405s] Level 1:colcon.colcon_core.package_identification:_identify(src/quadruped_ros2_control-humble/commands/control_input_msgs) by extension 'colcon_meta'
[0.405s] Level 1:colcon.colcon_core.package_identification:_identify(src/quadruped_ros2_control-humble/commands/control_input_msgs) by extensions ['ros']
[0.406s] Level 1:colcon.colcon_core.package_identification:_identify(src/quadruped_ros2_control-humble/commands/control_input_msgs) by extension 'ros'
[0.408s] DEBUG:colcon.colcon_core.package_identification:Package 'src/quadruped_ros2_control-humble/commands/control_input_msgs' with type 'ros.ament_cmake' and name 'control_input_msgs'
[0.408s] Level 1:colcon.colcon_core.package_identification:_identify(src/quadruped_ros2_control-humble/commands/joystick_input) by extensions ['ignore', 'ignore_ament_install']
[0.408s] Level 1:colcon.colcon_core.package_identification:_identify(src/quadruped_ros2_control-humble/commands/joystick_input) by extension 'ignore'
[0.408s] Level 1:colcon.colcon_core.package_identification:_identify(src/quadruped_ros2_control-humble/commands/joystick_input) by extension 'ignore_ament_install'
[0.409s] Level 1:colcon.colcon_core.package_identification:_identify(src/quadruped_ros2_control-humble/commands/joystick_input) by extensions ['colcon_pkg']
[0.409s] Level 1:colcon.colcon_core.package_identification:_identify(src/quadruped_ros2_control-humble/commands/joystick_input) by extension 'colcon_pkg'
[0.409s] Level 1:colcon.colcon_core.package_identification:_identify(src/quadruped_ros2_control-humble/commands/joystick_input) by extensions ['colcon_meta']
[0.409s] Level 1:colcon.colcon_core.package_identification:_identify(src/quadruped_ros2_control-humble/commands/joystick_input) by extension 'colcon_meta'
[0.409s] Level 1:colcon.colcon_core.package_identification:_identify(src/quadruped_ros2_control-humble/commands/joystick_input) by extensions ['ros']
[0.409s] Level 1:colcon.colcon_core.package_identification:_identify(src/quadruped_ros2_control-humble/commands/joystick_input) by extension 'ros'
[0.410s] DEBUG:colcon.colcon_core.package_identification:Package 'src/quadruped_ros2_control-humble/commands/joystick_input' with type 'ros.ament_cmake' and name 'joystick_input'
[0.410s] Level 1:colcon.colcon_core.package_identification:_identify(src/quadruped_ros2_control-humble/commands/keyboard_input) by extensions ['ignore', 'ignore_ament_install']
[0.410s] Level 1:colcon.colcon_core.package_identification:_identify(src/quadruped_ros2_control-humble/commands/keyboard_input) by extension 'ignore'
[0.410s] Level 1:colcon.colcon_core.package_identification:_identify(src/quadruped_ros2_control-humble/commands/keyboard_input) by extension 'ignore_ament_install'
[0.410s] Level 1:colcon.colcon_core.package_identification:_identify(src/quadruped_ros2_control-humble/commands/keyboard_input) by extensions ['colcon_pkg']
[0.410s] Level 1:colcon.colcon_core.package_identification:_identify(src/quadruped_ros2_control-humble/commands/keyboard_input) by extension 'colcon_pkg'
[0.410s] Level 1:colcon.colcon_core.package_identification:_identify(src/quadruped_ros2_control-humble/commands/keyboard_input) by extensions ['colcon_meta']
[0.410s] Level 1:colcon.colcon_core.package_identification:_identify(src/quadruped_ros2_control-humble/commands/keyboard_input) by extension 'colcon_meta'
[0.410s] Level 1:colcon.colcon_core.package_identification:_identify(src/quadruped_ros2_control-humble/commands/keyboard_input) by extensions ['ros']
[0.410s] Level 1:colcon.colcon_core.package_identification:_identify(src/quadruped_ros2_control-humble/commands/keyboard_input) by extension 'ros'
[0.411s] DEBUG:colcon.colcon_core.package_identification:Package 'src/quadruped_ros2_control-humble/commands/keyboard_input' with type 'ros.ament_cmake' and name 'keyboard_input'
[0.411s] Level 1:colcon.colcon_core.package_identification:_identify(src/quadruped_ros2_control-humble/commands/unitree_joystick_input) by extensions ['ignore', 'ignore_ament_install']
[0.411s] Level 1:colcon.colcon_core.package_identification:_identify(src/quadruped_ros2_control-humble/commands/unitree_joystick_input) by extension 'ignore'
[0.411s] Level 1:colcon.colcon_core.package_identification:_identify(src/quadruped_ros2_control-humble/commands/unitree_joystick_input) by extension 'ignore_ament_install'
[0.411s] Level 1:colcon.colcon_core.package_identification:_identify(src/quadruped_ros2_control-humble/commands/unitree_joystick_input) by extensions ['colcon_pkg']
[0.411s] Level 1:colcon.colcon_core.package_identification:_identify(src/quadruped_ros2_control-humble/commands/unitree_joystick_input) by extension 'colcon_pkg'
[0.411s] Level 1:colcon.colcon_core.package_identification:_identify(src/quadruped_ros2_control-humble/commands/unitree_joystick_input) by extensions ['colcon_meta']
[0.411s] Level 1:colcon.colcon_core.package_identification:_identify(src/quadruped_ros2_control-humble/commands/unitree_joystick_input) by extension 'colcon_meta'
[0.412s] Level 1:colcon.colcon_core.package_identification:_identify(src/quadruped_ros2_control-humble/commands/unitree_joystick_input) by extensions ['ros']
[0.412s] Level 1:colcon.colcon_core.package_identification:_identify(src/quadruped_ros2_control-humble/commands/unitree_joystick_input) by extension 'ros'
[0.412s] DEBUG:colcon.colcon_core.package_identification:Package 'src/quadruped_ros2_control-humble/commands/unitree_joystick_input' with type 'ros.ament_cmake' and name 'unitree_joystick_input'
[0.412s] Level 1:colcon.colcon_core.package_identification:_identify(src/quadruped_ros2_control-humble/controllers) by extensions ['ignore', 'ignore_ament_install']
[0.413s] Level 1:colcon.colcon_core.package_identification:_identify(src/quadruped_ros2_control-humble/controllers) by extension 'ignore'
[0.413s] Level 1:colcon.colcon_core.package_identification:_identify(src/quadruped_ros2_control-humble/controllers) by extension 'ignore_ament_install'
[0.413s] Level 1:colcon.colcon_core.package_identification:_identify(src/quadruped_ros2_control-humble/controllers) by extensions ['colcon_pkg']
[0.413s] Level 1:colcon.colcon_core.package_identification:_identify(src/quadruped_ros2_control-humble/controllers) by extension 'colcon_pkg'
[0.413s] Level 1:colcon.colcon_core.package_identification:_identify(src/quadruped_ros2_control-humble/controllers) by extensions ['colcon_meta']
[0.413s] Level 1:colcon.colcon_core.package_identification:_identify(src/quadruped_ros2_control-humble/controllers) by extension 'colcon_meta'
[0.413s] Level 1:colcon.colcon_core.package_identification:_identify(src/quadruped_ros2_control-humble/controllers) by extensions ['ros']
[0.413s] Level 1:colcon.colcon_core.package_identification:_identify(src/quadruped_ros2_control-humble/controllers) by extension 'ros'
[0.413s] Level 1:colcon.colcon_core.package_identification:_identify(src/quadruped_ros2_control-humble/controllers) by extensions ['cmake', 'python']
[0.413s] Level 1:colcon.colcon_core.package_identification:_identify(src/quadruped_ros2_control-humble/controllers) by extension 'cmake'
[0.413s] Level 1:colcon.colcon_core.package_identification:_identify(src/quadruped_ros2_control-humble/controllers) by extension 'python'
[0.413s] Level 1:colcon.colcon_core.package_identification:_identify(src/quadruped_ros2_control-humble/controllers) by extensions ['python_setup_py']
[0.413s] Level 1:colcon.colcon_core.package_identification:_identify(src/quadruped_ros2_control-humble/controllers) by extension 'python_setup_py'
[0.413s] Level 1:colcon.colcon_core.package_identification:_identify(src/quadruped_ros2_control-humble/controllers/leg_pd_controller) by extensions ['ignore', 'ignore_ament_install']
[0.413s] Level 1:colcon.colcon_core.package_identification:_identify(src/quadruped_ros2_control-humble/controllers/leg_pd_controller) by extension 'ignore'
[0.413s] Level 1:colcon.colcon_core.package_identification:_identify(src/quadruped_ros2_control-humble/controllers/leg_pd_controller) by extension 'ignore_ament_install'
[0.413s] Level 1:colcon.colcon_core.package_identification:_identify(src/quadruped_ros2_control-humble/controllers/leg_pd_controller) by extensions ['colcon_pkg']
[0.413s] Level 1:colcon.colcon_core.package_identification:_identify(src/quadruped_ros2_control-humble/controllers/leg_pd_controller) by extension 'colcon_pkg'
[0.414s] Level 1:colcon.colcon_core.package_identification:_identify(src/quadruped_ros2_control-humble/controllers/leg_pd_controller) by extensions ['colcon_meta']
[0.414s] Level 1:colcon.colcon_core.package_identification:_identify(src/quadruped_ros2_control-humble/controllers/leg_pd_controller) by extension 'colcon_meta'
[0.414s] Level 1:colcon.colcon_core.package_identification:_identify(src/quadruped_ros2_control-humble/controllers/leg_pd_controller) by extensions ['ros']
[0.414s] Level 1:colcon.colcon_core.package_identification:_identify(src/quadruped_ros2_control-humble/controllers/leg_pd_controller) by extension 'ros'
[0.414s] DEBUG:colcon.colcon_core.package_identification:Package 'src/quadruped_ros2_control-humble/controllers/leg_pd_controller' with type 'ros.ament_cmake' and name 'leg_pd_controller'
[0.414s] Level 1:colcon.colcon_core.package_identification:_identify(src/quadruped_ros2_control-humble/controllers/ocs2_quadruped_controller) by extensions ['ignore', 'ignore_ament_install']
[0.414s] Level 1:colcon.colcon_core.package_identification:_identify(src/quadruped_ros2_control-humble/controllers/ocs2_quadruped_controller) by extension 'ignore'
[0.415s] Level 1:colcon.colcon_core.package_identification:_identify(src/quadruped_ros2_control-humble/controllers/ocs2_quadruped_controller) by extension 'ignore_ament_install'
[0.415s] Level 1:colcon.colcon_core.package_identification:_identify(src/quadruped_ros2_control-humble/controllers/ocs2_quadruped_controller) by extensions ['colcon_pkg']
[0.415s] Level 1:colcon.colcon_core.package_identification:_identify(src/quadruped_ros2_control-humble/controllers/ocs2_quadruped_controller) by extension 'colcon_pkg'
[0.415s] Level 1:colcon.colcon_core.package_identification:_identify(src/quadruped_ros2_control-humble/controllers/ocs2_quadruped_controller) by extensions ['colcon_meta']
[0.415s] Level 1:colcon.colcon_core.package_identification:_identify(src/quadruped_ros2_control-humble/controllers/ocs2_quadruped_controller) by extension 'colcon_meta'
[0.415s] Level 1:colcon.colcon_core.package_identification:_identify(src/quadruped_ros2_control-humble/controllers/ocs2_quadruped_controller) by extensions ['ros']
[0.415s] Level 1:colcon.colcon_core.package_identification:_identify(src/quadruped_ros2_control-humble/controllers/ocs2_quadruped_controller) by extension 'ros'
[0.416s] DEBUG:colcon.colcon_core.package_identification:Package 'src/quadruped_ros2_control-humble/controllers/ocs2_quadruped_controller' with type 'ros.ament_cmake' and name 'ocs2_quadruped_controller'
[0.416s] Level 1:colcon.colcon_core.package_identification:_identify(src/quadruped_ros2_control-humble/controllers/rl_quadruped_controller) by extensions ['ignore', 'ignore_ament_install']
[0.417s] Level 1:colcon.colcon_core.package_identification:_identify(src/quadruped_ros2_control-humble/controllers/rl_quadruped_controller) by extension 'ignore'
[0.417s] Level 1:colcon.colcon_core.package_identification:_identify(src/quadruped_ros2_control-humble/controllers/rl_quadruped_controller) by extension 'ignore_ament_install'
[0.417s] Level 1:colcon.colcon_core.package_identification:_identify(src/quadruped_ros2_control-humble/controllers/rl_quadruped_controller) by extensions ['colcon_pkg']
[0.417s] Level 1:colcon.colcon_core.package_identification:_identify(src/quadruped_ros2_control-humble/controllers/rl_quadruped_controller) by extension 'colcon_pkg'
[0.417s] Level 1:colcon.colcon_core.package_identification:_identify(src/quadruped_ros2_control-humble/controllers/rl_quadruped_controller) by extensions ['colcon_meta']
[0.417s] Level 1:colcon.colcon_core.package_identification:_identify(src/quadruped_ros2_control-humble/controllers/rl_quadruped_controller) by extension 'colcon_meta'
[0.417s] Level 1:colcon.colcon_core.package_identification:_identify(src/quadruped_ros2_control-humble/controllers/rl_quadruped_controller) by extensions ['ros']
[0.417s] Level 1:colcon.colcon_core.package_identification:_identify(src/quadruped_ros2_control-humble/controllers/rl_quadruped_controller) by extension 'ros'
[0.418s] DEBUG:colcon.colcon_core.package_identification:Package 'src/quadruped_ros2_control-humble/controllers/rl_quadruped_controller' with type 'ros.ament_cmake' and name 'rl_quadruped_controller'
[0.418s] Level 1:colcon.colcon_core.package_identification:_identify(src/quadruped_ros2_control-humble/controllers/unitree_guide_controller) by extensions ['ignore', 'ignore_ament_install']
[0.418s] Level 1:colcon.colcon_core.package_identification:_identify(src/quadruped_ros2_control-humble/controllers/unitree_guide_controller) by extension 'ignore'
[0.418s] Level 1:colcon.colcon_core.package_identification:_identify(src/quadruped_ros2_control-humble/controllers/unitree_guide_controller) by extension 'ignore_ament_install'
[0.418s] Level 1:colcon.colcon_core.package_identification:_identify(src/quadruped_ros2_control-humble/controllers/unitree_guide_controller) by extensions ['colcon_pkg']
[0.418s] Level 1:colcon.colcon_core.package_identification:_identify(src/quadruped_ros2_control-humble/controllers/unitree_guide_controller) by extension 'colcon_pkg'
[0.418s] Level 1:colcon.colcon_core.package_identification:_identify(src/quadruped_ros2_control-humble/controllers/unitree_guide_controller) by extensions ['colcon_meta']
[0.418s] Level 1:colcon.colcon_core.package_identification:_identify(src/quadruped_ros2_control-humble/controllers/unitree_guide_controller) by extension 'colcon_meta'
[0.418s] Level 1:colcon.colcon_core.package_identification:_identify(src/quadruped_ros2_control-humble/controllers/unitree_guide_controller) by extensions ['ros']
[0.418s] Level 1:colcon.colcon_core.package_identification:_identify(src/quadruped_ros2_control-humble/controllers/unitree_guide_controller) by extension 'ros'
[0.419s] DEBUG:colcon.colcon_core.package_identification:Package 'src/quadruped_ros2_control-humble/controllers/unitree_guide_controller' with type 'ros.ament_cmake' and name 'unitree_guide_controller'
[0.420s] Level 1:colcon.colcon_core.package_identification:_identify(src/quadruped_ros2_control-humble/descriptions) by extensions ['ignore', 'ignore_ament_install']
[0.420s] Level 1:colcon.colcon_core.package_identification:_identify(src/quadruped_ros2_control-humble/descriptions) by extension 'ignore'
[0.420s] Level 1:colcon.colcon_core.package_identification:_identify(src/quadruped_ros2_control-humble/descriptions) by extension 'ignore_ament_install'
[0.420s] Level 1:colcon.colcon_core.package_identification:_identify(src/quadruped_ros2_control-humble/descriptions) by extensions ['colcon_pkg']
[0.420s] Level 1:colcon.colcon_core.package_identification:_identify(src/quadruped_ros2_control-humble/descriptions) by extension 'colcon_pkg'
[0.420s] Level 1:colcon.colcon_core.package_identification:_identify(src/quadruped_ros2_control-humble/descriptions) by extensions ['colcon_meta']
[0.420s] Level 1:colcon.colcon_core.package_identification:_identify(src/quadruped_ros2_control-humble/descriptions) by extension 'colcon_meta'
[0.420s] Level 1:colcon.colcon_core.package_identification:_identify(src/quadruped_ros2_control-humble/descriptions) by extensions ['ros']
[0.420s] Level 1:colcon.colcon_core.package_identification:_identify(src/quadruped_ros2_control-humble/descriptions) by extension 'ros'
[0.420s] Level 1:colcon.colcon_core.package_identification:_identify(src/quadruped_ros2_control-humble/descriptions) by extensions ['cmake', 'python']
[0.420s] Level 1:colcon.colcon_core.package_identification:_identify(src/quadruped_ros2_control-humble/descriptions) by extension 'cmake'
[0.420s] Level 1:colcon.colcon_core.package_identification:_identify(src/quadruped_ros2_control-humble/descriptions) by extension 'python'
[0.420s] Level 1:colcon.colcon_core.package_identification:_identify(src/quadruped_ros2_control-humble/descriptions) by extensions ['python_setup_py']
[0.420s] Level 1:colcon.colcon_core.package_identification:_identify(src/quadruped_ros2_control-humble/descriptions) by extension 'python_setup_py'
[0.421s] Level 1:colcon.colcon_core.package_identification:_identify(src/quadruped_ros2_control-humble/descriptions/anybotics) by extensions ['ignore', 'ignore_ament_install']
[0.421s] Level 1:colcon.colcon_core.package_identification:_identify(src/quadruped_ros2_control-humble/descriptions/anybotics) by extension 'ignore'
[0.421s] Level 1:colcon.colcon_core.package_identification:_identify(src/quadruped_ros2_control-humble/descriptions/anybotics) by extension 'ignore_ament_install'
[0.421s] Level 1:colcon.colcon_core.package_identification:_identify(src/quadruped_ros2_control-humble/descriptions/anybotics) by extensions ['colcon_pkg']
[0.421s] Level 1:colcon.colcon_core.package_identification:_identify(src/quadruped_ros2_control-humble/descriptions/anybotics) by extension 'colcon_pkg'
[0.421s] Level 1:colcon.colcon_core.package_identification:_identify(src/quadruped_ros2_control-humble/descriptions/anybotics) by extensions ['colcon_meta']
[0.421s] Level 1:colcon.colcon_core.package_identification:_identify(src/quadruped_ros2_control-humble/descriptions/anybotics) by extension 'colcon_meta'
[0.421s] Level 1:colcon.colcon_core.package_identification:_identify(src/quadruped_ros2_control-humble/descriptions/anybotics) by extensions ['ros']
[0.421s] Level 1:colcon.colcon_core.package_identification:_identify(src/quadruped_ros2_control-humble/descriptions/anybotics) by extension 'ros'
[0.421s] Level 1:colcon.colcon_core.package_identification:_identify(src/quadruped_ros2_control-humble/descriptions/anybotics) by extensions ['cmake', 'python']
[0.421s] Level 1:colcon.colcon_core.package_identification:_identify(src/quadruped_ros2_control-humble/descriptions/anybotics) by extension 'cmake'
[0.421s] Level 1:colcon.colcon_core.package_identification:_identify(src/quadruped_ros2_control-humble/descriptions/anybotics) by extension 'python'
[0.421s] Level 1:colcon.colcon_core.package_identification:_identify(src/quadruped_ros2_control-humble/descriptions/anybotics) by extensions ['python_setup_py']
[0.421s] Level 1:colcon.colcon_core.package_identification:_identify(src/quadruped_ros2_control-humble/descriptions/anybotics) by extension 'python_setup_py'
[0.421s] Level 1:colcon.colcon_core.package_identification:_identify(src/quadruped_ros2_control-humble/descriptions/anybotics/anymal_c_description) by extensions ['ignore', 'ignore_ament_install']
[0.421s] Level 1:colcon.colcon_core.package_identification:_identify(src/quadruped_ros2_control-humble/descriptions/anybotics/anymal_c_description) by extension 'ignore'
[0.422s] Level 1:colcon.colcon_core.package_identification:_identify(src/quadruped_ros2_control-humble/descriptions/anybotics/anymal_c_description) by extension 'ignore_ament_install'
[0.422s] Level 1:colcon.colcon_core.package_identification:_identify(src/quadruped_ros2_control-humble/descriptions/anybotics/anymal_c_description) by extensions ['colcon_pkg']
[0.422s] Level 1:colcon.colcon_core.package_identification:_identify(src/quadruped_ros2_control-humble/descriptions/anybotics/anymal_c_description) by extension 'colcon_pkg'
[0.422s] Level 1:colcon.colcon_core.package_identification:_identify(src/quadruped_ros2_control-humble/descriptions/anybotics/anymal_c_description) by extensions ['colcon_meta']
[0.422s] Level 1:colcon.colcon_core.package_identification:_identify(src/quadruped_ros2_control-humble/descriptions/anybotics/anymal_c_description) by extension 'colcon_meta'
[0.422s] Level 1:colcon.colcon_core.package_identification:_identify(src/quadruped_ros2_control-humble/descriptions/anybotics/anymal_c_description) by extensions ['ros']
[0.422s] Level 1:colcon.colcon_core.package_identification:_identify(src/quadruped_ros2_control-humble/descriptions/anybotics/anymal_c_description) by extension 'ros'
[0.422s] DEBUG:colcon.colcon_core.package_identification:Package 'src/quadruped_ros2_control-humble/descriptions/anybotics/anymal_c_description' with type 'ros.ament_cmake' and name 'anymal_c_description'
[0.422s] Level 1:colcon.colcon_core.package_identification:_identify(src/quadruped_ros2_control-humble/descriptions/deep_robotics) by extensions ['ignore', 'ignore_ament_install']
[0.423s] Level 1:colcon.colcon_core.package_identification:_identify(src/quadruped_ros2_control-humble/descriptions/deep_robotics) by extension 'ignore'
[0.423s] Level 1:colcon.colcon_core.package_identification:_identify(src/quadruped_ros2_control-humble/descriptions/deep_robotics) by extension 'ignore_ament_install'
[0.423s] Level 1:colcon.colcon_core.package_identification:_identify(src/quadruped_ros2_control-humble/descriptions/deep_robotics) by extensions ['colcon_pkg']
[0.423s] Level 1:colcon.colcon_core.package_identification:_identify(src/quadruped_ros2_control-humble/descriptions/deep_robotics) by extension 'colcon_pkg'
[0.423s] Level 1:colcon.colcon_core.package_identification:_identify(src/quadruped_ros2_control-humble/descriptions/deep_robotics) by extensions ['colcon_meta']
[0.423s] Level 1:colcon.colcon_core.package_identification:_identify(src/quadruped_ros2_control-humble/descriptions/deep_robotics) by extension 'colcon_meta'
[0.423s] Level 1:colcon.colcon_core.package_identification:_identify(src/quadruped_ros2_control-humble/descriptions/deep_robotics) by extensions ['ros']
[0.423s] Level 1:colcon.colcon_core.package_identification:_identify(src/quadruped_ros2_control-humble/descriptions/deep_robotics) by extension 'ros'
[0.423s] Level 1:colcon.colcon_core.package_identification:_identify(src/quadruped_ros2_control-humble/descriptions/deep_robotics) by extensions ['cmake', 'python']
[0.423s] Level 1:colcon.colcon_core.package_identification:_identify(src/quadruped_ros2_control-humble/descriptions/deep_robotics) by extension 'cmake'
[0.423s] Level 1:colcon.colcon_core.package_identification:_identify(src/quadruped_ros2_control-humble/descriptions/deep_robotics) by extension 'python'
[0.423s] Level 1:colcon.colcon_core.package_identification:_identify(src/quadruped_ros2_control-humble/descriptions/deep_robotics) by extensions ['python_setup_py']
[0.423s] Level 1:colcon.colcon_core.package_identification:_identify(src/quadruped_ros2_control-humble/descriptions/deep_robotics) by extension 'python_setup_py'
[0.423s] Level 1:colcon.colcon_core.package_identification:_identify(src/quadruped_ros2_control-humble/descriptions/deep_robotics/lite3_description) by extensions ['ignore', 'ignore_ament_install']
[0.423s] Level 1:colcon.colcon_core.package_identification:_identify(src/quadruped_ros2_control-humble/descriptions/deep_robotics/lite3_description) by extension 'ignore'
[0.424s] Level 1:colcon.colcon_core.package_identification:_identify(src/quadruped_ros2_control-humble/descriptions/deep_robotics/lite3_description) by extension 'ignore_ament_install'
[0.424s] Level 1:colcon.colcon_core.package_identification:_identify(src/quadruped_ros2_control-humble/descriptions/deep_robotics/lite3_description) by extensions ['colcon_pkg']
[0.424s] Level 1:colcon.colcon_core.package_identification:_identify(src/quadruped_ros2_control-humble/descriptions/deep_robotics/lite3_description) by extension 'colcon_pkg'
[0.424s] Level 1:colcon.colcon_core.package_identification:_identify(src/quadruped_ros2_control-humble/descriptions/deep_robotics/lite3_description) by extensions ['colcon_meta']
[0.424s] Level 1:colcon.colcon_core.package_identification:_identify(src/quadruped_ros2_control-humble/descriptions/deep_robotics/lite3_description) by extension 'colcon_meta'
[0.424s] Level 1:colcon.colcon_core.package_identification:_identify(src/quadruped_ros2_control-humble/descriptions/deep_robotics/lite3_description) by extensions ['ros']
[0.424s] Level 1:colcon.colcon_core.package_identification:_identify(src/quadruped_ros2_control-humble/descriptions/deep_robotics/lite3_description) by extension 'ros'
[0.424s] DEBUG:colcon.colcon_core.package_identification:Package 'src/quadruped_ros2_control-humble/descriptions/deep_robotics/lite3_description' with type 'ros.ament_cmake' and name 'lite3_description'
[0.425s] Level 1:colcon.colcon_core.package_identification:_identify(src/quadruped_ros2_control-humble/descriptions/deep_robotics/x30_description) by extensions ['ignore', 'ignore_ament_install']
[0.425s] Level 1:colcon.colcon_core.package_identification:_identify(src/quadruped_ros2_control-humble/descriptions/deep_robotics/x30_description) by extension 'ignore'
[0.425s] Level 1:colcon.colcon_core.package_identification:_identify(src/quadruped_ros2_control-humble/descriptions/deep_robotics/x30_description) by extension 'ignore_ament_install'
[0.425s] Level 1:colcon.colcon_core.package_identification:_identify(src/quadruped_ros2_control-humble/descriptions/deep_robotics/x30_description) by extensions ['colcon_pkg']
[0.425s] Level 1:colcon.colcon_core.package_identification:_identify(src/quadruped_ros2_control-humble/descriptions/deep_robotics/x30_description) by extension 'colcon_pkg'
[0.425s] Level 1:colcon.colcon_core.package_identification:_identify(src/quadruped_ros2_control-humble/descriptions/deep_robotics/x30_description) by extensions ['colcon_meta']
[0.425s] Level 1:colcon.colcon_core.package_identification:_identify(src/quadruped_ros2_control-humble/descriptions/deep_robotics/x30_description) by extension 'colcon_meta'
[0.425s] Level 1:colcon.colcon_core.package_identification:_identify(src/quadruped_ros2_control-humble/descriptions/deep_robotics/x30_description) by extensions ['ros']
[0.425s] Level 1:colcon.colcon_core.package_identification:_identify(src/quadruped_ros2_control-humble/descriptions/deep_robotics/x30_description) by extension 'ros'
[0.425s] DEBUG:colcon.colcon_core.package_identification:Package 'src/quadruped_ros2_control-humble/descriptions/deep_robotics/x30_description' with type 'ros.ament_cmake' and name 'x30_description'
[0.426s] Level 1:colcon.colcon_core.package_identification:_identify(src/quadruped_ros2_control-humble/descriptions/unitree) by extensions ['ignore', 'ignore_ament_install']
[0.426s] Level 1:colcon.colcon_core.package_identification:_identify(src/quadruped_ros2_control-humble/descriptions/unitree) by extension 'ignore'
[0.426s] Level 1:colcon.colcon_core.package_identification:_identify(src/quadruped_ros2_control-humble/descriptions/unitree) by extension 'ignore_ament_install'
[0.426s] Level 1:colcon.colcon_core.package_identification:_identify(src/quadruped_ros2_control-humble/descriptions/unitree) by extensions ['colcon_pkg']
[0.426s] Level 1:colcon.colcon_core.package_identification:_identify(src/quadruped_ros2_control-humble/descriptions/unitree) by extension 'colcon_pkg'
[0.426s] Level 1:colcon.colcon_core.package_identification:_identify(src/quadruped_ros2_control-humble/descriptions/unitree) by extensions ['colcon_meta']
[0.426s] Level 1:colcon.colcon_core.package_identification:_identify(src/quadruped_ros2_control-humble/descriptions/unitree) by extension 'colcon_meta'
[0.426s] Level 1:colcon.colcon_core.package_identification:_identify(src/quadruped_ros2_control-humble/descriptions/unitree) by extensions ['ros']
[0.426s] Level 1:colcon.colcon_core.package_identification:_identify(src/quadruped_ros2_control-humble/descriptions/unitree) by extension 'ros'
[0.426s] Level 1:colcon.colcon_core.package_identification:_identify(src/quadruped_ros2_control-humble/descriptions/unitree) by extensions ['cmake', 'python']
[0.426s] Level 1:colcon.colcon_core.package_identification:_identify(src/quadruped_ros2_control-humble/descriptions/unitree) by extension 'cmake'
[0.426s] Level 1:colcon.colcon_core.package_identification:_identify(src/quadruped_ros2_control-humble/descriptions/unitree) by extension 'python'
[0.426s] Level 1:colcon.colcon_core.package_identification:_identify(src/quadruped_ros2_control-humble/descriptions/unitree) by extensions ['python_setup_py']
[0.426s] Level 1:colcon.colcon_core.package_identification:_identify(src/quadruped_ros2_control-humble/descriptions/unitree) by extension 'python_setup_py'
[0.426s] Level 1:colcon.colcon_core.package_identification:_identify(src/quadruped_ros2_control-humble/descriptions/unitree/a1_description) by extensions ['ignore', 'ignore_ament_install']
[0.427s] Level 1:colcon.colcon_core.package_identification:_identify(src/quadruped_ros2_control-humble/descriptions/unitree/a1_description) by extension 'ignore'
[0.427s] Level 1:colcon.colcon_core.package_identification:_identify(src/quadruped_ros2_control-humble/descriptions/unitree/a1_description) by extension 'ignore_ament_install'
[0.427s] Level 1:colcon.colcon_core.package_identification:_identify(src/quadruped_ros2_control-humble/descriptions/unitree/a1_description) by extensions ['colcon_pkg']
[0.427s] Level 1:colcon.colcon_core.package_identification:_identify(src/quadruped_ros2_control-humble/descriptions/unitree/a1_description) by extension 'colcon_pkg'
[0.427s] Level 1:colcon.colcon_core.package_identification:_identify(src/quadruped_ros2_control-humble/descriptions/unitree/a1_description) by extensions ['colcon_meta']
[0.427s] Level 1:colcon.colcon_core.package_identification:_identify(src/quadruped_ros2_control-humble/descriptions/unitree/a1_description) by extension 'colcon_meta'
[0.427s] Level 1:colcon.colcon_core.package_identification:_identify(src/quadruped_ros2_control-humble/descriptions/unitree/a1_description) by extensions ['ros']
[0.427s] Level 1:colcon.colcon_core.package_identification:_identify(src/quadruped_ros2_control-humble/descriptions/unitree/a1_description) by extension 'ros'
[0.427s] DEBUG:colcon.colcon_core.package_identification:Package 'src/quadruped_ros2_control-humble/descriptions/unitree/a1_description' with type 'ros.ament_cmake' and name 'a1_description'
[0.428s] Level 1:colcon.colcon_core.package_identification:_identify(src/quadruped_ros2_control-humble/descriptions/unitree/aliengo_description) by extensions ['ignore', 'ignore_ament_install']
[0.428s] Level 1:colcon.colcon_core.package_identification:_identify(src/quadruped_ros2_control-humble/descriptions/unitree/aliengo_description) by extension 'ignore'
[0.428s] Level 1:colcon.colcon_core.package_identification:_identify(src/quadruped_ros2_control-humble/descriptions/unitree/aliengo_description) by extension 'ignore_ament_install'
[0.428s] Level 1:colcon.colcon_core.package_identification:_identify(src/quadruped_ros2_control-humble/descriptions/unitree/aliengo_description) by extensions ['colcon_pkg']
[0.428s] Level 1:colcon.colcon_core.package_identification:_identify(src/quadruped_ros2_control-humble/descriptions/unitree/aliengo_description) by extension 'colcon_pkg'
[0.428s] Level 1:colcon.colcon_core.package_identification:_identify(src/quadruped_ros2_control-humble/descriptions/unitree/aliengo_description) by extensions ['colcon_meta']
[0.428s] Level 1:colcon.colcon_core.package_identification:_identify(src/quadruped_ros2_control-humble/descriptions/unitree/aliengo_description) by extension 'colcon_meta'
[0.428s] Level 1:colcon.colcon_core.package_identification:_identify(src/quadruped_ros2_control-humble/descriptions/unitree/aliengo_description) by extensions ['ros']
[0.428s] Level 1:colcon.colcon_core.package_identification:_identify(src/quadruped_ros2_control-humble/descriptions/unitree/aliengo_description) by extension 'ros'
[0.429s] DEBUG:colcon.colcon_core.package_identification:Package 'src/quadruped_ros2_control-humble/descriptions/unitree/aliengo_description' with type 'ros.ament_cmake' and name 'aliengo_description'
[0.429s] Level 1:colcon.colcon_core.package_identification:_identify(src/quadruped_ros2_control-humble/descriptions/unitree/b2_description) by extensions ['ignore', 'ignore_ament_install']
[0.429s] Level 1:colcon.colcon_core.package_identification:_identify(src/quadruped_ros2_control-humble/descriptions/unitree/b2_description) by extension 'ignore'
[0.429s] Level 1:colcon.colcon_core.package_identification:_identify(src/quadruped_ros2_control-humble/descriptions/unitree/b2_description) by extension 'ignore_ament_install'
[0.429s] Level 1:colcon.colcon_core.package_identification:_identify(src/quadruped_ros2_control-humble/descriptions/unitree/b2_description) by extensions ['colcon_pkg']
[0.429s] Level 1:colcon.colcon_core.package_identification:_identify(src/quadruped_ros2_control-humble/descriptions/unitree/b2_description) by extension 'colcon_pkg'
[0.429s] Level 1:colcon.colcon_core.package_identification:_identify(src/quadruped_ros2_control-humble/descriptions/unitree/b2_description) by extensions ['colcon_meta']
[0.429s] Level 1:colcon.colcon_core.package_identification:_identify(src/quadruped_ros2_control-humble/descriptions/unitree/b2_description) by extension 'colcon_meta'
[0.429s] Level 1:colcon.colcon_core.package_identification:_identify(src/quadruped_ros2_control-humble/descriptions/unitree/b2_description) by extensions ['ros']
[0.429s] Level 1:colcon.colcon_core.package_identification:_identify(src/quadruped_ros2_control-humble/descriptions/unitree/b2_description) by extension 'ros'
[0.430s] DEBUG:colcon.colcon_core.package_identification:Package 'src/quadruped_ros2_control-humble/descriptions/unitree/b2_description' with type 'ros.ament_cmake' and name 'b2_description'
[0.430s] Level 1:colcon.colcon_core.package_identification:_identify(src/quadruped_ros2_control-humble/descriptions/unitree/go1_description) by extensions ['ignore', 'ignore_ament_install']
[0.430s] Level 1:colcon.colcon_core.package_identification:_identify(src/quadruped_ros2_control-humble/descriptions/unitree/go1_description) by extension 'ignore'
[0.430s] Level 1:colcon.colcon_core.package_identification:_identify(src/quadruped_ros2_control-humble/descriptions/unitree/go1_description) by extension 'ignore_ament_install'
[0.430s] Level 1:colcon.colcon_core.package_identification:_identify(src/quadruped_ros2_control-humble/descriptions/unitree/go1_description) by extensions ['colcon_pkg']
[0.430s] Level 1:colcon.colcon_core.package_identification:_identify(src/quadruped_ros2_control-humble/descriptions/unitree/go1_description) by extension 'colcon_pkg'
[0.430s] Level 1:colcon.colcon_core.package_identification:_identify(src/quadruped_ros2_control-humble/descriptions/unitree/go1_description) by extensions ['colcon_meta']
[0.430s] Level 1:colcon.colcon_core.package_identification:_identify(src/quadruped_ros2_control-humble/descriptions/unitree/go1_description) by extension 'colcon_meta'
[0.431s] Level 1:colcon.colcon_core.package_identification:_identify(src/quadruped_ros2_control-humble/descriptions/unitree/go1_description) by extensions ['ros']
[0.431s] Level 1:colcon.colcon_core.package_identification:_identify(src/quadruped_ros2_control-humble/descriptions/unitree/go1_description) by extension 'ros'
[0.431s] DEBUG:colcon.colcon_core.package_identification:Package 'src/quadruped_ros2_control-humble/descriptions/unitree/go1_description' with type 'ros.ament_cmake' and name 'go1_description'
[0.431s] Level 1:colcon.colcon_core.package_identification:_identify(src/quadruped_ros2_control-humble/descriptions/unitree/go2_description) by extensions ['ignore', 'ignore_ament_install']
[0.431s] Level 1:colcon.colcon_core.package_identification:_identify(src/quadruped_ros2_control-humble/descriptions/unitree/go2_description) by extension 'ignore'
[0.431s] Level 1:colcon.colcon_core.package_identification:_identify(src/quadruped_ros2_control-humble/descriptions/unitree/go2_description) by extension 'ignore_ament_install'
[0.431s] Level 1:colcon.colcon_core.package_identification:_identify(src/quadruped_ros2_control-humble/descriptions/unitree/go2_description) by extensions ['colcon_pkg']
[0.431s] Level 1:colcon.colcon_core.package_identification:_identify(src/quadruped_ros2_control-humble/descriptions/unitree/go2_description) by extension 'colcon_pkg'
[0.432s] Level 1:colcon.colcon_core.package_identification:_identify(src/quadruped_ros2_control-humble/descriptions/unitree/go2_description) by extensions ['colcon_meta']
[0.432s] Level 1:colcon.colcon_core.package_identification:_identify(src/quadruped_ros2_control-humble/descriptions/unitree/go2_description) by extension 'colcon_meta'
[0.432s] Level 1:colcon.colcon_core.package_identification:_identify(src/quadruped_ros2_control-humble/descriptions/unitree/go2_description) by extensions ['ros']
[0.432s] Level 1:colcon.colcon_core.package_identification:_identify(src/quadruped_ros2_control-humble/descriptions/unitree/go2_description) by extension 'ros'
[0.432s] DEBUG:colcon.colcon_core.package_identification:Package 'src/quadruped_ros2_control-humble/descriptions/unitree/go2_description' with type 'ros.ament_cmake' and name 'go2_description'
[0.432s] Level 1:colcon.colcon_core.package_identification:_identify(src/quadruped_ros2_control-humble/descriptions/xiaomi) by extensions ['ignore', 'ignore_ament_install']
[0.432s] Level 1:colcon.colcon_core.package_identification:_identify(src/quadruped_ros2_control-humble/descriptions/xiaomi) by extension 'ignore'
[0.433s] Level 1:colcon.colcon_core.package_identification:_identify(src/quadruped_ros2_control-humble/descriptions/xiaomi) by extension 'ignore_ament_install'
[0.433s] Level 1:colcon.colcon_core.package_identification:_identify(src/quadruped_ros2_control-humble/descriptions/xiaomi) by extensions ['colcon_pkg']
[0.433s] Level 1:colcon.colcon_core.package_identification:_identify(src/quadruped_ros2_control-humble/descriptions/xiaomi) by extension 'colcon_pkg'
[0.433s] Level 1:colcon.colcon_core.package_identification:_identify(src/quadruped_ros2_control-humble/descriptions/xiaomi) by extensions ['colcon_meta']
[0.433s] Level 1:colcon.colcon_core.package_identification:_identify(src/quadruped_ros2_control-humble/descriptions/xiaomi) by extension 'colcon_meta'
[0.433s] Level 1:colcon.colcon_core.package_identification:_identify(src/quadruped_ros2_control-humble/descriptions/xiaomi) by extensions ['ros']
[0.433s] Level 1:colcon.colcon_core.package_identification:_identify(src/quadruped_ros2_control-humble/descriptions/xiaomi) by extension 'ros'
[0.433s] Level 1:colcon.colcon_core.package_identification:_identify(src/quadruped_ros2_control-humble/descriptions/xiaomi) by extensions ['cmake', 'python']
[0.433s] Level 1:colcon.colcon_core.package_identification:_identify(src/quadruped_ros2_control-humble/descriptions/xiaomi) by extension 'cmake'
[0.433s] Level 1:colcon.colcon_core.package_identification:_identify(src/quadruped_ros2_control-humble/descriptions/xiaomi) by extension 'python'
[0.433s] Level 1:colcon.colcon_core.package_identification:_identify(src/quadruped_ros2_control-humble/descriptions/xiaomi) by extensions ['python_setup_py']
[0.433s] Level 1:colcon.colcon_core.package_identification:_identify(src/quadruped_ros2_control-humble/descriptions/xiaomi) by extension 'python_setup_py'
[0.433s] Level 1:colcon.colcon_core.package_identification:_identify(src/quadruped_ros2_control-humble/descriptions/xiaomi/cyberdog_description) by extensions ['ignore', 'ignore_ament_install']
[0.433s] Level 1:colcon.colcon_core.package_identification:_identify(src/quadruped_ros2_control-humble/descriptions/xiaomi/cyberdog_description) by extension 'ignore'
[0.433s] Level 1:colcon.colcon_core.package_identification:_identify(src/quadruped_ros2_control-humble/descriptions/xiaomi/cyberdog_description) by extension 'ignore_ament_install'
[0.434s] Level 1:colcon.colcon_core.package_identification:_identify(src/quadruped_ros2_control-humble/descriptions/xiaomi/cyberdog_description) by extensions ['colcon_pkg']
[0.434s] Level 1:colcon.colcon_core.package_identification:_identify(src/quadruped_ros2_control-humble/descriptions/xiaomi/cyberdog_description) by extension 'colcon_pkg'
[0.434s] Level 1:colcon.colcon_core.package_identification:_identify(src/quadruped_ros2_control-humble/descriptions/xiaomi/cyberdog_description) by extensions ['colcon_meta']
[0.434s] Level 1:colcon.colcon_core.package_identification:_identify(src/quadruped_ros2_control-humble/descriptions/xiaomi/cyberdog_description) by extension 'colcon_meta'
[0.434s] Level 1:colcon.colcon_core.package_identification:_identify(src/quadruped_ros2_control-humble/descriptions/xiaomi/cyberdog_description) by extensions ['ros']
[0.434s] Level 1:colcon.colcon_core.package_identification:_identify(src/quadruped_ros2_control-humble/descriptions/xiaomi/cyberdog_description) by extension 'ros'
[0.434s] DEBUG:colcon.colcon_core.package_identification:Package 'src/quadruped_ros2_control-humble/descriptions/xiaomi/cyberdog_description' with type 'ros.ament_cmake' and name 'cyberdog_description'
[0.435s] Level 1:colcon.colcon_core.package_identification:_identify(src/quadruped_ros2_control-humble/hardwares) by extensions ['ignore', 'ignore_ament_install']
[0.435s] Level 1:colcon.colcon_core.package_identification:_identify(src/quadruped_ros2_control-humble/hardwares) by extension 'ignore'
[0.435s] Level 1:colcon.colcon_core.package_identification:_identify(src/quadruped_ros2_control-humble/hardwares) by extension 'ignore_ament_install'
[0.435s] Level 1:colcon.colcon_core.package_identification:_identify(src/quadruped_ros2_control-humble/hardwares) by extensions ['colcon_pkg']
[0.435s] Level 1:colcon.colcon_core.package_identification:_identify(src/quadruped_ros2_control-humble/hardwares) by extension 'colcon_pkg'
[0.435s] Level 1:colcon.colcon_core.package_identification:_identify(src/quadruped_ros2_control-humble/hardwares) by extensions ['colcon_meta']
[0.435s] Level 1:colcon.colcon_core.package_identification:_identify(src/quadruped_ros2_control-humble/hardwares) by extension 'colcon_meta'
[0.435s] Level 1:colcon.colcon_core.package_identification:_identify(src/quadruped_ros2_control-humble/hardwares) by extensions ['ros']
[0.435s] Level 1:colcon.colcon_core.package_identification:_identify(src/quadruped_ros2_control-humble/hardwares) by extension 'ros'
[0.435s] Level 1:colcon.colcon_core.package_identification:_identify(src/quadruped_ros2_control-humble/hardwares) by extensions ['cmake', 'python']
[0.435s] Level 1:colcon.colcon_core.package_identification:_identify(src/quadruped_ros2_control-humble/hardwares) by extension 'cmake'
[0.435s] Level 1:colcon.colcon_core.package_identification:_identify(src/quadruped_ros2_control-humble/hardwares) by extension 'python'
[0.435s] Level 1:colcon.colcon_core.package_identification:_identify(src/quadruped_ros2_control-humble/hardwares) by extensions ['python_setup_py']
[0.435s] Level 1:colcon.colcon_core.package_identification:_identify(src/quadruped_ros2_control-humble/hardwares) by extension 'python_setup_py'
[0.436s] Level 1:colcon.colcon_core.package_identification:_identify(src/quadruped_ros2_control-humble/hardwares/gz_quadruped_hardware) by extensions ['ignore', 'ignore_ament_install']
[0.436s] Level 1:colcon.colcon_core.package_identification:_identify(src/quadruped_ros2_control-humble/hardwares/gz_quadruped_hardware) by extension 'ignore'
[0.436s] Level 1:colcon.colcon_core.package_identification:_identify(src/quadruped_ros2_control-humble/hardwares/gz_quadruped_hardware) by extension 'ignore_ament_install'
[0.436s] Level 1:colcon.colcon_core.package_identification:_identify(src/quadruped_ros2_control-humble/hardwares/gz_quadruped_hardware) by extensions ['colcon_pkg']
[0.436s] Level 1:colcon.colcon_core.package_identification:_identify(src/quadruped_ros2_control-humble/hardwares/gz_quadruped_hardware) by extension 'colcon_pkg'
[0.436s] Level 1:colcon.colcon_core.package_identification:_identify(src/quadruped_ros2_control-humble/hardwares/gz_quadruped_hardware) by extensions ['colcon_meta']
[0.436s] Level 1:colcon.colcon_core.package_identification:_identify(src/quadruped_ros2_control-humble/hardwares/gz_quadruped_hardware) by extension 'colcon_meta'
[0.436s] Level 1:colcon.colcon_core.package_identification:_identify(src/quadruped_ros2_control-humble/hardwares/gz_quadruped_hardware) by extensions ['ros']
[0.436s] Level 1:colcon.colcon_core.package_identification:_identify(src/quadruped_ros2_control-humble/hardwares/gz_quadruped_hardware) by extension 'ros'
[0.437s] DEBUG:colcon.colcon_core.package_identification:Package 'src/quadruped_ros2_control-humble/hardwares/gz_quadruped_hardware' with type 'ros.ament_cmake' and name 'gz_quadruped_hardware'
[0.437s] Level 1:colcon.colcon_core.package_identification:_identify(src/quadruped_ros2_control-humble/hardwares/hardware_unitree_mujoco) by extensions ['ignore', 'ignore_ament_install']
[0.437s] Level 1:colcon.colcon_core.package_identification:_identify(src/quadruped_ros2_control-humble/hardwares/hardware_unitree_mujoco) by extension 'ignore'
[0.437s] Level 1:colcon.colcon_core.package_identification:_identify(src/quadruped_ros2_control-humble/hardwares/hardware_unitree_mujoco) by extension 'ignore_ament_install'
[0.438s] Level 1:colcon.colcon_core.package_identification:_identify(src/quadruped_ros2_control-humble/hardwares/hardware_unitree_mujoco) by extensions ['colcon_pkg']
[0.438s] Level 1:colcon.colcon_core.package_identification:_identify(src/quadruped_ros2_control-humble/hardwares/hardware_unitree_mujoco) by extension 'colcon_pkg'
[0.438s] Level 1:colcon.colcon_core.package_identification:_identify(src/quadruped_ros2_control-humble/hardwares/hardware_unitree_mujoco) by extensions ['colcon_meta']
[0.438s] Level 1:colcon.colcon_core.package_identification:_identify(src/quadruped_ros2_control-humble/hardwares/hardware_unitree_mujoco) by extension 'colcon_meta'
[0.438s] Level 1:colcon.colcon_core.package_identification:_identify(src/quadruped_ros2_control-humble/hardwares/hardware_unitree_mujoco) by extensions ['ros']
[0.438s] Level 1:colcon.colcon_core.package_identification:_identify(src/quadruped_ros2_control-humble/hardwares/hardware_unitree_mujoco) by extension 'ros'
[0.438s] DEBUG:colcon.colcon_core.package_identification:Package 'src/quadruped_ros2_control-humble/hardwares/hardware_unitree_mujoco' with type 'ros.ament_cmake' and name 'hardware_unitree_mujoco'
[0.438s] Level 1:colcon.colcon_core.package_identification:_identify(src/quadruped_ros2_control-humble/libraries) by extensions ['ignore', 'ignore_ament_install']
[0.439s] Level 1:colcon.colcon_core.package_identification:_identify(src/quadruped_ros2_control-humble/libraries) by extension 'ignore'
[0.439s] Level 1:colcon.colcon_core.package_identification:_identify(src/quadruped_ros2_control-humble/libraries) by extension 'ignore_ament_install'
[0.439s] Level 1:colcon.colcon_core.package_identification:_identify(src/quadruped_ros2_control-humble/libraries) by extensions ['colcon_pkg']
[0.439s] Level 1:colcon.colcon_core.package_identification:_identify(src/quadruped_ros2_control-humble/libraries) by extension 'colcon_pkg'
[0.439s] Level 1:colcon.colcon_core.package_identification:_identify(src/quadruped_ros2_control-humble/libraries) by extensions ['colcon_meta']
[0.439s] Level 1:colcon.colcon_core.package_identification:_identify(src/quadruped_ros2_control-humble/libraries) by extension 'colcon_meta'
[0.439s] Level 1:colcon.colcon_core.package_identification:_identify(src/quadruped_ros2_control-humble/libraries) by extensions ['ros']
[0.439s] Level 1:colcon.colcon_core.package_identification:_identify(src/quadruped_ros2_control-humble/libraries) by extension 'ros'
[0.439s] Level 1:colcon.colcon_core.package_identification:_identify(src/quadruped_ros2_control-humble/libraries) by extensions ['cmake', 'python']
[0.439s] Level 1:colcon.colcon_core.package_identification:_identify(src/quadruped_ros2_control-humble/libraries) by extension 'cmake'
[0.439s] Level 1:colcon.colcon_core.package_identification:_identify(src/quadruped_ros2_control-humble/libraries) by extension 'python'
[0.439s] Level 1:colcon.colcon_core.package_identification:_identify(src/quadruped_ros2_control-humble/libraries) by extensions ['python_setup_py']
[0.439s] Level 1:colcon.colcon_core.package_identification:_identify(src/quadruped_ros2_control-humble/libraries) by extension 'python_setup_py'
[0.439s] Level 1:colcon.colcon_core.package_identification:_identify(src/quadruped_ros2_control-humble/libraries/controller_common) by extensions ['ignore', 'ignore_ament_install']
[0.439s] Level 1:colcon.colcon_core.package_identification:_identify(src/quadruped_ros2_control-humble/libraries/controller_common) by extension 'ignore'
[0.440s] Level 1:colcon.colcon_core.package_identification:_identify(src/quadruped_ros2_control-humble/libraries/controller_common) by extension 'ignore_ament_install'
[0.440s] Level 1:colcon.colcon_core.package_identification:_identify(src/quadruped_ros2_control-humble/libraries/controller_common) by extensions ['colcon_pkg']
[0.440s] Level 1:colcon.colcon_core.package_identification:_identify(src/quadruped_ros2_control-humble/libraries/controller_common) by extension 'colcon_pkg'
[0.440s] Level 1:colcon.colcon_core.package_identification:_identify(src/quadruped_ros2_control-humble/libraries/controller_common) by extensions ['colcon_meta']
[0.440s] Level 1:colcon.colcon_core.package_identification:_identify(src/quadruped_ros2_control-humble/libraries/controller_common) by extension 'colcon_meta'
[0.440s] Level 1:colcon.colcon_core.package_identification:_identify(src/quadruped_ros2_control-humble/libraries/controller_common) by extensions ['ros']
[0.440s] Level 1:colcon.colcon_core.package_identification:_identify(src/quadruped_ros2_control-humble/libraries/controller_common) by extension 'ros'
[0.441s] DEBUG:colcon.colcon_core.package_identification:Package 'src/quadruped_ros2_control-humble/libraries/controller_common' with type 'ros.ament_cmake' and name 'controller_common'
[0.441s] Level 1:colcon.colcon_core.package_identification:_identify(src/quadruped_ros2_control-humble/libraries/gz_quadruped_playground) by extensions ['ignore', 'ignore_ament_install']
[0.441s] Level 1:colcon.colcon_core.package_identification:_identify(src/quadruped_ros2_control-humble/libraries/gz_quadruped_playground) by extension 'ignore'
[0.441s] Level 1:colcon.colcon_core.package_identification:_identify(src/quadruped_ros2_control-humble/libraries/gz_quadruped_playground) by extension 'ignore_ament_install'
[0.441s] Level 1:colcon.colcon_core.package_identification:_identify(src/quadruped_ros2_control-humble/libraries/gz_quadruped_playground) by extensions ['colcon_pkg']
[0.441s] Level 1:colcon.colcon_core.package_identification:_identify(src/quadruped_ros2_control-humble/libraries/gz_quadruped_playground) by extension 'colcon_pkg'
[0.441s] Level 1:colcon.colcon_core.package_identification:_identify(src/quadruped_ros2_control-humble/libraries/gz_quadruped_playground) by extensions ['colcon_meta']
[0.441s] Level 1:colcon.colcon_core.package_identification:_identify(src/quadruped_ros2_control-humble/libraries/gz_quadruped_playground) by extension 'colcon_meta'
[0.441s] Level 1:colcon.colcon_core.package_identification:_identify(src/quadruped_ros2_control-humble/libraries/gz_quadruped_playground) by extensions ['ros']
[0.441s] Level 1:colcon.colcon_core.package_identification:_identify(src/quadruped_ros2_control-humble/libraries/gz_quadruped_playground) by extension 'ros'
[0.442s] DEBUG:colcon.colcon_core.package_identification:Package 'src/quadruped_ros2_control-humble/libraries/gz_quadruped_playground' with type 'ros.ament_cmake' and name 'gz_quadruped_playground'
[0.442s] Level 1:colcon.colcon_core.package_identification:_identify(src/quadruped_ros2_control-humble/libraries/qpoases_colcon) by extensions ['ignore', 'ignore_ament_install']
[0.442s] Level 1:colcon.colcon_core.package_identification:_identify(src/quadruped_ros2_control-humble/libraries/qpoases_colcon) by extension 'ignore'
[0.442s] Level 1:colcon.colcon_core.package_identification:_identify(src/quadruped_ros2_control-humble/libraries/qpoases_colcon) by extension 'ignore_ament_install'
[0.442s] Level 1:colcon.colcon_core.package_identification:_identify(src/quadruped_ros2_control-humble/libraries/qpoases_colcon) by extensions ['colcon_pkg']
[0.442s] Level 1:colcon.colcon_core.package_identification:_identify(src/quadruped_ros2_control-humble/libraries/qpoases_colcon) by extension 'colcon_pkg'
[0.442s] Level 1:colcon.colcon_core.package_identification:_identify(src/quadruped_ros2_control-humble/libraries/qpoases_colcon) by extensions ['colcon_meta']
[0.442s] Level 1:colcon.colcon_core.package_identification:_identify(src/quadruped_ros2_control-humble/libraries/qpoases_colcon) by extension 'colcon_meta'
[0.442s] Level 1:colcon.colcon_core.package_identification:_identify(src/quadruped_ros2_control-humble/libraries/qpoases_colcon) by extensions ['ros']
[0.442s] Level 1:colcon.colcon_core.package_identification:_identify(src/quadruped_ros2_control-humble/libraries/qpoases_colcon) by extension 'ros'
[0.443s] DEBUG:colcon.colcon_core.package_identification:Package 'src/quadruped_ros2_control-humble/libraries/qpoases_colcon' with type 'ros.ament_cmake' and name 'qpoases_colcon'
[0.443s] Level 1:colcon.colcon_core.package_identification:_identify(src/unitree_sdk2) by extensions ['ignore', 'ignore_ament_install']
[0.443s] Level 1:colcon.colcon_core.package_identification:_identify(src/unitree_sdk2) by extension 'ignore'
[0.443s] Level 1:colcon.colcon_core.package_identification:_identify(src/unitree_sdk2) by extension 'ignore_ament_install'
[0.443s] Level 1:colcon.colcon_core.package_identification:_identify(src/unitree_sdk2) by extensions ['colcon_pkg']
[0.443s] Level 1:colcon.colcon_core.package_identification:_identify(src/unitree_sdk2) by extension 'colcon_pkg'
[0.443s] Level 1:colcon.colcon_core.package_identification:_identify(src/unitree_sdk2) by extensions ['colcon_meta']
[0.443s] Level 1:colcon.colcon_core.package_identification:_identify(src/unitree_sdk2) by extension 'colcon_meta'
[0.443s] Level 1:colcon.colcon_core.package_identification:_identify(src/unitree_sdk2) by extensions ['ros']
[0.443s] Level 1:colcon.colcon_core.package_identification:_identify(src/unitree_sdk2) by extension 'ros'
[0.444s] Level 1:colcon.colcon_core.package_identification:_identify(src/unitree_sdk2) by extensions ['cmake', 'python']
[0.444s] Level 1:colcon.colcon_core.package_identification:_identify(src/unitree_sdk2) by extension 'cmake'
[0.451s] Level 1:colcon.colcon_core.package_identification:_identify(src/unitree_sdk2) by extension 'python'
[0.451s] DEBUG:colcon.colcon_core.package_identification:Package 'src/unitree_sdk2' with type 'cmake' and name 'unitree_sdk2'
[0.451s] Level 1:colcon.colcon_core.package_discovery:discover_packages(recursive) using defaults
[0.451s] Level 1:colcon.colcon_core.package_discovery:discover_packages(ignore) discover
[0.451s] Level 1:colcon.colcon_core.package_discovery:discover_packages(ignore) using defaults
[0.451s] Level 1:colcon.colcon_core.package_discovery:discover_packages(path) discover
[0.451s] Level 1:colcon.colcon_core.package_discovery:discover_packages(path) using defaults
[0.486s] INFO:colcon.colcon_core.package_selection:Skipping package 'unitree_guide_controller' in 'src/quadruped_ros2_control-humble/controllers/unitree_guide_controller'
[0.486s] INFO:colcon.colcon_core.package_selection:Skipping package 'rl_quadruped_controller' in 'src/quadruped_ros2_control-humble/controllers/rl_quadruped_controller'
[0.486s] INFO:colcon.colcon_core.package_selection:Skipping package 'ocs2_quadruped_controller' in 'src/quadruped_ros2_control-humble/controllers/ocs2_quadruped_controller'
[0.486s] INFO:colcon.colcon_core.package_selection:Skipping package 'unitree_joystick_input' in 'src/quadruped_ros2_control-humble/commands/unitree_joystick_input'
[0.486s] INFO:colcon.colcon_core.package_selection:Skipping package 'keyboard_input' in 'src/quadruped_ros2_control-humble/commands/keyboard_input'
[0.486s] INFO:colcon.colcon_core.package_selection:Skipping package 'joystick_input' in 'src/quadruped_ros2_control-humble/commands/joystick_input'
[0.486s] INFO:colcon.colcon_core.package_selection:Skipping package 'gz_quadruped_playground' in 'src/quadruped_ros2_control-humble/libraries/gz_quadruped_playground'
[0.486s] INFO:colcon.colcon_core.package_selection:Skipping package 'controller_common' in 'src/quadruped_ros2_control-humble/libraries/controller_common'
[0.486s] INFO:colcon.colcon_core.package_selection:Skipping package 'x30_description' in 'src/quadruped_ros2_control-humble/descriptions/deep_robotics/x30_description'
[0.486s] INFO:colcon.colcon_core.package_selection:Skipping package 'unitree_sdk2' in 'src/unitree_sdk2'
[0.486s] INFO:colcon.colcon_core.package_selection:Skipping package 'qpoases_colcon' in 'src/quadruped_ros2_control-humble/libraries/qpoases_colcon'
[0.486s] INFO:colcon.colcon_core.package_selection:Skipping package 'lite3_description' in 'src/quadruped_ros2_control-humble/descriptions/deep_robotics/lite3_description'
[0.486s] INFO:colcon.colcon_core.package_selection:Skipping package 'leg_pd_controller' in 'src/quadruped_ros2_control-humble/controllers/leg_pd_controller'
[0.486s] INFO:colcon.colcon_core.package_selection:Skipping package 'gz_quadruped_hardware' in 'src/quadruped_ros2_control-humble/hardwares/gz_quadruped_hardware'
[0.486s] INFO:colcon.colcon_core.package_selection:Skipping package 'go2_description' in 'src/quadruped_ros2_control-humble/descriptions/unitree/go2_description'
[0.486s] INFO:colcon.colcon_core.package_selection:Skipping package 'go1_description' in 'src/quadruped_ros2_control-humble/descriptions/unitree/go1_description'
[0.486s] INFO:colcon.colcon_core.package_selection:Skipping package 'cyberdog_description' in 'src/quadruped_ros2_control-humble/descriptions/xiaomi/cyberdog_description'
[0.486s] INFO:colcon.colcon_core.package_selection:Skipping package 'control_input_msgs' in 'src/quadruped_ros2_control-humble/commands/control_input_msgs'
[0.486s] INFO:colcon.colcon_core.package_selection:Skipping package 'b2_description' in 'src/quadruped_ros2_control-humble/descriptions/unitree/b2_description'
[0.486s] INFO:colcon.colcon_core.package_selection:Skipping package 'anymal_c_description' in 'src/quadruped_ros2_control-humble/descriptions/anybotics/anymal_c_description'
[0.486s] INFO:colcon.colcon_core.package_selection:Skipping package 'aliengo_description' in 'src/quadruped_ros2_control-humble/descriptions/unitree/aliengo_description'
[0.486s] INFO:colcon.colcon_core.package_selection:Skipping package 'a1_description' in 'src/quadruped_ros2_control-humble/descriptions/unitree/a1_description'
[0.487s] Level 1:colcon.colcon_core.package_discovery:discover_packages(prefix_path) check parameters
[0.487s] Level 1:colcon.colcon_core.package_discovery:discover_packages(prefix_path) discover
[0.489s] DEBUG:colcon.colcon_installed_package_information.package_discovery:Found 8 installed packages in /home/yzz/quadruped_ws/install
[0.491s] DEBUG:colcon.colcon_installed_package_information.package_discovery:Found 321 installed packages in /opt/ros/humble
[0.493s] Level 1:colcon.colcon_core.package_discovery:discover_packages(prefix_path) using defaults
[0.547s] Level 5:colcon.colcon_core.verb:set package 'hardware_unitree_mujoco' build argument 'cmake_args' from command line to 'None'
[0.547s] Level 5:colcon.colcon_core.verb:set package 'hardware_unitree_mujoco' build argument 'cmake_target' from command line to 'None'
[0.547s] Level 5:colcon.colcon_core.verb:set package 'hardware_unitree_mujoco' build argument 'cmake_target_skip_unavailable' from command line to 'False'
[0.547s] Level 5:colcon.colcon_core.verb:set package 'hardware_unitree_mujoco' build argument 'cmake_clean_cache' from command line to 'False'
[0.547s] Level 5:colcon.colcon_core.verb:set package 'hardware_unitree_mujoco' build argument 'cmake_clean_first' from command line to 'False'
[0.548s] Level 5:colcon.colcon_core.verb:set package 'hardware_unitree_mujoco' build argument 'cmake_force_configure' from command line to 'False'
[0.548s] Level 5:colcon.colcon_core.verb:set package 'hardware_unitree_mujoco' build argument 'ament_cmake_args' from command line to 'None'
[0.548s] Level 5:colcon.colcon_core.verb:set package 'hardware_unitree_mujoco' build argument 'catkin_cmake_args' from command line to 'None'
[0.548s] Level 5:colcon.colcon_core.verb:set package 'hardware_unitree_mujoco' build argument 'catkin_skip_building_tests' from command line to 'False'
[0.548s] DEBUG:colcon.colcon_core.verb:Building package 'hardware_unitree_mujoco' with the following arguments: {'ament_cmake_args': None, 'build_base': '/home/yzz/quadruped_ws/build/hardware_unitree_mujoco', 'catkin_cmake_args': None, 'catkin_skip_building_tests': False, 'cmake_args': None, 'cmake_clean_cache': False, 'cmake_clean_first': False, 'cmake_force_configure': False, 'cmake_target': None, 'cmake_target_skip_unavailable': False, 'install_base': '/home/yzz/quadruped_ws/install/hardware_unitree_mujoco', 'merge_install': False, 'path': '/home/yzz/quadruped_ws/src/quadruped_ros2_control-humble/hardwares/hardware_unitree_mujoco', 'symlink_install': False, 'test_result_base': None}
[0.548s] INFO:colcon.colcon_core.executor:Executing jobs using 'parallel' executor
[0.549s] DEBUG:colcon.colcon_parallel_executor.executor.parallel:run_until_complete
[0.549s] INFO:colcon.colcon_ros.task.ament_cmake.build:Building ROS package in '/home/yzz/quadruped_ws/src/quadruped_ros2_control-humble/hardwares/hardware_unitree_mujoco' with build type 'ament_cmake'
[0.549s] INFO:colcon.colcon_cmake.task.cmake.build:Building CMake package in '/home/yzz/quadruped_ws/src/quadruped_ros2_control-humble/hardwares/hardware_unitree_mujoco'
[0.556s] INFO:colcon.colcon_core.plugin_system:Skipping extension 'colcon_core.shell.bat': Not used on non-Windows systems
[0.556s] INFO:colcon.colcon_core.shell:Skip shell extension 'powershell' for command environment: Not usable outside of PowerShell
[0.556s] DEBUG:colcon.colcon_core.shell:Skip shell extension 'dsv' for command environment
[0.577s] DEBUG:colcon.colcon_core.event_handler.log_command:Invoking command in '/home/yzz/quadruped_ws/build/hardware_unitree_mujoco': CMAKE_PREFIX_PATH=${CMAKE_PREFIX_PATH}:/opt/ros/humble /usr/bin/cmake /home/yzz/quadruped_ws/src/quadruped_ros2_control-humble/hardwares/hardware_unitree_mujoco -DCMAKE_INSTALL_PREFIX=/home/yzz/quadruped_ws/install/hardware_unitree_mujoco
[2.254s] DEBUG:colcon.colcon_core.event_handler.log_command:Invoked command in '/home/yzz/quadruped_ws/build/hardware_unitree_mujoco' returned '0': CMAKE_PREFIX_PATH=${CMAKE_PREFIX_PATH}:/opt/ros/humble /usr/bin/cmake /home/yzz/quadruped_ws/src/quadruped_ros2_control-humble/hardwares/hardware_unitree_mujoco -DCMAKE_INSTALL_PREFIX=/home/yzz/quadruped_ws/install/hardware_unitree_mujoco
[2.254s] DEBUG:colcon.colcon_core.event_handler.log_command:Invoking command in '/home/yzz/quadruped_ws/build/hardware_unitree_mujoco': CMAKE_PREFIX_PATH=${CMAKE_PREFIX_PATH}:/opt/ros/humble /usr/bin/cmake --build /home/yzz/quadruped_ws/build/hardware_unitree_mujoco -- -j2 -l2
[11.443s] DEBUG:colcon.colcon_core.event_handler.log_command:Invoked command in '/home/yzz/quadruped_ws/build/hardware_unitree_mujoco' returned '0': CMAKE_PREFIX_PATH=${CMAKE_PREFIX_PATH}:/opt/ros/humble /usr/bin/cmake --build /home/yzz/quadruped_ws/build/hardware_unitree_mujoco -- -j2 -l2
[11.461s] DEBUG:colcon.colcon_core.event_handler.log_command:Invoking command in '/home/yzz/quadruped_ws/build/hardware_unitree_mujoco': CMAKE_PREFIX_PATH=${CMAKE_PREFIX_PATH}:/opt/ros/humble /usr/bin/cmake --install /home/yzz/quadruped_ws/build/hardware_unitree_mujoco
[11.509s] Level 1:colcon.colcon_core.environment:create_environment_scripts_only(hardware_unitree_mujoco)
[11.510s] DEBUG:colcon.colcon_core.event_handler.log_command:Invoked command in '/home/yzz/quadruped_ws/build/hardware_unitree_mujoco' returned '0': CMAKE_PREFIX_PATH=${CMAKE_PREFIX_PATH}:/opt/ros/humble /usr/bin/cmake --install /home/yzz/quadruped_ws/build/hardware_unitree_mujoco
[11.514s] Level 1:colcon.colcon_core.environment:checking '/home/yzz/quadruped_ws/install/hardware_unitree_mujoco' for CMake module files
[11.516s] Level 1:colcon.colcon_core.environment:checking '/home/yzz/quadruped_ws/install/hardware_unitree_mujoco' for CMake config files
[11.517s] Level 1:colcon.colcon_core.shell:create_environment_hook('hardware_unitree_mujoco', 'cmake_prefix_path')
[11.518s] INFO:colcon.colcon_core.shell:Creating environment hook '/home/yzz/quadruped_ws/install/hardware_unitree_mujoco/share/hardware_unitree_mujoco/hook/cmake_prefix_path.ps1'
[11.519s] INFO:colcon.colcon_core.shell:Creating environment descriptor '/home/yzz/quadruped_ws/install/hardware_unitree_mujoco/share/hardware_unitree_mujoco/hook/cmake_prefix_path.dsv'
[11.519s] INFO:colcon.colcon_core.shell:Creating environment hook '/home/yzz/quadruped_ws/install/hardware_unitree_mujoco/share/hardware_unitree_mujoco/hook/cmake_prefix_path.sh'
[11.521s] Level 1:colcon.colcon_core.environment:checking '/home/yzz/quadruped_ws/install/hardware_unitree_mujoco/lib'
[11.521s] Level 1:colcon.colcon_core.shell:create_environment_hook('hardware_unitree_mujoco', 'ld_library_path_lib')
[11.522s] INFO:colcon.colcon_core.shell:Creating environment hook '/home/yzz/quadruped_ws/install/hardware_unitree_mujoco/share/hardware_unitree_mujoco/hook/ld_library_path_lib.ps1'
[11.523s] INFO:colcon.colcon_core.shell:Creating environment descriptor '/home/yzz/quadruped_ws/install/hardware_unitree_mujoco/share/hardware_unitree_mujoco/hook/ld_library_path_lib.dsv'
[11.523s] INFO:colcon.colcon_core.shell:Creating environment hook '/home/yzz/quadruped_ws/install/hardware_unitree_mujoco/share/hardware_unitree_mujoco/hook/ld_library_path_lib.sh'
[11.523s] Level 1:colcon.colcon_core.environment:checking '/home/yzz/quadruped_ws/install/hardware_unitree_mujoco/bin'
[11.524s] Level 1:colcon.colcon_core.environment:checking '/home/yzz/quadruped_ws/install/hardware_unitree_mujoco/lib/pkgconfig/hardware_unitree_mujoco.pc'
[11.524s] Level 1:colcon.colcon_core.environment:checking '/home/yzz/quadruped_ws/install/hardware_unitree_mujoco/lib/python3.10/site-packages'
[11.525s] Level 1:colcon.colcon_core.environment:checking '/home/yzz/quadruped_ws/install/hardware_unitree_mujoco/bin'
[11.526s] INFO:colcon.colcon_core.shell:Creating package script '/home/yzz/quadruped_ws/install/hardware_unitree_mujoco/share/hardware_unitree_mujoco/package.ps1'
[11.527s] INFO:colcon.colcon_core.shell:Creating package descriptor '/home/yzz/quadruped_ws/install/hardware_unitree_mujoco/share/hardware_unitree_mujoco/package.dsv'
[11.528s] INFO:colcon.colcon_core.shell:Creating package script '/home/yzz/quadruped_ws/install/hardware_unitree_mujoco/share/hardware_unitree_mujoco/package.sh'
[11.529s] INFO:colcon.colcon_core.shell:Creating package script '/home/yzz/quadruped_ws/install/hardware_unitree_mujoco/share/hardware_unitree_mujoco/package.bash'
[11.531s] INFO:colcon.colcon_core.shell:Creating package script '/home/yzz/quadruped_ws/install/hardware_unitree_mujoco/share/hardware_unitree_mujoco/package.zsh'
[11.532s] Level 1:colcon.colcon_core.environment:create_file_with_runtime_dependencies(/home/yzz/quadruped_ws/install/hardware_unitree_mujoco/share/colcon-core/packages/hardware_unitree_mujoco)
[11.533s] Level 1:colcon.colcon_core.environment:create_environment_scripts_only(hardware_unitree_mujoco)
[11.534s] Level 1:colcon.colcon_core.environment:checking '/home/yzz/quadruped_ws/install/hardware_unitree_mujoco' for CMake module files
[11.534s] Level 1:colcon.colcon_core.environment:checking '/home/yzz/quadruped_ws/install/hardware_unitree_mujoco' for CMake config files
[11.535s] Level 1:colcon.colcon_core.shell:create_environment_hook('hardware_unitree_mujoco', 'cmake_prefix_path')
[11.535s] INFO:colcon.colcon_core.shell:Creating environment hook '/home/yzz/quadruped_ws/install/hardware_unitree_mujoco/share/hardware_unitree_mujoco/hook/cmake_prefix_path.ps1'
[11.536s] INFO:colcon.colcon_core.shell:Creating environment descriptor '/home/yzz/quadruped_ws/install/hardware_unitree_mujoco/share/hardware_unitree_mujoco/hook/cmake_prefix_path.dsv'
[11.536s] INFO:colcon.colcon_core.shell:Creating environment hook '/home/yzz/quadruped_ws/install/hardware_unitree_mujoco/share/hardware_unitree_mujoco/hook/cmake_prefix_path.sh'
[11.537s] Level 1:colcon.colcon_core.environment:checking '/home/yzz/quadruped_ws/install/hardware_unitree_mujoco/lib'
[11.537s] Level 1:colcon.colcon_core.shell:create_environment_hook('hardware_unitree_mujoco', 'ld_library_path_lib')
[11.537s] INFO:colcon.colcon_core.shell:Creating environment hook '/home/yzz/quadruped_ws/install/hardware_unitree_mujoco/share/hardware_unitree_mujoco/hook/ld_library_path_lib.ps1'
[11.538s] INFO:colcon.colcon_core.shell:Creating environment descriptor '/home/yzz/quadruped_ws/install/hardware_unitree_mujoco/share/hardware_unitree_mujoco/hook/ld_library_path_lib.dsv'
[11.539s] INFO:colcon.colcon_core.shell:Creating environment hook '/home/yzz/quadruped_ws/install/hardware_unitree_mujoco/share/hardware_unitree_mujoco/hook/ld_library_path_lib.sh'
[11.539s] Level 1:colcon.colcon_core.environment:checking '/home/yzz/quadruped_ws/install/hardware_unitree_mujoco/bin'
[11.540s] Level 1:colcon.colcon_core.environment:checking '/home/yzz/quadruped_ws/install/hardware_unitree_mujoco/lib/pkgconfig/hardware_unitree_mujoco.pc'
[11.540s] Level 1:colcon.colcon_core.environment:checking '/home/yzz/quadruped_ws/install/hardware_unitree_mujoco/lib/python3.10/site-packages'
[11.540s] Level 1:colcon.colcon_core.environment:checking '/home/yzz/quadruped_ws/install/hardware_unitree_mujoco/bin'
[11.541s] INFO:colcon.colcon_core.shell:Creating package script '/home/yzz/quadruped_ws/install/hardware_unitree_mujoco/share/hardware_unitree_mujoco/package.ps1'
[11.541s] INFO:colcon.colcon_core.shell:Creating package descriptor '/home/yzz/quadruped_ws/install/hardware_unitree_mujoco/share/hardware_unitree_mujoco/package.dsv'
[11.543s] INFO:colcon.colcon_core.shell:Creating package script '/home/yzz/quadruped_ws/install/hardware_unitree_mujoco/share/hardware_unitree_mujoco/package.sh'
[11.544s] INFO:colcon.colcon_core.shell:Creating package script '/home/yzz/quadruped_ws/install/hardware_unitree_mujoco/share/hardware_unitree_mujoco/package.bash'
[11.545s] INFO:colcon.colcon_core.shell:Creating package script '/home/yzz/quadruped_ws/install/hardware_unitree_mujoco/share/hardware_unitree_mujoco/package.zsh'
[11.546s] Level 1:colcon.colcon_core.environment:create_file_with_runtime_dependencies(/home/yzz/quadruped_ws/install/hardware_unitree_mujoco/share/colcon-core/packages/hardware_unitree_mujoco)
[11.547s] DEBUG:colcon.colcon_parallel_executor.executor.parallel:closing loop
[11.547s] DEBUG:colcon.colcon_parallel_executor.executor.parallel:loop closed
[11.547s] DEBUG:colcon.colcon_parallel_executor.executor.parallel:run_until_complete finished with '0'
[11.547s] DEBUG:colcon.colcon_core.event_reactor:joining thread
[11.567s] INFO:colcon.colcon_core.plugin_system:Skipping extension 'colcon_notification.desktop_notification.terminal_notifier': Not used on non-Darwin systems
[11.567s] INFO:colcon.colcon_core.plugin_system:Skipping extension 'colcon_notification.desktop_notification.win32': Not used on non-Windows systems
[11.567s] INFO:colcon.colcon_notification.desktop_notification:Sending desktop notification using 'notify2'
[11.596s] DEBUG:colcon.colcon_core.event_reactor:joined thread
[11.597s] INFO:colcon.colcon_core.shell:Creating prefix script '/home/yzz/quadruped_ws/install/local_setup.ps1'
[11.603s] INFO:colcon.colcon_core.shell:Creating prefix util module '/home/yzz/quadruped_ws/install/_local_setup_util_ps1.py'
[11.605s] INFO:colcon.colcon_core.shell:Creating prefix chain script '/home/yzz/quadruped_ws/install/setup.ps1'
[11.610s] INFO:colcon.colcon_core.shell:Creating prefix script '/home/yzz/quadruped_ws/install/local_setup.sh'
[11.613s] INFO:colcon.colcon_core.shell:Creating prefix util module '/home/yzz/quadruped_ws/install/_local_setup_util_sh.py'
[11.613s] INFO:colcon.colcon_core.shell:Creating prefix chain script '/home/yzz/quadruped_ws/install/setup.sh'
[11.619s] INFO:colcon.colcon_core.shell:Creating prefix script '/home/yzz/quadruped_ws/install/local_setup.bash'
[11.620s] INFO:colcon.colcon_core.shell:Creating prefix chain script '/home/yzz/quadruped_ws/install/setup.bash'
[11.623s] INFO:colcon.colcon_core.shell:Creating prefix script '/home/yzz/quadruped_ws/install/local_setup.zsh'
[11.625s] INFO:colcon.colcon_core.shell:Creating prefix chain script '/home/yzz/quadruped_ws/install/setup.zsh'
