[0.063s] DEBUG:colcon:Command line arguments: ['/usr/bin/colcon', 'build', '--packages-up-to', 'leg_pd_controller']
[0.063s] DEBUG:colcon:Parsed command line arguments: Namespace(log_base=None, log_level=None, verb_name='build', build_base='build', install_base='install', merge_install=False, symlink_install=False, test_result_base=None, continue_on_error=False, executor='parallel', parallel_workers=2, event_handlers=None, ignore_user_meta=False, metas=['./colcon.meta'], base_paths=['.'], packages_ignore=None, packages_ignore_regex=None, paths=None, packages_up_to=['leg_pd_controller'], packages_up_to_regex=None, packages_above=None, packages_above_and_dependencies=None, packages_above_depth=None, packages_select_by_dep=None, packages_skip_by_dep=None, packages_skip_up_to=None, packages_select_build_failed=False, packages_skip_build_finished=False, packages_select_test_failures=False, packages_skip_test_passed=False, packages_select=None, packages_skip=None, packages_select_regex=None, packages_skip_regex=None, packages_start=None, packages_end=None, allow_overriding=[], cmake_args=None, cmake_target=None, cmake_target_skip_unavailable=False, cmake_clean_cache=False, cmake_clean_first=False, cmake_force_configure=False, ament_cmake_args=None, catkin_cmake_args=None, catkin_skip_building_tests=False, verb_parser=<colcon_defaults.argument_parser.defaults.DefaultArgumentsDecorator object at 0x76b7f4b1c340>, verb_extension=<colcon_core.verb.build.BuildVerb object at 0x76b7f4ccd150>, main=<bound method BuildVerb.main of <colcon_core.verb.build.BuildVerb object at 0x76b7f4ccd150>>)
[0.153s] Level 1:colcon.colcon_core.package_discovery:discover_packages(colcon_meta) check parameters
[0.153s] Level 1:colcon.colcon_core.package_discovery:discover_packages(recursive) check parameters
[0.153s] Level 1:colcon.colcon_core.package_discovery:discover_packages(ignore) check parameters
[0.153s] Level 1:colcon.colcon_core.package_discovery:discover_packages(path) check parameters
[0.153s] Level 1:colcon.colcon_core.package_discovery:discover_packages(colcon_meta) discover
[0.153s] Level 1:colcon.colcon_core.package_discovery:discover_packages(recursive) discover
[0.153s] INFO:colcon.colcon_core.package_discovery:Crawling recursively for packages in '/home/yzz/ROS2_WS'
[0.153s] Level 1:colcon.colcon_core.package_identification:_identify(.) by extensions ['ignore', 'ignore_ament_install']
[0.153s] Level 1:colcon.colcon_core.package_identification:_identify(.) by extension 'ignore'
[0.154s] Level 1:colcon.colcon_core.package_identification:_identify(.) by extension 'ignore_ament_install'
[0.154s] Level 1:colcon.colcon_core.package_identification:_identify(.) by extensions ['colcon_pkg']
[0.154s] Level 1:colcon.colcon_core.package_identification:_identify(.) by extension 'colcon_pkg'
[0.154s] Level 1:colcon.colcon_core.package_identification:_identify(.) by extensions ['colcon_meta']
[0.154s] Level 1:colcon.colcon_core.package_identification:_identify(.) by extension 'colcon_meta'
[0.154s] Level 1:colcon.colcon_core.package_identification:_identify(.) by extensions ['ros']
[0.154s] Level 1:colcon.colcon_core.package_identification:_identify(.) by extension 'ros'
[0.160s] Level 1:colcon.colcon_core.package_identification:_identify(.) by extensions ['cmake', 'python']
[0.160s] Level 1:colcon.colcon_core.package_identification:_identify(.) by extension 'cmake'
[0.160s] Level 1:colcon.colcon_core.package_identification:_identify(.) by extension 'python'
[0.160s] Level 1:colcon.colcon_core.package_identification:_identify(.) by extensions ['python_setup_py']
[0.160s] Level 1:colcon.colcon_core.package_identification:_identify(.) by extension 'python_setup_py'
[0.160s] Level 1:colcon.colcon_core.package_identification:_identify(build) by extensions ['ignore', 'ignore_ament_install']
[0.160s] Level 1:colcon.colcon_core.package_identification:_identify(build) by extension 'ignore'
[0.160s] Level 1:colcon.colcon_core.package_identification:_identify(build) ignored
[0.160s] Level 1:colcon.colcon_core.package_identification:_identify(install) by extensions ['ignore', 'ignore_ament_install']
[0.160s] Level 1:colcon.colcon_core.package_identification:_identify(install) by extension 'ignore'
[0.160s] Level 1:colcon.colcon_core.package_identification:_identify(install) ignored
[0.161s] Level 1:colcon.colcon_core.package_identification:_identify(log) by extensions ['ignore', 'ignore_ament_install']
[0.161s] Level 1:colcon.colcon_core.package_identification:_identify(log) by extension 'ignore'
[0.161s] Level 1:colcon.colcon_core.package_identification:_identify(log) ignored
[0.161s] Level 1:colcon.colcon_core.package_identification:_identify(src) by extensions ['ignore', 'ignore_ament_install']
[0.161s] Level 1:colcon.colcon_core.package_identification:_identify(src) by extension 'ignore'
[0.161s] Level 1:colcon.colcon_core.package_identification:_identify(src) by extension 'ignore_ament_install'
[0.161s] Level 1:colcon.colcon_core.package_identification:_identify(src) by extensions ['colcon_pkg']
[0.161s] Level 1:colcon.colcon_core.package_identification:_identify(src) by extension 'colcon_pkg'
[0.161s] Level 1:colcon.colcon_core.package_identification:_identify(src) by extensions ['colcon_meta']
[0.161s] Level 1:colcon.colcon_core.package_identification:_identify(src) by extension 'colcon_meta'
[0.161s] Level 1:colcon.colcon_core.package_identification:_identify(src) by extensions ['ros']
[0.161s] Level 1:colcon.colcon_core.package_identification:_identify(src) by extension 'ros'
[0.161s] Level 1:colcon.colcon_core.package_identification:_identify(src) by extensions ['cmake', 'python']
[0.161s] Level 1:colcon.colcon_core.package_identification:_identify(src) by extension 'cmake'
[0.161s] Level 1:colcon.colcon_core.package_identification:_identify(src) by extension 'python'
[0.161s] Level 1:colcon.colcon_core.package_identification:_identify(src) by extensions ['python_setup_py']
[0.161s] Level 1:colcon.colcon_core.package_identification:_identify(src) by extension 'python_setup_py'
[0.161s] Level 1:colcon.colcon_core.package_identification:_identify(src/quadruped_ros2_control-humble) by extensions ['ignore', 'ignore_ament_install']
[0.161s] Level 1:colcon.colcon_core.package_identification:_identify(src/quadruped_ros2_control-humble) by extension 'ignore'
[0.161s] Level 1:colcon.colcon_core.package_identification:_identify(src/quadruped_ros2_control-humble) by extension 'ignore_ament_install'
[0.161s] Level 1:colcon.colcon_core.package_identification:_identify(src/quadruped_ros2_control-humble) by extensions ['colcon_pkg']
[0.161s] Level 1:colcon.colcon_core.package_identification:_identify(src/quadruped_ros2_control-humble) by extension 'colcon_pkg'
[0.161s] Level 1:colcon.colcon_core.package_identification:_identify(src/quadruped_ros2_control-humble) by extensions ['colcon_meta']
[0.161s] Level 1:colcon.colcon_core.package_identification:_identify(src/quadruped_ros2_control-humble) by extension 'colcon_meta'
[0.161s] Level 1:colcon.colcon_core.package_identification:_identify(src/quadruped_ros2_control-humble) by extensions ['ros']
[0.161s] Level 1:colcon.colcon_core.package_identification:_identify(src/quadruped_ros2_control-humble) by extension 'ros'
[0.161s] Level 1:colcon.colcon_core.package_identification:_identify(src/quadruped_ros2_control-humble) by extensions ['cmake', 'python']
[0.161s] Level 1:colcon.colcon_core.package_identification:_identify(src/quadruped_ros2_control-humble) by extension 'cmake'
[0.161s] Level 1:colcon.colcon_core.package_identification:_identify(src/quadruped_ros2_control-humble) by extension 'python'
[0.161s] Level 1:colcon.colcon_core.package_identification:_identify(src/quadruped_ros2_control-humble) by extensions ['python_setup_py']
[0.161s] Level 1:colcon.colcon_core.package_identification:_identify(src/quadruped_ros2_control-humble) by extension 'python_setup_py'
[0.162s] Level 1:colcon.colcon_core.package_identification:_identify(src/quadruped_ros2_control-humble/LICENSES) by extensions ['ignore', 'ignore_ament_install']
[0.162s] Level 1:colcon.colcon_core.package_identification:_identify(src/quadruped_ros2_control-humble/LICENSES) by extension 'ignore'
[0.162s] Level 1:colcon.colcon_core.package_identification:_identify(src/quadruped_ros2_control-humble/LICENSES) by extension 'ignore_ament_install'
[0.162s] Level 1:colcon.colcon_core.package_identification:_identify(src/quadruped_ros2_control-humble/LICENSES) by extensions ['colcon_pkg']
[0.162s] Level 1:colcon.colcon_core.package_identification:_identify(src/quadruped_ros2_control-humble/LICENSES) by extension 'colcon_pkg'
[0.162s] Level 1:colcon.colcon_core.package_identification:_identify(src/quadruped_ros2_control-humble/LICENSES) by extensions ['colcon_meta']
[0.162s] Level 1:colcon.colcon_core.package_identification:_identify(src/quadruped_ros2_control-humble/LICENSES) by extension 'colcon_meta'
[0.162s] Level 1:colcon.colcon_core.package_identification:_identify(src/quadruped_ros2_control-humble/LICENSES) by extensions ['ros']
[0.162s] Level 1:colcon.colcon_core.package_identification:_identify(src/quadruped_ros2_control-humble/LICENSES) by extension 'ros'
[0.162s] Level 1:colcon.colcon_core.package_identification:_identify(src/quadruped_ros2_control-humble/LICENSES) by extensions ['cmake', 'python']
[0.162s] Level 1:colcon.colcon_core.package_identification:_identify(src/quadruped_ros2_control-humble/LICENSES) by extension 'cmake'
[0.162s] Level 1:colcon.colcon_core.package_identification:_identify(src/quadruped_ros2_control-humble/LICENSES) by extension 'python'
[0.162s] Level 1:colcon.colcon_core.package_identification:_identify(src/quadruped_ros2_control-humble/LICENSES) by extensions ['python_setup_py']
[0.162s] Level 1:colcon.colcon_core.package_identification:_identify(src/quadruped_ros2_control-humble/LICENSES) by extension 'python_setup_py'
[0.162s] Level 1:colcon.colcon_core.package_identification:_identify(src/quadruped_ros2_control-humble/LICENSES/legged_control) by extensions ['ignore', 'ignore_ament_install']
[0.162s] Level 1:colcon.colcon_core.package_identification:_identify(src/quadruped_ros2_control-humble/LICENSES/legged_control) by extension 'ignore'
[0.162s] Level 1:colcon.colcon_core.package_identification:_identify(src/quadruped_ros2_control-humble/LICENSES/legged_control) by extension 'ignore_ament_install'
[0.162s] Level 1:colcon.colcon_core.package_identification:_identify(src/quadruped_ros2_control-humble/LICENSES/legged_control) by extensions ['colcon_pkg']
[0.162s] Level 1:colcon.colcon_core.package_identification:_identify(src/quadruped_ros2_control-humble/LICENSES/legged_control) by extension 'colcon_pkg'
[0.162s] Level 1:colcon.colcon_core.package_identification:_identify(src/quadruped_ros2_control-humble/LICENSES/legged_control) by extensions ['colcon_meta']
[0.162s] Level 1:colcon.colcon_core.package_identification:_identify(src/quadruped_ros2_control-humble/LICENSES/legged_control) by extension 'colcon_meta'
[0.162s] Level 1:colcon.colcon_core.package_identification:_identify(src/quadruped_ros2_control-humble/LICENSES/legged_control) by extensions ['ros']
[0.162s] Level 1:colcon.colcon_core.package_identification:_identify(src/quadruped_ros2_control-humble/LICENSES/legged_control) by extension 'ros'
[0.162s] Level 1:colcon.colcon_core.package_identification:_identify(src/quadruped_ros2_control-humble/LICENSES/legged_control) by extensions ['cmake', 'python']
[0.162s] Level 1:colcon.colcon_core.package_identification:_identify(src/quadruped_ros2_control-humble/LICENSES/legged_control) by extension 'cmake'
[0.162s] Level 1:colcon.colcon_core.package_identification:_identify(src/quadruped_ros2_control-humble/LICENSES/legged_control) by extension 'python'
[0.163s] Level 1:colcon.colcon_core.package_identification:_identify(src/quadruped_ros2_control-humble/LICENSES/legged_control) by extensions ['python_setup_py']
[0.163s] Level 1:colcon.colcon_core.package_identification:_identify(src/quadruped_ros2_control-humble/LICENSES/legged_control) by extension 'python_setup_py'
[0.163s] Level 1:colcon.colcon_core.package_identification:_identify(src/quadruped_ros2_control-humble/LICENSES/unitree_guide) by extensions ['ignore', 'ignore_ament_install']
[0.163s] Level 1:colcon.colcon_core.package_identification:_identify(src/quadruped_ros2_control-humble/LICENSES/unitree_guide) by extension 'ignore'
[0.163s] Level 1:colcon.colcon_core.package_identification:_identify(src/quadruped_ros2_control-humble/LICENSES/unitree_guide) by extension 'ignore_ament_install'
[0.163s] Level 1:colcon.colcon_core.package_identification:_identify(src/quadruped_ros2_control-humble/LICENSES/unitree_guide) by extensions ['colcon_pkg']
[0.163s] Level 1:colcon.colcon_core.package_identification:_identify(src/quadruped_ros2_control-humble/LICENSES/unitree_guide) by extension 'colcon_pkg'
[0.163s] Level 1:colcon.colcon_core.package_identification:_identify(src/quadruped_ros2_control-humble/LICENSES/unitree_guide) by extensions ['colcon_meta']
[0.163s] Level 1:colcon.colcon_core.package_identification:_identify(src/quadruped_ros2_control-humble/LICENSES/unitree_guide) by extension 'colcon_meta'
[0.163s] Level 1:colcon.colcon_core.package_identification:_identify(src/quadruped_ros2_control-humble/LICENSES/unitree_guide) by extensions ['ros']
[0.163s] Level 1:colcon.colcon_core.package_identification:_identify(src/quadruped_ros2_control-humble/LICENSES/unitree_guide) by extension 'ros'
[0.163s] Level 1:colcon.colcon_core.package_identification:_identify(src/quadruped_ros2_control-humble/LICENSES/unitree_guide) by extensions ['cmake', 'python']
[0.163s] Level 1:colcon.colcon_core.package_identification:_identify(src/quadruped_ros2_control-humble/LICENSES/unitree_guide) by extension 'cmake'
[0.163s] Level 1:colcon.colcon_core.package_identification:_identify(src/quadruped_ros2_control-humble/LICENSES/unitree_guide) by extension 'python'
[0.163s] Level 1:colcon.colcon_core.package_identification:_identify(src/quadruped_ros2_control-humble/LICENSES/unitree_guide) by extensions ['python_setup_py']
[0.163s] Level 1:colcon.colcon_core.package_identification:_identify(src/quadruped_ros2_control-humble/LICENSES/unitree_guide) by extension 'python_setup_py'
[0.163s] Level 1:colcon.colcon_core.package_identification:_identify(src/quadruped_ros2_control-humble/commands) by extensions ['ignore', 'ignore_ament_install']
[0.163s] Level 1:colcon.colcon_core.package_identification:_identify(src/quadruped_ros2_control-humble/commands) by extension 'ignore'
[0.163s] Level 1:colcon.colcon_core.package_identification:_identify(src/quadruped_ros2_control-humble/commands) by extension 'ignore_ament_install'
[0.163s] Level 1:colcon.colcon_core.package_identification:_identify(src/quadruped_ros2_control-humble/commands) by extensions ['colcon_pkg']
[0.163s] Level 1:colcon.colcon_core.package_identification:_identify(src/quadruped_ros2_control-humble/commands) by extension 'colcon_pkg'
[0.163s] Level 1:colcon.colcon_core.package_identification:_identify(src/quadruped_ros2_control-humble/commands) by extensions ['colcon_meta']
[0.163s] Level 1:colcon.colcon_core.package_identification:_identify(src/quadruped_ros2_control-humble/commands) by extension 'colcon_meta'
[0.163s] Level 1:colcon.colcon_core.package_identification:_identify(src/quadruped_ros2_control-humble/commands) by extensions ['ros']
[0.163s] Level 1:colcon.colcon_core.package_identification:_identify(src/quadruped_ros2_control-humble/commands) by extension 'ros'
[0.163s] Level 1:colcon.colcon_core.package_identification:_identify(src/quadruped_ros2_control-humble/commands) by extensions ['cmake', 'python']
[0.163s] Level 1:colcon.colcon_core.package_identification:_identify(src/quadruped_ros2_control-humble/commands) by extension 'cmake'
[0.163s] Level 1:colcon.colcon_core.package_identification:_identify(src/quadruped_ros2_control-humble/commands) by extension 'python'
[0.163s] Level 1:colcon.colcon_core.package_identification:_identify(src/quadruped_ros2_control-humble/commands) by extensions ['python_setup_py']
[0.163s] Level 1:colcon.colcon_core.package_identification:_identify(src/quadruped_ros2_control-humble/commands) by extension 'python_setup_py'
[0.164s] Level 1:colcon.colcon_core.package_identification:_identify(src/quadruped_ros2_control-humble/commands/control_input_msgs) by extensions ['ignore', 'ignore_ament_install']
[0.164s] Level 1:colcon.colcon_core.package_identification:_identify(src/quadruped_ros2_control-humble/commands/control_input_msgs) by extension 'ignore'
[0.164s] Level 1:colcon.colcon_core.package_identification:_identify(src/quadruped_ros2_control-humble/commands/control_input_msgs) by extension 'ignore_ament_install'
[0.164s] Level 1:colcon.colcon_core.package_identification:_identify(src/quadruped_ros2_control-humble/commands/control_input_msgs) by extensions ['colcon_pkg']
[0.164s] Level 1:colcon.colcon_core.package_identification:_identify(src/quadruped_ros2_control-humble/commands/control_input_msgs) by extension 'colcon_pkg'
[0.164s] Level 1:colcon.colcon_core.package_identification:_identify(src/quadruped_ros2_control-humble/commands/control_input_msgs) by extensions ['colcon_meta']
[0.164s] Level 1:colcon.colcon_core.package_identification:_identify(src/quadruped_ros2_control-humble/commands/control_input_msgs) by extension 'colcon_meta'
[0.164s] Level 1:colcon.colcon_core.package_identification:_identify(src/quadruped_ros2_control-humble/commands/control_input_msgs) by extensions ['ros']
[0.164s] Level 1:colcon.colcon_core.package_identification:_identify(src/quadruped_ros2_control-humble/commands/control_input_msgs) by extension 'ros'
[0.165s] DEBUG:colcon.colcon_core.package_identification:Package 'src/quadruped_ros2_control-humble/commands/control_input_msgs' with type 'ros.ament_cmake' and name 'control_input_msgs'
[0.165s] Level 1:colcon.colcon_core.package_identification:_identify(src/quadruped_ros2_control-humble/commands/joystick_input) by extensions ['ignore', 'ignore_ament_install']
[0.165s] Level 1:colcon.colcon_core.package_identification:_identify(src/quadruped_ros2_control-humble/commands/joystick_input) by extension 'ignore'
[0.165s] Level 1:colcon.colcon_core.package_identification:_identify(src/quadruped_ros2_control-humble/commands/joystick_input) by extension 'ignore_ament_install'
[0.165s] Level 1:colcon.colcon_core.package_identification:_identify(src/quadruped_ros2_control-humble/commands/joystick_input) by extensions ['colcon_pkg']
[0.165s] Level 1:colcon.colcon_core.package_identification:_identify(src/quadruped_ros2_control-humble/commands/joystick_input) by extension 'colcon_pkg'
[0.165s] Level 1:colcon.colcon_core.package_identification:_identify(src/quadruped_ros2_control-humble/commands/joystick_input) by extensions ['colcon_meta']
[0.165s] Level 1:colcon.colcon_core.package_identification:_identify(src/quadruped_ros2_control-humble/commands/joystick_input) by extension 'colcon_meta'
[0.165s] Level 1:colcon.colcon_core.package_identification:_identify(src/quadruped_ros2_control-humble/commands/joystick_input) by extensions ['ros']
[0.165s] Level 1:colcon.colcon_core.package_identification:_identify(src/quadruped_ros2_control-humble/commands/joystick_input) by extension 'ros'
[0.166s] DEBUG:colcon.colcon_core.package_identification:Package 'src/quadruped_ros2_control-humble/commands/joystick_input' with type 'ros.ament_cmake' and name 'joystick_input'
[0.166s] Level 1:colcon.colcon_core.package_identification:_identify(src/quadruped_ros2_control-humble/commands/keyboard_input) by extensions ['ignore', 'ignore_ament_install']
[0.166s] Level 1:colcon.colcon_core.package_identification:_identify(src/quadruped_ros2_control-humble/commands/keyboard_input) by extension 'ignore'
[0.166s] Level 1:colcon.colcon_core.package_identification:_identify(src/quadruped_ros2_control-humble/commands/keyboard_input) by extension 'ignore_ament_install'
[0.166s] Level 1:colcon.colcon_core.package_identification:_identify(src/quadruped_ros2_control-humble/commands/keyboard_input) by extensions ['colcon_pkg']
[0.166s] Level 1:colcon.colcon_core.package_identification:_identify(src/quadruped_ros2_control-humble/commands/keyboard_input) by extension 'colcon_pkg'
[0.166s] Level 1:colcon.colcon_core.package_identification:_identify(src/quadruped_ros2_control-humble/commands/keyboard_input) by extensions ['colcon_meta']
[0.166s] Level 1:colcon.colcon_core.package_identification:_identify(src/quadruped_ros2_control-humble/commands/keyboard_input) by extension 'colcon_meta'
[0.166s] Level 1:colcon.colcon_core.package_identification:_identify(src/quadruped_ros2_control-humble/commands/keyboard_input) by extensions ['ros']
[0.166s] Level 1:colcon.colcon_core.package_identification:_identify(src/quadruped_ros2_control-humble/commands/keyboard_input) by extension 'ros'
[0.167s] DEBUG:colcon.colcon_core.package_identification:Package 'src/quadruped_ros2_control-humble/commands/keyboard_input' with type 'ros.ament_cmake' and name 'keyboard_input'
[0.167s] Level 1:colcon.colcon_core.package_identification:_identify(src/quadruped_ros2_control-humble/commands/unitree_joystick_input) by extensions ['ignore', 'ignore_ament_install']
[0.167s] Level 1:colcon.colcon_core.package_identification:_identify(src/quadruped_ros2_control-humble/commands/unitree_joystick_input) by extension 'ignore'
[0.167s] Level 1:colcon.colcon_core.package_identification:_identify(src/quadruped_ros2_control-humble/commands/unitree_joystick_input) by extension 'ignore_ament_install'
[0.167s] Level 1:colcon.colcon_core.package_identification:_identify(src/quadruped_ros2_control-humble/commands/unitree_joystick_input) by extensions ['colcon_pkg']
[0.167s] Level 1:colcon.colcon_core.package_identification:_identify(src/quadruped_ros2_control-humble/commands/unitree_joystick_input) by extension 'colcon_pkg'
[0.167s] Level 1:colcon.colcon_core.package_identification:_identify(src/quadruped_ros2_control-humble/commands/unitree_joystick_input) by extensions ['colcon_meta']
[0.167s] Level 1:colcon.colcon_core.package_identification:_identify(src/quadruped_ros2_control-humble/commands/unitree_joystick_input) by extension 'colcon_meta'
[0.167s] Level 1:colcon.colcon_core.package_identification:_identify(src/quadruped_ros2_control-humble/commands/unitree_joystick_input) by extensions ['ros']
[0.167s] Level 1:colcon.colcon_core.package_identification:_identify(src/quadruped_ros2_control-humble/commands/unitree_joystick_input) by extension 'ros'
[0.167s] DEBUG:colcon.colcon_core.package_identification:Package 'src/quadruped_ros2_control-humble/commands/unitree_joystick_input' with type 'ros.ament_cmake' and name 'unitree_joystick_input'
[0.167s] Level 1:colcon.colcon_core.package_identification:_identify(src/quadruped_ros2_control-humble/controllers) by extensions ['ignore', 'ignore_ament_install']
[0.167s] Level 1:colcon.colcon_core.package_identification:_identify(src/quadruped_ros2_control-humble/controllers) by extension 'ignore'
[0.167s] Level 1:colcon.colcon_core.package_identification:_identify(src/quadruped_ros2_control-humble/controllers) by extension 'ignore_ament_install'
[0.167s] Level 1:colcon.colcon_core.package_identification:_identify(src/quadruped_ros2_control-humble/controllers) by extensions ['colcon_pkg']
[0.167s] Level 1:colcon.colcon_core.package_identification:_identify(src/quadruped_ros2_control-humble/controllers) by extension 'colcon_pkg'
[0.167s] Level 1:colcon.colcon_core.package_identification:_identify(src/quadruped_ros2_control-humble/controllers) by extensions ['colcon_meta']
[0.167s] Level 1:colcon.colcon_core.package_identification:_identify(src/quadruped_ros2_control-humble/controllers) by extension 'colcon_meta'
[0.167s] Level 1:colcon.colcon_core.package_identification:_identify(src/quadruped_ros2_control-humble/controllers) by extensions ['ros']
[0.167s] Level 1:colcon.colcon_core.package_identification:_identify(src/quadruped_ros2_control-humble/controllers) by extension 'ros'
[0.167s] Level 1:colcon.colcon_core.package_identification:_identify(src/quadruped_ros2_control-humble/controllers) by extensions ['cmake', 'python']
[0.167s] Level 1:colcon.colcon_core.package_identification:_identify(src/quadruped_ros2_control-humble/controllers) by extension 'cmake'
[0.167s] Level 1:colcon.colcon_core.package_identification:_identify(src/quadruped_ros2_control-humble/controllers) by extension 'python'
[0.168s] Level 1:colcon.colcon_core.package_identification:_identify(src/quadruped_ros2_control-humble/controllers) by extensions ['python_setup_py']
[0.168s] Level 1:colcon.colcon_core.package_identification:_identify(src/quadruped_ros2_control-humble/controllers) by extension 'python_setup_py'
[0.168s] Level 1:colcon.colcon_core.package_identification:_identify(src/quadruped_ros2_control-humble/controllers/leg_pd_controller) by extensions ['ignore', 'ignore_ament_install']
[0.168s] Level 1:colcon.colcon_core.package_identification:_identify(src/quadruped_ros2_control-humble/controllers/leg_pd_controller) by extension 'ignore'
[0.168s] Level 1:colcon.colcon_core.package_identification:_identify(src/quadruped_ros2_control-humble/controllers/leg_pd_controller) by extension 'ignore_ament_install'
[0.168s] Level 1:colcon.colcon_core.package_identification:_identify(src/quadruped_ros2_control-humble/controllers/leg_pd_controller) by extensions ['colcon_pkg']
[0.168s] Level 1:colcon.colcon_core.package_identification:_identify(src/quadruped_ros2_control-humble/controllers/leg_pd_controller) by extension 'colcon_pkg'
[0.168s] Level 1:colcon.colcon_core.package_identification:_identify(src/quadruped_ros2_control-humble/controllers/leg_pd_controller) by extensions ['colcon_meta']
[0.168s] Level 1:colcon.colcon_core.package_identification:_identify(src/quadruped_ros2_control-humble/controllers/leg_pd_controller) by extension 'colcon_meta'
[0.168s] Level 1:colcon.colcon_core.package_identification:_identify(src/quadruped_ros2_control-humble/controllers/leg_pd_controller) by extensions ['ros']
[0.168s] Level 1:colcon.colcon_core.package_identification:_identify(src/quadruped_ros2_control-humble/controllers/leg_pd_controller) by extension 'ros'
[0.168s] DEBUG:colcon.colcon_core.package_identification:Package 'src/quadruped_ros2_control-humble/controllers/leg_pd_controller' with type 'ros.ament_cmake' and name 'leg_pd_controller'
[0.168s] Level 1:colcon.colcon_core.package_identification:_identify(src/quadruped_ros2_control-humble/controllers/ocs2_quadruped_controller) by extensions ['ignore', 'ignore_ament_install']
[0.168s] Level 1:colcon.colcon_core.package_identification:_identify(src/quadruped_ros2_control-humble/controllers/ocs2_quadruped_controller) by extension 'ignore'
[0.168s] Level 1:colcon.colcon_core.package_identification:_identify(src/quadruped_ros2_control-humble/controllers/ocs2_quadruped_controller) by extension 'ignore_ament_install'
[0.168s] Level 1:colcon.colcon_core.package_identification:_identify(src/quadruped_ros2_control-humble/controllers/ocs2_quadruped_controller) by extensions ['colcon_pkg']
[0.168s] Level 1:colcon.colcon_core.package_identification:_identify(src/quadruped_ros2_control-humble/controllers/ocs2_quadruped_controller) by extension 'colcon_pkg'
[0.168s] Level 1:colcon.colcon_core.package_identification:_identify(src/quadruped_ros2_control-humble/controllers/ocs2_quadruped_controller) by extensions ['colcon_meta']
[0.168s] Level 1:colcon.colcon_core.package_identification:_identify(src/quadruped_ros2_control-humble/controllers/ocs2_quadruped_controller) by extension 'colcon_meta'
[0.168s] Level 1:colcon.colcon_core.package_identification:_identify(src/quadruped_ros2_control-humble/controllers/ocs2_quadruped_controller) by extensions ['ros']
[0.168s] Level 1:colcon.colcon_core.package_identification:_identify(src/quadruped_ros2_control-humble/controllers/ocs2_quadruped_controller) by extension 'ros'
[0.169s] DEBUG:colcon.colcon_core.package_identification:Package 'src/quadruped_ros2_control-humble/controllers/ocs2_quadruped_controller' with type 'ros.ament_cmake' and name 'ocs2_quadruped_controller'
[0.169s] Level 1:colcon.colcon_core.package_identification:_identify(src/quadruped_ros2_control-humble/controllers/rl_quadruped_controller) by extensions ['ignore', 'ignore_ament_install']
[0.169s] Level 1:colcon.colcon_core.package_identification:_identify(src/quadruped_ros2_control-humble/controllers/rl_quadruped_controller) by extension 'ignore'
[0.170s] Level 1:colcon.colcon_core.package_identification:_identify(src/quadruped_ros2_control-humble/controllers/rl_quadruped_controller) by extension 'ignore_ament_install'
[0.170s] Level 1:colcon.colcon_core.package_identification:_identify(src/quadruped_ros2_control-humble/controllers/rl_quadruped_controller) by extensions ['colcon_pkg']
[0.170s] Level 1:colcon.colcon_core.package_identification:_identify(src/quadruped_ros2_control-humble/controllers/rl_quadruped_controller) by extension 'colcon_pkg'
[0.170s] Level 1:colcon.colcon_core.package_identification:_identify(src/quadruped_ros2_control-humble/controllers/rl_quadruped_controller) by extensions ['colcon_meta']
[0.170s] Level 1:colcon.colcon_core.package_identification:_identify(src/quadruped_ros2_control-humble/controllers/rl_quadruped_controller) by extension 'colcon_meta'
[0.170s] Level 1:colcon.colcon_core.package_identification:_identify(src/quadruped_ros2_control-humble/controllers/rl_quadruped_controller) by extensions ['ros']
[0.170s] Level 1:colcon.colcon_core.package_identification:_identify(src/quadruped_ros2_control-humble/controllers/rl_quadruped_controller) by extension 'ros'
[0.170s] DEBUG:colcon.colcon_core.package_identification:Package 'src/quadruped_ros2_control-humble/controllers/rl_quadruped_controller' with type 'ros.ament_cmake' and name 'rl_quadruped_controller'
[0.170s] Level 1:colcon.colcon_core.package_identification:_identify(src/quadruped_ros2_control-humble/controllers/unitree_guide_controller) by extensions ['ignore', 'ignore_ament_install']
[0.170s] Level 1:colcon.colcon_core.package_identification:_identify(src/quadruped_ros2_control-humble/controllers/unitree_guide_controller) by extension 'ignore'
[0.170s] Level 1:colcon.colcon_core.package_identification:_identify(src/quadruped_ros2_control-humble/controllers/unitree_guide_controller) by extension 'ignore_ament_install'
[0.170s] Level 1:colcon.colcon_core.package_identification:_identify(src/quadruped_ros2_control-humble/controllers/unitree_guide_controller) by extensions ['colcon_pkg']
[0.170s] Level 1:colcon.colcon_core.package_identification:_identify(src/quadruped_ros2_control-humble/controllers/unitree_guide_controller) by extension 'colcon_pkg'
[0.170s] Level 1:colcon.colcon_core.package_identification:_identify(src/quadruped_ros2_control-humble/controllers/unitree_guide_controller) by extensions ['colcon_meta']
[0.170s] Level 1:colcon.colcon_core.package_identification:_identify(src/quadruped_ros2_control-humble/controllers/unitree_guide_controller) by extension 'colcon_meta'
[0.170s] Level 1:colcon.colcon_core.package_identification:_identify(src/quadruped_ros2_control-humble/controllers/unitree_guide_controller) by extensions ['ros']
[0.170s] Level 1:colcon.colcon_core.package_identification:_identify(src/quadruped_ros2_control-humble/controllers/unitree_guide_controller) by extension 'ros'
[0.171s] DEBUG:colcon.colcon_core.package_identification:Package 'src/quadruped_ros2_control-humble/controllers/unitree_guide_controller' with type 'ros.ament_cmake' and name 'unitree_guide_controller'
[0.171s] Level 1:colcon.colcon_core.package_identification:_identify(src/quadruped_ros2_control-humble/descriptions) by extensions ['ignore', 'ignore_ament_install']
[0.171s] Level 1:colcon.colcon_core.package_identification:_identify(src/quadruped_ros2_control-humble/descriptions) by extension 'ignore'
[0.171s] Level 1:colcon.colcon_core.package_identification:_identify(src/quadruped_ros2_control-humble/descriptions) by extension 'ignore_ament_install'
[0.172s] Level 1:colcon.colcon_core.package_identification:_identify(src/quadruped_ros2_control-humble/descriptions) by extensions ['colcon_pkg']
[0.172s] Level 1:colcon.colcon_core.package_identification:_identify(src/quadruped_ros2_control-humble/descriptions) by extension 'colcon_pkg'
[0.172s] Level 1:colcon.colcon_core.package_identification:_identify(src/quadruped_ros2_control-humble/descriptions) by extensions ['colcon_meta']
[0.172s] Level 1:colcon.colcon_core.package_identification:_identify(src/quadruped_ros2_control-humble/descriptions) by extension 'colcon_meta'
[0.172s] Level 1:colcon.colcon_core.package_identification:_identify(src/quadruped_ros2_control-humble/descriptions) by extensions ['ros']
[0.172s] Level 1:colcon.colcon_core.package_identification:_identify(src/quadruped_ros2_control-humble/descriptions) by extension 'ros'
[0.172s] Level 1:colcon.colcon_core.package_identification:_identify(src/quadruped_ros2_control-humble/descriptions) by extensions ['cmake', 'python']
[0.172s] Level 1:colcon.colcon_core.package_identification:_identify(src/quadruped_ros2_control-humble/descriptions) by extension 'cmake'
[0.172s] Level 1:colcon.colcon_core.package_identification:_identify(src/quadruped_ros2_control-humble/descriptions) by extension 'python'
[0.172s] Level 1:colcon.colcon_core.package_identification:_identify(src/quadruped_ros2_control-humble/descriptions) by extensions ['python_setup_py']
[0.172s] Level 1:colcon.colcon_core.package_identification:_identify(src/quadruped_ros2_control-humble/descriptions) by extension 'python_setup_py'
[0.172s] Level 1:colcon.colcon_core.package_identification:_identify(src/quadruped_ros2_control-humble/descriptions/anybotics) by extensions ['ignore', 'ignore_ament_install']
[0.172s] Level 1:colcon.colcon_core.package_identification:_identify(src/quadruped_ros2_control-humble/descriptions/anybotics) by extension 'ignore'
[0.172s] Level 1:colcon.colcon_core.package_identification:_identify(src/quadruped_ros2_control-humble/descriptions/anybotics) by extension 'ignore_ament_install'
[0.172s] Level 1:colcon.colcon_core.package_identification:_identify(src/quadruped_ros2_control-humble/descriptions/anybotics) by extensions ['colcon_pkg']
[0.172s] Level 1:colcon.colcon_core.package_identification:_identify(src/quadruped_ros2_control-humble/descriptions/anybotics) by extension 'colcon_pkg'
[0.172s] Level 1:colcon.colcon_core.package_identification:_identify(src/quadruped_ros2_control-humble/descriptions/anybotics) by extensions ['colcon_meta']
[0.172s] Level 1:colcon.colcon_core.package_identification:_identify(src/quadruped_ros2_control-humble/descriptions/anybotics) by extension 'colcon_meta'
[0.172s] Level 1:colcon.colcon_core.package_identification:_identify(src/quadruped_ros2_control-humble/descriptions/anybotics) by extensions ['ros']
[0.172s] Level 1:colcon.colcon_core.package_identification:_identify(src/quadruped_ros2_control-humble/descriptions/anybotics) by extension 'ros'
[0.172s] Level 1:colcon.colcon_core.package_identification:_identify(src/quadruped_ros2_control-humble/descriptions/anybotics) by extensions ['cmake', 'python']
[0.172s] Level 1:colcon.colcon_core.package_identification:_identify(src/quadruped_ros2_control-humble/descriptions/anybotics) by extension 'cmake'
[0.172s] Level 1:colcon.colcon_core.package_identification:_identify(src/quadruped_ros2_control-humble/descriptions/anybotics) by extension 'python'
[0.172s] Level 1:colcon.colcon_core.package_identification:_identify(src/quadruped_ros2_control-humble/descriptions/anybotics) by extensions ['python_setup_py']
[0.172s] Level 1:colcon.colcon_core.package_identification:_identify(src/quadruped_ros2_control-humble/descriptions/anybotics) by extension 'python_setup_py'
[0.172s] Level 1:colcon.colcon_core.package_identification:_identify(src/quadruped_ros2_control-humble/descriptions/anybotics/anymal_c_description) by extensions ['ignore', 'ignore_ament_install']
[0.172s] Level 1:colcon.colcon_core.package_identification:_identify(src/quadruped_ros2_control-humble/descriptions/anybotics/anymal_c_description) by extension 'ignore'
[0.172s] Level 1:colcon.colcon_core.package_identification:_identify(src/quadruped_ros2_control-humble/descriptions/anybotics/anymal_c_description) by extension 'ignore_ament_install'
[0.172s] Level 1:colcon.colcon_core.package_identification:_identify(src/quadruped_ros2_control-humble/descriptions/anybotics/anymal_c_description) by extensions ['colcon_pkg']
[0.172s] Level 1:colcon.colcon_core.package_identification:_identify(src/quadruped_ros2_control-humble/descriptions/anybotics/anymal_c_description) by extension 'colcon_pkg'
[0.172s] Level 1:colcon.colcon_core.package_identification:_identify(src/quadruped_ros2_control-humble/descriptions/anybotics/anymal_c_description) by extensions ['colcon_meta']
[0.172s] Level 1:colcon.colcon_core.package_identification:_identify(src/quadruped_ros2_control-humble/descriptions/anybotics/anymal_c_description) by extension 'colcon_meta'
[0.172s] Level 1:colcon.colcon_core.package_identification:_identify(src/quadruped_ros2_control-humble/descriptions/anybotics/anymal_c_description) by extensions ['ros']
[0.172s] Level 1:colcon.colcon_core.package_identification:_identify(src/quadruped_ros2_control-humble/descriptions/anybotics/anymal_c_description) by extension 'ros'
[0.173s] DEBUG:colcon.colcon_core.package_identification:Package 'src/quadruped_ros2_control-humble/descriptions/anybotics/anymal_c_description' with type 'ros.ament_cmake' and name 'anymal_c_description'
[0.173s] Level 1:colcon.colcon_core.package_identification:_identify(src/quadruped_ros2_control-humble/descriptions/deep_robotics) by extensions ['ignore', 'ignore_ament_install']
[0.173s] Level 1:colcon.colcon_core.package_identification:_identify(src/quadruped_ros2_control-humble/descriptions/deep_robotics) by extension 'ignore'
[0.173s] Level 1:colcon.colcon_core.package_identification:_identify(src/quadruped_ros2_control-humble/descriptions/deep_robotics) by extension 'ignore_ament_install'
[0.173s] Level 1:colcon.colcon_core.package_identification:_identify(src/quadruped_ros2_control-humble/descriptions/deep_robotics) by extensions ['colcon_pkg']
[0.173s] Level 1:colcon.colcon_core.package_identification:_identify(src/quadruped_ros2_control-humble/descriptions/deep_robotics) by extension 'colcon_pkg'
[0.173s] Level 1:colcon.colcon_core.package_identification:_identify(src/quadruped_ros2_control-humble/descriptions/deep_robotics) by extensions ['colcon_meta']
[0.173s] Level 1:colcon.colcon_core.package_identification:_identify(src/quadruped_ros2_control-humble/descriptions/deep_robotics) by extension 'colcon_meta'
[0.173s] Level 1:colcon.colcon_core.package_identification:_identify(src/quadruped_ros2_control-humble/descriptions/deep_robotics) by extensions ['ros']
[0.173s] Level 1:colcon.colcon_core.package_identification:_identify(src/quadruped_ros2_control-humble/descriptions/deep_robotics) by extension 'ros'
[0.173s] Level 1:colcon.colcon_core.package_identification:_identify(src/quadruped_ros2_control-humble/descriptions/deep_robotics) by extensions ['cmake', 'python']
[0.173s] Level 1:colcon.colcon_core.package_identification:_identify(src/quadruped_ros2_control-humble/descriptions/deep_robotics) by extension 'cmake'
[0.173s] Level 1:colcon.colcon_core.package_identification:_identify(src/quadruped_ros2_control-humble/descriptions/deep_robotics) by extension 'python'
[0.173s] Level 1:colcon.colcon_core.package_identification:_identify(src/quadruped_ros2_control-humble/descriptions/deep_robotics) by extensions ['python_setup_py']
[0.173s] Level 1:colcon.colcon_core.package_identification:_identify(src/quadruped_ros2_control-humble/descriptions/deep_robotics) by extension 'python_setup_py'
[0.173s] Level 1:colcon.colcon_core.package_identification:_identify(src/quadruped_ros2_control-humble/descriptions/deep_robotics/lite3_description) by extensions ['ignore', 'ignore_ament_install']
[0.173s] Level 1:colcon.colcon_core.package_identification:_identify(src/quadruped_ros2_control-humble/descriptions/deep_robotics/lite3_description) by extension 'ignore'
[0.173s] Level 1:colcon.colcon_core.package_identification:_identify(src/quadruped_ros2_control-humble/descriptions/deep_robotics/lite3_description) by extension 'ignore_ament_install'
[0.173s] Level 1:colcon.colcon_core.package_identification:_identify(src/quadruped_ros2_control-humble/descriptions/deep_robotics/lite3_description) by extensions ['colcon_pkg']
[0.173s] Level 1:colcon.colcon_core.package_identification:_identify(src/quadruped_ros2_control-humble/descriptions/deep_robotics/lite3_description) by extension 'colcon_pkg'
[0.173s] Level 1:colcon.colcon_core.package_identification:_identify(src/quadruped_ros2_control-humble/descriptions/deep_robotics/lite3_description) by extensions ['colcon_meta']
[0.173s] Level 1:colcon.colcon_core.package_identification:_identify(src/quadruped_ros2_control-humble/descriptions/deep_robotics/lite3_description) by extension 'colcon_meta'
[0.173s] Level 1:colcon.colcon_core.package_identification:_identify(src/quadruped_ros2_control-humble/descriptions/deep_robotics/lite3_description) by extensions ['ros']
[0.173s] Level 1:colcon.colcon_core.package_identification:_identify(src/quadruped_ros2_control-humble/descriptions/deep_robotics/lite3_description) by extension 'ros'
[0.174s] DEBUG:colcon.colcon_core.package_identification:Package 'src/quadruped_ros2_control-humble/descriptions/deep_robotics/lite3_description' with type 'ros.ament_cmake' and name 'lite3_description'
[0.174s] Level 1:colcon.colcon_core.package_identification:_identify(src/quadruped_ros2_control-humble/descriptions/deep_robotics/x30_description) by extensions ['ignore', 'ignore_ament_install']
[0.174s] Level 1:colcon.colcon_core.package_identification:_identify(src/quadruped_ros2_control-humble/descriptions/deep_robotics/x30_description) by extension 'ignore'
[0.174s] Level 1:colcon.colcon_core.package_identification:_identify(src/quadruped_ros2_control-humble/descriptions/deep_robotics/x30_description) by extension 'ignore_ament_install'
[0.174s] Level 1:colcon.colcon_core.package_identification:_identify(src/quadruped_ros2_control-humble/descriptions/deep_robotics/x30_description) by extensions ['colcon_pkg']
[0.174s] Level 1:colcon.colcon_core.package_identification:_identify(src/quadruped_ros2_control-humble/descriptions/deep_robotics/x30_description) by extension 'colcon_pkg'
[0.174s] Level 1:colcon.colcon_core.package_identification:_identify(src/quadruped_ros2_control-humble/descriptions/deep_robotics/x30_description) by extensions ['colcon_meta']
[0.174s] Level 1:colcon.colcon_core.package_identification:_identify(src/quadruped_ros2_control-humble/descriptions/deep_robotics/x30_description) by extension 'colcon_meta'
[0.174s] Level 1:colcon.colcon_core.package_identification:_identify(src/quadruped_ros2_control-humble/descriptions/deep_robotics/x30_description) by extensions ['ros']
[0.174s] Level 1:colcon.colcon_core.package_identification:_identify(src/quadruped_ros2_control-humble/descriptions/deep_robotics/x30_description) by extension 'ros'
[0.174s] DEBUG:colcon.colcon_core.package_identification:Package 'src/quadruped_ros2_control-humble/descriptions/deep_robotics/x30_description' with type 'ros.ament_cmake' and name 'x30_description'
[0.174s] Level 1:colcon.colcon_core.package_identification:_identify(src/quadruped_ros2_control-humble/descriptions/unitree) by extensions ['ignore', 'ignore_ament_install']
[0.174s] Level 1:colcon.colcon_core.package_identification:_identify(src/quadruped_ros2_control-humble/descriptions/unitree) by extension 'ignore'
[0.174s] Level 1:colcon.colcon_core.package_identification:_identify(src/quadruped_ros2_control-humble/descriptions/unitree) by extension 'ignore_ament_install'
[0.174s] Level 1:colcon.colcon_core.package_identification:_identify(src/quadruped_ros2_control-humble/descriptions/unitree) by extensions ['colcon_pkg']
[0.174s] Level 1:colcon.colcon_core.package_identification:_identify(src/quadruped_ros2_control-humble/descriptions/unitree) by extension 'colcon_pkg'
[0.175s] Level 1:colcon.colcon_core.package_identification:_identify(src/quadruped_ros2_control-humble/descriptions/unitree) by extensions ['colcon_meta']
[0.175s] Level 1:colcon.colcon_core.package_identification:_identify(src/quadruped_ros2_control-humble/descriptions/unitree) by extension 'colcon_meta'
[0.175s] Level 1:colcon.colcon_core.package_identification:_identify(src/quadruped_ros2_control-humble/descriptions/unitree) by extensions ['ros']
[0.175s] Level 1:colcon.colcon_core.package_identification:_identify(src/quadruped_ros2_control-humble/descriptions/unitree) by extension 'ros'
[0.175s] Level 1:colcon.colcon_core.package_identification:_identify(src/quadruped_ros2_control-humble/descriptions/unitree) by extensions ['cmake', 'python']
[0.175s] Level 1:colcon.colcon_core.package_identification:_identify(src/quadruped_ros2_control-humble/descriptions/unitree) by extension 'cmake'
[0.175s] Level 1:colcon.colcon_core.package_identification:_identify(src/quadruped_ros2_control-humble/descriptions/unitree) by extension 'python'
[0.175s] Level 1:colcon.colcon_core.package_identification:_identify(src/quadruped_ros2_control-humble/descriptions/unitree) by extensions ['python_setup_py']
[0.175s] Level 1:colcon.colcon_core.package_identification:_identify(src/quadruped_ros2_control-humble/descriptions/unitree) by extension 'python_setup_py'
[0.175s] Level 1:colcon.colcon_core.package_identification:_identify(src/quadruped_ros2_control-humble/descriptions/unitree/a1_description) by extensions ['ignore', 'ignore_ament_install']
[0.175s] Level 1:colcon.colcon_core.package_identification:_identify(src/quadruped_ros2_control-humble/descriptions/unitree/a1_description) by extension 'ignore'
[0.175s] Level 1:colcon.colcon_core.package_identification:_identify(src/quadruped_ros2_control-humble/descriptions/unitree/a1_description) by extension 'ignore_ament_install'
[0.175s] Level 1:colcon.colcon_core.package_identification:_identify(src/quadruped_ros2_control-humble/descriptions/unitree/a1_description) by extensions ['colcon_pkg']
[0.175s] Level 1:colcon.colcon_core.package_identification:_identify(src/quadruped_ros2_control-humble/descriptions/unitree/a1_description) by extension 'colcon_pkg'
[0.175s] Level 1:colcon.colcon_core.package_identification:_identify(src/quadruped_ros2_control-humble/descriptions/unitree/a1_description) by extensions ['colcon_meta']
[0.175s] Level 1:colcon.colcon_core.package_identification:_identify(src/quadruped_ros2_control-humble/descriptions/unitree/a1_description) by extension 'colcon_meta'
[0.175s] Level 1:colcon.colcon_core.package_identification:_identify(src/quadruped_ros2_control-humble/descriptions/unitree/a1_description) by extensions ['ros']
[0.175s] Level 1:colcon.colcon_core.package_identification:_identify(src/quadruped_ros2_control-humble/descriptions/unitree/a1_description) by extension 'ros'
[0.175s] DEBUG:colcon.colcon_core.package_identification:Package 'src/quadruped_ros2_control-humble/descriptions/unitree/a1_description' with type 'ros.ament_cmake' and name 'a1_description'
[0.175s] Level 1:colcon.colcon_core.package_identification:_identify(src/quadruped_ros2_control-humble/descriptions/unitree/aliengo_description) by extensions ['ignore', 'ignore_ament_install']
[0.175s] Level 1:colcon.colcon_core.package_identification:_identify(src/quadruped_ros2_control-humble/descriptions/unitree/aliengo_description) by extension 'ignore'
[0.175s] Level 1:colcon.colcon_core.package_identification:_identify(src/quadruped_ros2_control-humble/descriptions/unitree/aliengo_description) by extension 'ignore_ament_install'
[0.175s] Level 1:colcon.colcon_core.package_identification:_identify(src/quadruped_ros2_control-humble/descriptions/unitree/aliengo_description) by extensions ['colcon_pkg']
[0.175s] Level 1:colcon.colcon_core.package_identification:_identify(src/quadruped_ros2_control-humble/descriptions/unitree/aliengo_description) by extension 'colcon_pkg'
[0.176s] Level 1:colcon.colcon_core.package_identification:_identify(src/quadruped_ros2_control-humble/descriptions/unitree/aliengo_description) by extensions ['colcon_meta']
[0.176s] Level 1:colcon.colcon_core.package_identification:_identify(src/quadruped_ros2_control-humble/descriptions/unitree/aliengo_description) by extension 'colcon_meta'
[0.176s] Level 1:colcon.colcon_core.package_identification:_identify(src/quadruped_ros2_control-humble/descriptions/unitree/aliengo_description) by extensions ['ros']
[0.176s] Level 1:colcon.colcon_core.package_identification:_identify(src/quadruped_ros2_control-humble/descriptions/unitree/aliengo_description) by extension 'ros'
[0.176s] DEBUG:colcon.colcon_core.package_identification:Package 'src/quadruped_ros2_control-humble/descriptions/unitree/aliengo_description' with type 'ros.ament_cmake' and name 'aliengo_description'
[0.176s] Level 1:colcon.colcon_core.package_identification:_identify(src/quadruped_ros2_control-humble/descriptions/unitree/b2_description) by extensions ['ignore', 'ignore_ament_install']
[0.176s] Level 1:colcon.colcon_core.package_identification:_identify(src/quadruped_ros2_control-humble/descriptions/unitree/b2_description) by extension 'ignore'
[0.176s] Level 1:colcon.colcon_core.package_identification:_identify(src/quadruped_ros2_control-humble/descriptions/unitree/b2_description) by extension 'ignore_ament_install'
[0.176s] Level 1:colcon.colcon_core.package_identification:_identify(src/quadruped_ros2_control-humble/descriptions/unitree/b2_description) by extensions ['colcon_pkg']
[0.176s] Level 1:colcon.colcon_core.package_identification:_identify(src/quadruped_ros2_control-humble/descriptions/unitree/b2_description) by extension 'colcon_pkg'
[0.176s] Level 1:colcon.colcon_core.package_identification:_identify(src/quadruped_ros2_control-humble/descriptions/unitree/b2_description) by extensions ['colcon_meta']
[0.176s] Level 1:colcon.colcon_core.package_identification:_identify(src/quadruped_ros2_control-humble/descriptions/unitree/b2_description) by extension 'colcon_meta'
[0.176s] Level 1:colcon.colcon_core.package_identification:_identify(src/quadruped_ros2_control-humble/descriptions/unitree/b2_description) by extensions ['ros']
[0.176s] Level 1:colcon.colcon_core.package_identification:_identify(src/quadruped_ros2_control-humble/descriptions/unitree/b2_description) by extension 'ros'
[0.176s] DEBUG:colcon.colcon_core.package_identification:Package 'src/quadruped_ros2_control-humble/descriptions/unitree/b2_description' with type 'ros.ament_cmake' and name 'b2_description'
[0.177s] Level 1:colcon.colcon_core.package_identification:_identify(src/quadruped_ros2_control-humble/descriptions/unitree/go1_description) by extensions ['ignore', 'ignore_ament_install']
[0.177s] Level 1:colcon.colcon_core.package_identification:_identify(src/quadruped_ros2_control-humble/descriptions/unitree/go1_description) by extension 'ignore'
[0.177s] Level 1:colcon.colcon_core.package_identification:_identify(src/quadruped_ros2_control-humble/descriptions/unitree/go1_description) by extension 'ignore_ament_install'
[0.177s] Level 1:colcon.colcon_core.package_identification:_identify(src/quadruped_ros2_control-humble/descriptions/unitree/go1_description) by extensions ['colcon_pkg']
[0.177s] Level 1:colcon.colcon_core.package_identification:_identify(src/quadruped_ros2_control-humble/descriptions/unitree/go1_description) by extension 'colcon_pkg'
[0.177s] Level 1:colcon.colcon_core.package_identification:_identify(src/quadruped_ros2_control-humble/descriptions/unitree/go1_description) by extensions ['colcon_meta']
[0.177s] Level 1:colcon.colcon_core.package_identification:_identify(src/quadruped_ros2_control-humble/descriptions/unitree/go1_description) by extension 'colcon_meta'
[0.177s] Level 1:colcon.colcon_core.package_identification:_identify(src/quadruped_ros2_control-humble/descriptions/unitree/go1_description) by extensions ['ros']
[0.177s] Level 1:colcon.colcon_core.package_identification:_identify(src/quadruped_ros2_control-humble/descriptions/unitree/go1_description) by extension 'ros'
[0.177s] DEBUG:colcon.colcon_core.package_identification:Package 'src/quadruped_ros2_control-humble/descriptions/unitree/go1_description' with type 'ros.ament_cmake' and name 'go1_description'
[0.177s] Level 1:colcon.colcon_core.package_identification:_identify(src/quadruped_ros2_control-humble/descriptions/unitree/go2_description) by extensions ['ignore', 'ignore_ament_install']
[0.177s] Level 1:colcon.colcon_core.package_identification:_identify(src/quadruped_ros2_control-humble/descriptions/unitree/go2_description) by extension 'ignore'
[0.177s] Level 1:colcon.colcon_core.package_identification:_identify(src/quadruped_ros2_control-humble/descriptions/unitree/go2_description) by extension 'ignore_ament_install'
[0.177s] Level 1:colcon.colcon_core.package_identification:_identify(src/quadruped_ros2_control-humble/descriptions/unitree/go2_description) by extensions ['colcon_pkg']
[0.177s] Level 1:colcon.colcon_core.package_identification:_identify(src/quadruped_ros2_control-humble/descriptions/unitree/go2_description) by extension 'colcon_pkg'
[0.177s] Level 1:colcon.colcon_core.package_identification:_identify(src/quadruped_ros2_control-humble/descriptions/unitree/go2_description) by extensions ['colcon_meta']
[0.177s] Level 1:colcon.colcon_core.package_identification:_identify(src/quadruped_ros2_control-humble/descriptions/unitree/go2_description) by extension 'colcon_meta'
[0.177s] Level 1:colcon.colcon_core.package_identification:_identify(src/quadruped_ros2_control-humble/descriptions/unitree/go2_description) by extensions ['ros']
[0.177s] Level 1:colcon.colcon_core.package_identification:_identify(src/quadruped_ros2_control-humble/descriptions/unitree/go2_description) by extension 'ros'
[0.178s] DEBUG:colcon.colcon_core.package_identification:Package 'src/quadruped_ros2_control-humble/descriptions/unitree/go2_description' with type 'ros.ament_cmake' and name 'go2_description'
[0.178s] Level 1:colcon.colcon_core.package_identification:_identify(src/quadruped_ros2_control-humble/descriptions/xiaomi) by extensions ['ignore', 'ignore_ament_install']
[0.178s] Level 1:colcon.colcon_core.package_identification:_identify(src/quadruped_ros2_control-humble/descriptions/xiaomi) by extension 'ignore'
[0.178s] Level 1:colcon.colcon_core.package_identification:_identify(src/quadruped_ros2_control-humble/descriptions/xiaomi) by extension 'ignore_ament_install'
[0.178s] Level 1:colcon.colcon_core.package_identification:_identify(src/quadruped_ros2_control-humble/descriptions/xiaomi) by extensions ['colcon_pkg']
[0.178s] Level 1:colcon.colcon_core.package_identification:_identify(src/quadruped_ros2_control-humble/descriptions/xiaomi) by extension 'colcon_pkg'
[0.178s] Level 1:colcon.colcon_core.package_identification:_identify(src/quadruped_ros2_control-humble/descriptions/xiaomi) by extensions ['colcon_meta']
[0.178s] Level 1:colcon.colcon_core.package_identification:_identify(src/quadruped_ros2_control-humble/descriptions/xiaomi) by extension 'colcon_meta'
[0.178s] Level 1:colcon.colcon_core.package_identification:_identify(src/quadruped_ros2_control-humble/descriptions/xiaomi) by extensions ['ros']
[0.178s] Level 1:colcon.colcon_core.package_identification:_identify(src/quadruped_ros2_control-humble/descriptions/xiaomi) by extension 'ros'
[0.178s] Level 1:colcon.colcon_core.package_identification:_identify(src/quadruped_ros2_control-humble/descriptions/xiaomi) by extensions ['cmake', 'python']
[0.178s] Level 1:colcon.colcon_core.package_identification:_identify(src/quadruped_ros2_control-humble/descriptions/xiaomi) by extension 'cmake'
[0.178s] Level 1:colcon.colcon_core.package_identification:_identify(src/quadruped_ros2_control-humble/descriptions/xiaomi) by extension 'python'
[0.178s] Level 1:colcon.colcon_core.package_identification:_identify(src/quadruped_ros2_control-humble/descriptions/xiaomi) by extensions ['python_setup_py']
[0.178s] Level 1:colcon.colcon_core.package_identification:_identify(src/quadruped_ros2_control-humble/descriptions/xiaomi) by extension 'python_setup_py'
[0.178s] Level 1:colcon.colcon_core.package_identification:_identify(src/quadruped_ros2_control-humble/descriptions/xiaomi/cyberdog_description) by extensions ['ignore', 'ignore_ament_install']
[0.178s] Level 1:colcon.colcon_core.package_identification:_identify(src/quadruped_ros2_control-humble/descriptions/xiaomi/cyberdog_description) by extension 'ignore'
[0.178s] Level 1:colcon.colcon_core.package_identification:_identify(src/quadruped_ros2_control-humble/descriptions/xiaomi/cyberdog_description) by extension 'ignore_ament_install'
[0.178s] Level 1:colcon.colcon_core.package_identification:_identify(src/quadruped_ros2_control-humble/descriptions/xiaomi/cyberdog_description) by extensions ['colcon_pkg']
[0.178s] Level 1:colcon.colcon_core.package_identification:_identify(src/quadruped_ros2_control-humble/descriptions/xiaomi/cyberdog_description) by extension 'colcon_pkg'
[0.178s] Level 1:colcon.colcon_core.package_identification:_identify(src/quadruped_ros2_control-humble/descriptions/xiaomi/cyberdog_description) by extensions ['colcon_meta']
[0.178s] Level 1:colcon.colcon_core.package_identification:_identify(src/quadruped_ros2_control-humble/descriptions/xiaomi/cyberdog_description) by extension 'colcon_meta'
[0.178s] Level 1:colcon.colcon_core.package_identification:_identify(src/quadruped_ros2_control-humble/descriptions/xiaomi/cyberdog_description) by extensions ['ros']
[0.178s] Level 1:colcon.colcon_core.package_identification:_identify(src/quadruped_ros2_control-humble/descriptions/xiaomi/cyberdog_description) by extension 'ros'
[0.179s] DEBUG:colcon.colcon_core.package_identification:Package 'src/quadruped_ros2_control-humble/descriptions/xiaomi/cyberdog_description' with type 'ros.ament_cmake' and name 'cyberdog_description'
[0.179s] Level 1:colcon.colcon_core.package_identification:_identify(src/quadruped_ros2_control-humble/hardwares) by extensions ['ignore', 'ignore_ament_install']
[0.179s] Level 1:colcon.colcon_core.package_identification:_identify(src/quadruped_ros2_control-humble/hardwares) by extension 'ignore'
[0.179s] Level 1:colcon.colcon_core.package_identification:_identify(src/quadruped_ros2_control-humble/hardwares) by extension 'ignore_ament_install'
[0.179s] Level 1:colcon.colcon_core.package_identification:_identify(src/quadruped_ros2_control-humble/hardwares) by extensions ['colcon_pkg']
[0.179s] Level 1:colcon.colcon_core.package_identification:_identify(src/quadruped_ros2_control-humble/hardwares) by extension 'colcon_pkg'
[0.179s] Level 1:colcon.colcon_core.package_identification:_identify(src/quadruped_ros2_control-humble/hardwares) by extensions ['colcon_meta']
[0.179s] Level 1:colcon.colcon_core.package_identification:_identify(src/quadruped_ros2_control-humble/hardwares) by extension 'colcon_meta'
[0.179s] Level 1:colcon.colcon_core.package_identification:_identify(src/quadruped_ros2_control-humble/hardwares) by extensions ['ros']
[0.179s] Level 1:colcon.colcon_core.package_identification:_identify(src/quadruped_ros2_control-humble/hardwares) by extension 'ros'
[0.179s] Level 1:colcon.colcon_core.package_identification:_identify(src/quadruped_ros2_control-humble/hardwares) by extensions ['cmake', 'python']
[0.179s] Level 1:colcon.colcon_core.package_identification:_identify(src/quadruped_ros2_control-humble/hardwares) by extension 'cmake'
[0.179s] Level 1:colcon.colcon_core.package_identification:_identify(src/quadruped_ros2_control-humble/hardwares) by extension 'python'
[0.179s] Level 1:colcon.colcon_core.package_identification:_identify(src/quadruped_ros2_control-humble/hardwares) by extensions ['python_setup_py']
[0.179s] Level 1:colcon.colcon_core.package_identification:_identify(src/quadruped_ros2_control-humble/hardwares) by extension 'python_setup_py'
[0.179s] Level 1:colcon.colcon_core.package_identification:_identify(src/quadruped_ros2_control-humble/hardwares/gz_quadruped_hardware) by extensions ['ignore', 'ignore_ament_install']
[0.179s] Level 1:colcon.colcon_core.package_identification:_identify(src/quadruped_ros2_control-humble/hardwares/gz_quadruped_hardware) by extension 'ignore'
[0.179s] Level 1:colcon.colcon_core.package_identification:_identify(src/quadruped_ros2_control-humble/hardwares/gz_quadruped_hardware) by extension 'ignore_ament_install'
[0.179s] Level 1:colcon.colcon_core.package_identification:_identify(src/quadruped_ros2_control-humble/hardwares/gz_quadruped_hardware) by extensions ['colcon_pkg']
[0.179s] Level 1:colcon.colcon_core.package_identification:_identify(src/quadruped_ros2_control-humble/hardwares/gz_quadruped_hardware) by extension 'colcon_pkg'
[0.179s] Level 1:colcon.colcon_core.package_identification:_identify(src/quadruped_ros2_control-humble/hardwares/gz_quadruped_hardware) by extensions ['colcon_meta']
[0.179s] Level 1:colcon.colcon_core.package_identification:_identify(src/quadruped_ros2_control-humble/hardwares/gz_quadruped_hardware) by extension 'colcon_meta'
[0.179s] Level 1:colcon.colcon_core.package_identification:_identify(src/quadruped_ros2_control-humble/hardwares/gz_quadruped_hardware) by extensions ['ros']
[0.179s] Level 1:colcon.colcon_core.package_identification:_identify(src/quadruped_ros2_control-humble/hardwares/gz_quadruped_hardware) by extension 'ros'
[0.180s] DEBUG:colcon.colcon_core.package_identification:Package 'src/quadruped_ros2_control-humble/hardwares/gz_quadruped_hardware' with type 'ros.ament_cmake' and name 'gz_quadruped_hardware'
[0.180s] Level 1:colcon.colcon_core.package_identification:_identify(src/quadruped_ros2_control-humble/hardwares/hardware_unitree_mujoco) by extensions ['ignore', 'ignore_ament_install']
[0.180s] Level 1:colcon.colcon_core.package_identification:_identify(src/quadruped_ros2_control-humble/hardwares/hardware_unitree_mujoco) by extension 'ignore'
[0.180s] Level 1:colcon.colcon_core.package_identification:_identify(src/quadruped_ros2_control-humble/hardwares/hardware_unitree_mujoco) by extension 'ignore_ament_install'
[0.180s] Level 1:colcon.colcon_core.package_identification:_identify(src/quadruped_ros2_control-humble/hardwares/hardware_unitree_mujoco) by extensions ['colcon_pkg']
[0.180s] Level 1:colcon.colcon_core.package_identification:_identify(src/quadruped_ros2_control-humble/hardwares/hardware_unitree_mujoco) by extension 'colcon_pkg'
[0.180s] Level 1:colcon.colcon_core.package_identification:_identify(src/quadruped_ros2_control-humble/hardwares/hardware_unitree_mujoco) by extensions ['colcon_meta']
[0.180s] Level 1:colcon.colcon_core.package_identification:_identify(src/quadruped_ros2_control-humble/hardwares/hardware_unitree_mujoco) by extension 'colcon_meta'
[0.180s] Level 1:colcon.colcon_core.package_identification:_identify(src/quadruped_ros2_control-humble/hardwares/hardware_unitree_mujoco) by extensions ['ros']
[0.180s] Level 1:colcon.colcon_core.package_identification:_identify(src/quadruped_ros2_control-humble/hardwares/hardware_unitree_mujoco) by extension 'ros'
[0.180s] DEBUG:colcon.colcon_core.package_identification:Package 'src/quadruped_ros2_control-humble/hardwares/hardware_unitree_mujoco' with type 'ros.ament_cmake' and name 'hardware_unitree_mujoco'
[0.181s] Level 1:colcon.colcon_core.package_identification:_identify(src/quadruped_ros2_control-humble/libraries) by extensions ['ignore', 'ignore_ament_install']
[0.181s] Level 1:colcon.colcon_core.package_identification:_identify(src/quadruped_ros2_control-humble/libraries) by extension 'ignore'
[0.181s] Level 1:colcon.colcon_core.package_identification:_identify(src/quadruped_ros2_control-humble/libraries) by extension 'ignore_ament_install'
[0.181s] Level 1:colcon.colcon_core.package_identification:_identify(src/quadruped_ros2_control-humble/libraries) by extensions ['colcon_pkg']
[0.181s] Level 1:colcon.colcon_core.package_identification:_identify(src/quadruped_ros2_control-humble/libraries) by extension 'colcon_pkg'
[0.181s] Level 1:colcon.colcon_core.package_identification:_identify(src/quadruped_ros2_control-humble/libraries) by extensions ['colcon_meta']
[0.181s] Level 1:colcon.colcon_core.package_identification:_identify(src/quadruped_ros2_control-humble/libraries) by extension 'colcon_meta'
[0.181s] Level 1:colcon.colcon_core.package_identification:_identify(src/quadruped_ros2_control-humble/libraries) by extensions ['ros']
[0.181s] Level 1:colcon.colcon_core.package_identification:_identify(src/quadruped_ros2_control-humble/libraries) by extension 'ros'
[0.181s] Level 1:colcon.colcon_core.package_identification:_identify(src/quadruped_ros2_control-humble/libraries) by extensions ['cmake', 'python']
[0.181s] Level 1:colcon.colcon_core.package_identification:_identify(src/quadruped_ros2_control-humble/libraries) by extension 'cmake'
[0.181s] Level 1:colcon.colcon_core.package_identification:_identify(src/quadruped_ros2_control-humble/libraries) by extension 'python'
[0.181s] Level 1:colcon.colcon_core.package_identification:_identify(src/quadruped_ros2_control-humble/libraries) by extensions ['python_setup_py']
[0.181s] Level 1:colcon.colcon_core.package_identification:_identify(src/quadruped_ros2_control-humble/libraries) by extension 'python_setup_py'
[0.181s] Level 1:colcon.colcon_core.package_identification:_identify(src/quadruped_ros2_control-humble/libraries/controller_common) by extensions ['ignore', 'ignore_ament_install']
[0.181s] Level 1:colcon.colcon_core.package_identification:_identify(src/quadruped_ros2_control-humble/libraries/controller_common) by extension 'ignore'
[0.181s] Level 1:colcon.colcon_core.package_identification:_identify(src/quadruped_ros2_control-humble/libraries/controller_common) by extension 'ignore_ament_install'
[0.181s] Level 1:colcon.colcon_core.package_identification:_identify(src/quadruped_ros2_control-humble/libraries/controller_common) by extensions ['colcon_pkg']
[0.181s] Level 1:colcon.colcon_core.package_identification:_identify(src/quadruped_ros2_control-humble/libraries/controller_common) by extension 'colcon_pkg'
[0.181s] Level 1:colcon.colcon_core.package_identification:_identify(src/quadruped_ros2_control-humble/libraries/controller_common) by extensions ['colcon_meta']
[0.181s] Level 1:colcon.colcon_core.package_identification:_identify(src/quadruped_ros2_control-humble/libraries/controller_common) by extension 'colcon_meta'
[0.181s] Level 1:colcon.colcon_core.package_identification:_identify(src/quadruped_ros2_control-humble/libraries/controller_common) by extensions ['ros']
[0.181s] Level 1:colcon.colcon_core.package_identification:_identify(src/quadruped_ros2_control-humble/libraries/controller_common) by extension 'ros'
[0.182s] DEBUG:colcon.colcon_core.package_identification:Package 'src/quadruped_ros2_control-humble/libraries/controller_common' with type 'ros.ament_cmake' and name 'controller_common'
[0.182s] Level 1:colcon.colcon_core.package_identification:_identify(src/quadruped_ros2_control-humble/libraries/gz_quadruped_playground) by extensions ['ignore', 'ignore_ament_install']
[0.182s] Level 1:colcon.colcon_core.package_identification:_identify(src/quadruped_ros2_control-humble/libraries/gz_quadruped_playground) by extension 'ignore'
[0.182s] Level 1:colcon.colcon_core.package_identification:_identify(src/quadruped_ros2_control-humble/libraries/gz_quadruped_playground) by extension 'ignore_ament_install'
[0.182s] Level 1:colcon.colcon_core.package_identification:_identify(src/quadruped_ros2_control-humble/libraries/gz_quadruped_playground) by extensions ['colcon_pkg']
[0.182s] Level 1:colcon.colcon_core.package_identification:_identify(src/quadruped_ros2_control-humble/libraries/gz_quadruped_playground) by extension 'colcon_pkg'
[0.182s] Level 1:colcon.colcon_core.package_identification:_identify(src/quadruped_ros2_control-humble/libraries/gz_quadruped_playground) by extensions ['colcon_meta']
[0.182s] Level 1:colcon.colcon_core.package_identification:_identify(src/quadruped_ros2_control-humble/libraries/gz_quadruped_playground) by extension 'colcon_meta'
[0.182s] Level 1:colcon.colcon_core.package_identification:_identify(src/quadruped_ros2_control-humble/libraries/gz_quadruped_playground) by extensions ['ros']
[0.182s] Level 1:colcon.colcon_core.package_identification:_identify(src/quadruped_ros2_control-humble/libraries/gz_quadruped_playground) by extension 'ros'
[0.182s] DEBUG:colcon.colcon_core.package_identification:Package 'src/quadruped_ros2_control-humble/libraries/gz_quadruped_playground' with type 'ros.ament_cmake' and name 'gz_quadruped_playground'
[0.182s] Level 1:colcon.colcon_core.package_identification:_identify(src/quadruped_ros2_control-humble/libraries/qpoases_colcon) by extensions ['ignore', 'ignore_ament_install']
[0.182s] Level 1:colcon.colcon_core.package_identification:_identify(src/quadruped_ros2_control-humble/libraries/qpoases_colcon) by extension 'ignore'
[0.183s] Level 1:colcon.colcon_core.package_identification:_identify(src/quadruped_ros2_control-humble/libraries/qpoases_colcon) by extension 'ignore_ament_install'
[0.183s] Level 1:colcon.colcon_core.package_identification:_identify(src/quadruped_ros2_control-humble/libraries/qpoases_colcon) by extensions ['colcon_pkg']
[0.183s] Level 1:colcon.colcon_core.package_identification:_identify(src/quadruped_ros2_control-humble/libraries/qpoases_colcon) by extension 'colcon_pkg'
[0.183s] Level 1:colcon.colcon_core.package_identification:_identify(src/quadruped_ros2_control-humble/libraries/qpoases_colcon) by extensions ['colcon_meta']
[0.183s] Level 1:colcon.colcon_core.package_identification:_identify(src/quadruped_ros2_control-humble/libraries/qpoases_colcon) by extension 'colcon_meta'
[0.183s] Level 1:colcon.colcon_core.package_identification:_identify(src/quadruped_ros2_control-humble/libraries/qpoases_colcon) by extensions ['ros']
[0.183s] Level 1:colcon.colcon_core.package_identification:_identify(src/quadruped_ros2_control-humble/libraries/qpoases_colcon) by extension 'ros'
[0.183s] DEBUG:colcon.colcon_core.package_identification:Package 'src/quadruped_ros2_control-humble/libraries/qpoases_colcon' with type 'ros.ament_cmake' and name 'qpoases_colcon'
[0.183s] Level 1:colcon.colcon_core.package_identification:_identify(src/unitree_sdk2) by extensions ['ignore', 'ignore_ament_install']
[0.183s] Level 1:colcon.colcon_core.package_identification:_identify(src/unitree_sdk2) by extension 'ignore'
[0.183s] Level 1:colcon.colcon_core.package_identification:_identify(src/unitree_sdk2) by extension 'ignore_ament_install'
[0.183s] Level 1:colcon.colcon_core.package_identification:_identify(src/unitree_sdk2) by extensions ['colcon_pkg']
[0.183s] Level 1:colcon.colcon_core.package_identification:_identify(src/unitree_sdk2) by extension 'colcon_pkg'
[0.183s] Level 1:colcon.colcon_core.package_identification:_identify(src/unitree_sdk2) by extensions ['colcon_meta']
[0.183s] Level 1:colcon.colcon_core.package_identification:_identify(src/unitree_sdk2) by extension 'colcon_meta'
[0.183s] Level 1:colcon.colcon_core.package_identification:_identify(src/unitree_sdk2) by extensions ['ros']
[0.183s] Level 1:colcon.colcon_core.package_identification:_identify(src/unitree_sdk2) by extension 'ros'
[0.183s] Level 1:colcon.colcon_core.package_identification:_identify(src/unitree_sdk2) by extensions ['cmake', 'python']
[0.183s] Level 1:colcon.colcon_core.package_identification:_identify(src/unitree_sdk2) by extension 'cmake'
[0.187s] Level 1:colcon.colcon_core.package_identification:_identify(src/unitree_sdk2) by extension 'python'
[0.187s] DEBUG:colcon.colcon_core.package_identification:Package 'src/unitree_sdk2' with type 'cmake' and name 'unitree_sdk2'
[0.187s] Level 1:colcon.colcon_core.package_discovery:discover_packages(recursive) using defaults
[0.187s] Level 1:colcon.colcon_core.package_discovery:discover_packages(ignore) discover
[0.187s] Level 1:colcon.colcon_core.package_discovery:discover_packages(ignore) using defaults
[0.187s] Level 1:colcon.colcon_core.package_discovery:discover_packages(path) discover
[0.187s] Level 1:colcon.colcon_core.package_discovery:discover_packages(path) using defaults
[0.206s] INFO:colcon.colcon_core.package_selection:Skipping package 'unitree_guide_controller' in 'src/quadruped_ros2_control-humble/controllers/unitree_guide_controller'
[0.206s] INFO:colcon.colcon_core.package_selection:Skipping package 'rl_quadruped_controller' in 'src/quadruped_ros2_control-humble/controllers/rl_quadruped_controller'
[0.206s] INFO:colcon.colcon_core.package_selection:Skipping package 'ocs2_quadruped_controller' in 'src/quadruped_ros2_control-humble/controllers/ocs2_quadruped_controller'
[0.206s] INFO:colcon.colcon_core.package_selection:Skipping package 'unitree_joystick_input' in 'src/quadruped_ros2_control-humble/commands/unitree_joystick_input'
[0.206s] INFO:colcon.colcon_core.package_selection:Skipping package 'keyboard_input' in 'src/quadruped_ros2_control-humble/commands/keyboard_input'
[0.206s] INFO:colcon.colcon_core.package_selection:Skipping package 'joystick_input' in 'src/quadruped_ros2_control-humble/commands/joystick_input'
[0.206s] INFO:colcon.colcon_core.package_selection:Skipping package 'gz_quadruped_playground' in 'src/quadruped_ros2_control-humble/libraries/gz_quadruped_playground'
[0.206s] INFO:colcon.colcon_core.package_selection:Skipping package 'controller_common' in 'src/quadruped_ros2_control-humble/libraries/controller_common'
[0.206s] INFO:colcon.colcon_core.package_selection:Skipping package 'x30_description' in 'src/quadruped_ros2_control-humble/descriptions/deep_robotics/x30_description'
[0.206s] INFO:colcon.colcon_core.package_selection:Skipping package 'unitree_sdk2' in 'src/unitree_sdk2'
[0.206s] INFO:colcon.colcon_core.package_selection:Skipping package 'qpoases_colcon' in 'src/quadruped_ros2_control-humble/libraries/qpoases_colcon'
[0.206s] INFO:colcon.colcon_core.package_selection:Skipping package 'lite3_description' in 'src/quadruped_ros2_control-humble/descriptions/deep_robotics/lite3_description'
[0.206s] INFO:colcon.colcon_core.package_selection:Skipping package 'hardware_unitree_mujoco' in 'src/quadruped_ros2_control-humble/hardwares/hardware_unitree_mujoco'
[0.206s] INFO:colcon.colcon_core.package_selection:Skipping package 'gz_quadruped_hardware' in 'src/quadruped_ros2_control-humble/hardwares/gz_quadruped_hardware'
[0.206s] INFO:colcon.colcon_core.package_selection:Skipping package 'go2_description' in 'src/quadruped_ros2_control-humble/descriptions/unitree/go2_description'
[0.206s] INFO:colcon.colcon_core.package_selection:Skipping package 'go1_description' in 'src/quadruped_ros2_control-humble/descriptions/unitree/go1_description'
[0.206s] INFO:colcon.colcon_core.package_selection:Skipping package 'cyberdog_description' in 'src/quadruped_ros2_control-humble/descriptions/xiaomi/cyberdog_description'
[0.206s] INFO:colcon.colcon_core.package_selection:Skipping package 'control_input_msgs' in 'src/quadruped_ros2_control-humble/commands/control_input_msgs'
[0.206s] INFO:colcon.colcon_core.package_selection:Skipping package 'b2_description' in 'src/quadruped_ros2_control-humble/descriptions/unitree/b2_description'
[0.206s] INFO:colcon.colcon_core.package_selection:Skipping package 'anymal_c_description' in 'src/quadruped_ros2_control-humble/descriptions/anybotics/anymal_c_description'
[0.206s] INFO:colcon.colcon_core.package_selection:Skipping package 'aliengo_description' in 'src/quadruped_ros2_control-humble/descriptions/unitree/aliengo_description'
[0.206s] INFO:colcon.colcon_core.package_selection:Skipping package 'a1_description' in 'src/quadruped_ros2_control-humble/descriptions/unitree/a1_description'
[0.206s] Level 1:colcon.colcon_core.package_discovery:discover_packages(prefix_path) check parameters
[0.206s] Level 1:colcon.colcon_core.package_discovery:discover_packages(prefix_path) discover
[0.208s] DEBUG:colcon.colcon_installed_package_information.package_discovery:Found 331 installed packages in /opt/ros/humble
[0.209s] Level 1:colcon.colcon_core.package_discovery:discover_packages(prefix_path) using defaults
[0.232s] Level 5:colcon.colcon_core.verb:set package 'leg_pd_controller' build argument 'cmake_args' from command line to 'None'
[0.232s] Level 5:colcon.colcon_core.verb:set package 'leg_pd_controller' build argument 'cmake_target' from command line to 'None'
[0.232s] Level 5:colcon.colcon_core.verb:set package 'leg_pd_controller' build argument 'cmake_target_skip_unavailable' from command line to 'False'
[0.232s] Level 5:colcon.colcon_core.verb:set package 'leg_pd_controller' build argument 'cmake_clean_cache' from command line to 'False'
[0.232s] Level 5:colcon.colcon_core.verb:set package 'leg_pd_controller' build argument 'cmake_clean_first' from command line to 'False'
[0.232s] Level 5:colcon.colcon_core.verb:set package 'leg_pd_controller' build argument 'cmake_force_configure' from command line to 'False'
[0.232s] Level 5:colcon.colcon_core.verb:set package 'leg_pd_controller' build argument 'ament_cmake_args' from command line to 'None'
[0.232s] Level 5:colcon.colcon_core.verb:set package 'leg_pd_controller' build argument 'catkin_cmake_args' from command line to 'None'
[0.232s] Level 5:colcon.colcon_core.verb:set package 'leg_pd_controller' build argument 'catkin_skip_building_tests' from command line to 'False'
[0.232s] DEBUG:colcon.colcon_core.verb:Building package 'leg_pd_controller' with the following arguments: {'ament_cmake_args': None, 'build_base': '/home/yzz/ROS2_WS/build/leg_pd_controller', 'catkin_cmake_args': None, 'catkin_skip_building_tests': False, 'cmake_args': None, 'cmake_clean_cache': False, 'cmake_clean_first': False, 'cmake_force_configure': False, 'cmake_target': None, 'cmake_target_skip_unavailable': False, 'install_base': '/home/yzz/ROS2_WS/install/leg_pd_controller', 'merge_install': False, 'path': '/home/yzz/ROS2_WS/src/quadruped_ros2_control-humble/controllers/leg_pd_controller', 'symlink_install': False, 'test_result_base': None}
[0.232s] INFO:colcon.colcon_core.executor:Executing jobs using 'parallel' executor
[0.233s] DEBUG:colcon.colcon_parallel_executor.executor.parallel:run_until_complete
[0.233s] INFO:colcon.colcon_ros.task.ament_cmake.build:Building ROS package in '/home/yzz/ROS2_WS/src/quadruped_ros2_control-humble/controllers/leg_pd_controller' with build type 'ament_cmake'
[0.233s] INFO:colcon.colcon_cmake.task.cmake.build:Building CMake package in '/home/yzz/ROS2_WS/src/quadruped_ros2_control-humble/controllers/leg_pd_controller'
[0.235s] INFO:colcon.colcon_core.plugin_system:Skipping extension 'colcon_core.shell.bat': Not used on non-Windows systems
[0.235s] INFO:colcon.colcon_core.shell:Skip shell extension 'powershell' for command environment: Not usable outside of PowerShell
[0.235s] DEBUG:colcon.colcon_core.shell:Skip shell extension 'dsv' for command environment
[0.242s] DEBUG:colcon.colcon_core.event_handler.log_command:Invoking command in '/home/yzz/ROS2_WS/build/leg_pd_controller': CMAKE_PREFIX_PATH=/opt/ros/humble /usr/bin/cmake /home/yzz/ROS2_WS/src/quadruped_ros2_control-humble/controllers/leg_pd_controller -DCMAKE_INSTALL_PREFIX=/home/yzz/ROS2_WS/install/leg_pd_controller
[1.172s] DEBUG:colcon.colcon_core.event_handler.log_command:Invoked command in '/home/yzz/ROS2_WS/build/leg_pd_controller' returned '0': CMAKE_PREFIX_PATH=/opt/ros/humble /usr/bin/cmake /home/yzz/ROS2_WS/src/quadruped_ros2_control-humble/controllers/leg_pd_controller -DCMAKE_INSTALL_PREFIX=/home/yzz/ROS2_WS/install/leg_pd_controller
[1.173s] DEBUG:colcon.colcon_core.event_handler.log_command:Invoking command in '/home/yzz/ROS2_WS/build/leg_pd_controller': CMAKE_PREFIX_PATH=/opt/ros/humble /usr/bin/cmake --build /home/yzz/ROS2_WS/build/leg_pd_controller -- -j2 -l2
[3.608s] DEBUG:colcon.colcon_core.event_handler.log_command:Invoked command in '/home/yzz/ROS2_WS/build/leg_pd_controller' returned '0': CMAKE_PREFIX_PATH=/opt/ros/humble /usr/bin/cmake --build /home/yzz/ROS2_WS/build/leg_pd_controller -- -j2 -l2
[3.613s] DEBUG:colcon.colcon_core.event_handler.log_command:Invoking command in '/home/yzz/ROS2_WS/build/leg_pd_controller': CMAKE_PREFIX_PATH=/opt/ros/humble /usr/bin/cmake --install /home/yzz/ROS2_WS/build/leg_pd_controller
[3.622s] Level 1:colcon.colcon_core.environment:create_environment_scripts_only(leg_pd_controller)
[3.623s] Level 1:colcon.colcon_core.environment:checking '/home/yzz/ROS2_WS/install/leg_pd_controller' for CMake module files
[3.624s] DEBUG:colcon.colcon_core.event_handler.log_command:Invoked command in '/home/yzz/ROS2_WS/build/leg_pd_controller' returned '0': CMAKE_PREFIX_PATH=/opt/ros/humble /usr/bin/cmake --install /home/yzz/ROS2_WS/build/leg_pd_controller
[3.624s] Level 1:colcon.colcon_core.environment:checking '/home/yzz/ROS2_WS/install/leg_pd_controller' for CMake config files
[3.624s] Level 1:colcon.colcon_core.shell:create_environment_hook('leg_pd_controller', 'cmake_prefix_path')
[3.624s] INFO:colcon.colcon_core.shell:Creating environment hook '/home/yzz/ROS2_WS/install/leg_pd_controller/share/leg_pd_controller/hook/cmake_prefix_path.ps1'
[3.625s] INFO:colcon.colcon_core.shell:Creating environment descriptor '/home/yzz/ROS2_WS/install/leg_pd_controller/share/leg_pd_controller/hook/cmake_prefix_path.dsv'
[3.625s] INFO:colcon.colcon_core.shell:Creating environment hook '/home/yzz/ROS2_WS/install/leg_pd_controller/share/leg_pd_controller/hook/cmake_prefix_path.sh'
[3.625s] Level 1:colcon.colcon_core.environment:checking '/home/yzz/ROS2_WS/install/leg_pd_controller/lib'
[3.626s] Level 1:colcon.colcon_core.environment:checking '/home/yzz/ROS2_WS/install/leg_pd_controller/bin'
[3.626s] Level 1:colcon.colcon_core.environment:checking '/home/yzz/ROS2_WS/install/leg_pd_controller/lib/pkgconfig/leg_pd_controller.pc'
[3.626s] Level 1:colcon.colcon_core.environment:checking '/home/yzz/ROS2_WS/install/leg_pd_controller/lib/python3.10/site-packages'
[3.626s] Level 1:colcon.colcon_core.environment:checking '/home/yzz/ROS2_WS/install/leg_pd_controller/bin'
[3.626s] INFO:colcon.colcon_core.shell:Creating package script '/home/yzz/ROS2_WS/install/leg_pd_controller/share/leg_pd_controller/package.ps1'
[3.626s] INFO:colcon.colcon_core.shell:Creating package descriptor '/home/yzz/ROS2_WS/install/leg_pd_controller/share/leg_pd_controller/package.dsv'
[3.627s] INFO:colcon.colcon_core.shell:Creating package script '/home/yzz/ROS2_WS/install/leg_pd_controller/share/leg_pd_controller/package.sh'
[3.627s] INFO:colcon.colcon_core.shell:Creating package script '/home/yzz/ROS2_WS/install/leg_pd_controller/share/leg_pd_controller/package.bash'
[3.628s] INFO:colcon.colcon_core.shell:Creating package script '/home/yzz/ROS2_WS/install/leg_pd_controller/share/leg_pd_controller/package.zsh'
[3.628s] Level 1:colcon.colcon_core.environment:create_file_with_runtime_dependencies(/home/yzz/ROS2_WS/install/leg_pd_controller/share/colcon-core/packages/leg_pd_controller)
[3.628s] Level 1:colcon.colcon_core.environment:create_environment_scripts_only(leg_pd_controller)
[3.628s] Level 1:colcon.colcon_core.environment:checking '/home/yzz/ROS2_WS/install/leg_pd_controller' for CMake module files
[3.629s] Level 1:colcon.colcon_core.environment:checking '/home/yzz/ROS2_WS/install/leg_pd_controller' for CMake config files
[3.629s] Level 1:colcon.colcon_core.shell:create_environment_hook('leg_pd_controller', 'cmake_prefix_path')
[3.629s] INFO:colcon.colcon_core.shell:Creating environment hook '/home/yzz/ROS2_WS/install/leg_pd_controller/share/leg_pd_controller/hook/cmake_prefix_path.ps1'
[3.629s] INFO:colcon.colcon_core.shell:Creating environment descriptor '/home/yzz/ROS2_WS/install/leg_pd_controller/share/leg_pd_controller/hook/cmake_prefix_path.dsv'
[3.629s] INFO:colcon.colcon_core.shell:Creating environment hook '/home/yzz/ROS2_WS/install/leg_pd_controller/share/leg_pd_controller/hook/cmake_prefix_path.sh'
[3.630s] Level 1:colcon.colcon_core.environment:checking '/home/yzz/ROS2_WS/install/leg_pd_controller/lib'
[3.630s] Level 1:colcon.colcon_core.environment:checking '/home/yzz/ROS2_WS/install/leg_pd_controller/bin'
[3.630s] Level 1:colcon.colcon_core.environment:checking '/home/yzz/ROS2_WS/install/leg_pd_controller/lib/pkgconfig/leg_pd_controller.pc'
[3.630s] Level 1:colcon.colcon_core.environment:checking '/home/yzz/ROS2_WS/install/leg_pd_controller/lib/python3.10/site-packages'
[3.630s] Level 1:colcon.colcon_core.environment:checking '/home/yzz/ROS2_WS/install/leg_pd_controller/bin'
[3.630s] INFO:colcon.colcon_core.shell:Creating package script '/home/yzz/ROS2_WS/install/leg_pd_controller/share/leg_pd_controller/package.ps1'
[3.630s] INFO:colcon.colcon_core.shell:Creating package descriptor '/home/yzz/ROS2_WS/install/leg_pd_controller/share/leg_pd_controller/package.dsv'
[3.631s] INFO:colcon.colcon_core.shell:Creating package script '/home/yzz/ROS2_WS/install/leg_pd_controller/share/leg_pd_controller/package.sh'
[3.631s] INFO:colcon.colcon_core.shell:Creating package script '/home/yzz/ROS2_WS/install/leg_pd_controller/share/leg_pd_controller/package.bash'
[3.631s] INFO:colcon.colcon_core.shell:Creating package script '/home/yzz/ROS2_WS/install/leg_pd_controller/share/leg_pd_controller/package.zsh'
[3.632s] Level 1:colcon.colcon_core.environment:create_file_with_runtime_dependencies(/home/yzz/ROS2_WS/install/leg_pd_controller/share/colcon-core/packages/leg_pd_controller)
[3.632s] DEBUG:colcon.colcon_parallel_executor.executor.parallel:closing loop
[3.632s] DEBUG:colcon.colcon_parallel_executor.executor.parallel:loop closed
[3.632s] DEBUG:colcon.colcon_parallel_executor.executor.parallel:run_until_complete finished with '0'
[3.632s] DEBUG:colcon.colcon_core.event_reactor:joining thread
[3.636s] INFO:colcon.colcon_core.plugin_system:Skipping extension 'colcon_notification.desktop_notification.terminal_notifier': Not used on non-Darwin systems
[3.636s] INFO:colcon.colcon_core.plugin_system:Skipping extension 'colcon_notification.desktop_notification.win32': Not used on non-Windows systems
[3.636s] INFO:colcon.colcon_notification.desktop_notification:Sending desktop notification using 'notify2'
[3.648s] DEBUG:colcon.colcon_core.event_reactor:joined thread
[3.648s] INFO:colcon.colcon_core.shell:Creating prefix script '/home/yzz/ROS2_WS/install/local_setup.ps1'
[3.649s] INFO:colcon.colcon_core.shell:Creating prefix util module '/home/yzz/ROS2_WS/install/_local_setup_util_ps1.py'
[3.649s] INFO:colcon.colcon_core.shell:Creating prefix chain script '/home/yzz/ROS2_WS/install/setup.ps1'
[3.650s] INFO:colcon.colcon_core.shell:Creating prefix script '/home/yzz/ROS2_WS/install/local_setup.sh'
[3.651s] INFO:colcon.colcon_core.shell:Creating prefix util module '/home/yzz/ROS2_WS/install/_local_setup_util_sh.py'
[3.651s] INFO:colcon.colcon_core.shell:Creating prefix chain script '/home/yzz/ROS2_WS/install/setup.sh'
[3.652s] INFO:colcon.colcon_core.shell:Creating prefix script '/home/yzz/ROS2_WS/install/local_setup.bash'
[3.652s] INFO:colcon.colcon_core.shell:Creating prefix chain script '/home/yzz/ROS2_WS/install/setup.bash'
[3.653s] INFO:colcon.colcon_core.shell:Creating prefix script '/home/yzz/ROS2_WS/install/local_setup.zsh'
[3.653s] INFO:colcon.colcon_core.shell:Creating prefix chain script '/home/yzz/ROS2_WS/install/setup.zsh'
