[0.181s] DEBUG:colcon:Command line arguments: ['/usr/bin/colcon', 'build', '--packages-up-to', 'hardware_unitree_mujoco']
[0.182s] DEBUG:colcon:Parsed command line arguments: Namespace(log_base=None, log_level=None, verb_name='build', build_base='build', install_base='install', merge_install=False, symlink_install=False, test_result_base=None, continue_on_error=False, executor='parallel', parallel_workers=2, event_handlers=None, ignore_user_meta=False, metas=['./colcon.meta'], base_paths=['.'], packages_ignore=None, packages_ignore_regex=None, paths=None, packages_up_to=['hardware_unitree_mujoco'], packages_up_to_regex=None, packages_above=None, packages_above_and_dependencies=None, packages_above_depth=None, packages_select_by_dep=None, packages_skip_by_dep=None, packages_skip_up_to=None, packages_select_build_failed=False, packages_skip_build_finished=False, packages_select_test_failures=False, packages_skip_test_passed=False, packages_select=None, packages_skip=None, packages_select_regex=None, packages_skip_regex=None, packages_start=None, packages_end=None, allow_overriding=[], cmake_args=None, cmake_target=None, cmake_target_skip_unavailable=False, cmake_clean_cache=False, cmake_clean_first=False, cmake_force_configure=False, ament_cmake_args=None, catkin_cmake_args=None, catkin_skip_building_tests=False, verb_parser=<colcon_defaults.argument_parser.defaults.DefaultArgumentsDecorator object at 0x7fab9edd3e50>, verb_extension=<colcon_core.verb.build.BuildVerb object at 0x7fab9edd3790>, main=<bound method BuildVerb.main of <colcon_core.verb.build.BuildVerb object at 0x7fab9edd3790>>)
[0.404s] Level 1:colcon.colcon_core.package_discovery:discover_packages(colcon_meta) check parameters
[0.404s] Level 1:colcon.colcon_core.package_discovery:discover_packages(recursive) check parameters
[0.404s] Level 1:colcon.colcon_core.package_discovery:discover_packages(ignore) check parameters
[0.404s] Level 1:colcon.colcon_core.package_discovery:discover_packages(path) check parameters
[0.404s] Level 1:colcon.colcon_core.package_discovery:discover_packages(colcon_meta) discover
[0.404s] Level 1:colcon.colcon_core.package_discovery:discover_packages(recursive) discover
[0.404s] INFO:colcon.colcon_core.package_discovery:Crawling recursively for packages in '/home/yzz/quadruped_ws'
[0.404s] Level 1:colcon.colcon_core.package_identification:_identify(.) by extensions ['ignore', 'ignore_ament_install']
[0.404s] Level 1:colcon.colcon_core.package_identification:_identify(.) by extension 'ignore'
[0.404s] Level 1:colcon.colcon_core.package_identification:_identify(.) by extension 'ignore_ament_install'
[0.404s] Level 1:colcon.colcon_core.package_identification:_identify(.) by extensions ['colcon_pkg']
[0.404s] Level 1:colcon.colcon_core.package_identification:_identify(.) by extension 'colcon_pkg'
[0.404s] Level 1:colcon.colcon_core.package_identification:_identify(.) by extensions ['colcon_meta']
[0.404s] Level 1:colcon.colcon_core.package_identification:_identify(.) by extension 'colcon_meta'
[0.404s] Level 1:colcon.colcon_core.package_identification:_identify(.) by extensions ['ros']
[0.404s] Level 1:colcon.colcon_core.package_identification:_identify(.) by extension 'ros'
[0.417s] Level 1:colcon.colcon_core.package_identification:_identify(.) by extensions ['cmake', 'python']
[0.418s] Level 1:colcon.colcon_core.package_identification:_identify(.) by extension 'cmake'
[0.418s] Level 1:colcon.colcon_core.package_identification:_identify(.) by extension 'python'
[0.418s] Level 1:colcon.colcon_core.package_identification:_identify(.) by extensions ['python_setup_py']
[0.418s] Level 1:colcon.colcon_core.package_identification:_identify(.) by extension 'python_setup_py'
[0.418s] Level 1:colcon.colcon_core.package_identification:_identify(build) by extensions ['ignore', 'ignore_ament_install']
[0.418s] Level 1:colcon.colcon_core.package_identification:_identify(build) by extension 'ignore'
[0.418s] Level 1:colcon.colcon_core.package_identification:_identify(build) ignored
[0.418s] Level 1:colcon.colcon_core.package_identification:_identify(install) by extensions ['ignore', 'ignore_ament_install']
[0.418s] Level 1:colcon.colcon_core.package_identification:_identify(install) by extension 'ignore'
[0.418s] Level 1:colcon.colcon_core.package_identification:_identify(install) ignored
[0.418s] Level 1:colcon.colcon_core.package_identification:_identify(log) by extensions ['ignore', 'ignore_ament_install']
[0.418s] Level 1:colcon.colcon_core.package_identification:_identify(log) by extension 'ignore'
[0.419s] Level 1:colcon.colcon_core.package_identification:_identify(log) ignored
[0.419s] Level 1:colcon.colcon_core.package_identification:_identify(src) by extensions ['ignore', 'ignore_ament_install']
[0.419s] Level 1:colcon.colcon_core.package_identification:_identify(src) by extension 'ignore'
[0.419s] Level 1:colcon.colcon_core.package_identification:_identify(src) by extension 'ignore_ament_install'
[0.419s] Level 1:colcon.colcon_core.package_identification:_identify(src) by extensions ['colcon_pkg']
[0.419s] Level 1:colcon.colcon_core.package_identification:_identify(src) by extension 'colcon_pkg'
[0.419s] Level 1:colcon.colcon_core.package_identification:_identify(src) by extensions ['colcon_meta']
[0.419s] Level 1:colcon.colcon_core.package_identification:_identify(src) by extension 'colcon_meta'
[0.419s] Level 1:colcon.colcon_core.package_identification:_identify(src) by extensions ['ros']
[0.419s] Level 1:colcon.colcon_core.package_identification:_identify(src) by extension 'ros'
[0.419s] Level 1:colcon.colcon_core.package_identification:_identify(src) by extensions ['cmake', 'python']
[0.419s] Level 1:colcon.colcon_core.package_identification:_identify(src) by extension 'cmake'
[0.419s] Level 1:colcon.colcon_core.package_identification:_identify(src) by extension 'python'
[0.419s] Level 1:colcon.colcon_core.package_identification:_identify(src) by extensions ['python_setup_py']
[0.419s] Level 1:colcon.colcon_core.package_identification:_identify(src) by extension 'python_setup_py'
[0.419s] Level 1:colcon.colcon_core.package_identification:_identify(src/quadruped_ros2_control-humble) by extensions ['ignore', 'ignore_ament_install']
[0.419s] Level 1:colcon.colcon_core.package_identification:_identify(src/quadruped_ros2_control-humble) by extension 'ignore'
[0.419s] Level 1:colcon.colcon_core.package_identification:_identify(src/quadruped_ros2_control-humble) by extension 'ignore_ament_install'
[0.419s] Level 1:colcon.colcon_core.package_identification:_identify(src/quadruped_ros2_control-humble) by extensions ['colcon_pkg']
[0.419s] Level 1:colcon.colcon_core.package_identification:_identify(src/quadruped_ros2_control-humble) by extension 'colcon_pkg'
[0.420s] Level 1:colcon.colcon_core.package_identification:_identify(src/quadruped_ros2_control-humble) by extensions ['colcon_meta']
[0.420s] Level 1:colcon.colcon_core.package_identification:_identify(src/quadruped_ros2_control-humble) by extension 'colcon_meta'
[0.420s] Level 1:colcon.colcon_core.package_identification:_identify(src/quadruped_ros2_control-humble) by extensions ['ros']
[0.420s] Level 1:colcon.colcon_core.package_identification:_identify(src/quadruped_ros2_control-humble) by extension 'ros'
[0.420s] Level 1:colcon.colcon_core.package_identification:_identify(src/quadruped_ros2_control-humble) by extensions ['cmake', 'python']
[0.420s] Level 1:colcon.colcon_core.package_identification:_identify(src/quadruped_ros2_control-humble) by extension 'cmake'
[0.420s] Level 1:colcon.colcon_core.package_identification:_identify(src/quadruped_ros2_control-humble) by extension 'python'
[0.420s] Level 1:colcon.colcon_core.package_identification:_identify(src/quadruped_ros2_control-humble) by extensions ['python_setup_py']
[0.420s] Level 1:colcon.colcon_core.package_identification:_identify(src/quadruped_ros2_control-humble) by extension 'python_setup_py'
[0.420s] Level 1:colcon.colcon_core.package_identification:_identify(src/quadruped_ros2_control-humble/LICENSES) by extensions ['ignore', 'ignore_ament_install']
[0.420s] Level 1:colcon.colcon_core.package_identification:_identify(src/quadruped_ros2_control-humble/LICENSES) by extension 'ignore'
[0.420s] Level 1:colcon.colcon_core.package_identification:_identify(src/quadruped_ros2_control-humble/LICENSES) by extension 'ignore_ament_install'
[0.420s] Level 1:colcon.colcon_core.package_identification:_identify(src/quadruped_ros2_control-humble/LICENSES) by extensions ['colcon_pkg']
[0.420s] Level 1:colcon.colcon_core.package_identification:_identify(src/quadruped_ros2_control-humble/LICENSES) by extension 'colcon_pkg'
[0.420s] Level 1:colcon.colcon_core.package_identification:_identify(src/quadruped_ros2_control-humble/LICENSES) by extensions ['colcon_meta']
[0.420s] Level 1:colcon.colcon_core.package_identification:_identify(src/quadruped_ros2_control-humble/LICENSES) by extension 'colcon_meta'
[0.420s] Level 1:colcon.colcon_core.package_identification:_identify(src/quadruped_ros2_control-humble/LICENSES) by extensions ['ros']
[0.420s] Level 1:colcon.colcon_core.package_identification:_identify(src/quadruped_ros2_control-humble/LICENSES) by extension 'ros'
[0.420s] Level 1:colcon.colcon_core.package_identification:_identify(src/quadruped_ros2_control-humble/LICENSES) by extensions ['cmake', 'python']
[0.420s] Level 1:colcon.colcon_core.package_identification:_identify(src/quadruped_ros2_control-humble/LICENSES) by extension 'cmake'
[0.421s] Level 1:colcon.colcon_core.package_identification:_identify(src/quadruped_ros2_control-humble/LICENSES) by extension 'python'
[0.421s] Level 1:colcon.colcon_core.package_identification:_identify(src/quadruped_ros2_control-humble/LICENSES) by extensions ['python_setup_py']
[0.421s] Level 1:colcon.colcon_core.package_identification:_identify(src/quadruped_ros2_control-humble/LICENSES) by extension 'python_setup_py'
[0.421s] Level 1:colcon.colcon_core.package_identification:_identify(src/quadruped_ros2_control-humble/LICENSES/legged_control) by extensions ['ignore', 'ignore_ament_install']
[0.421s] Level 1:colcon.colcon_core.package_identification:_identify(src/quadruped_ros2_control-humble/LICENSES/legged_control) by extension 'ignore'
[0.421s] Level 1:colcon.colcon_core.package_identification:_identify(src/quadruped_ros2_control-humble/LICENSES/legged_control) by extension 'ignore_ament_install'
[0.421s] Level 1:colcon.colcon_core.package_identification:_identify(src/quadruped_ros2_control-humble/LICENSES/legged_control) by extensions ['colcon_pkg']
[0.421s] Level 1:colcon.colcon_core.package_identification:_identify(src/quadruped_ros2_control-humble/LICENSES/legged_control) by extension 'colcon_pkg'
[0.421s] Level 1:colcon.colcon_core.package_identification:_identify(src/quadruped_ros2_control-humble/LICENSES/legged_control) by extensions ['colcon_meta']
[0.421s] Level 1:colcon.colcon_core.package_identification:_identify(src/quadruped_ros2_control-humble/LICENSES/legged_control) by extension 'colcon_meta'
[0.421s] Level 1:colcon.colcon_core.package_identification:_identify(src/quadruped_ros2_control-humble/LICENSES/legged_control) by extensions ['ros']
[0.421s] Level 1:colcon.colcon_core.package_identification:_identify(src/quadruped_ros2_control-humble/LICENSES/legged_control) by extension 'ros'
[0.421s] Level 1:colcon.colcon_core.package_identification:_identify(src/quadruped_ros2_control-humble/LICENSES/legged_control) by extensions ['cmake', 'python']
[0.421s] Level 1:colcon.colcon_core.package_identification:_identify(src/quadruped_ros2_control-humble/LICENSES/legged_control) by extension 'cmake'
[0.421s] Level 1:colcon.colcon_core.package_identification:_identify(src/quadruped_ros2_control-humble/LICENSES/legged_control) by extension 'python'
[0.421s] Level 1:colcon.colcon_core.package_identification:_identify(src/quadruped_ros2_control-humble/LICENSES/legged_control) by extensions ['python_setup_py']
[0.421s] Level 1:colcon.colcon_core.package_identification:_identify(src/quadruped_ros2_control-humble/LICENSES/legged_control) by extension 'python_setup_py'
[0.421s] Level 1:colcon.colcon_core.package_identification:_identify(src/quadruped_ros2_control-humble/LICENSES/unitree_guide) by extensions ['ignore', 'ignore_ament_install']
[0.422s] Level 1:colcon.colcon_core.package_identification:_identify(src/quadruped_ros2_control-humble/LICENSES/unitree_guide) by extension 'ignore'
[0.422s] Level 1:colcon.colcon_core.package_identification:_identify(src/quadruped_ros2_control-humble/LICENSES/unitree_guide) by extension 'ignore_ament_install'
[0.422s] Level 1:colcon.colcon_core.package_identification:_identify(src/quadruped_ros2_control-humble/LICENSES/unitree_guide) by extensions ['colcon_pkg']
[0.422s] Level 1:colcon.colcon_core.package_identification:_identify(src/quadruped_ros2_control-humble/LICENSES/unitree_guide) by extension 'colcon_pkg'
[0.422s] Level 1:colcon.colcon_core.package_identification:_identify(src/quadruped_ros2_control-humble/LICENSES/unitree_guide) by extensions ['colcon_meta']
[0.422s] Level 1:colcon.colcon_core.package_identification:_identify(src/quadruped_ros2_control-humble/LICENSES/unitree_guide) by extension 'colcon_meta'
[0.422s] Level 1:colcon.colcon_core.package_identification:_identify(src/quadruped_ros2_control-humble/LICENSES/unitree_guide) by extensions ['ros']
[0.422s] Level 1:colcon.colcon_core.package_identification:_identify(src/quadruped_ros2_control-humble/LICENSES/unitree_guide) by extension 'ros'
[0.422s] Level 1:colcon.colcon_core.package_identification:_identify(src/quadruped_ros2_control-humble/LICENSES/unitree_guide) by extensions ['cmake', 'python']
[0.422s] Level 1:colcon.colcon_core.package_identification:_identify(src/quadruped_ros2_control-humble/LICENSES/unitree_guide) by extension 'cmake'
[0.422s] Level 1:colcon.colcon_core.package_identification:_identify(src/quadruped_ros2_control-humble/LICENSES/unitree_guide) by extension 'python'
[0.422s] Level 1:colcon.colcon_core.package_identification:_identify(src/quadruped_ros2_control-humble/LICENSES/unitree_guide) by extensions ['python_setup_py']
[0.422s] Level 1:colcon.colcon_core.package_identification:_identify(src/quadruped_ros2_control-humble/LICENSES/unitree_guide) by extension 'python_setup_py'
[0.422s] Level 1:colcon.colcon_core.package_identification:_identify(src/quadruped_ros2_control-humble/commands) by extensions ['ignore', 'ignore_ament_install']
[0.422s] Level 1:colcon.colcon_core.package_identification:_identify(src/quadruped_ros2_control-humble/commands) by extension 'ignore'
[0.422s] Level 1:colcon.colcon_core.package_identification:_identify(src/quadruped_ros2_control-humble/commands) by extension 'ignore_ament_install'
[0.422s] Level 1:colcon.colcon_core.package_identification:_identify(src/quadruped_ros2_control-humble/commands) by extensions ['colcon_pkg']
[0.422s] Level 1:colcon.colcon_core.package_identification:_identify(src/quadruped_ros2_control-humble/commands) by extension 'colcon_pkg'
[0.422s] Level 1:colcon.colcon_core.package_identification:_identify(src/quadruped_ros2_control-humble/commands) by extensions ['colcon_meta']
[0.422s] Level 1:colcon.colcon_core.package_identification:_identify(src/quadruped_ros2_control-humble/commands) by extension 'colcon_meta'
[0.422s] Level 1:colcon.colcon_core.package_identification:_identify(src/quadruped_ros2_control-humble/commands) by extensions ['ros']
[0.422s] Level 1:colcon.colcon_core.package_identification:_identify(src/quadruped_ros2_control-humble/commands) by extension 'ros'
[0.423s] Level 1:colcon.colcon_core.package_identification:_identify(src/quadruped_ros2_control-humble/commands) by extensions ['cmake', 'python']
[0.423s] Level 1:colcon.colcon_core.package_identification:_identify(src/quadruped_ros2_control-humble/commands) by extension 'cmake'
[0.423s] Level 1:colcon.colcon_core.package_identification:_identify(src/quadruped_ros2_control-humble/commands) by extension 'python'
[0.423s] Level 1:colcon.colcon_core.package_identification:_identify(src/quadruped_ros2_control-humble/commands) by extensions ['python_setup_py']
[0.423s] Level 1:colcon.colcon_core.package_identification:_identify(src/quadruped_ros2_control-humble/commands) by extension 'python_setup_py'
[0.423s] Level 1:colcon.colcon_core.package_identification:_identify(src/quadruped_ros2_control-humble/commands/control_input_msgs) by extensions ['ignore', 'ignore_ament_install']
[0.423s] Level 1:colcon.colcon_core.package_identification:_identify(src/quadruped_ros2_control-humble/commands/control_input_msgs) by extension 'ignore'
[0.423s] Level 1:colcon.colcon_core.package_identification:_identify(src/quadruped_ros2_control-humble/commands/control_input_msgs) by extension 'ignore_ament_install'
[0.423s] Level 1:colcon.colcon_core.package_identification:_identify(src/quadruped_ros2_control-humble/commands/control_input_msgs) by extensions ['colcon_pkg']
[0.423s] Level 1:colcon.colcon_core.package_identification:_identify(src/quadruped_ros2_control-humble/commands/control_input_msgs) by extension 'colcon_pkg'
[0.423s] Level 1:colcon.colcon_core.package_identification:_identify(src/quadruped_ros2_control-humble/commands/control_input_msgs) by extensions ['colcon_meta']
[0.423s] Level 1:colcon.colcon_core.package_identification:_identify(src/quadruped_ros2_control-humble/commands/control_input_msgs) by extension 'colcon_meta'
[0.423s] Level 1:colcon.colcon_core.package_identification:_identify(src/quadruped_ros2_control-humble/commands/control_input_msgs) by extensions ['ros']
[0.423s] Level 1:colcon.colcon_core.package_identification:_identify(src/quadruped_ros2_control-humble/commands/control_input_msgs) by extension 'ros'
[0.426s] DEBUG:colcon.colcon_core.package_identification:Package 'src/quadruped_ros2_control-humble/commands/control_input_msgs' with type 'ros.ament_cmake' and name 'control_input_msgs'
[0.426s] Level 1:colcon.colcon_core.package_identification:_identify(src/quadruped_ros2_control-humble/commands/joystick_input) by extensions ['ignore', 'ignore_ament_install']
[0.426s] Level 1:colcon.colcon_core.package_identification:_identify(src/quadruped_ros2_control-humble/commands/joystick_input) by extension 'ignore'
[0.426s] Level 1:colcon.colcon_core.package_identification:_identify(src/quadruped_ros2_control-humble/commands/joystick_input) by extension 'ignore_ament_install'
[0.426s] Level 1:colcon.colcon_core.package_identification:_identify(src/quadruped_ros2_control-humble/commands/joystick_input) by extensions ['colcon_pkg']
[0.426s] Level 1:colcon.colcon_core.package_identification:_identify(src/quadruped_ros2_control-humble/commands/joystick_input) by extension 'colcon_pkg'
[0.426s] Level 1:colcon.colcon_core.package_identification:_identify(src/quadruped_ros2_control-humble/commands/joystick_input) by extensions ['colcon_meta']
[0.426s] Level 1:colcon.colcon_core.package_identification:_identify(src/quadruped_ros2_control-humble/commands/joystick_input) by extension 'colcon_meta'
[0.426s] Level 1:colcon.colcon_core.package_identification:_identify(src/quadruped_ros2_control-humble/commands/joystick_input) by extensions ['ros']
[0.426s] Level 1:colcon.colcon_core.package_identification:_identify(src/quadruped_ros2_control-humble/commands/joystick_input) by extension 'ros'
[0.427s] DEBUG:colcon.colcon_core.package_identification:Package 'src/quadruped_ros2_control-humble/commands/joystick_input' with type 'ros.ament_cmake' and name 'joystick_input'
[0.427s] Level 1:colcon.colcon_core.package_identification:_identify(src/quadruped_ros2_control-humble/commands/keyboard_input) by extensions ['ignore', 'ignore_ament_install']
[0.428s] Level 1:colcon.colcon_core.package_identification:_identify(src/quadruped_ros2_control-humble/commands/keyboard_input) by extension 'ignore'
[0.428s] Level 1:colcon.colcon_core.package_identification:_identify(src/quadruped_ros2_control-humble/commands/keyboard_input) by extension 'ignore_ament_install'
[0.428s] Level 1:colcon.colcon_core.package_identification:_identify(src/quadruped_ros2_control-humble/commands/keyboard_input) by extensions ['colcon_pkg']
[0.428s] Level 1:colcon.colcon_core.package_identification:_identify(src/quadruped_ros2_control-humble/commands/keyboard_input) by extension 'colcon_pkg'
[0.428s] Level 1:colcon.colcon_core.package_identification:_identify(src/quadruped_ros2_control-humble/commands/keyboard_input) by extensions ['colcon_meta']
[0.428s] Level 1:colcon.colcon_core.package_identification:_identify(src/quadruped_ros2_control-humble/commands/keyboard_input) by extension 'colcon_meta'
[0.428s] Level 1:colcon.colcon_core.package_identification:_identify(src/quadruped_ros2_control-humble/commands/keyboard_input) by extensions ['ros']
[0.428s] Level 1:colcon.colcon_core.package_identification:_identify(src/quadruped_ros2_control-humble/commands/keyboard_input) by extension 'ros'
[0.428s] DEBUG:colcon.colcon_core.package_identification:Package 'src/quadruped_ros2_control-humble/commands/keyboard_input' with type 'ros.ament_cmake' and name 'keyboard_input'
[0.429s] Level 1:colcon.colcon_core.package_identification:_identify(src/quadruped_ros2_control-humble/commands/unitree_joystick_input) by extensions ['ignore', 'ignore_ament_install']
[0.429s] Level 1:colcon.colcon_core.package_identification:_identify(src/quadruped_ros2_control-humble/commands/unitree_joystick_input) by extension 'ignore'
[0.429s] Level 1:colcon.colcon_core.package_identification:_identify(src/quadruped_ros2_control-humble/commands/unitree_joystick_input) by extension 'ignore_ament_install'
[0.429s] Level 1:colcon.colcon_core.package_identification:_identify(src/quadruped_ros2_control-humble/commands/unitree_joystick_input) by extensions ['colcon_pkg']
[0.429s] Level 1:colcon.colcon_core.package_identification:_identify(src/quadruped_ros2_control-humble/commands/unitree_joystick_input) by extension 'colcon_pkg'
[0.429s] Level 1:colcon.colcon_core.package_identification:_identify(src/quadruped_ros2_control-humble/commands/unitree_joystick_input) by extensions ['colcon_meta']
[0.429s] Level 1:colcon.colcon_core.package_identification:_identify(src/quadruped_ros2_control-humble/commands/unitree_joystick_input) by extension 'colcon_meta'
[0.429s] Level 1:colcon.colcon_core.package_identification:_identify(src/quadruped_ros2_control-humble/commands/unitree_joystick_input) by extensions ['ros']
[0.429s] Level 1:colcon.colcon_core.package_identification:_identify(src/quadruped_ros2_control-humble/commands/unitree_joystick_input) by extension 'ros'
[0.430s] DEBUG:colcon.colcon_core.package_identification:Package 'src/quadruped_ros2_control-humble/commands/unitree_joystick_input' with type 'ros.ament_cmake' and name 'unitree_joystick_input'
[0.430s] Level 1:colcon.colcon_core.package_identification:_identify(src/quadruped_ros2_control-humble/controllers) by extensions ['ignore', 'ignore_ament_install']
[0.430s] Level 1:colcon.colcon_core.package_identification:_identify(src/quadruped_ros2_control-humble/controllers) by extension 'ignore'
[0.430s] Level 1:colcon.colcon_core.package_identification:_identify(src/quadruped_ros2_control-humble/controllers) by extension 'ignore_ament_install'
[0.430s] Level 1:colcon.colcon_core.package_identification:_identify(src/quadruped_ros2_control-humble/controllers) by extensions ['colcon_pkg']
[0.430s] Level 1:colcon.colcon_core.package_identification:_identify(src/quadruped_ros2_control-humble/controllers) by extension 'colcon_pkg'
[0.430s] Level 1:colcon.colcon_core.package_identification:_identify(src/quadruped_ros2_control-humble/controllers) by extensions ['colcon_meta']
[0.430s] Level 1:colcon.colcon_core.package_identification:_identify(src/quadruped_ros2_control-humble/controllers) by extension 'colcon_meta'
[0.430s] Level 1:colcon.colcon_core.package_identification:_identify(src/quadruped_ros2_control-humble/controllers) by extensions ['ros']
[0.430s] Level 1:colcon.colcon_core.package_identification:_identify(src/quadruped_ros2_control-humble/controllers) by extension 'ros'
[0.430s] Level 1:colcon.colcon_core.package_identification:_identify(src/quadruped_ros2_control-humble/controllers) by extensions ['cmake', 'python']
[0.430s] Level 1:colcon.colcon_core.package_identification:_identify(src/quadruped_ros2_control-humble/controllers) by extension 'cmake'
[0.430s] Level 1:colcon.colcon_core.package_identification:_identify(src/quadruped_ros2_control-humble/controllers) by extension 'python'
[0.430s] Level 1:colcon.colcon_core.package_identification:_identify(src/quadruped_ros2_control-humble/controllers) by extensions ['python_setup_py']
[0.430s] Level 1:colcon.colcon_core.package_identification:_identify(src/quadruped_ros2_control-humble/controllers) by extension 'python_setup_py'
[0.431s] Level 1:colcon.colcon_core.package_identification:_identify(src/quadruped_ros2_control-humble/controllers/leg_pd_controller) by extensions ['ignore', 'ignore_ament_install']
[0.431s] Level 1:colcon.colcon_core.package_identification:_identify(src/quadruped_ros2_control-humble/controllers/leg_pd_controller) by extension 'ignore'
[0.431s] Level 1:colcon.colcon_core.package_identification:_identify(src/quadruped_ros2_control-humble/controllers/leg_pd_controller) by extension 'ignore_ament_install'
[0.431s] Level 1:colcon.colcon_core.package_identification:_identify(src/quadruped_ros2_control-humble/controllers/leg_pd_controller) by extensions ['colcon_pkg']
[0.431s] Level 1:colcon.colcon_core.package_identification:_identify(src/quadruped_ros2_control-humble/controllers/leg_pd_controller) by extension 'colcon_pkg'
[0.431s] Level 1:colcon.colcon_core.package_identification:_identify(src/quadruped_ros2_control-humble/controllers/leg_pd_controller) by extensions ['colcon_meta']
[0.431s] Level 1:colcon.colcon_core.package_identification:_identify(src/quadruped_ros2_control-humble/controllers/leg_pd_controller) by extension 'colcon_meta'
[0.431s] Level 1:colcon.colcon_core.package_identification:_identify(src/quadruped_ros2_control-humble/controllers/leg_pd_controller) by extensions ['ros']
[0.431s] Level 1:colcon.colcon_core.package_identification:_identify(src/quadruped_ros2_control-humble/controllers/leg_pd_controller) by extension 'ros'
[0.431s] DEBUG:colcon.colcon_core.package_identification:Package 'src/quadruped_ros2_control-humble/controllers/leg_pd_controller' with type 'ros.ament_cmake' and name 'leg_pd_controller'
[0.432s] Level 1:colcon.colcon_core.package_identification:_identify(src/quadruped_ros2_control-humble/controllers/ocs2_quadruped_controller) by extensions ['ignore', 'ignore_ament_install']
[0.432s] Level 1:colcon.colcon_core.package_identification:_identify(src/quadruped_ros2_control-humble/controllers/ocs2_quadruped_controller) by extension 'ignore'
[0.432s] Level 1:colcon.colcon_core.package_identification:_identify(src/quadruped_ros2_control-humble/controllers/ocs2_quadruped_controller) by extension 'ignore_ament_install'
[0.432s] Level 1:colcon.colcon_core.package_identification:_identify(src/quadruped_ros2_control-humble/controllers/ocs2_quadruped_controller) by extensions ['colcon_pkg']
[0.432s] Level 1:colcon.colcon_core.package_identification:_identify(src/quadruped_ros2_control-humble/controllers/ocs2_quadruped_controller) by extension 'colcon_pkg'
[0.432s] Level 1:colcon.colcon_core.package_identification:_identify(src/quadruped_ros2_control-humble/controllers/ocs2_quadruped_controller) by extensions ['colcon_meta']
[0.432s] Level 1:colcon.colcon_core.package_identification:_identify(src/quadruped_ros2_control-humble/controllers/ocs2_quadruped_controller) by extension 'colcon_meta'
[0.432s] Level 1:colcon.colcon_core.package_identification:_identify(src/quadruped_ros2_control-humble/controllers/ocs2_quadruped_controller) by extensions ['ros']
[0.432s] Level 1:colcon.colcon_core.package_identification:_identify(src/quadruped_ros2_control-humble/controllers/ocs2_quadruped_controller) by extension 'ros'
[0.433s] DEBUG:colcon.colcon_core.package_identification:Package 'src/quadruped_ros2_control-humble/controllers/ocs2_quadruped_controller' with type 'ros.ament_cmake' and name 'ocs2_quadruped_controller'
[0.434s] Level 1:colcon.colcon_core.package_identification:_identify(src/quadruped_ros2_control-humble/controllers/rl_quadruped_controller) by extensions ['ignore', 'ignore_ament_install']
[0.434s] Level 1:colcon.colcon_core.package_identification:_identify(src/quadruped_ros2_control-humble/controllers/rl_quadruped_controller) by extension 'ignore'
[0.434s] Level 1:colcon.colcon_core.package_identification:_identify(src/quadruped_ros2_control-humble/controllers/rl_quadruped_controller) by extension 'ignore_ament_install'
[0.434s] Level 1:colcon.colcon_core.package_identification:_identify(src/quadruped_ros2_control-humble/controllers/rl_quadruped_controller) by extensions ['colcon_pkg']
[0.434s] Level 1:colcon.colcon_core.package_identification:_identify(src/quadruped_ros2_control-humble/controllers/rl_quadruped_controller) by extension 'colcon_pkg'
[0.434s] Level 1:colcon.colcon_core.package_identification:_identify(src/quadruped_ros2_control-humble/controllers/rl_quadruped_controller) by extensions ['colcon_meta']
[0.434s] Level 1:colcon.colcon_core.package_identification:_identify(src/quadruped_ros2_control-humble/controllers/rl_quadruped_controller) by extension 'colcon_meta'
[0.434s] Level 1:colcon.colcon_core.package_identification:_identify(src/quadruped_ros2_control-humble/controllers/rl_quadruped_controller) by extensions ['ros']
[0.434s] Level 1:colcon.colcon_core.package_identification:_identify(src/quadruped_ros2_control-humble/controllers/rl_quadruped_controller) by extension 'ros'
[0.435s] DEBUG:colcon.colcon_core.package_identification:Package 'src/quadruped_ros2_control-humble/controllers/rl_quadruped_controller' with type 'ros.ament_cmake' and name 'rl_quadruped_controller'
[0.435s] Level 1:colcon.colcon_core.package_identification:_identify(src/quadruped_ros2_control-humble/controllers/unitree_guide_controller) by extensions ['ignore', 'ignore_ament_install']
[0.435s] Level 1:colcon.colcon_core.package_identification:_identify(src/quadruped_ros2_control-humble/controllers/unitree_guide_controller) by extension 'ignore'
[0.435s] Level 1:colcon.colcon_core.package_identification:_identify(src/quadruped_ros2_control-humble/controllers/unitree_guide_controller) by extension 'ignore_ament_install'
[0.435s] Level 1:colcon.colcon_core.package_identification:_identify(src/quadruped_ros2_control-humble/controllers/unitree_guide_controller) by extensions ['colcon_pkg']
[0.435s] Level 1:colcon.colcon_core.package_identification:_identify(src/quadruped_ros2_control-humble/controllers/unitree_guide_controller) by extension 'colcon_pkg'
[0.435s] Level 1:colcon.colcon_core.package_identification:_identify(src/quadruped_ros2_control-humble/controllers/unitree_guide_controller) by extensions ['colcon_meta']
[0.435s] Level 1:colcon.colcon_core.package_identification:_identify(src/quadruped_ros2_control-humble/controllers/unitree_guide_controller) by extension 'colcon_meta'
[0.435s] Level 1:colcon.colcon_core.package_identification:_identify(src/quadruped_ros2_control-humble/controllers/unitree_guide_controller) by extensions ['ros']
[0.435s] Level 1:colcon.colcon_core.package_identification:_identify(src/quadruped_ros2_control-humble/controllers/unitree_guide_controller) by extension 'ros'
[0.436s] DEBUG:colcon.colcon_core.package_identification:Package 'src/quadruped_ros2_control-humble/controllers/unitree_guide_controller' with type 'ros.ament_cmake' and name 'unitree_guide_controller'
[0.436s] Level 1:colcon.colcon_core.package_identification:_identify(src/quadruped_ros2_control-humble/descriptions) by extensions ['ignore', 'ignore_ament_install']
[0.437s] Level 1:colcon.colcon_core.package_identification:_identify(src/quadruped_ros2_control-humble/descriptions) by extension 'ignore'
[0.437s] Level 1:colcon.colcon_core.package_identification:_identify(src/quadruped_ros2_control-humble/descriptions) by extension 'ignore_ament_install'
[0.437s] Level 1:colcon.colcon_core.package_identification:_identify(src/quadruped_ros2_control-humble/descriptions) by extensions ['colcon_pkg']
[0.437s] Level 1:colcon.colcon_core.package_identification:_identify(src/quadruped_ros2_control-humble/descriptions) by extension 'colcon_pkg'
[0.437s] Level 1:colcon.colcon_core.package_identification:_identify(src/quadruped_ros2_control-humble/descriptions) by extensions ['colcon_meta']
[0.437s] Level 1:colcon.colcon_core.package_identification:_identify(src/quadruped_ros2_control-humble/descriptions) by extension 'colcon_meta'
[0.437s] Level 1:colcon.colcon_core.package_identification:_identify(src/quadruped_ros2_control-humble/descriptions) by extensions ['ros']
[0.437s] Level 1:colcon.colcon_core.package_identification:_identify(src/quadruped_ros2_control-humble/descriptions) by extension 'ros'
[0.437s] Level 1:colcon.colcon_core.package_identification:_identify(src/quadruped_ros2_control-humble/descriptions) by extensions ['cmake', 'python']
[0.437s] Level 1:colcon.colcon_core.package_identification:_identify(src/quadruped_ros2_control-humble/descriptions) by extension 'cmake'
[0.437s] Level 1:colcon.colcon_core.package_identification:_identify(src/quadruped_ros2_control-humble/descriptions) by extension 'python'
[0.437s] Level 1:colcon.colcon_core.package_identification:_identify(src/quadruped_ros2_control-humble/descriptions) by extensions ['python_setup_py']
[0.437s] Level 1:colcon.colcon_core.package_identification:_identify(src/quadruped_ros2_control-humble/descriptions) by extension 'python_setup_py'
[0.437s] Level 1:colcon.colcon_core.package_identification:_identify(src/quadruped_ros2_control-humble/descriptions/anybotics) by extensions ['ignore', 'ignore_ament_install']
[0.437s] Level 1:colcon.colcon_core.package_identification:_identify(src/quadruped_ros2_control-humble/descriptions/anybotics) by extension 'ignore'
[0.437s] Level 1:colcon.colcon_core.package_identification:_identify(src/quadruped_ros2_control-humble/descriptions/anybotics) by extension 'ignore_ament_install'
[0.437s] Level 1:colcon.colcon_core.package_identification:_identify(src/quadruped_ros2_control-humble/descriptions/anybotics) by extensions ['colcon_pkg']
[0.437s] Level 1:colcon.colcon_core.package_identification:_identify(src/quadruped_ros2_control-humble/descriptions/anybotics) by extension 'colcon_pkg'
[0.437s] Level 1:colcon.colcon_core.package_identification:_identify(src/quadruped_ros2_control-humble/descriptions/anybotics) by extensions ['colcon_meta']
[0.437s] Level 1:colcon.colcon_core.package_identification:_identify(src/quadruped_ros2_control-humble/descriptions/anybotics) by extension 'colcon_meta'
[0.437s] Level 1:colcon.colcon_core.package_identification:_identify(src/quadruped_ros2_control-humble/descriptions/anybotics) by extensions ['ros']
[0.438s] Level 1:colcon.colcon_core.package_identification:_identify(src/quadruped_ros2_control-humble/descriptions/anybotics) by extension 'ros'
[0.438s] Level 1:colcon.colcon_core.package_identification:_identify(src/quadruped_ros2_control-humble/descriptions/anybotics) by extensions ['cmake', 'python']
[0.438s] Level 1:colcon.colcon_core.package_identification:_identify(src/quadruped_ros2_control-humble/descriptions/anybotics) by extension 'cmake'
[0.438s] Level 1:colcon.colcon_core.package_identification:_identify(src/quadruped_ros2_control-humble/descriptions/anybotics) by extension 'python'
[0.438s] Level 1:colcon.colcon_core.package_identification:_identify(src/quadruped_ros2_control-humble/descriptions/anybotics) by extensions ['python_setup_py']
[0.438s] Level 1:colcon.colcon_core.package_identification:_identify(src/quadruped_ros2_control-humble/descriptions/anybotics) by extension 'python_setup_py'
[0.438s] Level 1:colcon.colcon_core.package_identification:_identify(src/quadruped_ros2_control-humble/descriptions/anybotics/anymal_c_description) by extensions ['ignore', 'ignore_ament_install']
[0.438s] Level 1:colcon.colcon_core.package_identification:_identify(src/quadruped_ros2_control-humble/descriptions/anybotics/anymal_c_description) by extension 'ignore'
[0.438s] Level 1:colcon.colcon_core.package_identification:_identify(src/quadruped_ros2_control-humble/descriptions/anybotics/anymal_c_description) by extension 'ignore_ament_install'
[0.438s] Level 1:colcon.colcon_core.package_identification:_identify(src/quadruped_ros2_control-humble/descriptions/anybotics/anymal_c_description) by extensions ['colcon_pkg']
[0.438s] Level 1:colcon.colcon_core.package_identification:_identify(src/quadruped_ros2_control-humble/descriptions/anybotics/anymal_c_description) by extension 'colcon_pkg'
[0.438s] Level 1:colcon.colcon_core.package_identification:_identify(src/quadruped_ros2_control-humble/descriptions/anybotics/anymal_c_description) by extensions ['colcon_meta']
[0.438s] Level 1:colcon.colcon_core.package_identification:_identify(src/quadruped_ros2_control-humble/descriptions/anybotics/anymal_c_description) by extension 'colcon_meta'
[0.438s] Level 1:colcon.colcon_core.package_identification:_identify(src/quadruped_ros2_control-humble/descriptions/anybotics/anymal_c_description) by extensions ['ros']
[0.438s] Level 1:colcon.colcon_core.package_identification:_identify(src/quadruped_ros2_control-humble/descriptions/anybotics/anymal_c_description) by extension 'ros'
[0.439s] DEBUG:colcon.colcon_core.package_identification:Package 'src/quadruped_ros2_control-humble/descriptions/anybotics/anymal_c_description' with type 'ros.ament_cmake' and name 'anymal_c_description'
[0.439s] Level 1:colcon.colcon_core.package_identification:_identify(src/quadruped_ros2_control-humble/descriptions/deep_robotics) by extensions ['ignore', 'ignore_ament_install']
[0.439s] Level 1:colcon.colcon_core.package_identification:_identify(src/quadruped_ros2_control-humble/descriptions/deep_robotics) by extension 'ignore'
[0.439s] Level 1:colcon.colcon_core.package_identification:_identify(src/quadruped_ros2_control-humble/descriptions/deep_robotics) by extension 'ignore_ament_install'
[0.439s] Level 1:colcon.colcon_core.package_identification:_identify(src/quadruped_ros2_control-humble/descriptions/deep_robotics) by extensions ['colcon_pkg']
[0.439s] Level 1:colcon.colcon_core.package_identification:_identify(src/quadruped_ros2_control-humble/descriptions/deep_robotics) by extension 'colcon_pkg'
[0.439s] Level 1:colcon.colcon_core.package_identification:_identify(src/quadruped_ros2_control-humble/descriptions/deep_robotics) by extensions ['colcon_meta']
[0.439s] Level 1:colcon.colcon_core.package_identification:_identify(src/quadruped_ros2_control-humble/descriptions/deep_robotics) by extension 'colcon_meta'
[0.439s] Level 1:colcon.colcon_core.package_identification:_identify(src/quadruped_ros2_control-humble/descriptions/deep_robotics) by extensions ['ros']
[0.439s] Level 1:colcon.colcon_core.package_identification:_identify(src/quadruped_ros2_control-humble/descriptions/deep_robotics) by extension 'ros'
[0.439s] Level 1:colcon.colcon_core.package_identification:_identify(src/quadruped_ros2_control-humble/descriptions/deep_robotics) by extensions ['cmake', 'python']
[0.439s] Level 1:colcon.colcon_core.package_identification:_identify(src/quadruped_ros2_control-humble/descriptions/deep_robotics) by extension 'cmake'
[0.440s] Level 1:colcon.colcon_core.package_identification:_identify(src/quadruped_ros2_control-humble/descriptions/deep_robotics) by extension 'python'
[0.440s] Level 1:colcon.colcon_core.package_identification:_identify(src/quadruped_ros2_control-humble/descriptions/deep_robotics) by extensions ['python_setup_py']
[0.440s] Level 1:colcon.colcon_core.package_identification:_identify(src/quadruped_ros2_control-humble/descriptions/deep_robotics) by extension 'python_setup_py'
[0.440s] Level 1:colcon.colcon_core.package_identification:_identify(src/quadruped_ros2_control-humble/descriptions/deep_robotics/lite3_description) by extensions ['ignore', 'ignore_ament_install']
[0.440s] Level 1:colcon.colcon_core.package_identification:_identify(src/quadruped_ros2_control-humble/descriptions/deep_robotics/lite3_description) by extension 'ignore'
[0.440s] Level 1:colcon.colcon_core.package_identification:_identify(src/quadruped_ros2_control-humble/descriptions/deep_robotics/lite3_description) by extension 'ignore_ament_install'
[0.440s] Level 1:colcon.colcon_core.package_identification:_identify(src/quadruped_ros2_control-humble/descriptions/deep_robotics/lite3_description) by extensions ['colcon_pkg']
[0.440s] Level 1:colcon.colcon_core.package_identification:_identify(src/quadruped_ros2_control-humble/descriptions/deep_robotics/lite3_description) by extension 'colcon_pkg'
[0.440s] Level 1:colcon.colcon_core.package_identification:_identify(src/quadruped_ros2_control-humble/descriptions/deep_robotics/lite3_description) by extensions ['colcon_meta']
[0.440s] Level 1:colcon.colcon_core.package_identification:_identify(src/quadruped_ros2_control-humble/descriptions/deep_robotics/lite3_description) by extension 'colcon_meta'
[0.440s] Level 1:colcon.colcon_core.package_identification:_identify(src/quadruped_ros2_control-humble/descriptions/deep_robotics/lite3_description) by extensions ['ros']
[0.440s] Level 1:colcon.colcon_core.package_identification:_identify(src/quadruped_ros2_control-humble/descriptions/deep_robotics/lite3_description) by extension 'ros'
[0.441s] DEBUG:colcon.colcon_core.package_identification:Package 'src/quadruped_ros2_control-humble/descriptions/deep_robotics/lite3_description' with type 'ros.ament_cmake' and name 'lite3_description'
[0.441s] Level 1:colcon.colcon_core.package_identification:_identify(src/quadruped_ros2_control-humble/descriptions/deep_robotics/x30_description) by extensions ['ignore', 'ignore_ament_install']
[0.441s] Level 1:colcon.colcon_core.package_identification:_identify(src/quadruped_ros2_control-humble/descriptions/deep_robotics/x30_description) by extension 'ignore'
[0.441s] Level 1:colcon.colcon_core.package_identification:_identify(src/quadruped_ros2_control-humble/descriptions/deep_robotics/x30_description) by extension 'ignore_ament_install'
[0.441s] Level 1:colcon.colcon_core.package_identification:_identify(src/quadruped_ros2_control-humble/descriptions/deep_robotics/x30_description) by extensions ['colcon_pkg']
[0.441s] Level 1:colcon.colcon_core.package_identification:_identify(src/quadruped_ros2_control-humble/descriptions/deep_robotics/x30_description) by extension 'colcon_pkg'
[0.441s] Level 1:colcon.colcon_core.package_identification:_identify(src/quadruped_ros2_control-humble/descriptions/deep_robotics/x30_description) by extensions ['colcon_meta']
[0.441s] Level 1:colcon.colcon_core.package_identification:_identify(src/quadruped_ros2_control-humble/descriptions/deep_robotics/x30_description) by extension 'colcon_meta'
[0.441s] Level 1:colcon.colcon_core.package_identification:_identify(src/quadruped_ros2_control-humble/descriptions/deep_robotics/x30_description) by extensions ['ros']
[0.441s] Level 1:colcon.colcon_core.package_identification:_identify(src/quadruped_ros2_control-humble/descriptions/deep_robotics/x30_description) by extension 'ros'
[0.442s] DEBUG:colcon.colcon_core.package_identification:Package 'src/quadruped_ros2_control-humble/descriptions/deep_robotics/x30_description' with type 'ros.ament_cmake' and name 'x30_description'
[0.442s] Level 1:colcon.colcon_core.package_identification:_identify(src/quadruped_ros2_control-humble/descriptions/unitree) by extensions ['ignore', 'ignore_ament_install']
[0.442s] Level 1:colcon.colcon_core.package_identification:_identify(src/quadruped_ros2_control-humble/descriptions/unitree) by extension 'ignore'
[0.442s] Level 1:colcon.colcon_core.package_identification:_identify(src/quadruped_ros2_control-humble/descriptions/unitree) by extension 'ignore_ament_install'
[0.442s] Level 1:colcon.colcon_core.package_identification:_identify(src/quadruped_ros2_control-humble/descriptions/unitree) by extensions ['colcon_pkg']
[0.442s] Level 1:colcon.colcon_core.package_identification:_identify(src/quadruped_ros2_control-humble/descriptions/unitree) by extension 'colcon_pkg'
[0.442s] Level 1:colcon.colcon_core.package_identification:_identify(src/quadruped_ros2_control-humble/descriptions/unitree) by extensions ['colcon_meta']
[0.442s] Level 1:colcon.colcon_core.package_identification:_identify(src/quadruped_ros2_control-humble/descriptions/unitree) by extension 'colcon_meta'
[0.442s] Level 1:colcon.colcon_core.package_identification:_identify(src/quadruped_ros2_control-humble/descriptions/unitree) by extensions ['ros']
[0.442s] Level 1:colcon.colcon_core.package_identification:_identify(src/quadruped_ros2_control-humble/descriptions/unitree) by extension 'ros'
[0.442s] Level 1:colcon.colcon_core.package_identification:_identify(src/quadruped_ros2_control-humble/descriptions/unitree) by extensions ['cmake', 'python']
[0.442s] Level 1:colcon.colcon_core.package_identification:_identify(src/quadruped_ros2_control-humble/descriptions/unitree) by extension 'cmake'
[0.442s] Level 1:colcon.colcon_core.package_identification:_identify(src/quadruped_ros2_control-humble/descriptions/unitree) by extension 'python'
[0.442s] Level 1:colcon.colcon_core.package_identification:_identify(src/quadruped_ros2_control-humble/descriptions/unitree) by extensions ['python_setup_py']
[0.442s] Level 1:colcon.colcon_core.package_identification:_identify(src/quadruped_ros2_control-humble/descriptions/unitree) by extension 'python_setup_py'
[0.442s] Level 1:colcon.colcon_core.package_identification:_identify(src/quadruped_ros2_control-humble/descriptions/unitree/a1_description) by extensions ['ignore', 'ignore_ament_install']
[0.443s] Level 1:colcon.colcon_core.package_identification:_identify(src/quadruped_ros2_control-humble/descriptions/unitree/a1_description) by extension 'ignore'
[0.443s] Level 1:colcon.colcon_core.package_identification:_identify(src/quadruped_ros2_control-humble/descriptions/unitree/a1_description) by extension 'ignore_ament_install'
[0.443s] Level 1:colcon.colcon_core.package_identification:_identify(src/quadruped_ros2_control-humble/descriptions/unitree/a1_description) by extensions ['colcon_pkg']
[0.443s] Level 1:colcon.colcon_core.package_identification:_identify(src/quadruped_ros2_control-humble/descriptions/unitree/a1_description) by extension 'colcon_pkg'
[0.443s] Level 1:colcon.colcon_core.package_identification:_identify(src/quadruped_ros2_control-humble/descriptions/unitree/a1_description) by extensions ['colcon_meta']
[0.443s] Level 1:colcon.colcon_core.package_identification:_identify(src/quadruped_ros2_control-humble/descriptions/unitree/a1_description) by extension 'colcon_meta'
[0.443s] Level 1:colcon.colcon_core.package_identification:_identify(src/quadruped_ros2_control-humble/descriptions/unitree/a1_description) by extensions ['ros']
[0.443s] Level 1:colcon.colcon_core.package_identification:_identify(src/quadruped_ros2_control-humble/descriptions/unitree/a1_description) by extension 'ros'
[0.443s] DEBUG:colcon.colcon_core.package_identification:Package 'src/quadruped_ros2_control-humble/descriptions/unitree/a1_description' with type 'ros.ament_cmake' and name 'a1_description'
[0.443s] Level 1:colcon.colcon_core.package_identification:_identify(src/quadruped_ros2_control-humble/descriptions/unitree/aliengo_description) by extensions ['ignore', 'ignore_ament_install']
[0.444s] Level 1:colcon.colcon_core.package_identification:_identify(src/quadruped_ros2_control-humble/descriptions/unitree/aliengo_description) by extension 'ignore'
[0.444s] Level 1:colcon.colcon_core.package_identification:_identify(src/quadruped_ros2_control-humble/descriptions/unitree/aliengo_description) by extension 'ignore_ament_install'
[0.444s] Level 1:colcon.colcon_core.package_identification:_identify(src/quadruped_ros2_control-humble/descriptions/unitree/aliengo_description) by extensions ['colcon_pkg']
[0.444s] Level 1:colcon.colcon_core.package_identification:_identify(src/quadruped_ros2_control-humble/descriptions/unitree/aliengo_description) by extension 'colcon_pkg'
[0.444s] Level 1:colcon.colcon_core.package_identification:_identify(src/quadruped_ros2_control-humble/descriptions/unitree/aliengo_description) by extensions ['colcon_meta']
[0.444s] Level 1:colcon.colcon_core.package_identification:_identify(src/quadruped_ros2_control-humble/descriptions/unitree/aliengo_description) by extension 'colcon_meta'
[0.444s] Level 1:colcon.colcon_core.package_identification:_identify(src/quadruped_ros2_control-humble/descriptions/unitree/aliengo_description) by extensions ['ros']
[0.444s] Level 1:colcon.colcon_core.package_identification:_identify(src/quadruped_ros2_control-humble/descriptions/unitree/aliengo_description) by extension 'ros'
[0.444s] DEBUG:colcon.colcon_core.package_identification:Package 'src/quadruped_ros2_control-humble/descriptions/unitree/aliengo_description' with type 'ros.ament_cmake' and name 'aliengo_description'
[0.444s] Level 1:colcon.colcon_core.package_identification:_identify(src/quadruped_ros2_control-humble/descriptions/unitree/b2_description) by extensions ['ignore', 'ignore_ament_install']
[0.444s] Level 1:colcon.colcon_core.package_identification:_identify(src/quadruped_ros2_control-humble/descriptions/unitree/b2_description) by extension 'ignore'
[0.445s] Level 1:colcon.colcon_core.package_identification:_identify(src/quadruped_ros2_control-humble/descriptions/unitree/b2_description) by extension 'ignore_ament_install'
[0.445s] Level 1:colcon.colcon_core.package_identification:_identify(src/quadruped_ros2_control-humble/descriptions/unitree/b2_description) by extensions ['colcon_pkg']
[0.445s] Level 1:colcon.colcon_core.package_identification:_identify(src/quadruped_ros2_control-humble/descriptions/unitree/b2_description) by extension 'colcon_pkg'
[0.445s] Level 1:colcon.colcon_core.package_identification:_identify(src/quadruped_ros2_control-humble/descriptions/unitree/b2_description) by extensions ['colcon_meta']
[0.445s] Level 1:colcon.colcon_core.package_identification:_identify(src/quadruped_ros2_control-humble/descriptions/unitree/b2_description) by extension 'colcon_meta'
[0.445s] Level 1:colcon.colcon_core.package_identification:_identify(src/quadruped_ros2_control-humble/descriptions/unitree/b2_description) by extensions ['ros']
[0.445s] Level 1:colcon.colcon_core.package_identification:_identify(src/quadruped_ros2_control-humble/descriptions/unitree/b2_description) by extension 'ros'
[0.445s] DEBUG:colcon.colcon_core.package_identification:Package 'src/quadruped_ros2_control-humble/descriptions/unitree/b2_description' with type 'ros.ament_cmake' and name 'b2_description'
[0.446s] Level 1:colcon.colcon_core.package_identification:_identify(src/quadruped_ros2_control-humble/descriptions/unitree/go1_description) by extensions ['ignore', 'ignore_ament_install']
[0.446s] Level 1:colcon.colcon_core.package_identification:_identify(src/quadruped_ros2_control-humble/descriptions/unitree/go1_description) by extension 'ignore'
[0.446s] Level 1:colcon.colcon_core.package_identification:_identify(src/quadruped_ros2_control-humble/descriptions/unitree/go1_description) by extension 'ignore_ament_install'
[0.446s] Level 1:colcon.colcon_core.package_identification:_identify(src/quadruped_ros2_control-humble/descriptions/unitree/go1_description) by extensions ['colcon_pkg']
[0.446s] Level 1:colcon.colcon_core.package_identification:_identify(src/quadruped_ros2_control-humble/descriptions/unitree/go1_description) by extension 'colcon_pkg'
[0.446s] Level 1:colcon.colcon_core.package_identification:_identify(src/quadruped_ros2_control-humble/descriptions/unitree/go1_description) by extensions ['colcon_meta']
[0.446s] Level 1:colcon.colcon_core.package_identification:_identify(src/quadruped_ros2_control-humble/descriptions/unitree/go1_description) by extension 'colcon_meta'
[0.446s] Level 1:colcon.colcon_core.package_identification:_identify(src/quadruped_ros2_control-humble/descriptions/unitree/go1_description) by extensions ['ros']
[0.446s] Level 1:colcon.colcon_core.package_identification:_identify(src/quadruped_ros2_control-humble/descriptions/unitree/go1_description) by extension 'ros'
[0.446s] DEBUG:colcon.colcon_core.package_identification:Package 'src/quadruped_ros2_control-humble/descriptions/unitree/go1_description' with type 'ros.ament_cmake' and name 'go1_description'
[0.447s] Level 1:colcon.colcon_core.package_identification:_identify(src/quadruped_ros2_control-humble/descriptions/unitree/go2_description) by extensions ['ignore', 'ignore_ament_install']
[0.447s] Level 1:colcon.colcon_core.package_identification:_identify(src/quadruped_ros2_control-humble/descriptions/unitree/go2_description) by extension 'ignore'
[0.447s] Level 1:colcon.colcon_core.package_identification:_identify(src/quadruped_ros2_control-humble/descriptions/unitree/go2_description) by extension 'ignore_ament_install'
[0.447s] Level 1:colcon.colcon_core.package_identification:_identify(src/quadruped_ros2_control-humble/descriptions/unitree/go2_description) by extensions ['colcon_pkg']
[0.447s] Level 1:colcon.colcon_core.package_identification:_identify(src/quadruped_ros2_control-humble/descriptions/unitree/go2_description) by extension 'colcon_pkg'
[0.447s] Level 1:colcon.colcon_core.package_identification:_identify(src/quadruped_ros2_control-humble/descriptions/unitree/go2_description) by extensions ['colcon_meta']
[0.447s] Level 1:colcon.colcon_core.package_identification:_identify(src/quadruped_ros2_control-humble/descriptions/unitree/go2_description) by extension 'colcon_meta'
[0.447s] Level 1:colcon.colcon_core.package_identification:_identify(src/quadruped_ros2_control-humble/descriptions/unitree/go2_description) by extensions ['ros']
[0.447s] Level 1:colcon.colcon_core.package_identification:_identify(src/quadruped_ros2_control-humble/descriptions/unitree/go2_description) by extension 'ros'
[0.447s] DEBUG:colcon.colcon_core.package_identification:Package 'src/quadruped_ros2_control-humble/descriptions/unitree/go2_description' with type 'ros.ament_cmake' and name 'go2_description'
[0.448s] Level 1:colcon.colcon_core.package_identification:_identify(src/quadruped_ros2_control-humble/descriptions/xiaomi) by extensions ['ignore', 'ignore_ament_install']
[0.448s] Level 1:colcon.colcon_core.package_identification:_identify(src/quadruped_ros2_control-humble/descriptions/xiaomi) by extension 'ignore'
[0.448s] Level 1:colcon.colcon_core.package_identification:_identify(src/quadruped_ros2_control-humble/descriptions/xiaomi) by extension 'ignore_ament_install'
[0.448s] Level 1:colcon.colcon_core.package_identification:_identify(src/quadruped_ros2_control-humble/descriptions/xiaomi) by extensions ['colcon_pkg']
[0.448s] Level 1:colcon.colcon_core.package_identification:_identify(src/quadruped_ros2_control-humble/descriptions/xiaomi) by extension 'colcon_pkg'
[0.448s] Level 1:colcon.colcon_core.package_identification:_identify(src/quadruped_ros2_control-humble/descriptions/xiaomi) by extensions ['colcon_meta']
[0.448s] Level 1:colcon.colcon_core.package_identification:_identify(src/quadruped_ros2_control-humble/descriptions/xiaomi) by extension 'colcon_meta'
[0.448s] Level 1:colcon.colcon_core.package_identification:_identify(src/quadruped_ros2_control-humble/descriptions/xiaomi) by extensions ['ros']
[0.448s] Level 1:colcon.colcon_core.package_identification:_identify(src/quadruped_ros2_control-humble/descriptions/xiaomi) by extension 'ros'
[0.448s] Level 1:colcon.colcon_core.package_identification:_identify(src/quadruped_ros2_control-humble/descriptions/xiaomi) by extensions ['cmake', 'python']
[0.448s] Level 1:colcon.colcon_core.package_identification:_identify(src/quadruped_ros2_control-humble/descriptions/xiaomi) by extension 'cmake'
[0.448s] Level 1:colcon.colcon_core.package_identification:_identify(src/quadruped_ros2_control-humble/descriptions/xiaomi) by extension 'python'
[0.448s] Level 1:colcon.colcon_core.package_identification:_identify(src/quadruped_ros2_control-humble/descriptions/xiaomi) by extensions ['python_setup_py']
[0.448s] Level 1:colcon.colcon_core.package_identification:_identify(src/quadruped_ros2_control-humble/descriptions/xiaomi) by extension 'python_setup_py'
[0.448s] Level 1:colcon.colcon_core.package_identification:_identify(src/quadruped_ros2_control-humble/descriptions/xiaomi/cyberdog_description) by extensions ['ignore', 'ignore_ament_install']
[0.448s] Level 1:colcon.colcon_core.package_identification:_identify(src/quadruped_ros2_control-humble/descriptions/xiaomi/cyberdog_description) by extension 'ignore'
[0.448s] Level 1:colcon.colcon_core.package_identification:_identify(src/quadruped_ros2_control-humble/descriptions/xiaomi/cyberdog_description) by extension 'ignore_ament_install'
[0.448s] Level 1:colcon.colcon_core.package_identification:_identify(src/quadruped_ros2_control-humble/descriptions/xiaomi/cyberdog_description) by extensions ['colcon_pkg']
[0.448s] Level 1:colcon.colcon_core.package_identification:_identify(src/quadruped_ros2_control-humble/descriptions/xiaomi/cyberdog_description) by extension 'colcon_pkg'
[0.448s] Level 1:colcon.colcon_core.package_identification:_identify(src/quadruped_ros2_control-humble/descriptions/xiaomi/cyberdog_description) by extensions ['colcon_meta']
[0.449s] Level 1:colcon.colcon_core.package_identification:_identify(src/quadruped_ros2_control-humble/descriptions/xiaomi/cyberdog_description) by extension 'colcon_meta'
[0.449s] Level 1:colcon.colcon_core.package_identification:_identify(src/quadruped_ros2_control-humble/descriptions/xiaomi/cyberdog_description) by extensions ['ros']
[0.449s] Level 1:colcon.colcon_core.package_identification:_identify(src/quadruped_ros2_control-humble/descriptions/xiaomi/cyberdog_description) by extension 'ros'
[0.449s] DEBUG:colcon.colcon_core.package_identification:Package 'src/quadruped_ros2_control-humble/descriptions/xiaomi/cyberdog_description' with type 'ros.ament_cmake' and name 'cyberdog_description'
[0.449s] Level 1:colcon.colcon_core.package_identification:_identify(src/quadruped_ros2_control-humble/hardwares) by extensions ['ignore', 'ignore_ament_install']
[0.449s] Level 1:colcon.colcon_core.package_identification:_identify(src/quadruped_ros2_control-humble/hardwares) by extension 'ignore'
[0.449s] Level 1:colcon.colcon_core.package_identification:_identify(src/quadruped_ros2_control-humble/hardwares) by extension 'ignore_ament_install'
[0.450s] Level 1:colcon.colcon_core.package_identification:_identify(src/quadruped_ros2_control-humble/hardwares) by extensions ['colcon_pkg']
[0.450s] Level 1:colcon.colcon_core.package_identification:_identify(src/quadruped_ros2_control-humble/hardwares) by extension 'colcon_pkg'
[0.450s] Level 1:colcon.colcon_core.package_identification:_identify(src/quadruped_ros2_control-humble/hardwares) by extensions ['colcon_meta']
[0.450s] Level 1:colcon.colcon_core.package_identification:_identify(src/quadruped_ros2_control-humble/hardwares) by extension 'colcon_meta'
[0.450s] Level 1:colcon.colcon_core.package_identification:_identify(src/quadruped_ros2_control-humble/hardwares) by extensions ['ros']
[0.450s] Level 1:colcon.colcon_core.package_identification:_identify(src/quadruped_ros2_control-humble/hardwares) by extension 'ros'
[0.450s] Level 1:colcon.colcon_core.package_identification:_identify(src/quadruped_ros2_control-humble/hardwares) by extensions ['cmake', 'python']
[0.450s] Level 1:colcon.colcon_core.package_identification:_identify(src/quadruped_ros2_control-humble/hardwares) by extension 'cmake'
[0.450s] Level 1:colcon.colcon_core.package_identification:_identify(src/quadruped_ros2_control-humble/hardwares) by extension 'python'
[0.450s] Level 1:colcon.colcon_core.package_identification:_identify(src/quadruped_ros2_control-humble/hardwares) by extensions ['python_setup_py']
[0.450s] Level 1:colcon.colcon_core.package_identification:_identify(src/quadruped_ros2_control-humble/hardwares) by extension 'python_setup_py'
[0.450s] Level 1:colcon.colcon_core.package_identification:_identify(src/quadruped_ros2_control-humble/hardwares/gz_quadruped_hardware) by extensions ['ignore', 'ignore_ament_install']
[0.450s] Level 1:colcon.colcon_core.package_identification:_identify(src/quadruped_ros2_control-humble/hardwares/gz_quadruped_hardware) by extension 'ignore'
[0.450s] Level 1:colcon.colcon_core.package_identification:_identify(src/quadruped_ros2_control-humble/hardwares/gz_quadruped_hardware) by extension 'ignore_ament_install'
[0.450s] Level 1:colcon.colcon_core.package_identification:_identify(src/quadruped_ros2_control-humble/hardwares/gz_quadruped_hardware) by extensions ['colcon_pkg']
[0.450s] Level 1:colcon.colcon_core.package_identification:_identify(src/quadruped_ros2_control-humble/hardwares/gz_quadruped_hardware) by extension 'colcon_pkg'
[0.450s] Level 1:colcon.colcon_core.package_identification:_identify(src/quadruped_ros2_control-humble/hardwares/gz_quadruped_hardware) by extensions ['colcon_meta']
[0.450s] Level 1:colcon.colcon_core.package_identification:_identify(src/quadruped_ros2_control-humble/hardwares/gz_quadruped_hardware) by extension 'colcon_meta'
[0.450s] Level 1:colcon.colcon_core.package_identification:_identify(src/quadruped_ros2_control-humble/hardwares/gz_quadruped_hardware) by extensions ['ros']
[0.450s] Level 1:colcon.colcon_core.package_identification:_identify(src/quadruped_ros2_control-humble/hardwares/gz_quadruped_hardware) by extension 'ros'
[0.452s] DEBUG:colcon.colcon_core.package_identification:Package 'src/quadruped_ros2_control-humble/hardwares/gz_quadruped_hardware' with type 'ros.ament_cmake' and name 'gz_quadruped_hardware'
[0.452s] Level 1:colcon.colcon_core.package_identification:_identify(src/quadruped_ros2_control-humble/hardwares/hardware_unitree_mujoco) by extensions ['ignore', 'ignore_ament_install']
[0.452s] Level 1:colcon.colcon_core.package_identification:_identify(src/quadruped_ros2_control-humble/hardwares/hardware_unitree_mujoco) by extension 'ignore'
[0.452s] Level 1:colcon.colcon_core.package_identification:_identify(src/quadruped_ros2_control-humble/hardwares/hardware_unitree_mujoco) by extension 'ignore_ament_install'
[0.452s] Level 1:colcon.colcon_core.package_identification:_identify(src/quadruped_ros2_control-humble/hardwares/hardware_unitree_mujoco) by extensions ['colcon_pkg']
[0.452s] Level 1:colcon.colcon_core.package_identification:_identify(src/quadruped_ros2_control-humble/hardwares/hardware_unitree_mujoco) by extension 'colcon_pkg'
[0.452s] Level 1:colcon.colcon_core.package_identification:_identify(src/quadruped_ros2_control-humble/hardwares/hardware_unitree_mujoco) by extensions ['colcon_meta']
[0.452s] Level 1:colcon.colcon_core.package_identification:_identify(src/quadruped_ros2_control-humble/hardwares/hardware_unitree_mujoco) by extension 'colcon_meta'
[0.452s] Level 1:colcon.colcon_core.package_identification:_identify(src/quadruped_ros2_control-humble/hardwares/hardware_unitree_mujoco) by extensions ['ros']
[0.452s] Level 1:colcon.colcon_core.package_identification:_identify(src/quadruped_ros2_control-humble/hardwares/hardware_unitree_mujoco) by extension 'ros'
[0.453s] DEBUG:colcon.colcon_core.package_identification:Package 'src/quadruped_ros2_control-humble/hardwares/hardware_unitree_mujoco' with type 'ros.ament_cmake' and name 'hardware_unitree_mujoco'
[0.453s] Level 1:colcon.colcon_core.package_identification:_identify(src/quadruped_ros2_control-humble/libraries) by extensions ['ignore', 'ignore_ament_install']
[0.453s] Level 1:colcon.colcon_core.package_identification:_identify(src/quadruped_ros2_control-humble/libraries) by extension 'ignore'
[0.453s] Level 1:colcon.colcon_core.package_identification:_identify(src/quadruped_ros2_control-humble/libraries) by extension 'ignore_ament_install'
[0.453s] Level 1:colcon.colcon_core.package_identification:_identify(src/quadruped_ros2_control-humble/libraries) by extensions ['colcon_pkg']
[0.453s] Level 1:colcon.colcon_core.package_identification:_identify(src/quadruped_ros2_control-humble/libraries) by extension 'colcon_pkg'
[0.453s] Level 1:colcon.colcon_core.package_identification:_identify(src/quadruped_ros2_control-humble/libraries) by extensions ['colcon_meta']
[0.453s] Level 1:colcon.colcon_core.package_identification:_identify(src/quadruped_ros2_control-humble/libraries) by extension 'colcon_meta'
[0.453s] Level 1:colcon.colcon_core.package_identification:_identify(src/quadruped_ros2_control-humble/libraries) by extensions ['ros']
[0.453s] Level 1:colcon.colcon_core.package_identification:_identify(src/quadruped_ros2_control-humble/libraries) by extension 'ros'
[0.453s] Level 1:colcon.colcon_core.package_identification:_identify(src/quadruped_ros2_control-humble/libraries) by extensions ['cmake', 'python']
[0.453s] Level 1:colcon.colcon_core.package_identification:_identify(src/quadruped_ros2_control-humble/libraries) by extension 'cmake'
[0.453s] Level 1:colcon.colcon_core.package_identification:_identify(src/quadruped_ros2_control-humble/libraries) by extension 'python'
[0.453s] Level 1:colcon.colcon_core.package_identification:_identify(src/quadruped_ros2_control-humble/libraries) by extensions ['python_setup_py']
[0.453s] Level 1:colcon.colcon_core.package_identification:_identify(src/quadruped_ros2_control-humble/libraries) by extension 'python_setup_py'
[0.453s] Level 1:colcon.colcon_core.package_identification:_identify(src/quadruped_ros2_control-humble/libraries/controller_common) by extensions ['ignore', 'ignore_ament_install']
[0.454s] Level 1:colcon.colcon_core.package_identification:_identify(src/quadruped_ros2_control-humble/libraries/controller_common) by extension 'ignore'
[0.454s] Level 1:colcon.colcon_core.package_identification:_identify(src/quadruped_ros2_control-humble/libraries/controller_common) by extension 'ignore_ament_install'
[0.454s] Level 1:colcon.colcon_core.package_identification:_identify(src/quadruped_ros2_control-humble/libraries/controller_common) by extensions ['colcon_pkg']
[0.454s] Level 1:colcon.colcon_core.package_identification:_identify(src/quadruped_ros2_control-humble/libraries/controller_common) by extension 'colcon_pkg'
[0.454s] Level 1:colcon.colcon_core.package_identification:_identify(src/quadruped_ros2_control-humble/libraries/controller_common) by extensions ['colcon_meta']
[0.454s] Level 1:colcon.colcon_core.package_identification:_identify(src/quadruped_ros2_control-humble/libraries/controller_common) by extension 'colcon_meta'
[0.454s] Level 1:colcon.colcon_core.package_identification:_identify(src/quadruped_ros2_control-humble/libraries/controller_common) by extensions ['ros']
[0.454s] Level 1:colcon.colcon_core.package_identification:_identify(src/quadruped_ros2_control-humble/libraries/controller_common) by extension 'ros'
[0.455s] DEBUG:colcon.colcon_core.package_identification:Package 'src/quadruped_ros2_control-humble/libraries/controller_common' with type 'ros.ament_cmake' and name 'controller_common'
[0.455s] Level 1:colcon.colcon_core.package_identification:_identify(src/quadruped_ros2_control-humble/libraries/gz_quadruped_playground) by extensions ['ignore', 'ignore_ament_install']
[0.455s] Level 1:colcon.colcon_core.package_identification:_identify(src/quadruped_ros2_control-humble/libraries/gz_quadruped_playground) by extension 'ignore'
[0.455s] Level 1:colcon.colcon_core.package_identification:_identify(src/quadruped_ros2_control-humble/libraries/gz_quadruped_playground) by extension 'ignore_ament_install'
[0.455s] Level 1:colcon.colcon_core.package_identification:_identify(src/quadruped_ros2_control-humble/libraries/gz_quadruped_playground) by extensions ['colcon_pkg']
[0.455s] Level 1:colcon.colcon_core.package_identification:_identify(src/quadruped_ros2_control-humble/libraries/gz_quadruped_playground) by extension 'colcon_pkg'
[0.455s] Level 1:colcon.colcon_core.package_identification:_identify(src/quadruped_ros2_control-humble/libraries/gz_quadruped_playground) by extensions ['colcon_meta']
[0.455s] Level 1:colcon.colcon_core.package_identification:_identify(src/quadruped_ros2_control-humble/libraries/gz_quadruped_playground) by extension 'colcon_meta'
[0.455s] Level 1:colcon.colcon_core.package_identification:_identify(src/quadruped_ros2_control-humble/libraries/gz_quadruped_playground) by extensions ['ros']
[0.455s] Level 1:colcon.colcon_core.package_identification:_identify(src/quadruped_ros2_control-humble/libraries/gz_quadruped_playground) by extension 'ros'
[0.456s] DEBUG:colcon.colcon_core.package_identification:Package 'src/quadruped_ros2_control-humble/libraries/gz_quadruped_playground' with type 'ros.ament_cmake' and name 'gz_quadruped_playground'
[0.456s] Level 1:colcon.colcon_core.package_identification:_identify(src/quadruped_ros2_control-humble/libraries/qpoases_colcon) by extensions ['ignore', 'ignore_ament_install']
[0.456s] Level 1:colcon.colcon_core.package_identification:_identify(src/quadruped_ros2_control-humble/libraries/qpoases_colcon) by extension 'ignore'
[0.456s] Level 1:colcon.colcon_core.package_identification:_identify(src/quadruped_ros2_control-humble/libraries/qpoases_colcon) by extension 'ignore_ament_install'
[0.456s] Level 1:colcon.colcon_core.package_identification:_identify(src/quadruped_ros2_control-humble/libraries/qpoases_colcon) by extensions ['colcon_pkg']
[0.456s] Level 1:colcon.colcon_core.package_identification:_identify(src/quadruped_ros2_control-humble/libraries/qpoases_colcon) by extension 'colcon_pkg'
[0.456s] Level 1:colcon.colcon_core.package_identification:_identify(src/quadruped_ros2_control-humble/libraries/qpoases_colcon) by extensions ['colcon_meta']
[0.456s] Level 1:colcon.colcon_core.package_identification:_identify(src/quadruped_ros2_control-humble/libraries/qpoases_colcon) by extension 'colcon_meta'
[0.456s] Level 1:colcon.colcon_core.package_identification:_identify(src/quadruped_ros2_control-humble/libraries/qpoases_colcon) by extensions ['ros']
[0.456s] Level 1:colcon.colcon_core.package_identification:_identify(src/quadruped_ros2_control-humble/libraries/qpoases_colcon) by extension 'ros'
[0.457s] DEBUG:colcon.colcon_core.package_identification:Package 'src/quadruped_ros2_control-humble/libraries/qpoases_colcon' with type 'ros.ament_cmake' and name 'qpoases_colcon'
[0.457s] Level 1:colcon.colcon_core.package_identification:_identify(src/unitree_sdk2) by extensions ['ignore', 'ignore_ament_install']
[0.457s] Level 1:colcon.colcon_core.package_identification:_identify(src/unitree_sdk2) by extension 'ignore'
[0.457s] Level 1:colcon.colcon_core.package_identification:_identify(src/unitree_sdk2) by extension 'ignore_ament_install'
[0.457s] Level 1:colcon.colcon_core.package_identification:_identify(src/unitree_sdk2) by extensions ['colcon_pkg']
[0.457s] Level 1:colcon.colcon_core.package_identification:_identify(src/unitree_sdk2) by extension 'colcon_pkg'
[0.457s] Level 1:colcon.colcon_core.package_identification:_identify(src/unitree_sdk2) by extensions ['colcon_meta']
[0.457s] Level 1:colcon.colcon_core.package_identification:_identify(src/unitree_sdk2) by extension 'colcon_meta'
[0.457s] Level 1:colcon.colcon_core.package_identification:_identify(src/unitree_sdk2) by extensions ['ros']
[0.457s] Level 1:colcon.colcon_core.package_identification:_identify(src/unitree_sdk2) by extension 'ros'
[0.457s] Level 1:colcon.colcon_core.package_identification:_identify(src/unitree_sdk2) by extensions ['cmake', 'python']
[0.457s] Level 1:colcon.colcon_core.package_identification:_identify(src/unitree_sdk2) by extension 'cmake'
[0.464s] Level 1:colcon.colcon_core.package_identification:_identify(src/unitree_sdk2) by extension 'python'
[0.464s] DEBUG:colcon.colcon_core.package_identification:Package 'src/unitree_sdk2' with type 'cmake' and name 'unitree_sdk2'
[0.464s] Level 1:colcon.colcon_core.package_discovery:discover_packages(recursive) using defaults
[0.464s] Level 1:colcon.colcon_core.package_discovery:discover_packages(ignore) discover
[0.464s] Level 1:colcon.colcon_core.package_discovery:discover_packages(ignore) using defaults
[0.464s] Level 1:colcon.colcon_core.package_discovery:discover_packages(path) discover
[0.464s] Level 1:colcon.colcon_core.package_discovery:discover_packages(path) using defaults
[0.496s] INFO:colcon.colcon_core.package_selection:Skipping package 'unitree_guide_controller' in 'src/quadruped_ros2_control-humble/controllers/unitree_guide_controller'
[0.496s] INFO:colcon.colcon_core.package_selection:Skipping package 'rl_quadruped_controller' in 'src/quadruped_ros2_control-humble/controllers/rl_quadruped_controller'
[0.496s] INFO:colcon.colcon_core.package_selection:Skipping package 'ocs2_quadruped_controller' in 'src/quadruped_ros2_control-humble/controllers/ocs2_quadruped_controller'
[0.496s] INFO:colcon.colcon_core.package_selection:Skipping package 'unitree_joystick_input' in 'src/quadruped_ros2_control-humble/commands/unitree_joystick_input'
[0.496s] INFO:colcon.colcon_core.package_selection:Skipping package 'keyboard_input' in 'src/quadruped_ros2_control-humble/commands/keyboard_input'
[0.496s] INFO:colcon.colcon_core.package_selection:Skipping package 'joystick_input' in 'src/quadruped_ros2_control-humble/commands/joystick_input'
[0.496s] INFO:colcon.colcon_core.package_selection:Skipping package 'gz_quadruped_playground' in 'src/quadruped_ros2_control-humble/libraries/gz_quadruped_playground'
[0.496s] INFO:colcon.colcon_core.package_selection:Skipping package 'controller_common' in 'src/quadruped_ros2_control-humble/libraries/controller_common'
[0.496s] INFO:colcon.colcon_core.package_selection:Skipping package 'x30_description' in 'src/quadruped_ros2_control-humble/descriptions/deep_robotics/x30_description'
[0.496s] INFO:colcon.colcon_core.package_selection:Skipping package 'unitree_sdk2' in 'src/unitree_sdk2'
[0.496s] INFO:colcon.colcon_core.package_selection:Skipping package 'qpoases_colcon' in 'src/quadruped_ros2_control-humble/libraries/qpoases_colcon'
[0.496s] INFO:colcon.colcon_core.package_selection:Skipping package 'lite3_description' in 'src/quadruped_ros2_control-humble/descriptions/deep_robotics/lite3_description'
[0.496s] INFO:colcon.colcon_core.package_selection:Skipping package 'leg_pd_controller' in 'src/quadruped_ros2_control-humble/controllers/leg_pd_controller'
[0.496s] INFO:colcon.colcon_core.package_selection:Skipping package 'gz_quadruped_hardware' in 'src/quadruped_ros2_control-humble/hardwares/gz_quadruped_hardware'
[0.496s] INFO:colcon.colcon_core.package_selection:Skipping package 'go2_description' in 'src/quadruped_ros2_control-humble/descriptions/unitree/go2_description'
[0.496s] INFO:colcon.colcon_core.package_selection:Skipping package 'go1_description' in 'src/quadruped_ros2_control-humble/descriptions/unitree/go1_description'
[0.496s] INFO:colcon.colcon_core.package_selection:Skipping package 'cyberdog_description' in 'src/quadruped_ros2_control-humble/descriptions/xiaomi/cyberdog_description'
[0.496s] INFO:colcon.colcon_core.package_selection:Skipping package 'control_input_msgs' in 'src/quadruped_ros2_control-humble/commands/control_input_msgs'
[0.496s] INFO:colcon.colcon_core.package_selection:Skipping package 'b2_description' in 'src/quadruped_ros2_control-humble/descriptions/unitree/b2_description'
[0.496s] INFO:colcon.colcon_core.package_selection:Skipping package 'anymal_c_description' in 'src/quadruped_ros2_control-humble/descriptions/anybotics/anymal_c_description'
[0.496s] INFO:colcon.colcon_core.package_selection:Skipping package 'aliengo_description' in 'src/quadruped_ros2_control-humble/descriptions/unitree/aliengo_description'
[0.496s] INFO:colcon.colcon_core.package_selection:Skipping package 'a1_description' in 'src/quadruped_ros2_control-humble/descriptions/unitree/a1_description'
[0.497s] Level 1:colcon.colcon_core.package_discovery:discover_packages(prefix_path) check parameters
[0.497s] Level 1:colcon.colcon_core.package_discovery:discover_packages(prefix_path) discover
[0.499s] DEBUG:colcon.colcon_installed_package_information.package_discovery:Found 9 installed packages in /home/yzz/quadruped_ws/install
[0.501s] DEBUG:colcon.colcon_installed_package_information.package_discovery:Found 321 installed packages in /opt/ros/humble
[0.503s] Level 1:colcon.colcon_core.package_discovery:discover_packages(prefix_path) using defaults
[0.554s] Level 5:colcon.colcon_core.verb:set package 'hardware_unitree_mujoco' build argument 'cmake_args' from command line to 'None'
[0.554s] Level 5:colcon.colcon_core.verb:set package 'hardware_unitree_mujoco' build argument 'cmake_target' from command line to 'None'
[0.554s] Level 5:colcon.colcon_core.verb:set package 'hardware_unitree_mujoco' build argument 'cmake_target_skip_unavailable' from command line to 'False'
[0.554s] Level 5:colcon.colcon_core.verb:set package 'hardware_unitree_mujoco' build argument 'cmake_clean_cache' from command line to 'False'
[0.554s] Level 5:colcon.colcon_core.verb:set package 'hardware_unitree_mujoco' build argument 'cmake_clean_first' from command line to 'False'
[0.555s] Level 5:colcon.colcon_core.verb:set package 'hardware_unitree_mujoco' build argument 'cmake_force_configure' from command line to 'False'
[0.555s] Level 5:colcon.colcon_core.verb:set package 'hardware_unitree_mujoco' build argument 'ament_cmake_args' from command line to 'None'
[0.555s] Level 5:colcon.colcon_core.verb:set package 'hardware_unitree_mujoco' build argument 'catkin_cmake_args' from command line to 'None'
[0.555s] Level 5:colcon.colcon_core.verb:set package 'hardware_unitree_mujoco' build argument 'catkin_skip_building_tests' from command line to 'False'
[0.555s] DEBUG:colcon.colcon_core.verb:Building package 'hardware_unitree_mujoco' with the following arguments: {'ament_cmake_args': None, 'build_base': '/home/yzz/quadruped_ws/build/hardware_unitree_mujoco', 'catkin_cmake_args': None, 'catkin_skip_building_tests': False, 'cmake_args': None, 'cmake_clean_cache': False, 'cmake_clean_first': False, 'cmake_force_configure': False, 'cmake_target': None, 'cmake_target_skip_unavailable': False, 'install_base': '/home/yzz/quadruped_ws/install/hardware_unitree_mujoco', 'merge_install': False, 'path': '/home/yzz/quadruped_ws/src/quadruped_ros2_control-humble/hardwares/hardware_unitree_mujoco', 'symlink_install': False, 'test_result_base': None}
[0.555s] INFO:colcon.colcon_core.executor:Executing jobs using 'parallel' executor
[0.556s] DEBUG:colcon.colcon_parallel_executor.executor.parallel:run_until_complete
[0.556s] INFO:colcon.colcon_ros.task.ament_cmake.build:Building ROS package in '/home/yzz/quadruped_ws/src/quadruped_ros2_control-humble/hardwares/hardware_unitree_mujoco' with build type 'ament_cmake'
[0.556s] INFO:colcon.colcon_cmake.task.cmake.build:Building CMake package in '/home/yzz/quadruped_ws/src/quadruped_ros2_control-humble/hardwares/hardware_unitree_mujoco'
[0.560s] INFO:colcon.colcon_core.plugin_system:Skipping extension 'colcon_core.shell.bat': Not used on non-Windows systems
[0.561s] INFO:colcon.colcon_core.shell:Skip shell extension 'powershell' for command environment: Not usable outside of PowerShell
[0.561s] DEBUG:colcon.colcon_core.shell:Skip shell extension 'dsv' for command environment
[0.583s] DEBUG:colcon.colcon_core.event_handler.log_command:Invoking command in '/home/yzz/quadruped_ws/build/hardware_unitree_mujoco': CMAKE_PREFIX_PATH=${CMAKE_PREFIX_PATH}:/opt/ros/humble /usr/bin/cmake --build /home/yzz/quadruped_ws/build/hardware_unitree_mujoco -- -j2 -l2
[0.728s] DEBUG:colcon.colcon_core.event_handler.log_command:Invoked command in '/home/yzz/quadruped_ws/build/hardware_unitree_mujoco' returned '0': CMAKE_PREFIX_PATH=${CMAKE_PREFIX_PATH}:/opt/ros/humble /usr/bin/cmake --build /home/yzz/quadruped_ws/build/hardware_unitree_mujoco -- -j2 -l2
[0.746s] DEBUG:colcon.colcon_core.event_handler.log_command:Invoking command in '/home/yzz/quadruped_ws/build/hardware_unitree_mujoco': CMAKE_PREFIX_PATH=${CMAKE_PREFIX_PATH}:/opt/ros/humble /usr/bin/cmake --install /home/yzz/quadruped_ws/build/hardware_unitree_mujoco
[0.770s] Level 1:colcon.colcon_core.environment:create_environment_scripts_only(hardware_unitree_mujoco)
[0.771s] DEBUG:colcon.colcon_core.event_handler.log_command:Invoked command in '/home/yzz/quadruped_ws/build/hardware_unitree_mujoco' returned '0': CMAKE_PREFIX_PATH=${CMAKE_PREFIX_PATH}:/opt/ros/humble /usr/bin/cmake --install /home/yzz/quadruped_ws/build/hardware_unitree_mujoco
[0.775s] Level 1:colcon.colcon_core.environment:checking '/home/yzz/quadruped_ws/install/hardware_unitree_mujoco' for CMake module files
[0.777s] Level 1:colcon.colcon_core.environment:checking '/home/yzz/quadruped_ws/install/hardware_unitree_mujoco' for CMake config files
[0.778s] Level 1:colcon.colcon_core.shell:create_environment_hook('hardware_unitree_mujoco', 'cmake_prefix_path')
[0.779s] INFO:colcon.colcon_core.shell:Creating environment hook '/home/yzz/quadruped_ws/install/hardware_unitree_mujoco/share/hardware_unitree_mujoco/hook/cmake_prefix_path.ps1'
[0.783s] INFO:colcon.colcon_core.shell:Creating environment descriptor '/home/yzz/quadruped_ws/install/hardware_unitree_mujoco/share/hardware_unitree_mujoco/hook/cmake_prefix_path.dsv'
[0.786s] INFO:colcon.colcon_core.shell:Creating environment hook '/home/yzz/quadruped_ws/install/hardware_unitree_mujoco/share/hardware_unitree_mujoco/hook/cmake_prefix_path.sh'
[0.787s] Level 1:colcon.colcon_core.environment:checking '/home/yzz/quadruped_ws/install/hardware_unitree_mujoco/lib'
[0.788s] Level 1:colcon.colcon_core.shell:create_environment_hook('hardware_unitree_mujoco', 'ld_library_path_lib')
[0.788s] INFO:colcon.colcon_core.shell:Creating environment hook '/home/yzz/quadruped_ws/install/hardware_unitree_mujoco/share/hardware_unitree_mujoco/hook/ld_library_path_lib.ps1'
[0.790s] INFO:colcon.colcon_core.shell:Creating environment descriptor '/home/yzz/quadruped_ws/install/hardware_unitree_mujoco/share/hardware_unitree_mujoco/hook/ld_library_path_lib.dsv'
[0.791s] INFO:colcon.colcon_core.shell:Creating environment hook '/home/yzz/quadruped_ws/install/hardware_unitree_mujoco/share/hardware_unitree_mujoco/hook/ld_library_path_lib.sh'
[0.794s] Level 1:colcon.colcon_core.environment:checking '/home/yzz/quadruped_ws/install/hardware_unitree_mujoco/bin'
[0.794s] Level 1:colcon.colcon_core.environment:checking '/home/yzz/quadruped_ws/install/hardware_unitree_mujoco/lib/pkgconfig/hardware_unitree_mujoco.pc'
[0.794s] Level 1:colcon.colcon_core.environment:checking '/home/yzz/quadruped_ws/install/hardware_unitree_mujoco/lib/python3.10/site-packages'
[0.794s] Level 1:colcon.colcon_core.environment:checking '/home/yzz/quadruped_ws/install/hardware_unitree_mujoco/bin'
[0.795s] INFO:colcon.colcon_core.shell:Creating package script '/home/yzz/quadruped_ws/install/hardware_unitree_mujoco/share/hardware_unitree_mujoco/package.ps1'
[0.798s] INFO:colcon.colcon_core.shell:Creating package descriptor '/home/yzz/quadruped_ws/install/hardware_unitree_mujoco/share/hardware_unitree_mujoco/package.dsv'
[0.800s] INFO:colcon.colcon_core.shell:Creating package script '/home/yzz/quadruped_ws/install/hardware_unitree_mujoco/share/hardware_unitree_mujoco/package.sh'
[0.803s] INFO:colcon.colcon_core.shell:Creating package script '/home/yzz/quadruped_ws/install/hardware_unitree_mujoco/share/hardware_unitree_mujoco/package.bash'
[0.805s] INFO:colcon.colcon_core.shell:Creating package script '/home/yzz/quadruped_ws/install/hardware_unitree_mujoco/share/hardware_unitree_mujoco/package.zsh'
[0.806s] Level 1:colcon.colcon_core.environment:create_file_with_runtime_dependencies(/home/yzz/quadruped_ws/install/hardware_unitree_mujoco/share/colcon-core/packages/hardware_unitree_mujoco)
[0.808s] Level 1:colcon.colcon_core.environment:create_environment_scripts_only(hardware_unitree_mujoco)
[0.808s] Level 1:colcon.colcon_core.environment:checking '/home/yzz/quadruped_ws/install/hardware_unitree_mujoco' for CMake module files
[0.809s] Level 1:colcon.colcon_core.environment:checking '/home/yzz/quadruped_ws/install/hardware_unitree_mujoco' for CMake config files
[0.810s] Level 1:colcon.colcon_core.shell:create_environment_hook('hardware_unitree_mujoco', 'cmake_prefix_path')
[0.810s] INFO:colcon.colcon_core.shell:Creating environment hook '/home/yzz/quadruped_ws/install/hardware_unitree_mujoco/share/hardware_unitree_mujoco/hook/cmake_prefix_path.ps1'
[0.811s] INFO:colcon.colcon_core.shell:Creating environment descriptor '/home/yzz/quadruped_ws/install/hardware_unitree_mujoco/share/hardware_unitree_mujoco/hook/cmake_prefix_path.dsv'
[0.813s] INFO:colcon.colcon_core.shell:Creating environment hook '/home/yzz/quadruped_ws/install/hardware_unitree_mujoco/share/hardware_unitree_mujoco/hook/cmake_prefix_path.sh'
[0.814s] Level 1:colcon.colcon_core.environment:checking '/home/yzz/quadruped_ws/install/hardware_unitree_mujoco/lib'
[0.814s] Level 1:colcon.colcon_core.shell:create_environment_hook('hardware_unitree_mujoco', 'ld_library_path_lib')
[0.815s] INFO:colcon.colcon_core.shell:Creating environment hook '/home/yzz/quadruped_ws/install/hardware_unitree_mujoco/share/hardware_unitree_mujoco/hook/ld_library_path_lib.ps1'
[0.815s] INFO:colcon.colcon_core.shell:Creating environment descriptor '/home/yzz/quadruped_ws/install/hardware_unitree_mujoco/share/hardware_unitree_mujoco/hook/ld_library_path_lib.dsv'
[0.816s] INFO:colcon.colcon_core.shell:Creating environment hook '/home/yzz/quadruped_ws/install/hardware_unitree_mujoco/share/hardware_unitree_mujoco/hook/ld_library_path_lib.sh'
[0.816s] Level 1:colcon.colcon_core.environment:checking '/home/yzz/quadruped_ws/install/hardware_unitree_mujoco/bin'
[0.816s] Level 1:colcon.colcon_core.environment:checking '/home/yzz/quadruped_ws/install/hardware_unitree_mujoco/lib/pkgconfig/hardware_unitree_mujoco.pc'
[0.817s] Level 1:colcon.colcon_core.environment:checking '/home/yzz/quadruped_ws/install/hardware_unitree_mujoco/lib/python3.10/site-packages'
[0.819s] Level 1:colcon.colcon_core.environment:checking '/home/yzz/quadruped_ws/install/hardware_unitree_mujoco/bin'
[0.820s] INFO:colcon.colcon_core.shell:Creating package script '/home/yzz/quadruped_ws/install/hardware_unitree_mujoco/share/hardware_unitree_mujoco/package.ps1'
[0.822s] INFO:colcon.colcon_core.shell:Creating package descriptor '/home/yzz/quadruped_ws/install/hardware_unitree_mujoco/share/hardware_unitree_mujoco/package.dsv'
[0.824s] INFO:colcon.colcon_core.shell:Creating package script '/home/yzz/quadruped_ws/install/hardware_unitree_mujoco/share/hardware_unitree_mujoco/package.sh'
[0.824s] INFO:colcon.colcon_core.shell:Creating package script '/home/yzz/quadruped_ws/install/hardware_unitree_mujoco/share/hardware_unitree_mujoco/package.bash'
[0.826s] INFO:colcon.colcon_core.shell:Creating package script '/home/yzz/quadruped_ws/install/hardware_unitree_mujoco/share/hardware_unitree_mujoco/package.zsh'
[0.827s] Level 1:colcon.colcon_core.environment:create_file_with_runtime_dependencies(/home/yzz/quadruped_ws/install/hardware_unitree_mujoco/share/colcon-core/packages/hardware_unitree_mujoco)
[0.828s] DEBUG:colcon.colcon_parallel_executor.executor.parallel:closing loop
[0.828s] DEBUG:colcon.colcon_parallel_executor.executor.parallel:loop closed
[0.829s] DEBUG:colcon.colcon_parallel_executor.executor.parallel:run_until_complete finished with '0'
[0.829s] DEBUG:colcon.colcon_core.event_reactor:joining thread
[0.841s] INFO:colcon.colcon_core.plugin_system:Skipping extension 'colcon_notification.desktop_notification.terminal_notifier': Not used on non-Darwin systems
[0.841s] INFO:colcon.colcon_core.plugin_system:Skipping extension 'colcon_notification.desktop_notification.win32': Not used on non-Windows systems
[0.841s] INFO:colcon.colcon_notification.desktop_notification:Sending desktop notification using 'notify2'
[0.868s] DEBUG:colcon.colcon_core.event_reactor:joined thread
[0.868s] INFO:colcon.colcon_core.shell:Creating prefix script '/home/yzz/quadruped_ws/install/local_setup.ps1'
[0.870s] INFO:colcon.colcon_core.shell:Creating prefix util module '/home/yzz/quadruped_ws/install/_local_setup_util_ps1.py'
[0.872s] INFO:colcon.colcon_core.shell:Creating prefix chain script '/home/yzz/quadruped_ws/install/setup.ps1'
[0.874s] INFO:colcon.colcon_core.shell:Creating prefix script '/home/yzz/quadruped_ws/install/local_setup.sh'
[0.875s] INFO:colcon.colcon_core.shell:Creating prefix util module '/home/yzz/quadruped_ws/install/_local_setup_util_sh.py'
[0.878s] INFO:colcon.colcon_core.shell:Creating prefix chain script '/home/yzz/quadruped_ws/install/setup.sh'
[0.880s] INFO:colcon.colcon_core.shell:Creating prefix script '/home/yzz/quadruped_ws/install/local_setup.bash'
[0.881s] INFO:colcon.colcon_core.shell:Creating prefix chain script '/home/yzz/quadruped_ws/install/setup.bash'
[0.883s] INFO:colcon.colcon_core.shell:Creating prefix script '/home/yzz/quadruped_ws/install/local_setup.zsh'
[0.884s] INFO:colcon.colcon_core.shell:Creating prefix chain script '/home/yzz/quadruped_ws/install/setup.zsh'
