[0.063s] Invoking command in '/home/yzz/quadruped_ws/build/unitree_guide_controller': CMAKE_PREFIX_PATH=/home/yzz/quadruped_ws/install/controller_common:/home/yzz/quadruped_ws/install/control_input_msgs:/home/yzz/quadruped_ws/install/unitree_sdk2:/home/yzz/quadruped_ws/install/unitree_guide_controller:/home/yzz/quadruped_ws/install/leg_pd_controller:/home/yzz/quadruped_ws/install/keyboard_input:/home/yzz/quadruped_ws/install/go1_description:/opt/ros/humble LD_LIBRARY_PATH=/home/yzz/quadruped_ws/install/controller_common/lib:/home/yzz/quadruped_ws/install/control_input_msgs/lib:/home/yzz/quadruped_ws/install/unitree_guide_controller/lib:/home/yzz/quadruped_ws/install/unitree_sdk2/lib:/home/yzz/quadruped_ws/install/leg_pd_controller/lib:/opt/ros/humble/opt/rviz_ogre_vendor/lib:/opt/ros/humble/lib/x86_64-linux-gnu:/opt/ros/humble/lib /usr/bin/cmake --build /home/yzz/quadruped_ws/build/unitree_guide_controller -- -j2 -l2
[0.231s] [35m[1mConsolidate compiler generated dependencies of target unitree_guide_controller[0m
[0.412s] [100%] Built target unitree_guide_controller
[0.460s] Invoked command in '/home/yzz/quadruped_ws/build/unitree_guide_controller' returned '0': CMAKE_PREFIX_PATH=/home/yzz/quadruped_ws/install/controller_common:/home/yzz/quadruped_ws/install/control_input_msgs:/home/yzz/quadruped_ws/install/unitree_sdk2:/home/yzz/quadruped_ws/install/unitree_guide_controller:/home/yzz/quadruped_ws/install/leg_pd_controller:/home/yzz/quadruped_ws/install/keyboard_input:/home/yzz/quadruped_ws/install/go1_description:/opt/ros/humble LD_LIBRARY_PATH=/home/yzz/quadruped_ws/install/controller_common/lib:/home/yzz/quadruped_ws/install/control_input_msgs/lib:/home/yzz/quadruped_ws/install/unitree_guide_controller/lib:/home/yzz/quadruped_ws/install/unitree_sdk2/lib:/home/yzz/quadruped_ws/install/leg_pd_controller/lib:/opt/ros/humble/opt/rviz_ogre_vendor/lib:/opt/ros/humble/lib/x86_64-linux-gnu:/opt/ros/humble/lib /usr/bin/cmake --build /home/yzz/quadruped_ws/build/unitree_guide_controller -- -j2 -l2
[0.461s] Invoking command in '/home/yzz/quadruped_ws/build/unitree_guide_controller': CMAKE_PREFIX_PATH=/home/yzz/quadruped_ws/install/controller_common:/home/yzz/quadruped_ws/install/control_input_msgs:/home/yzz/quadruped_ws/install/unitree_sdk2:/home/yzz/quadruped_ws/install/unitree_guide_controller:/home/yzz/quadruped_ws/install/leg_pd_controller:/home/yzz/quadruped_ws/install/keyboard_input:/home/yzz/quadruped_ws/install/go1_description:/opt/ros/humble LD_LIBRARY_PATH=/home/yzz/quadruped_ws/install/controller_common/lib:/home/yzz/quadruped_ws/install/control_input_msgs/lib:/home/yzz/quadruped_ws/install/unitree_guide_controller/lib:/home/yzz/quadruped_ws/install/unitree_sdk2/lib:/home/yzz/quadruped_ws/install/leg_pd_controller/lib:/opt/ros/humble/opt/rviz_ogre_vendor/lib:/opt/ros/humble/lib/x86_64-linux-gnu:/opt/ros/humble/lib /usr/bin/cmake --install /home/yzz/quadruped_ws/build/unitree_guide_controller
[0.489s] -- Install configuration: "Release"
[0.490s] -- Execute custom install script
[0.491s] -- Up-to-date symlink: /home/yzz/quadruped_ws/install/unitree_guide_controller/share/unitree_guide_controller//unitree_guide_controller.xml
[0.493s] -- Up-to-date symlink: /home/yzz/quadruped_ws/install/unitree_guide_controller/include/unitree_guide_controller/unitree_guide_controller/FSM/StateBalanceTest.h
[0.494s] -- Up-to-date symlink: /home/yzz/quadruped_ws/install/unitree_guide_controller/include/unitree_guide_controller/unitree_guide_controller/FSM/StateFixedStand.h
[0.495s] -- Up-to-date symlink: /home/yzz/quadruped_ws/install/unitree_guide_controller/include/unitree_guide_controller/unitree_guide_controller/FSM/StateFreeStand.h
[0.496s] -- Up-to-date symlink: /home/yzz/quadruped_ws/install/unitree_guide_controller/include/unitree_guide_controller/unitree_guide_controller/FSM/StateSwingTest.h
[0.496s] -- Up-to-date symlink: /home/yzz/quadruped_ws/install/unitree_guide_controller/include/unitree_guide_controller/unitree_guide_controller/FSM/StateTrotting.h
[0.496s] -- Up-to-date symlink: /home/yzz/quadruped_ws/install/unitree_guide_controller/include/unitree_guide_controller/unitree_guide_controller/UnitreeGuideController.h
[0.497s] -- Up-to-date symlink: /home/yzz/quadruped_ws/install/unitree_guide_controller/include/unitree_guide_controller/unitree_guide_controller/common/mathTools.h
[0.497s] -- Up-to-date symlink: /home/yzz/quadruped_ws/install/unitree_guide_controller/include/unitree_guide_controller/unitree_guide_controller/common/mathTypes.h
[0.497s] -- Up-to-date symlink: /home/yzz/quadruped_ws/install/unitree_guide_controller/include/unitree_guide_controller/unitree_guide_controller/control/BalanceCtrl.h
[0.497s] -- Up-to-date symlink: /home/yzz/quadruped_ws/install/unitree_guide_controller/include/unitree_guide_controller/unitree_guide_controller/control/CtrlComponent.h
[0.498s] -- Up-to-date symlink: /home/yzz/quadruped_ws/install/unitree_guide_controller/include/unitree_guide_controller/unitree_guide_controller/control/Estimator.h
[0.498s] -- Up-to-date symlink: /home/yzz/quadruped_ws/install/unitree_guide_controller/include/unitree_guide_controller/unitree_guide_controller/control/LowPassFilter.h
[0.498s] -- Up-to-date symlink: /home/yzz/quadruped_ws/install/unitree_guide_controller/include/unitree_guide_controller/unitree_guide_controller/gait/FeetEndCalc.h
[0.499s] -- Up-to-date symlink: /home/yzz/quadruped_ws/install/unitree_guide_controller/include/unitree_guide_controller/unitree_guide_controller/gait/GaitGenerator.h
[0.499s] -- Up-to-date symlink: /home/yzz/quadruped_ws/install/unitree_guide_controller/include/unitree_guide_controller/unitree_guide_controller/gait/WaveGenerator.h
[0.500s] -- Up-to-date symlink: /home/yzz/quadruped_ws/install/unitree_guide_controller/include/unitree_guide_controller/unitree_guide_controller/robot/QuadrupedRobot.h
[0.500s] -- Up-to-date symlink: /home/yzz/quadruped_ws/install/unitree_guide_controller/include/unitree_guide_controller/unitree_guide_controller/robot/RobotLeg.h
[0.500s] -- Up-to-date symlink: /home/yzz/quadruped_ws/install/unitree_guide_controller/share/unitree_guide_controller//launch/gazebo.launch.py
[0.501s] -- Up-to-date symlink: /home/yzz/quadruped_ws/install/unitree_guide_controller/share/unitree_guide_controller//launch/gazebo_classic.launch.py
[0.502s] -- Up-to-date symlink: /home/yzz/quadruped_ws/install/unitree_guide_controller/share/unitree_guide_controller//launch/mujoco.launch.py
[0.502s] -- Up-to-date symlink: /home/yzz/quadruped_ws/install/unitree_guide_controller/share/unitree_guide_controller/environment/library_path.sh
[0.503s] -- Up-to-date symlink: /home/yzz/quadruped_ws/install/unitree_guide_controller/share/unitree_guide_controller/environment/library_path.dsv
[0.503s] -- Up-to-date symlink: /home/yzz/quadruped_ws/install/unitree_guide_controller/share/ament_index/resource_index/package_run_dependencies/unitree_guide_controller
[0.503s] -- Up-to-date symlink: /home/yzz/quadruped_ws/install/unitree_guide_controller/share/ament_index/resource_index/parent_prefix_path/unitree_guide_controller
[0.504s] -- Up-to-date symlink: /home/yzz/quadruped_ws/install/unitree_guide_controller/share/unitree_guide_controller/environment/ament_prefix_path.sh
[0.505s] -- Up-to-date symlink: /home/yzz/quadruped_ws/install/unitree_guide_controller/share/unitree_guide_controller/environment/ament_prefix_path.dsv
[0.505s] -- Up-to-date symlink: /home/yzz/quadruped_ws/install/unitree_guide_controller/share/unitree_guide_controller/environment/path.sh
[0.505s] -- Up-to-date symlink: /home/yzz/quadruped_ws/install/unitree_guide_controller/share/unitree_guide_controller/environment/path.dsv
[0.506s] -- Up-to-date symlink: /home/yzz/quadruped_ws/install/unitree_guide_controller/share/unitree_guide_controller/local_setup.bash
[0.507s] -- Up-to-date symlink: /home/yzz/quadruped_ws/install/unitree_guide_controller/share/unitree_guide_controller/local_setup.sh
[0.507s] -- Up-to-date symlink: /home/yzz/quadruped_ws/install/unitree_guide_controller/share/unitree_guide_controller/local_setup.zsh
[0.508s] -- Up-to-date symlink: /home/yzz/quadruped_ws/install/unitree_guide_controller/share/unitree_guide_controller/local_setup.dsv
[0.508s] -- Symlinking: /home/yzz/quadruped_ws/install/unitree_guide_controller/share/unitree_guide_controller/package.dsv
[0.556s] -- Up-to-date symlink: /home/yzz/quadruped_ws/install/unitree_guide_controller/share/ament_index/resource_index/packages/unitree_guide_controller
[0.556s] -- Up-to-date symlink: /home/yzz/quadruped_ws/install/unitree_guide_controller/share/ament_index/resource_index/controller_interface__pluginlib__plugin/unitree_guide_controller
[0.556s] -- Up-to-date symlink: /home/yzz/quadruped_ws/install/unitree_guide_controller/share/unitree_guide_controller/cmake/ament_cmake_export_dependencies-extras.cmake
[0.557s] -- Up-to-date symlink: /home/yzz/quadruped_ws/install/unitree_guide_controller/share/unitree_guide_controller/cmake/ament_cmake_export_targets-extras.cmake
[0.557s] -- Up-to-date symlink: /home/yzz/quadruped_ws/install/unitree_guide_controller/share/unitree_guide_controller/cmake/unitree_guide_controllerConfig.cmake
[0.557s] -- Up-to-date symlink: /home/yzz/quadruped_ws/install/unitree_guide_controller/share/unitree_guide_controller/cmake/unitree_guide_controllerConfig-version.cmake
[0.557s] -- Up-to-date symlink: /home/yzz/quadruped_ws/install/unitree_guide_controller/share/unitree_guide_controller/package.xml
[0.558s] -- Up-to-date: /home/yzz/quadruped_ws/install/unitree_guide_controller/lib/unitree_guide_controller/libunitree_guide_controller.so
[0.558s] -- Up-to-date: /home/yzz/quadruped_ws/install/unitree_guide_controller/share/unitree_guide_controller/cmake/export_unitree_guide_controllerExport.cmake
[0.559s] -- Up-to-date: /home/yzz/quadruped_ws/install/unitree_guide_controller/share/unitree_guide_controller/cmake/export_unitree_guide_controllerExport-release.cmake
[0.564s] Invoked command in '/home/yzz/quadruped_ws/build/unitree_guide_controller' returned '0': CMAKE_PREFIX_PATH=/home/yzz/quadruped_ws/install/controller_common:/home/yzz/quadruped_ws/install/control_input_msgs:/home/yzz/quadruped_ws/install/unitree_sdk2:/home/yzz/quadruped_ws/install/unitree_guide_controller:/home/yzz/quadruped_ws/install/leg_pd_controller:/home/yzz/quadruped_ws/install/keyboard_input:/home/yzz/quadruped_ws/install/go1_description:/opt/ros/humble LD_LIBRARY_PATH=/home/yzz/quadruped_ws/install/controller_common/lib:/home/yzz/quadruped_ws/install/control_input_msgs/lib:/home/yzz/quadruped_ws/install/unitree_guide_controller/lib:/home/yzz/quadruped_ws/install/unitree_sdk2/lib:/home/yzz/quadruped_ws/install/leg_pd_controller/lib:/opt/ros/humble/opt/rviz_ogre_vendor/lib:/opt/ros/humble/lib/x86_64-linux-gnu:/opt/ros/humble/lib /usr/bin/cmake --install /home/yzz/quadruped_ws/build/unitree_guide_controller
