[0.010s] Invoking command in '/home/yzz/ROS2_WS/build/unitree_sdk2': /usr/bin/cmake /home/yzz/ROS2_WS/src/unitree_sdk2 -DCMAKE_INSTALL_PREFIX=/home/yzz/ROS2_WS/install/unitree_sdk2
[0.072s] -- The C compiler identification is GNU 12.3.0
[0.110s] -- The CXX compiler identification is GNU 11.4.0
[0.118s] -- Detecting C compiler ABI info
[0.186s] -- Detecting C compiler ABI info - done
[0.189s] -- Check for working C compiler: /usr/bin/cc - skipped
[0.189s] -- Detecting C compile features
[0.189s] -- Detecting C compile features - done
[0.191s] -- Detecting CXX compiler ABI info
[0.254s] -- Detecting CXX compiler ABI info - done
[0.257s] -- Check for working CXX compiler: /usr/bin/c++ - skipped
[0.257s] -- Detecting CXX compile features
[0.257s] -- Detecting CXX compile features - done
[0.258s] -- Setting build type to 'Release' as none was specified.
[0.259s] -- Current system architecture: x86_64
[0.260s] -- Looking for pthread.h
[0.315s] -- Looking for pthread.h - found
[0.315s] -- Performing Test CMAKE_HAVE_LIBC_PTHREAD
[0.369s] -- Performing Test CMAKE_HAVE_LIBC_PTHREAD - Success
[0.370s] -- Found Threads: TRUE  
[0.370s] -- Importing: /home/yzz/ROS2_WS/src/unitree_sdk2/thirdparty/lib/x86_64/libddsc.so
[0.370s] -- Importing: /home/yzz/ROS2_WS/src/unitree_sdk2/thirdparty/lib/x86_64/libddscxx.so
[0.370s] -- Unitree SDK library found at: /home/yzz/ROS2_WS/src/unitree_sdk2/lib/x86_64/libunitree_sdk2.a
[0.370s] -- Importing: /home/yzz/ROS2_WS/src/unitree_sdk2/lib/x86_64/libunitree_sdk2.a
[0.382s] -- Found Boost: /usr/lib/x86_64-linux-gnu/cmake/Boost-1.74.0/BoostConfig.cmake (found version "1.74.0") found components: program_options 
[0.385s] -- Found yaml-cpp version 0.7.0
[0.388s] -- Configuring done
[0.418s] -- Generating done
[0.424s] -- Build files have been written to: /home/yzz/ROS2_WS/build/unitree_sdk2
[0.434s] Invoked command in '/home/yzz/ROS2_WS/build/unitree_sdk2' returned '0': /usr/bin/cmake /home/yzz/ROS2_WS/src/unitree_sdk2 -DCMAKE_INSTALL_PREFIX=/home/yzz/ROS2_WS/install/unitree_sdk2
[0.434s] Invoking command in '/home/yzz/ROS2_WS/build/unitree_sdk2': /usr/bin/cmake --build /home/yzz/ROS2_WS/build/unitree_sdk2 -- -j2 -l2
[0.471s] [  1%] [32mBuilding CXX object example/helloworld/CMakeFiles/test_subscriber.dir/subscriber.cpp.o[0m
[0.487s] [  3%] [32mBuilding CXX object example/helloworld/CMakeFiles/test_publisher.dir/publisher.cpp.o[0m
[3.061s] [  4%] [32mBuilding CXX object example/helloworld/CMakeFiles/test_publisher.dir/HelloWorldData.cpp.o[0m
[3.167s] [  6%] [32mBuilding CXX object example/helloworld/CMakeFiles/test_subscriber.dir/HelloWorldData.cpp.o[0m
[3.473s] [  7%] [32m[1mLinking CXX executable ../../bin/test_publisher[0m
[3.629s] [  9%] [32m[1mLinking CXX executable ../../bin/test_subscriber[0m
[3.723s] [  9%] Built target test_publisher
[3.858s] [  9%] Built target test_subscriber
[3.876s] [ 10%] [32mBuilding CXX object example/wireless_controller/CMakeFiles/advanced_gamepad.dir/main.cpp.o[0m
[6.085s] [ 12%] [32m[1mLinking CXX executable ../../bin/advanced_gamepad[0m
[6.274s] [ 12%] Built target advanced_gamepad
[6.292s] [ 13%] [32mBuilding CXX object example/jsonize/CMakeFiles/test_jsonize.dir/test_jsonize.cpp.o[0m
[7.075s] [ 15%] [32m[1mLinking CXX executable ../../bin/test_jsonize[0m
[7.148s] [ 15%] Built target test_jsonize
[7.168s] [ 16%] [32mBuilding CXX object example/state_machine/CMakeFiles/state_machine_example.dir/main.cpp.o[0m
[9.174s] [ 18%] [32mBuilding CXX object example/go2/CMakeFiles/go2_sport_client.dir/go2_sport_client.cpp.o[0m
[12.670s] [ 19%] [32m[1mLinking CXX executable ../../bin/go2_sport_client[0m
[13.000s] [ 19%] Built target go2_sport_client
[13.031s] [ 21%] [32mBuilding CXX object example/go2/CMakeFiles/go2_low_level.dir/go2_low_level.cpp.o[0m
[13.151s] [ 22%] [32m[1mLinking CXX executable ../../bin/state_machine_example[0m
[13.440s] [ 22%] Built target state_machine_example
[13.455s] [ 24%] [32mBuilding CXX object example/go2/CMakeFiles/go2_stand_example.dir/go2_stand_example.cpp.o[0m
[18.285s] [ 25%] [32m[1mLinking CXX executable ../../bin/go2_low_level[0m
[18.567s] [ 25%] Built target go2_low_level
[18.954s] [ 27%] [32m[1mLinking CXX executable ../../bin/go2_stand_example[0m
[19.205s] [ 27%] Built target go2_stand_example
[19.221s] [ 28%] [32mBuilding CXX object example/go2/CMakeFiles/go2_robot_state_client.dir/go2_robot_state_client.cpp.o[0m
[19.980s] [ 30%] [32m[1mLinking CXX executable ../../bin/go2_robot_state_client[0m
[20.212s] [ 30%] Built target go2_robot_state_client
[20.227s] [ 31%] [32mBuilding CXX object example/go2/CMakeFiles/go2_video_client.dir/go2_video_client.cpp.o[0m
[21.004s] [ 33%] [32m[1mLinking CXX executable ../../bin/go2_video_client[0m
[21.231s] [ 33%] Built target go2_video_client
[21.247s] [ 34%] [32mBuilding CXX object example/go2/CMakeFiles/go2_vui_client.dir/go2_vui_client.cpp.o[0m
[22.025s] [ 36%] [32m[1mLinking CXX executable ../../bin/go2_vui_client[0m
[22.254s] [ 36%] Built target go2_vui_client
[22.270s] [ 37%] [32mBuilding CXX object example/b2/CMakeFiles/b2_sport_client.dir/b2_sport_client.cpp.o[0m
[22.977s] [ 39%] [32m[1mLinking CXX executable ../../bin/b2_sport_client[0m
[23.199s] [ 39%] Built target b2_sport_client
[23.242s] [ 40%] [32mBuilding CXX object example/b2/CMakeFiles/b2_stand_example.dir/b2_stand_example.cpp.o[0m
[27.752s] [ 42%] [32m[1mLinking CXX executable ../../bin/b2_stand_example[0m
[28.060s] [ 42%] Built target b2_stand_example
[28.082s] [ 43%] [32mBuilding CXX object example/h1/CMakeFiles/h1_loco_client.dir/high_level/h1_loco_client_example.cpp.o[0m
[29.566s] [ 45%] [32m[1mLinking CXX executable ../../bin/h1_loco_client[0m
[29.811s] [ 45%] Built target h1_loco_client
[29.826s] [ 46%] [32mBuilding CXX object example/h1/CMakeFiles/h1_low_level_example.dir/low_level/humanoid.cpp.o[0m
[31.840s] [ 48%] [32mBuilding CXX object example/h1/CMakeFiles/h1_27dof_example.dir/low_level/h1_27dof_example.cpp.o[0m
[35.179s] [ 50%] [32m[1mLinking CXX executable ../../bin/h1_low_level_example[0m
[35.512s] [ 50%] Built target h1_low_level_example
[35.543s] [ 51%] [32mBuilding CXX object example/h1/CMakeFiles/h1_2_ankle_track.dir/low_level/h1_2_ankle_track.cpp.o[0m
[37.021s] [ 53%] [32m[1mLinking CXX executable ../../bin/h1_27dof_example[0m
[37.294s] [ 53%] Built target h1_27dof_example
[39.636s] [ 54%] [32m[1mLinking CXX executable ../../bin/h1_2_ankle_track[0m
[39.861s] [ 54%] Built target h1_2_ankle_track
[39.878s] [ 56%] [32mBuilding CXX object example/h1/CMakeFiles/h1_arm_sdk_dds_example.dir/high_level/h1_arm_sdk_dds_example.cpp.o[0m
[43.957s] [ 57%] [32m[1mLinking CXX executable ../../bin/h1_arm_sdk_dds_example[0m
[44.147s] [ 57%] Built target h1_arm_sdk_dds_example
[44.163s] [ 59%] [32mBuilding CXX object example/h1/CMakeFiles/h1_2_arm_sdk_dds_example.dir/high_level/h1_2_arm_sdk_dds_example.cpp.o[0m
[47.174s] [ 60%] [32mBuilding CXX object example/g1/CMakeFiles/g1_loco_client.dir/high_level/g1_loco_client_example.cpp.o[0m
[47.878s] [ 62%] [32m[1mLinking CXX executable ../../bin/h1_2_arm_sdk_dds_example[0m
[48.121s] [ 62%] Built target h1_2_arm_sdk_dds_example
[48.143s] [ 63%] [32mBuilding CXX object example/g1/CMakeFiles/g1_arm5_sdk_dds_example.dir/high_level/g1_arm5_sdk_dds_example.cpp.o[0m
[48.962s] [ 65%] [32m[1mLinking CXX executable ../../bin/g1_loco_client[0m
[49.250s] [ 65%] Built target g1_loco_client
[49.266s] [ 66%] [32mBuilding CXX object example/g1/CMakeFiles/g1_arm7_sdk_dds_example.dir/high_level/g1_arm7_sdk_dds_example.cpp.o[0m
[52.894s] [ 68%] [32m[1mLinking CXX executable ../../bin/g1_arm5_sdk_dds_example[0m
[53.128s] [ 68%] Built target g1_arm5_sdk_dds_example
[53.157s] [ 69%] [32mBuilding CXX object example/g1/CMakeFiles/g1_arm_action_example.dir/high_level/g1_arm_action_example.cpp.o[0m
[53.922s] [ 71%] [32m[1mLinking CXX executable ../../bin/g1_arm7_sdk_dds_example[0m
[54.163s] [ 71%] Built target g1_arm7_sdk_dds_example
[54.180s] [ 72%] [32mBuilding CXX object example/g1/CMakeFiles/g1_ankle_swing_example.dir/low_level/g1_ankle_swing_example.cpp.o[0m
[54.507s] [ 74%] [32m[1mLinking CXX executable ../../bin/g1_arm_action_example[0m
[54.912s] [ 74%] Built target g1_arm_action_example
[54.929s] [ 75%] [32mBuilding CXX object example/g1/CMakeFiles/g1_audio_client_example.dir/audio/g1_audio_client_example.cpp.o[0m
[58.114s] [ 77%] [32m[1mLinking CXX executable ../../bin/g1_audio_client_example[0m
[58.430s] [ 77%] Built target g1_audio_client_example
[60.284s] [ 78%] [32m[1mLinking CXX executable ../../bin/g1_ankle_swing_example[0m
[60.536s] [ 78%] Built target g1_ankle_swing_example
[60.551s] [ 80%] [32mBuilding CXX object example/g1/CMakeFiles/g1_dex3_example.dir/dex3/g1_dex3_example.cpp.o[0m
[64.939s] [ 81%] [32m[1mLinking CXX executable ../../bin/g1_dex3_example[0m
[65.152s] [ 81%] Built target g1_dex3_example
[65.168s] [ 83%] [32mBuilding CXX object example/g1/CMakeFiles/g1_termination.dir/low_level/terminations.cpp.o[0m
[67.179s] [ 84%] [32mBuilding CXX object example/g1/CMakeFiles/g1_dual_arm_example.dir/low_level/g1_dual_arm_example.cpp.o[0m
[69.715s] [ 86%] [32m[1mLinking CXX executable ../../bin/g1_termination[0m
[69.977s] [ 86%] Built target g1_termination
[69.994s] [ 87%] [32mBuilding CXX object example/go2w/CMakeFiles/go2w_sport_client.dir/go2w_sport_client.cpp.o[0m
[73.024s] [ 89%] [32m[1mLinking CXX executable ../../bin/g1_dual_arm_example[0m
[73.323s] [ 89%] Built target g1_dual_arm_example
[73.637s] [ 90%] [32m[1mLinking CXX executable ../../bin/go2w_sport_client[0m
[73.902s] [ 90%] Built target go2w_sport_client
[73.919s] [ 92%] [32mBuilding CXX object example/go2w/CMakeFiles/go2w_stand_example.dir/go2w_stand_example.cpp.o[0m
[78.469s] [ 93%] [32m[1mLinking CXX executable ../../bin/go2w_stand_example[0m
[78.741s] [ 93%] Built target go2w_stand_example
[78.758s] [ 95%] [32mBuilding CXX object example/b2w/CMakeFiles/b2w_sport_client.dir/b2w_sport_client.cpp.o[0m
[79.635s] [ 96%] [32m[1mLinking CXX executable ../../bin/b2w_sport_client[0m
[79.874s] [ 96%] Built target b2w_sport_client
[79.889s] [ 98%] [32mBuilding CXX object example/b2w/CMakeFiles/b2w_stand_example.dir/b2w_stand_example.cpp.o[0m
[84.365s] [100%] [32m[1mLinking CXX executable ../../bin/b2w_stand_example[0m
[84.648s] [100%] Built target b2w_stand_example
[84.659s] Invoked command in '/home/yzz/ROS2_WS/build/unitree_sdk2' returned '0': /usr/bin/cmake --build /home/yzz/ROS2_WS/build/unitree_sdk2 -- -j2 -l2
[84.666s] Invoking command in '/home/yzz/ROS2_WS/build/unitree_sdk2': /usr/bin/cmake --install /home/yzz/ROS2_WS/build/unitree_sdk2
[84.671s] -- Install configuration: "Release"
[84.671s] -- Installing: /home/yzz/ROS2_WS/install/unitree_sdk2/include
[84.671s] -- Installing: /home/yzz/ROS2_WS/install/unitree_sdk2/include/unitree
[84.671s] -- Installing: /home/yzz/ROS2_WS/install/unitree_sdk2/include/unitree/robot
[84.671s] -- Installing: /home/yzz/ROS2_WS/install/unitree_sdk2/include/unitree/robot/b2
[84.671s] -- Installing: /home/yzz/ROS2_WS/install/unitree_sdk2/include/unitree/robot/b2/motion_switcher
[84.671s] -- Installing: /home/yzz/ROS2_WS/install/unitree_sdk2/include/unitree/robot/b2/motion_switcher/motion_switcher_api.hpp
[84.671s] -- Installing: /home/yzz/ROS2_WS/install/unitree_sdk2/include/unitree/robot/b2/motion_switcher/motion_switcher_error.hpp
[84.671s] -- Installing: /home/yzz/ROS2_WS/install/unitree_sdk2/include/unitree/robot/b2/motion_switcher/motion_switcher_client.hpp
[84.672s] -- Installing: /home/yzz/ROS2_WS/install/unitree_sdk2/include/unitree/robot/b2/sport
[84.672s] -- Installing: /home/yzz/ROS2_WS/install/unitree_sdk2/include/unitree/robot/b2/sport/sport_api.hpp
[84.672s] -- Installing: /home/yzz/ROS2_WS/install/unitree_sdk2/include/unitree/robot/b2/sport/sport_client.hpp
[84.672s] -- Installing: /home/yzz/ROS2_WS/install/unitree_sdk2/include/unitree/robot/b2/sport/sport_error.hpp
[84.672s] -- Installing: /home/yzz/ROS2_WS/install/unitree_sdk2/include/unitree/robot/b2/config
[84.672s] -- Installing: /home/yzz/ROS2_WS/install/unitree_sdk2/include/unitree/robot/b2/config/config_error.hpp
[84.672s] -- Installing: /home/yzz/ROS2_WS/install/unitree_sdk2/include/unitree/robot/b2/config/config_client.hpp
[84.672s] -- Installing: /home/yzz/ROS2_WS/install/unitree_sdk2/include/unitree/robot/b2/config/config_api.hpp
[84.674s] -- Installing: /home/yzz/ROS2_WS/install/unitree_sdk2/include/unitree/robot/b2/back_video
[84.674s] -- Installing: /home/yzz/ROS2_WS/install/unitree_sdk2/include/unitree/robot/b2/back_video/back_video_client.hpp
[84.674s] -- Installing: /home/yzz/ROS2_WS/install/unitree_sdk2/include/unitree/robot/b2/back_video/back_video_api.hpp
[84.674s] -- Installing: /home/yzz/ROS2_WS/install/unitree_sdk2/include/unitree/robot/b2/back_video/back_video_error.hpp
[84.674s] -- Installing: /home/yzz/ROS2_WS/install/unitree_sdk2/include/unitree/robot/b2/front_video
[84.674s] -- Installing: /home/yzz/ROS2_WS/install/unitree_sdk2/include/unitree/robot/b2/front_video/front_video_client.hpp
[84.674s] -- Installing: /home/yzz/ROS2_WS/install/unitree_sdk2/include/unitree/robot/b2/front_video/front_video_api.hpp
[84.675s] -- Installing: /home/yzz/ROS2_WS/install/unitree_sdk2/include/unitree/robot/b2/front_video/front_video_error.hpp
[84.675s] -- Installing: /home/yzz/ROS2_WS/install/unitree_sdk2/include/unitree/robot/b2/robot_state
[84.675s] -- Installing: /home/yzz/ROS2_WS/install/unitree_sdk2/include/unitree/robot/b2/robot_state/robot_state_error.hpp
[84.675s] -- Installing: /home/yzz/ROS2_WS/install/unitree_sdk2/include/unitree/robot/b2/robot_state/robot_state_api.hpp
[84.675s] -- Installing: /home/yzz/ROS2_WS/install/unitree_sdk2/include/unitree/robot/b2/robot_state/robot_state_client.hpp
[84.675s] -- Installing: /home/yzz/ROS2_WS/install/unitree_sdk2/include/unitree/robot/internal
[84.675s] -- Installing: /home/yzz/ROS2_WS/install/unitree_sdk2/include/unitree/robot/internal/internal_request_response.hpp
[84.675s] -- Installing: /home/yzz/ROS2_WS/install/unitree_sdk2/include/unitree/robot/internal/internal_error.hpp
[84.676s] -- Installing: /home/yzz/ROS2_WS/install/unitree_sdk2/include/unitree/robot/internal/internal.hpp
[84.676s] -- Installing: /home/yzz/ROS2_WS/install/unitree_sdk2/include/unitree/robot/internal/internal_api.hpp
[84.676s] -- Installing: /home/yzz/ROS2_WS/install/unitree_sdk2/include/unitree/robot/internal/internal_idl_decl
[84.676s] -- Installing: /home/yzz/ROS2_WS/install/unitree_sdk2/include/unitree/robot/internal/internal_idl_decl/ResponseHeader_.hpp
[84.676s] -- Installing: /home/yzz/ROS2_WS/install/unitree_sdk2/include/unitree/robot/internal/internal_idl_decl/Response_.hpp
[84.676s] -- Installing: /home/yzz/ROS2_WS/install/unitree_sdk2/include/unitree/robot/internal/internal_idl_decl/Request_.hpp
[84.676s] -- Installing: /home/yzz/ROS2_WS/install/unitree_sdk2/include/unitree/robot/internal/internal_idl_decl/RequestIdentity_.hpp
[84.676s] -- Installing: /home/yzz/ROS2_WS/install/unitree_sdk2/include/unitree/robot/internal/internal_idl_decl/RequestHeader_.hpp
[84.676s] -- Installing: /home/yzz/ROS2_WS/install/unitree_sdk2/include/unitree/robot/internal/internal_idl_decl/RequestPolicy_.hpp
[84.677s] -- Installing: /home/yzz/ROS2_WS/install/unitree_sdk2/include/unitree/robot/internal/internal_idl_decl/ResponseStatus_.hpp
[84.677s] -- Installing: /home/yzz/ROS2_WS/install/unitree_sdk2/include/unitree/robot/internal/internal_idl_decl/RequestLease_.hpp
[84.677s] -- Installing: /home/yzz/ROS2_WS/install/unitree_sdk2/include/unitree/robot/g1
[84.678s] -- Installing: /home/yzz/ROS2_WS/install/unitree_sdk2/include/unitree/robot/g1/loco
[84.678s] -- Installing: /home/yzz/ROS2_WS/install/unitree_sdk2/include/unitree/robot/g1/loco/g1_loco_api.hpp
[84.678s] -- Installing: /home/yzz/ROS2_WS/install/unitree_sdk2/include/unitree/robot/g1/loco/g1_loco_error.hpp
[84.678s] -- Installing: /home/yzz/ROS2_WS/install/unitree_sdk2/include/unitree/robot/g1/loco/g1_loco_client.hpp
[84.678s] -- Installing: /home/yzz/ROS2_WS/install/unitree_sdk2/include/unitree/robot/g1/audio
[84.678s] -- Installing: /home/yzz/ROS2_WS/install/unitree_sdk2/include/unitree/robot/g1/audio/g1_audio_client.hpp
[84.678s] -- Installing: /home/yzz/ROS2_WS/install/unitree_sdk2/include/unitree/robot/g1/audio/g1_audio_error.hpp
[84.678s] -- Installing: /home/yzz/ROS2_WS/install/unitree_sdk2/include/unitree/robot/g1/audio/g1_audio_api.hpp
[84.678s] -- Installing: /home/yzz/ROS2_WS/install/unitree_sdk2/include/unitree/robot/g1/arm
[84.678s] -- Installing: /home/yzz/ROS2_WS/install/unitree_sdk2/include/unitree/robot/g1/arm/g1_arm_action_client.hpp
[84.678s] -- Installing: /home/yzz/ROS2_WS/install/unitree_sdk2/include/unitree/robot/g1/arm/g1_arm_action_api.hpp
[84.678s] -- Installing: /home/yzz/ROS2_WS/install/unitree_sdk2/include/unitree/robot/g1/arm/g1_arm_action_error.hpp
[84.678s] -- Installing: /home/yzz/ROS2_WS/install/unitree_sdk2/include/unitree/robot/g1/common
[84.678s] -- Installing: /home/yzz/ROS2_WS/install/unitree_sdk2/include/unitree/robot/g1/common/terminations.hpp
[84.678s] -- Installing: /home/yzz/ROS2_WS/install/unitree_sdk2/include/unitree/robot/go2
[84.679s] -- Installing: /home/yzz/ROS2_WS/install/unitree_sdk2/include/unitree/robot/go2/obstacles_avoid
[84.679s] -- Installing: /home/yzz/ROS2_WS/install/unitree_sdk2/include/unitree/robot/go2/obstacles_avoid/obstacles_avoid_api.hpp
[84.679s] -- Installing: /home/yzz/ROS2_WS/install/unitree_sdk2/include/unitree/robot/go2/obstacles_avoid/obstacles_avoid_client.hpp
[84.679s] -- Installing: /home/yzz/ROS2_WS/install/unitree_sdk2/include/unitree/robot/go2/public
[84.679s] -- Installing: /home/yzz/ROS2_WS/install/unitree_sdk2/include/unitree/robot/go2/public/jsonize_type.hpp
[84.679s] -- Installing: /home/yzz/ROS2_WS/install/unitree_sdk2/include/unitree/robot/go2/vui
[84.680s] -- Installing: /home/yzz/ROS2_WS/install/unitree_sdk2/include/unitree/robot/go2/vui/vui_api.hpp
[84.680s] -- Installing: /home/yzz/ROS2_WS/install/unitree_sdk2/include/unitree/robot/go2/vui/vui_error.hpp
[84.680s] -- Installing: /home/yzz/ROS2_WS/install/unitree_sdk2/include/unitree/robot/go2/vui/vui_client.hpp
[84.680s] -- Installing: /home/yzz/ROS2_WS/install/unitree_sdk2/include/unitree/robot/go2/sport
[84.680s] -- Installing: /home/yzz/ROS2_WS/install/unitree_sdk2/include/unitree/robot/go2/sport/sport_api.hpp
[84.680s] -- Installing: /home/yzz/ROS2_WS/install/unitree_sdk2/include/unitree/robot/go2/sport/sport_client.hpp
[84.681s] -- Installing: /home/yzz/ROS2_WS/install/unitree_sdk2/include/unitree/robot/go2/sport/sport_error.hpp
[84.681s] -- Installing: /home/yzz/ROS2_WS/install/unitree_sdk2/include/unitree/robot/go2/config
[84.681s] -- Installing: /home/yzz/ROS2_WS/install/unitree_sdk2/include/unitree/robot/go2/config/config_error.hpp
[84.681s] -- Installing: /home/yzz/ROS2_WS/install/unitree_sdk2/include/unitree/robot/go2/config/config_client.hpp
[84.681s] -- Installing: /home/yzz/ROS2_WS/install/unitree_sdk2/include/unitree/robot/go2/config/config_api.hpp
[84.682s] -- Installing: /home/yzz/ROS2_WS/install/unitree_sdk2/include/unitree/robot/go2/utrack
[84.682s] -- Installing: /home/yzz/ROS2_WS/install/unitree_sdk2/include/unitree/robot/go2/utrack/utrack_client.hpp
[84.683s] -- Installing: /home/yzz/ROS2_WS/install/unitree_sdk2/include/unitree/robot/go2/utrack/utrack_api.hpp
[84.683s] -- Installing: /home/yzz/ROS2_WS/install/unitree_sdk2/include/unitree/robot/go2/video
[84.683s] -- Installing: /home/yzz/ROS2_WS/install/unitree_sdk2/include/unitree/robot/go2/video/video_api.hpp
[84.683s] -- Installing: /home/yzz/ROS2_WS/install/unitree_sdk2/include/unitree/robot/go2/video/video_error.hpp
[84.684s] -- Installing: /home/yzz/ROS2_WS/install/unitree_sdk2/include/unitree/robot/go2/video/video_client.hpp
[84.684s] -- Installing: /home/yzz/ROS2_WS/install/unitree_sdk2/include/unitree/robot/go2/robot_state
[84.684s] -- Installing: /home/yzz/ROS2_WS/install/unitree_sdk2/include/unitree/robot/go2/robot_state/robot_state_error.hpp
[84.685s] -- Installing: /home/yzz/ROS2_WS/install/unitree_sdk2/include/unitree/robot/go2/robot_state/robot_state_api.hpp
[84.685s] -- Installing: /home/yzz/ROS2_WS/install/unitree_sdk2/include/unitree/robot/go2/robot_state/robot_state_client.hpp
[84.685s] -- Installing: /home/yzz/ROS2_WS/install/unitree_sdk2/include/unitree/robot/future
[84.685s] -- Installing: /home/yzz/ROS2_WS/install/unitree_sdk2/include/unitree/robot/future/request_future.hpp
[84.685s] -- Installing: /home/yzz/ROS2_WS/install/unitree_sdk2/include/unitree/robot/client
[84.685s] -- Installing: /home/yzz/ROS2_WS/install/unitree_sdk2/include/unitree/robot/client/client_base.hpp
[84.685s] -- Installing: /home/yzz/ROS2_WS/install/unitree_sdk2/include/unitree/robot/client/client_stub.hpp
[84.686s] -- Installing: /home/yzz/ROS2_WS/install/unitree_sdk2/include/unitree/robot/client/client.hpp
[84.686s] -- Installing: /home/yzz/ROS2_WS/install/unitree_sdk2/include/unitree/robot/client/lease_client.hpp
[84.686s] -- Installing: /home/yzz/ROS2_WS/install/unitree_sdk2/include/unitree/robot/channel
[84.686s] -- Installing: /home/yzz/ROS2_WS/install/unitree_sdk2/include/unitree/robot/channel/channel_namer.hpp
[84.686s] -- Installing: /home/yzz/ROS2_WS/install/unitree_sdk2/include/unitree/robot/channel/channel_factory.hpp
[84.686s] -- Installing: /home/yzz/ROS2_WS/install/unitree_sdk2/include/unitree/robot/channel/channel_subscriber.hpp
[84.686s] -- Installing: /home/yzz/ROS2_WS/install/unitree_sdk2/include/unitree/robot/channel/channel_labor.hpp
[84.686s] -- Installing: /home/yzz/ROS2_WS/install/unitree_sdk2/include/unitree/robot/channel/channel_publisher.hpp
[84.686s] -- Installing: /home/yzz/ROS2_WS/install/unitree_sdk2/include/unitree/robot/server
[84.686s] -- Installing: /home/yzz/ROS2_WS/install/unitree_sdk2/include/unitree/robot/server/server_stub.hpp
[84.687s] -- Installing: /home/yzz/ROS2_WS/install/unitree_sdk2/include/unitree/robot/server/server_base.hpp
[84.687s] -- Installing: /home/yzz/ROS2_WS/install/unitree_sdk2/include/unitree/robot/server/lease_server.hpp
[84.687s] -- Installing: /home/yzz/ROS2_WS/install/unitree_sdk2/include/unitree/robot/server/server.hpp
[84.688s] -- Installing: /home/yzz/ROS2_WS/install/unitree_sdk2/include/unitree/robot/serialize
[84.688s] -- Installing: /home/yzz/ROS2_WS/install/unitree_sdk2/include/unitree/robot/serialize/serialize.hpp
[84.688s] -- Installing: /home/yzz/ROS2_WS/install/unitree_sdk2/include/unitree/robot/h1
[84.688s] -- Installing: /home/yzz/ROS2_WS/install/unitree_sdk2/include/unitree/robot/h1/loco
[84.688s] -- Installing: /home/yzz/ROS2_WS/install/unitree_sdk2/include/unitree/robot/h1/loco/h1_loco_api.hpp
[84.688s] -- Installing: /home/yzz/ROS2_WS/install/unitree_sdk2/include/unitree/robot/h1/loco/h1_loco_error.hpp
[84.689s] -- Installing: /home/yzz/ROS2_WS/install/unitree_sdk2/include/unitree/robot/h1/loco/h1_loco_client.hpp
[84.689s] -- Installing: /home/yzz/ROS2_WS/install/unitree_sdk2/include/unitree/common
[84.689s] -- Installing: /home/yzz/ROS2_WS/install/unitree_sdk2/include/unitree/common/os.hpp
[84.689s] -- Installing: /home/yzz/ROS2_WS/install/unitree_sdk2/include/unitree/common/filesystem
[84.689s] -- Installing: /home/yzz/ROS2_WS/install/unitree_sdk2/include/unitree/common/filesystem/directory.hpp
[84.689s] -- Installing: /home/yzz/ROS2_WS/install/unitree_sdk2/include/unitree/common/filesystem/filesystem.hpp
[84.690s] -- Installing: /home/yzz/ROS2_WS/install/unitree_sdk2/include/unitree/common/filesystem/file.hpp
[84.690s] -- Installing: /home/yzz/ROS2_WS/install/unitree_sdk2/include/unitree/common/lock
[84.690s] -- Installing: /home/yzz/ROS2_WS/install/unitree_sdk2/include/unitree/common/lock/lock.hpp
[84.690s] -- Installing: /home/yzz/ROS2_WS/install/unitree_sdk2/include/unitree/common/assert.hpp
[84.690s] -- Installing: /home/yzz/ROS2_WS/install/unitree_sdk2/include/unitree/common/decl.hpp
[84.690s] -- Installing: /home/yzz/ROS2_WS/install/unitree_sdk2/include/unitree/common/thread
[84.690s] -- Installing: /home/yzz/ROS2_WS/install/unitree_sdk2/include/unitree/common/thread/thread_decl.hpp
[84.691s] -- Installing: /home/yzz/ROS2_WS/install/unitree_sdk2/include/unitree/common/thread/future.hpp
[84.691s] -- Installing: /home/yzz/ROS2_WS/install/unitree_sdk2/include/unitree/common/thread/recurrent_thread.hpp
[84.691s] -- Installing: /home/yzz/ROS2_WS/install/unitree_sdk2/include/unitree/common/thread/thread.hpp
[84.691s] -- Installing: /home/yzz/ROS2_WS/install/unitree_sdk2/include/unitree/common/thread/thread_pool.hpp
[84.691s] -- Installing: /home/yzz/ROS2_WS/install/unitree_sdk2/include/unitree/common/thread/thread_task.hpp
[84.691s] -- Installing: /home/yzz/ROS2_WS/install/unitree_sdk2/include/unitree/common/error.hpp
[84.692s] -- Installing: /home/yzz/ROS2_WS/install/unitree_sdk2/include/unitree/common/time
[84.692s] -- Installing: /home/yzz/ROS2_WS/install/unitree_sdk2/include/unitree/common/time/time_tool.hpp
[84.692s] -- Installing: /home/yzz/ROS2_WS/install/unitree_sdk2/include/unitree/common/time/sleep.hpp
[84.692s] -- Installing: /home/yzz/ROS2_WS/install/unitree_sdk2/include/unitree/common/service
[84.692s] -- Installing: /home/yzz/ROS2_WS/install/unitree_sdk2/include/unitree/common/service/dds_service.hpp
[84.692s] -- Installing: /home/yzz/ROS2_WS/install/unitree_sdk2/include/unitree/common/service/base
[84.692s] -- Installing: /home/yzz/ROS2_WS/install/unitree_sdk2/include/unitree/common/service/base/service_config.hpp
[84.693s] -- Installing: /home/yzz/ROS2_WS/install/unitree_sdk2/include/unitree/common/service/base/service_decl.hpp
[84.693s] -- Installing: /home/yzz/ROS2_WS/install/unitree_sdk2/include/unitree/common/service/base/service_base.hpp
[84.693s] -- Installing: /home/yzz/ROS2_WS/install/unitree_sdk2/include/unitree/common/service/base/service_application.hpp
[84.693s] -- Installing: /home/yzz/ROS2_WS/install/unitree_sdk2/include/unitree/common/exception.hpp
[84.694s] -- Installing: /home/yzz/ROS2_WS/install/unitree_sdk2/include/unitree/common/string_tool.hpp
[84.694s] -- Installing: /home/yzz/ROS2_WS/install/unitree_sdk2/include/unitree/common/dds
[84.694s] -- Installing: /home/yzz/ROS2_WS/install/unitree_sdk2/include/unitree/common/dds/dds_parameter.hpp
[84.694s] -- Installing: /home/yzz/ROS2_WS/install/unitree_sdk2/include/unitree/common/dds/dds_qos_realize.hpp
[84.694s] -- Installing: /home/yzz/ROS2_WS/install/unitree_sdk2/include/unitree/common/dds/dds_factory_model.hpp
[84.695s] -- Installing: /home/yzz/ROS2_WS/install/unitree_sdk2/include/unitree/common/dds/dds_qos_parameter.hpp
[84.695s] -- Installing: /home/yzz/ROS2_WS/install/unitree_sdk2/include/unitree/common/dds/dds_topic_channel.hpp
[84.695s] -- Installing: /home/yzz/ROS2_WS/install/unitree_sdk2/include/unitree/common/dds/dds_native.hpp
[84.695s] -- Installing: /home/yzz/ROS2_WS/install/unitree_sdk2/include/unitree/common/dds/dds_qos_policy.hpp
[84.695s] -- Installing: /home/yzz/ROS2_WS/install/unitree_sdk2/include/unitree/common/dds/dds_error.hpp
[84.695s] -- Installing: /home/yzz/ROS2_WS/install/unitree_sdk2/include/unitree/common/dds/dds_exception.hpp
[84.695s] -- Installing: /home/yzz/ROS2_WS/install/unitree_sdk2/include/unitree/common/dds/dds_callback.hpp
[84.696s] -- Installing: /home/yzz/ROS2_WS/install/unitree_sdk2/include/unitree/common/dds/dds_entity.hpp
[84.696s] -- Installing: /home/yzz/ROS2_WS/install/unitree_sdk2/include/unitree/common/dds/dds_qos_policy_parameter.hpp
[84.696s] -- Installing: /home/yzz/ROS2_WS/install/unitree_sdk2/include/unitree/common/dds/dds_traits.hpp
[84.696s] -- Installing: /home/yzz/ROS2_WS/install/unitree_sdk2/include/unitree/common/dds/dds_easy_model.hpp
[84.696s] -- Installing: /home/yzz/ROS2_WS/install/unitree_sdk2/include/unitree/common/dds/dds_qos.hpp
[84.696s] -- Installing: /home/yzz/ROS2_WS/install/unitree_sdk2/include/unitree/common/log
[84.697s] -- Installing: /home/yzz/ROS2_WS/install/unitree_sdk2/include/unitree/common/log/log.hpp
[84.697s] -- Installing: /home/yzz/ROS2_WS/install/unitree_sdk2/include/unitree/common/log/log_decl.hpp
[84.697s] -- Installing: /home/yzz/ROS2_WS/install/unitree_sdk2/include/unitree/common/log/log_initor.hpp
[84.697s] -- Installing: /home/yzz/ROS2_WS/install/unitree_sdk2/include/unitree/common/log/log_writer.hpp
[84.698s] -- Installing: /home/yzz/ROS2_WS/install/unitree_sdk2/include/unitree/common/log/log_store.hpp
[84.698s] -- Installing: /home/yzz/ROS2_WS/install/unitree_sdk2/include/unitree/common/log/log_keeper.hpp
[84.698s] -- Installing: /home/yzz/ROS2_WS/install/unitree_sdk2/include/unitree/common/log/log_logger.hpp
[84.699s] -- Installing: /home/yzz/ROS2_WS/install/unitree_sdk2/include/unitree/common/log/log_policy.hpp
[84.699s] -- Installing: /home/yzz/ROS2_WS/install/unitree_sdk2/include/unitree/common/log/log_buffer.hpp
[84.699s] -- Installing: /home/yzz/ROS2_WS/install/unitree_sdk2/include/unitree/common/json
[84.699s] -- Installing: /home/yzz/ROS2_WS/install/unitree_sdk2/include/unitree/common/json/json_config.hpp
[84.700s] -- Installing: /home/yzz/ROS2_WS/install/unitree_sdk2/include/unitree/common/json/json.hpp
[84.700s] -- Installing: /home/yzz/ROS2_WS/install/unitree_sdk2/include/unitree/common/json/jsonize.hpp
[84.700s] -- Installing: /home/yzz/ROS2_WS/install/unitree_sdk2/include/unitree/common/any.hpp
[84.700s] -- Installing: /home/yzz/ROS2_WS/install/unitree_sdk2/include/unitree/common/block_queue.hpp
[84.700s] -- Installing: /home/yzz/ROS2_WS/install/unitree_sdk2/include/unitree/idl
[84.700s] -- Installing: /home/yzz/ROS2_WS/install/unitree_sdk2/include/unitree/idl/go2
[84.700s] -- Installing: /home/yzz/ROS2_WS/install/unitree_sdk2/include/unitree/idl/go2/InterfaceConfig_.hpp
[84.700s] -- Installing: /home/yzz/ROS2_WS/install/unitree_sdk2/include/unitree/idl/go2/WirelessController_.hpp
[84.702s] -- Installing: /home/yzz/ROS2_WS/install/unitree_sdk2/include/unitree/idl/go2/BmsState_.hpp
[84.702s] -- Installing: /home/yzz/ROS2_WS/install/unitree_sdk2/include/unitree/idl/go2/LowState_.hpp
[84.702s] -- Installing: /home/yzz/ROS2_WS/install/unitree_sdk2/include/unitree/idl/go2/MotorState_.hpp
[84.702s] -- Installing: /home/yzz/ROS2_WS/install/unitree_sdk2/include/unitree/idl/go2/UwbState_.hpp
[84.703s] -- Installing: /home/yzz/ROS2_WS/install/unitree_sdk2/include/unitree/idl/go2/Req_.hpp
[84.703s] -- Installing: /home/yzz/ROS2_WS/install/unitree_sdk2/include/unitree/idl/go2/AudioData_.hpp
[84.704s] -- Installing: /home/yzz/ROS2_WS/install/unitree_sdk2/include/unitree/idl/go2/UwbSwitch_.hpp
[84.704s] -- Installing: /home/yzz/ROS2_WS/install/unitree_sdk2/include/unitree/idl/go2/MotorStates_.hpp
[84.704s] -- Installing: /home/yzz/ROS2_WS/install/unitree_sdk2/include/unitree/idl/go2/PathPoint_.hpp
[84.704s] -- Installing: /home/yzz/ROS2_WS/install/unitree_sdk2/include/unitree/idl/go2/TimeSpec_.hpp
[84.704s] -- Installing: /home/yzz/ROS2_WS/install/unitree_sdk2/include/unitree/idl/go2/Res_.hpp
[84.704s] -- Installing: /home/yzz/ROS2_WS/install/unitree_sdk2/include/unitree/idl/go2/BmsCmd_.hpp
[84.704s] -- Installing: /home/yzz/ROS2_WS/install/unitree_sdk2/include/unitree/idl/go2/MotorCmds_.hpp
[84.706s] -- Installing: /home/yzz/ROS2_WS/install/unitree_sdk2/include/unitree/idl/go2/HeightMap_.hpp
[84.706s] -- Installing: /home/yzz/ROS2_WS/install/unitree_sdk2/include/unitree/idl/go2/IMUState_.hpp
[84.706s] -- Installing: /home/yzz/ROS2_WS/install/unitree_sdk2/include/unitree/idl/go2/Go2FrontVideoData_.hpp
[84.707s] -- Installing: /home/yzz/ROS2_WS/install/unitree_sdk2/include/unitree/idl/go2/LidarState_.hpp
[84.707s] -- Installing: /home/yzz/ROS2_WS/install/unitree_sdk2/include/unitree/idl/go2/SportModeState_.hpp
[84.707s] -- Installing: /home/yzz/ROS2_WS/install/unitree_sdk2/include/unitree/idl/go2/SportModeCmd_.hpp
[84.708s] -- Installing: /home/yzz/ROS2_WS/install/unitree_sdk2/include/unitree/idl/go2/MotorCmd_.hpp
[84.708s] -- Installing: /home/yzz/ROS2_WS/install/unitree_sdk2/include/unitree/idl/go2/ConfigChangeStatus_.hpp
[84.708s] -- Installing: /home/yzz/ROS2_WS/install/unitree_sdk2/include/unitree/idl/go2/Error_.hpp
[84.709s] -- Installing: /home/yzz/ROS2_WS/install/unitree_sdk2/include/unitree/idl/go2/VoxelMapCompressed_.hpp
[84.709s] -- Installing: /home/yzz/ROS2_WS/install/unitree_sdk2/include/unitree/idl/go2/LowCmd_.hpp
[84.709s] -- Installing: /home/yzz/ROS2_WS/install/unitree_sdk2/include/unitree/idl/ros2
[84.709s] -- Installing: /home/yzz/ROS2_WS/install/unitree_sdk2/include/unitree/idl/ros2/PointStamped_.hpp
[84.709s] -- Installing: /home/yzz/ROS2_WS/install/unitree_sdk2/include/unitree/idl/ros2/Twist_.hpp
[84.709s] -- Installing: /home/yzz/ROS2_WS/install/unitree_sdk2/include/unitree/idl/ros2/Odometry_.hpp
[84.709s] -- Installing: /home/yzz/ROS2_WS/install/unitree_sdk2/include/unitree/idl/ros2/PoseStamped_.hpp
[84.710s] -- Installing: /home/yzz/ROS2_WS/install/unitree_sdk2/include/unitree/idl/ros2/TwistWithCovarianceStamped_.hpp
[84.710s] -- Installing: /home/yzz/ROS2_WS/install/unitree_sdk2/include/unitree/idl/ros2/Point32_.hpp
[84.710s] -- Installing: /home/yzz/ROS2_WS/install/unitree_sdk2/include/unitree/idl/ros2/MapMetaData_.hpp
[84.710s] -- Installing: /home/yzz/ROS2_WS/install/unitree_sdk2/include/unitree/idl/ros2/PoseWithCovariance_.hpp
[84.710s] -- Installing: /home/yzz/ROS2_WS/install/unitree_sdk2/include/unitree/idl/ros2/Imu_.hpp
[84.711s] -- Installing: /home/yzz/ROS2_WS/install/unitree_sdk2/include/unitree/idl/ros2/PoseWithCovarianceStamped_.hpp
[84.711s] -- Installing: /home/yzz/ROS2_WS/install/unitree_sdk2/include/unitree/idl/ros2/Header_.hpp
[84.711s] -- Installing: /home/yzz/ROS2_WS/install/unitree_sdk2/include/unitree/idl/ros2/PointCloud2_.hpp
[84.711s] -- Installing: /home/yzz/ROS2_WS/install/unitree_sdk2/include/unitree/idl/ros2/Pose_.hpp
[84.711s] -- Installing: /home/yzz/ROS2_WS/install/unitree_sdk2/include/unitree/idl/ros2/PointField_.hpp
[84.712s] -- Installing: /home/yzz/ROS2_WS/install/unitree_sdk2/include/unitree/idl/ros2/Time_.hpp
[84.712s] -- Installing: /home/yzz/ROS2_WS/install/unitree_sdk2/include/unitree/idl/ros2/QuaternionStamped_.hpp
[84.712s] -- Installing: /home/yzz/ROS2_WS/install/unitree_sdk2/include/unitree/idl/ros2/Vector3_.hpp
[84.712s] -- Installing: /home/yzz/ROS2_WS/install/unitree_sdk2/include/unitree/idl/ros2/TwistWithCovariance_.hpp
[84.713s] -- Installing: /home/yzz/ROS2_WS/install/unitree_sdk2/include/unitree/idl/ros2/TwistStamped_.hpp
[84.713s] -- Installing: /home/yzz/ROS2_WS/install/unitree_sdk2/include/unitree/idl/ros2/Quaternion_.hpp
[84.713s] -- Installing: /home/yzz/ROS2_WS/install/unitree_sdk2/include/unitree/idl/ros2/Pose2D_.hpp
[84.713s] -- Installing: /home/yzz/ROS2_WS/install/unitree_sdk2/include/unitree/idl/ros2/String_.hpp
[84.713s] -- Installing: /home/yzz/ROS2_WS/install/unitree_sdk2/include/unitree/idl/ros2/OccupancyGrid_.hpp
[84.714s] -- Installing: /home/yzz/ROS2_WS/install/unitree_sdk2/include/unitree/idl/ros2/Point_.hpp
[84.714s] -- Installing: /home/yzz/ROS2_WS/install/unitree_sdk2/include/unitree/idl/hg_doubleimu
[84.714s] -- Installing: /home/yzz/ROS2_WS/install/unitree_sdk2/include/unitree/idl/hg_doubleimu/doubleIMUState_.hpp
[84.714s] -- Installing: /home/yzz/ROS2_WS/install/unitree_sdk2/include/unitree/idl/hg
[84.715s] -- Installing: /home/yzz/ROS2_WS/install/unitree_sdk2/include/unitree/idl/hg/BmsState_.hpp
[84.715s] -- Installing: /home/yzz/ROS2_WS/install/unitree_sdk2/include/unitree/idl/hg/HandCmd_.hpp
[84.715s] -- Installing: /home/yzz/ROS2_WS/install/unitree_sdk2/include/unitree/idl/hg/LowState_.hpp
[84.715s] -- Installing: /home/yzz/ROS2_WS/install/unitree_sdk2/include/unitree/idl/hg/MotorState_.hpp
[84.715s] -- Installing: /home/yzz/ROS2_WS/install/unitree_sdk2/include/unitree/idl/hg/HandState_.hpp
[84.715s] -- Installing: /home/yzz/ROS2_WS/install/unitree_sdk2/include/unitree/idl/hg/PressSensorState_.hpp
[84.716s] -- Installing: /home/yzz/ROS2_WS/install/unitree_sdk2/include/unitree/idl/hg/BmsCmd_.hpp
[84.716s] -- Installing: /home/yzz/ROS2_WS/install/unitree_sdk2/include/unitree/idl/hg/IMUState_.hpp
[84.716s] -- Installing: /home/yzz/ROS2_WS/install/unitree_sdk2/include/unitree/idl/hg/MainBoardState_.hpp
[84.716s] -- Installing: /home/yzz/ROS2_WS/install/unitree_sdk2/include/unitree/idl/hg/MotorCmd_.hpp
[84.716s] -- Installing: /home/yzz/ROS2_WS/install/unitree_sdk2/include/unitree/idl/hg/LowCmd_.hpp
[84.716s] -- Installing: /home/yzz/ROS2_WS/install/unitree_sdk2/lib/libunitree_sdk2.a
[84.769s] -- Installing: /home/yzz/ROS2_WS/install/unitree_sdk2/lib/cmake/unitree_sdk2/unitree_sdk2Targets.cmake
[84.769s] -- Installing: /home/yzz/ROS2_WS/install/unitree_sdk2/lib/cmake/unitree_sdk2/unitree_sdk2Config.cmake
[84.769s] -- Installing: /home/yzz/ROS2_WS/install/unitree_sdk2/lib/cmake/unitree_sdk2/unitree_sdk2ConfigVersion.cmake
[84.769s] -- Installing: /home/yzz/ROS2_WS/install/unitree_sdk2/lib/libddsc.so
[84.783s] -- Installing: /home/yzz/ROS2_WS/install/unitree_sdk2/lib/libddsc.so.0
[84.783s] -- Installing: /home/yzz/ROS2_WS/install/unitree_sdk2/lib/libddscxx.so
[84.786s] -- Installing: /home/yzz/ROS2_WS/install/unitree_sdk2/lib/libddscxx.so.0
[84.786s] -- Up-to-date: /home/yzz/ROS2_WS/install/unitree_sdk2/include
[84.786s] -- Installing: /home/yzz/ROS2_WS/install/unitree_sdk2/include/ddscxx
[84.786s] -- Installing: /home/yzz/ROS2_WS/install/unitree_sdk2/include/ddscxx/dds
[84.786s] -- Installing: /home/yzz/ROS2_WS/install/unitree_sdk2/include/ddscxx/dds/sub
[84.786s] -- Installing: /home/yzz/ROS2_WS/install/unitree_sdk2/include/ddscxx/dds/sub/find.hpp
[84.786s] -- Installing: /home/yzz/ROS2_WS/install/unitree_sdk2/include/ddscxx/dds/sub/LoanedSamples.hpp
[84.786s] -- Installing: /home/yzz/ROS2_WS/install/unitree_sdk2/include/ddscxx/dds/sub/DataReader.hpp
[84.786s] -- Installing: /home/yzz/ROS2_WS/install/unitree_sdk2/include/ddscxx/dds/sub/TGenerationCount.hpp
[84.786s] -- Installing: /home/yzz/ROS2_WS/install/unitree_sdk2/include/ddscxx/dds/sub/TAnyDataReader.hpp
[84.788s] -- Installing: /home/yzz/ROS2_WS/install/unitree_sdk2/include/ddscxx/dds/sub/CoherentAccess.hpp
[84.788s] -- Installing: /home/yzz/ROS2_WS/install/unitree_sdk2/include/ddscxx/dds/sub/cond
[84.788s] -- Installing: /home/yzz/ROS2_WS/install/unitree_sdk2/include/ddscxx/dds/sub/cond/detail
[84.788s] -- Installing: /home/yzz/ROS2_WS/install/unitree_sdk2/include/ddscxx/dds/sub/cond/detail/TReadConditionImpl.hpp
[84.788s] -- Installing: /home/yzz/ROS2_WS/install/unitree_sdk2/include/ddscxx/dds/sub/cond/detail/ReadCondition.hpp
[84.788s] -- Installing: /home/yzz/ROS2_WS/install/unitree_sdk2/include/ddscxx/dds/sub/cond/detail/QueryCondition.hpp
[84.788s] -- Installing: /home/yzz/ROS2_WS/install/unitree_sdk2/include/ddscxx/dds/sub/cond/detail/TQueryConditionImpl.hpp
[84.788s] -- Installing: /home/yzz/ROS2_WS/install/unitree_sdk2/include/ddscxx/dds/sub/cond/ReadCondition.hpp
[84.788s] -- Installing: /home/yzz/ROS2_WS/install/unitree_sdk2/include/ddscxx/dds/sub/cond/QueryCondition.hpp
[84.788s] -- Installing: /home/yzz/ROS2_WS/install/unitree_sdk2/include/ddscxx/dds/sub/cond/TQueryCondition.hpp
[84.788s] -- Installing: /home/yzz/ROS2_WS/install/unitree_sdk2/include/ddscxx/dds/sub/cond/TReadCondition.hpp
[84.788s] -- Installing: /home/yzz/ROS2_WS/install/unitree_sdk2/include/ddscxx/dds/sub/TCoherentAccess.hpp
[84.788s] -- Installing: /home/yzz/ROS2_WS/install/unitree_sdk2/include/ddscxx/dds/sub/discovery.hpp
[84.788s] -- Installing: /home/yzz/ROS2_WS/install/unitree_sdk2/include/ddscxx/dds/sub/ddssub.hpp
[84.788s] -- Installing: /home/yzz/ROS2_WS/install/unitree_sdk2/include/ddscxx/dds/sub/AnyDataReader.hpp
[84.788s] -- Installing: /home/yzz/ROS2_WS/install/unitree_sdk2/include/ddscxx/dds/sub/GenerationCount.hpp
[84.788s] -- Installing: /home/yzz/ROS2_WS/install/unitree_sdk2/include/ddscxx/dds/sub/TRank.hpp
[84.788s] -- Installing: /home/yzz/ROS2_WS/install/unitree_sdk2/include/ddscxx/dds/sub/TSubscriber.hpp
[84.788s] -- Installing: /home/yzz/ROS2_WS/install/unitree_sdk2/include/ddscxx/dds/sub/detail
[84.788s] -- Installing: /home/yzz/ROS2_WS/install/unitree_sdk2/include/ddscxx/dds/sub/detail/find.hpp
[84.788s] -- Installing: /home/yzz/ROS2_WS/install/unitree_sdk2/include/ddscxx/dds/sub/detail/LoanedSamples.hpp
[84.788s] -- Installing: /home/yzz/ROS2_WS/install/unitree_sdk2/include/ddscxx/dds/sub/detail/LoanedSamplesImpl.hpp
[84.788s] -- Installing: /home/yzz/ROS2_WS/install/unitree_sdk2/include/ddscxx/dds/sub/detail/DataReader.hpp
[84.788s] -- Installing: /home/yzz/ROS2_WS/install/unitree_sdk2/include/ddscxx/dds/sub/detail/CoherentAccess.hpp
[84.788s] -- Installing: /home/yzz/ROS2_WS/install/unitree_sdk2/include/ddscxx/dds/sub/detail/discovery.hpp
[84.789s] -- Installing: /home/yzz/ROS2_WS/install/unitree_sdk2/include/ddscxx/dds/sub/detail/ddssub.hpp
[84.789s] -- Installing: /home/yzz/ROS2_WS/install/unitree_sdk2/include/ddscxx/dds/sub/detail/TSubscriberImpl.hpp
[84.789s] -- Installing: /home/yzz/ROS2_WS/install/unitree_sdk2/include/ddscxx/dds/sub/detail/AnyDataReader.hpp
[84.789s] -- Installing: /home/yzz/ROS2_WS/install/unitree_sdk2/include/ddscxx/dds/sub/detail/Manipulators.hpp
[84.789s] -- Installing: /home/yzz/ROS2_WS/install/unitree_sdk2/include/ddscxx/dds/sub/detail/TAnyDataReaderImpl.hpp
[84.789s] -- Installing: /home/yzz/ROS2_WS/install/unitree_sdk2/include/ddscxx/dds/sub/detail/SharedSamplesImpl.hpp
[84.789s] -- Installing: /home/yzz/ROS2_WS/install/unitree_sdk2/include/ddscxx/dds/sub/detail/TRankImpl.hpp
[84.789s] -- Installing: /home/yzz/ROS2_WS/install/unitree_sdk2/include/ddscxx/dds/sub/detail/GenerationCount.hpp
[84.789s] -- Installing: /home/yzz/ROS2_WS/install/unitree_sdk2/include/ddscxx/dds/sub/detail/TSampleImpl.hpp
[84.789s] -- Installing: /home/yzz/ROS2_WS/install/unitree_sdk2/include/ddscxx/dds/sub/detail/SampleRef.hpp
[84.789s] -- Installing: /home/yzz/ROS2_WS/install/unitree_sdk2/include/ddscxx/dds/sub/detail/TSampleRefImpl.hpp
[84.790s] -- Installing: /home/yzz/ROS2_WS/install/unitree_sdk2/include/ddscxx/dds/sub/detail/SharedSamples.hpp
[84.790s] -- Installing: /home/yzz/ROS2_WS/install/unitree_sdk2/include/ddscxx/dds/sub/detail/SamplesHolder.hpp
[84.790s] -- Installing: /home/yzz/ROS2_WS/install/unitree_sdk2/include/ddscxx/dds/sub/detail/Subscriber.hpp
[84.790s] -- Installing: /home/yzz/ROS2_WS/install/unitree_sdk2/include/ddscxx/dds/sub/detail/Query.hpp
[84.790s] -- Installing: /home/yzz/ROS2_WS/install/unitree_sdk2/include/ddscxx/dds/sub/detail/TCoherentAccessImpl.hpp
[84.790s] -- Installing: /home/yzz/ROS2_WS/install/unitree_sdk2/include/ddscxx/dds/sub/detail/Sample.hpp
[84.790s] -- Installing: /home/yzz/ROS2_WS/install/unitree_sdk2/include/ddscxx/dds/sub/detail/SampleInfo.hpp
[84.790s] -- Installing: /home/yzz/ROS2_WS/install/unitree_sdk2/include/ddscxx/dds/sub/detail/TSampleInfoImpl.hpp
[84.790s] -- Installing: /home/yzz/ROS2_WS/install/unitree_sdk2/include/ddscxx/dds/sub/detail/TGenerationCountImpl.hpp
[84.790s] -- Installing: /home/yzz/ROS2_WS/install/unitree_sdk2/include/ddscxx/dds/sub/detail/TQueryImpl.hpp
[84.790s] -- Installing: /home/yzz/ROS2_WS/install/unitree_sdk2/include/ddscxx/dds/sub/detail/Rank.hpp
[84.790s] -- Installing: /home/yzz/ROS2_WS/install/unitree_sdk2/include/ddscxx/dds/sub/detail/TDataReaderImpl.hpp
[84.790s] -- Installing: /home/yzz/ROS2_WS/install/unitree_sdk2/include/ddscxx/dds/sub/DataReaderListener.hpp
[84.790s] -- Installing: /home/yzz/ROS2_WS/install/unitree_sdk2/include/ddscxx/dds/sub/SubscriberListener.hpp
[84.790s] -- Installing: /home/yzz/ROS2_WS/install/unitree_sdk2/include/ddscxx/dds/sub/status
[84.790s] -- Installing: /home/yzz/ROS2_WS/install/unitree_sdk2/include/ddscxx/dds/sub/status/detail
[84.790s] -- Installing: /home/yzz/ROS2_WS/install/unitree_sdk2/include/ddscxx/dds/sub/status/detail/DataStateImpl.hpp
[84.790s] -- Installing: /home/yzz/ROS2_WS/install/unitree_sdk2/include/ddscxx/dds/sub/status/DataState.hpp
[84.792s] -- Installing: /home/yzz/ROS2_WS/install/unitree_sdk2/include/ddscxx/dds/sub/qos
[84.793s] -- Installing: /home/yzz/ROS2_WS/install/unitree_sdk2/include/ddscxx/dds/sub/qos/SubscriberQos.hpp
[84.793s] -- Installing: /home/yzz/ROS2_WS/install/unitree_sdk2/include/ddscxx/dds/sub/qos/detail
[84.793s] -- Installing: /home/yzz/ROS2_WS/install/unitree_sdk2/include/ddscxx/dds/sub/qos/detail/SubscriberQos.hpp
[84.793s] -- Installing: /home/yzz/ROS2_WS/install/unitree_sdk2/include/ddscxx/dds/sub/qos/detail/DataReaderQos.hpp
[84.793s] -- Installing: /home/yzz/ROS2_WS/install/unitree_sdk2/include/ddscxx/dds/sub/qos/DataReaderQos.hpp
[84.793s] -- Installing: /home/yzz/ROS2_WS/install/unitree_sdk2/include/ddscxx/dds/sub/TDataReader.hpp
[84.793s] -- Installing: /home/yzz/ROS2_WS/install/unitree_sdk2/include/ddscxx/dds/sub/SampleRef.hpp
[84.793s] -- Installing: /home/yzz/ROS2_WS/install/unitree_sdk2/include/ddscxx/dds/sub/SharedSamples.hpp
[84.793s] -- Installing: /home/yzz/ROS2_WS/install/unitree_sdk2/include/ddscxx/dds/sub/TSampleInfo.hpp
[84.793s] -- Installing: /home/yzz/ROS2_WS/install/unitree_sdk2/include/ddscxx/dds/sub/Subscriber.hpp
[84.793s] -- Installing: /home/yzz/ROS2_WS/install/unitree_sdk2/include/ddscxx/dds/sub/Query.hpp
[84.793s] -- Installing: /home/yzz/ROS2_WS/install/unitree_sdk2/include/ddscxx/dds/sub/TSample.hpp
[84.793s] -- Installing: /home/yzz/ROS2_WS/install/unitree_sdk2/include/ddscxx/dds/sub/Sample.hpp
[84.793s] -- Installing: /home/yzz/ROS2_WS/install/unitree_sdk2/include/ddscxx/dds/sub/TSampleRef.hpp
[84.793s] -- Installing: /home/yzz/ROS2_WS/install/unitree_sdk2/include/ddscxx/dds/sub/AnyDataReaderListener.hpp
[84.793s] -- Installing: /home/yzz/ROS2_WS/install/unitree_sdk2/include/ddscxx/dds/sub/SampleInfo.hpp
[84.793s] -- Installing: /home/yzz/ROS2_WS/install/unitree_sdk2/include/ddscxx/dds/sub/TQuery.hpp
[84.793s] -- Installing: /home/yzz/ROS2_WS/install/unitree_sdk2/include/ddscxx/dds/sub/Rank.hpp
[84.793s] -- Installing: /home/yzz/ROS2_WS/install/unitree_sdk2/include/ddscxx/dds/dds.hpp
[84.793s] -- Installing: /home/yzz/ROS2_WS/install/unitree_sdk2/include/ddscxx/dds/domain
[84.793s] -- Installing: /home/yzz/ROS2_WS/install/unitree_sdk2/include/ddscxx/dds/domain/find.hpp
[84.793s] -- Installing: /home/yzz/ROS2_WS/install/unitree_sdk2/include/ddscxx/dds/domain/TDomainParticipant.hpp
[84.794s] -- Installing: /home/yzz/ROS2_WS/install/unitree_sdk2/include/ddscxx/dds/domain/DomainParticipant.hpp
[84.794s] -- Installing: /home/yzz/ROS2_WS/install/unitree_sdk2/include/ddscxx/dds/domain/discovery.hpp
[84.794s] -- Installing: /home/yzz/ROS2_WS/install/unitree_sdk2/include/ddscxx/dds/domain/detail
[84.794s] -- Installing: /home/yzz/ROS2_WS/install/unitree_sdk2/include/ddscxx/dds/domain/detail/TDomainParticipantImpl.hpp
[84.794s] -- Installing: /home/yzz/ROS2_WS/install/unitree_sdk2/include/ddscxx/dds/domain/detail/DomainParticipant.hpp
[84.794s] -- Installing: /home/yzz/ROS2_WS/install/unitree_sdk2/include/ddscxx/dds/domain/detail/ddsdomain.hpp
[84.794s] -- Installing: /home/yzz/ROS2_WS/install/unitree_sdk2/include/ddscxx/dds/domain/qos
[84.794s] -- Installing: /home/yzz/ROS2_WS/install/unitree_sdk2/include/ddscxx/dds/domain/qos/detail
[84.795s] -- Installing: /home/yzz/ROS2_WS/install/unitree_sdk2/include/ddscxx/dds/domain/qos/detail/DomainParticipantQos.hpp
[84.795s] -- Installing: /home/yzz/ROS2_WS/install/unitree_sdk2/include/ddscxx/dds/domain/qos/DomainParticipantQos.hpp
[84.795s] -- Installing: /home/yzz/ROS2_WS/install/unitree_sdk2/include/ddscxx/dds/domain/DomainParticipantListener.hpp
[84.795s] -- Installing: /home/yzz/ROS2_WS/install/unitree_sdk2/include/ddscxx/dds/domain/ddsdomain.hpp
[84.795s] -- Installing: /home/yzz/ROS2_WS/install/unitree_sdk2/include/ddscxx/dds/core
[84.795s] -- Installing: /home/yzz/ROS2_WS/install/unitree_sdk2/include/ddscxx/dds/core/InstanceHandle.hpp
[84.795s] -- Installing: /home/yzz/ROS2_WS/install/unitree_sdk2/include/ddscxx/dds/core/macros.hpp
[84.795s] -- Installing: /home/yzz/ROS2_WS/install/unitree_sdk2/include/ddscxx/dds/core/refmacros.hpp
[84.795s] -- Installing: /home/yzz/ROS2_WS/install/unitree_sdk2/include/ddscxx/dds/core/QosProvider.hpp
[84.795s] -- Installing: /home/yzz/ROS2_WS/install/unitree_sdk2/include/ddscxx/dds/core/Exception.hpp
[84.795s] -- Installing: /home/yzz/ROS2_WS/install/unitree_sdk2/include/ddscxx/dds/core/cond
[84.795s] -- Installing: /home/yzz/ROS2_WS/install/unitree_sdk2/include/ddscxx/dds/core/cond/Condition.hpp
[84.795s] -- Installing: /home/yzz/ROS2_WS/install/unitree_sdk2/include/ddscxx/dds/core/cond/StatusCondition.hpp
[84.795s] -- Installing: /home/yzz/ROS2_WS/install/unitree_sdk2/include/ddscxx/dds/core/cond/TCondition.hpp
[84.795s] -- Installing: /home/yzz/ROS2_WS/install/unitree_sdk2/include/ddscxx/dds/core/cond/TWaitSet.hpp
[84.795s] -- Installing: /home/yzz/ROS2_WS/install/unitree_sdk2/include/ddscxx/dds/core/cond/TStatusCondition.hpp
[84.795s] -- Installing: /home/yzz/ROS2_WS/install/unitree_sdk2/include/ddscxx/dds/core/cond/detail
[84.795s] -- Installing: /home/yzz/ROS2_WS/install/unitree_sdk2/include/ddscxx/dds/core/cond/detail/Condition.hpp
[84.795s] -- Installing: /home/yzz/ROS2_WS/install/unitree_sdk2/include/ddscxx/dds/core/cond/detail/StatusCondition.hpp
[84.796s] -- Installing: /home/yzz/ROS2_WS/install/unitree_sdk2/include/ddscxx/dds/core/cond/detail/TWaitSetImpl.hpp
[84.796s] -- Installing: /home/yzz/ROS2_WS/install/unitree_sdk2/include/ddscxx/dds/core/cond/detail/TStatusConditionImpl.hpp
[84.796s] -- Installing: /home/yzz/ROS2_WS/install/unitree_sdk2/include/ddscxx/dds/core/cond/detail/GuardCondition.hpp
[84.796s] -- Installing: /home/yzz/ROS2_WS/install/unitree_sdk2/include/ddscxx/dds/core/cond/detail/TConditionImpl.hpp
[84.796s] -- Installing: /home/yzz/ROS2_WS/install/unitree_sdk2/include/ddscxx/dds/core/cond/detail/WaitSet.hpp
[84.796s] -- Installing: /home/yzz/ROS2_WS/install/unitree_sdk2/include/ddscxx/dds/core/cond/detail/TGuardConditionImpl.hpp
[84.796s] -- Installing: /home/yzz/ROS2_WS/install/unitree_sdk2/include/ddscxx/dds/core/cond/GuardCondition.hpp
[84.797s] -- Installing: /home/yzz/ROS2_WS/install/unitree_sdk2/include/ddscxx/dds/core/cond/TGuardCondition.hpp
[84.798s] -- Installing: /home/yzz/ROS2_WS/install/unitree_sdk2/include/ddscxx/dds/core/cond/WaitSet.hpp
[84.798s] -- Installing: /home/yzz/ROS2_WS/install/unitree_sdk2/include/ddscxx/dds/core/External.hpp
[84.798s] -- Installing: /home/yzz/ROS2_WS/install/unitree_sdk2/include/ddscxx/dds/core/Time.hpp
[84.798s] -- Installing: /home/yzz/ROS2_WS/install/unitree_sdk2/include/ddscxx/dds/core/LengthUnlimited.hpp
[84.798s] -- Installing: /home/yzz/ROS2_WS/install/unitree_sdk2/include/ddscxx/dds/core/Value.hpp
[84.798s] -- Installing: /home/yzz/ROS2_WS/install/unitree_sdk2/include/ddscxx/dds/core/detail
[84.798s] -- Installing: /home/yzz/ROS2_WS/install/unitree_sdk2/include/ddscxx/dds/core/detail/InstanceHandle.hpp
[84.798s] -- Installing: /home/yzz/ROS2_WS/install/unitree_sdk2/include/ddscxx/dds/core/detail/macros.hpp
[84.798s] -- Installing: /home/yzz/ROS2_WS/install/unitree_sdk2/include/ddscxx/dds/core/detail/QosProvider.hpp
[84.798s] -- Installing: /home/yzz/ROS2_WS/install/unitree_sdk2/include/ddscxx/dds/core/detail/TEntityImpl.hpp
[84.798s] -- Installing: /home/yzz/ROS2_WS/install/unitree_sdk2/include/ddscxx/dds/core/detail/module_docs.hpp
[84.798s] -- Installing: /home/yzz/ROS2_WS/install/unitree_sdk2/include/ddscxx/dds/core/detail/Value.hpp
[84.798s] -- Installing: /home/yzz/ROS2_WS/install/unitree_sdk2/include/ddscxx/dds/core/detail/BuiltinTopicTypes.hpp
[84.798s] -- Installing: /home/yzz/ROS2_WS/install/unitree_sdk2/include/ddscxx/dds/core/detail/TQosProviderImpl.hpp
[84.798s] -- Installing: /home/yzz/ROS2_WS/install/unitree_sdk2/include/ddscxx/dds/core/detail/array.hpp
[84.798s] -- Installing: /home/yzz/ROS2_WS/install/unitree_sdk2/include/ddscxx/dds/core/detail/ref_traits.hpp
[84.798s] -- Installing: /home/yzz/ROS2_WS/install/unitree_sdk2/include/ddscxx/dds/core/detail/ddscore.hpp
[84.798s] -- Installing: /home/yzz/ROS2_WS/install/unitree_sdk2/include/ddscxx/dds/core/detail/WeakReferenceImpl.hpp
[84.798s] -- Installing: /home/yzz/ROS2_WS/install/unitree_sdk2/include/ddscxx/dds/core/detail/Entity.hpp
[84.798s] -- Installing: /home/yzz/ROS2_WS/install/unitree_sdk2/include/ddscxx/dds/core/detail/export.hpp
[84.798s] -- Installing: /home/yzz/ROS2_WS/install/unitree_sdk2/include/ddscxx/dds/core/detail/ReferenceImpl.hpp
[84.798s] -- Installing: /home/yzz/ROS2_WS/install/unitree_sdk2/include/ddscxx/dds/core/detail/old_win_stdint.h
[84.798s] -- Installing: /home/yzz/ROS2_WS/install/unitree_sdk2/include/ddscxx/dds/core/detail/TInstanceHandleImpl.hpp
[84.798s] -- Installing: /home/yzz/ROS2_WS/install/unitree_sdk2/include/ddscxx/dds/core/detail/inttypes.hpp
[84.798s] -- Installing: /home/yzz/ROS2_WS/install/unitree_sdk2/include/ddscxx/dds/core/detail/conformance.hpp
[84.798s] -- Installing: /home/yzz/ROS2_WS/install/unitree_sdk2/include/ddscxx/dds/core/detail/TEntityQosImpl.hpp
[84.798s] -- Installing: /home/yzz/ROS2_WS/install/unitree_sdk2/include/ddscxx/dds/core/BuiltinTopicTypes.hpp
[84.798s] -- Installing: /home/yzz/ROS2_WS/install/unitree_sdk2/include/ddscxx/dds/core/xtypes
[84.798s] -- Installing: /home/yzz/ROS2_WS/install/unitree_sdk2/include/ddscxx/dds/core/xtypes/PrimitiveTypes.hpp
[84.798s] -- Installing: /home/yzz/ROS2_WS/install/unitree_sdk2/include/ddscxx/dds/core/xtypes/TAnnotation.hpp
[84.798s] -- Installing: /home/yzz/ROS2_WS/install/unitree_sdk2/include/ddscxx/dds/core/xtypes/Annotations.hpp
[84.798s] -- Installing: /home/yzz/ROS2_WS/install/unitree_sdk2/include/ddscxx/dds/core/xtypes/StructType.hpp
[84.798s] -- Installing: /home/yzz/ROS2_WS/install/unitree_sdk2/include/ddscxx/dds/core/xtypes/TDynamicType.hpp
[84.799s] -- Installing: /home/yzz/ROS2_WS/install/unitree_sdk2/include/ddscxx/dds/core/xtypes/detail
[84.799s] -- Installing: /home/yzz/ROS2_WS/install/unitree_sdk2/include/ddscxx/dds/core/xtypes/detail/PrimitiveTypes.hpp
[84.799s] -- Installing: /home/yzz/ROS2_WS/install/unitree_sdk2/include/ddscxx/dds/core/xtypes/detail/StructType.hpp
[84.799s] -- Installing: /home/yzz/ROS2_WS/install/unitree_sdk2/include/ddscxx/dds/core/xtypes/detail/Annotation.hpp
[84.799s] -- Installing: /home/yzz/ROS2_WS/install/unitree_sdk2/include/ddscxx/dds/core/xtypes/detail/DynamicType.hpp
[84.799s] -- Installing: /home/yzz/ROS2_WS/install/unitree_sdk2/include/ddscxx/dds/core/xtypes/detail/UnionType.hpp
[84.799s] -- Installing: /home/yzz/ROS2_WS/install/unitree_sdk2/include/ddscxx/dds/core/xtypes/detail/MemberType.hpp
[84.799s] -- Installing: /home/yzz/ROS2_WS/install/unitree_sdk2/include/ddscxx/dds/core/xtypes/detail/UnionCase.hpp
[84.799s] -- Installing: /home/yzz/ROS2_WS/install/unitree_sdk2/include/ddscxx/dds/core/xtypes/detail/DynamicData.hpp
[84.800s] -- Installing: /home/yzz/ROS2_WS/install/unitree_sdk2/include/ddscxx/dds/core/xtypes/detail/CollectionTypes.hpp
[84.800s] -- Installing: /home/yzz/ROS2_WS/install/unitree_sdk2/include/ddscxx/dds/core/xtypes/detail/TypeProvider.hpp
[84.800s] -- Installing: /home/yzz/ROS2_WS/install/unitree_sdk2/include/ddscxx/dds/core/xtypes/DynamicType.hpp
[84.800s] -- Installing: /home/yzz/ROS2_WS/install/unitree_sdk2/include/ddscxx/dds/core/xtypes/UnionType.hpp
[84.800s] -- Installing: /home/yzz/ROS2_WS/install/unitree_sdk2/include/ddscxx/dds/core/xtypes/MemberType.hpp
[84.802s] -- Installing: /home/yzz/ROS2_WS/install/unitree_sdk2/include/ddscxx/dds/core/xtypes/UnionCase.hpp
[84.802s] -- Installing: /home/yzz/ROS2_WS/install/unitree_sdk2/include/ddscxx/dds/core/xtypes/TDynamicData.hpp
[84.802s] -- Installing: /home/yzz/ROS2_WS/install/unitree_sdk2/include/ddscxx/dds/core/xtypes/TStructType.hpp
[84.802s] -- Installing: /home/yzz/ROS2_WS/install/unitree_sdk2/include/ddscxx/dds/core/xtypes/TypeKind.hpp
[84.802s] -- Installing: /home/yzz/ROS2_WS/install/unitree_sdk2/include/ddscxx/dds/core/xtypes/TMemberType.hpp
[84.802s] -- Installing: /home/yzz/ROS2_WS/install/unitree_sdk2/include/ddscxx/dds/core/xtypes/DynamicData.hpp
[84.802s] -- Installing: /home/yzz/ROS2_WS/install/unitree_sdk2/include/ddscxx/dds/core/xtypes/CollectionTypes.hpp
[84.802s] -- Installing: /home/yzz/ROS2_WS/install/unitree_sdk2/include/ddscxx/dds/core/xtypes/TypeProvider.hpp
[84.802s] -- Installing: /home/yzz/ROS2_WS/install/unitree_sdk2/include/ddscxx/dds/core/xtypes/TCollectionTypes.hpp
[84.802s] -- Installing: /home/yzz/ROS2_WS/install/unitree_sdk2/include/ddscxx/dds/core/xtypes/TTypeProvider.hpp
[84.802s] -- Installing: /home/yzz/ROS2_WS/install/unitree_sdk2/include/ddscxx/dds/core/array.hpp
[84.803s] -- Installing: /home/yzz/ROS2_WS/install/unitree_sdk2/include/ddscxx/dds/core/SafeEnumeration.hpp
[84.803s] -- Installing: /home/yzz/ROS2_WS/install/unitree_sdk2/include/ddscxx/dds/core/status
[84.803s] -- Installing: /home/yzz/ROS2_WS/install/unitree_sdk2/include/ddscxx/dds/core/status/TStatus.hpp
[84.803s] -- Installing: /home/yzz/ROS2_WS/install/unitree_sdk2/include/ddscxx/dds/core/status/detail
[84.803s] -- Installing: /home/yzz/ROS2_WS/install/unitree_sdk2/include/ddscxx/dds/core/status/detail/TStatusImpl.hpp
[84.803s] -- Installing: /home/yzz/ROS2_WS/install/unitree_sdk2/include/ddscxx/dds/core/status/detail/Status.hpp
[84.803s] -- Installing: /home/yzz/ROS2_WS/install/unitree_sdk2/include/ddscxx/dds/core/status/State.hpp
[84.803s] -- Installing: /home/yzz/ROS2_WS/install/unitree_sdk2/include/ddscxx/dds/core/status/Status.hpp
[84.803s] -- Installing: /home/yzz/ROS2_WS/install/unitree_sdk2/include/ddscxx/dds/core/ref_traits.hpp
[84.803s] -- Installing: /home/yzz/ROS2_WS/install/unitree_sdk2/include/ddscxx/dds/core/ddscore.hpp
[84.803s] -- Installing: /home/yzz/ROS2_WS/install/unitree_sdk2/include/ddscxx/dds/core/policy
[84.803s] -- Installing: /home/yzz/ROS2_WS/install/unitree_sdk2/include/ddscxx/dds/core/policy/PolicyKind.hpp
[84.803s] -- Installing: /home/yzz/ROS2_WS/install/unitree_sdk2/include/ddscxx/dds/core/policy/CorePolicy.hpp
[84.803s] -- Installing: /home/yzz/ROS2_WS/install/unitree_sdk2/include/ddscxx/dds/core/policy/QosPolicyCount.hpp
[84.803s] -- Installing: /home/yzz/ROS2_WS/install/unitree_sdk2/include/ddscxx/dds/core/policy/detail
[84.803s] -- Installing: /home/yzz/ROS2_WS/install/unitree_sdk2/include/ddscxx/dds/core/policy/detail/CorePolicy.hpp
[84.803s] -- Installing: /home/yzz/ROS2_WS/install/unitree_sdk2/include/ddscxx/dds/core/policy/detail/QosPolicyCount.hpp
[84.803s] -- Installing: /home/yzz/ROS2_WS/install/unitree_sdk2/include/ddscxx/dds/core/policy/detail/TQosPolicyCountImpl.hpp
[84.804s] -- Installing: /home/yzz/ROS2_WS/install/unitree_sdk2/include/ddscxx/dds/core/policy/detail/TCorePolicyImpl.hpp
[84.804s] -- Installing: /home/yzz/ROS2_WS/install/unitree_sdk2/include/ddscxx/dds/core/policy/TQosPolicyCount.hpp
[84.804s] -- Installing: /home/yzz/ROS2_WS/install/unitree_sdk2/include/ddscxx/dds/core/policy/TCorePolicy.hpp
[84.804s] -- Installing: /home/yzz/ROS2_WS/install/unitree_sdk2/include/ddscxx/dds/core/TQosProvider.hpp
[84.804s] -- Installing: /home/yzz/ROS2_WS/install/unitree_sdk2/include/ddscxx/dds/core/Entity.hpp
[84.804s] -- Installing: /home/yzz/ROS2_WS/install/unitree_sdk2/include/ddscxx/dds/core/Duration.hpp
[84.804s] -- Installing: /home/yzz/ROS2_WS/install/unitree_sdk2/include/ddscxx/dds/core/Optional.hpp
[84.804s] -- Installing: /home/yzz/ROS2_WS/install/unitree_sdk2/include/ddscxx/dds/core/WeakReference.hpp
[84.804s] -- Installing: /home/yzz/ROS2_WS/install/unitree_sdk2/include/ddscxx/dds/core/TEntityQos.hpp
[84.804s] -- Installing: /home/yzz/ROS2_WS/install/unitree_sdk2/include/ddscxx/dds/core/TEntity.hpp
[84.804s] -- Installing: /home/yzz/ROS2_WS/install/unitree_sdk2/include/ddscxx/dds/core/TBuiltinTopicTypes.hpp
[84.804s] -- Installing: /home/yzz/ROS2_WS/install/unitree_sdk2/include/ddscxx/dds/core/TInstanceHandle.hpp
[84.804s] -- Installing: /home/yzz/ROS2_WS/install/unitree_sdk2/include/ddscxx/dds/core/Reference.hpp
[84.804s] -- Installing: /home/yzz/ROS2_WS/install/unitree_sdk2/include/ddscxx/dds/core/conformance.hpp
[84.804s] -- Installing: /home/yzz/ROS2_WS/install/unitree_sdk2/include/ddscxx/dds/core/types.hpp
[84.804s] -- Installing: /home/yzz/ROS2_WS/install/unitree_sdk2/include/ddscxx/dds/pub
[84.804s] -- Installing: /home/yzz/ROS2_WS/install/unitree_sdk2/include/ddscxx/dds/pub/find.hpp
[84.804s] -- Installing: /home/yzz/ROS2_WS/install/unitree_sdk2/include/ddscxx/dds/pub/DataWriter.hpp
[84.804s] -- Installing: /home/yzz/ROS2_WS/install/unitree_sdk2/include/ddscxx/dds/pub/AnyDataWriterListener.hpp
[84.805s] -- Installing: /home/yzz/ROS2_WS/install/unitree_sdk2/include/ddscxx/dds/pub/Publisher.hpp
[84.805s] -- Installing: /home/yzz/ROS2_WS/install/unitree_sdk2/include/ddscxx/dds/pub/discovery.hpp
[84.805s] -- Installing: /home/yzz/ROS2_WS/install/unitree_sdk2/include/ddscxx/dds/pub/PublisherListener.hpp
[84.805s] -- Installing: /home/yzz/ROS2_WS/install/unitree_sdk2/include/ddscxx/dds/pub/TCoherentSet.hpp
[84.805s] -- Installing: /home/yzz/ROS2_WS/install/unitree_sdk2/include/ddscxx/dds/pub/TSuspendedPublication.hpp
[84.805s] -- Installing: /home/yzz/ROS2_WS/install/unitree_sdk2/include/ddscxx/dds/pub/CoherentSet.hpp
[84.805s] -- Installing: /home/yzz/ROS2_WS/install/unitree_sdk2/include/ddscxx/dds/pub/SuspendedPublication.hpp
[84.805s] -- Installing: /home/yzz/ROS2_WS/install/unitree_sdk2/include/ddscxx/dds/pub/detail
[84.807s] -- Installing: /home/yzz/ROS2_WS/install/unitree_sdk2/include/ddscxx/dds/pub/detail/find.hpp
[84.807s] -- Installing: /home/yzz/ROS2_WS/install/unitree_sdk2/include/ddscxx/dds/pub/detail/TCoherentSetImpl.hpp
[84.807s] -- Installing: /home/yzz/ROS2_WS/install/unitree_sdk2/include/ddscxx/dds/pub/detail/DataWriter.hpp
[84.807s] -- Installing: /home/yzz/ROS2_WS/install/unitree_sdk2/include/ddscxx/dds/pub/detail/Publisher.hpp
[84.807s] -- Installing: /home/yzz/ROS2_WS/install/unitree_sdk2/include/ddscxx/dds/pub/detail/discovery.hpp
[84.807s] -- Installing: /home/yzz/ROS2_WS/install/unitree_sdk2/include/ddscxx/dds/pub/detail/CoherentSet.hpp
[84.807s] -- Installing: /home/yzz/ROS2_WS/install/unitree_sdk2/include/ddscxx/dds/pub/detail/SuspendedPublication.hpp
[84.807s] -- Installing: /home/yzz/ROS2_WS/install/unitree_sdk2/include/ddscxx/dds/pub/detail/TAnyDataWriterImpl.hpp
[84.807s] -- Installing: /home/yzz/ROS2_WS/install/unitree_sdk2/include/ddscxx/dds/pub/detail/TPublisherImpl.hpp
[84.807s] -- Installing: /home/yzz/ROS2_WS/install/unitree_sdk2/include/ddscxx/dds/pub/detail/AnyDataWriter.hpp
[84.807s] -- Installing: /home/yzz/ROS2_WS/install/unitree_sdk2/include/ddscxx/dds/pub/detail/DataWriterImpl.hpp
[84.807s] -- Installing: /home/yzz/ROS2_WS/install/unitree_sdk2/include/ddscxx/dds/pub/detail/TSuspendedPublicationImpl.hpp
[84.807s] -- Installing: /home/yzz/ROS2_WS/install/unitree_sdk2/include/ddscxx/dds/pub/detail/ddspub.hpp
[84.807s] -- Installing: /home/yzz/ROS2_WS/install/unitree_sdk2/include/ddscxx/dds/pub/TAnyDataWriter.hpp
[84.808s] -- Installing: /home/yzz/ROS2_WS/install/unitree_sdk2/include/ddscxx/dds/pub/qos
[84.808s] -- Installing: /home/yzz/ROS2_WS/install/unitree_sdk2/include/ddscxx/dds/pub/qos/DataWriterQos.hpp
[84.808s] -- Installing: /home/yzz/ROS2_WS/install/unitree_sdk2/include/ddscxx/dds/pub/qos/detail
[84.808s] -- Installing: /home/yzz/ROS2_WS/install/unitree_sdk2/include/ddscxx/dds/pub/qos/detail/DataWriterQos.hpp
[84.808s] -- Installing: /home/yzz/ROS2_WS/install/unitree_sdk2/include/ddscxx/dds/pub/qos/detail/PublisherQos.hpp
[84.808s] -- Installing: /home/yzz/ROS2_WS/install/unitree_sdk2/include/ddscxx/dds/pub/qos/PublisherQos.hpp
[84.808s] -- Installing: /home/yzz/ROS2_WS/install/unitree_sdk2/include/ddscxx/dds/pub/AnyDataWriter.hpp
[84.808s] -- Installing: /home/yzz/ROS2_WS/install/unitree_sdk2/include/ddscxx/dds/pub/TPublisher.hpp
[84.808s] -- Installing: /home/yzz/ROS2_WS/install/unitree_sdk2/include/ddscxx/dds/pub/DataWriterListener.hpp
[84.808s] -- Installing: /home/yzz/ROS2_WS/install/unitree_sdk2/include/ddscxx/dds/pub/ddspub.hpp
[84.808s] -- Installing: /home/yzz/ROS2_WS/install/unitree_sdk2/include/ddscxx/dds/topic
[84.808s] -- Installing: /home/yzz/ROS2_WS/install/unitree_sdk2/include/ddscxx/dds/topic/find.hpp
[84.808s] -- Installing: /home/yzz/ROS2_WS/install/unitree_sdk2/include/ddscxx/dds/topic/TopicInstance.hpp
[84.808s] -- Installing: /home/yzz/ROS2_WS/install/unitree_sdk2/include/ddscxx/dds/topic/ddstopic.hpp
[84.808s] -- Installing: /home/yzz/ROS2_WS/install/unitree_sdk2/include/ddscxx/dds/topic/TContentFilteredTopic.hpp
[84.808s] -- Installing: /home/yzz/ROS2_WS/install/unitree_sdk2/include/ddscxx/dds/topic/Filter.hpp
[84.808s] -- Installing: /home/yzz/ROS2_WS/install/unitree_sdk2/include/ddscxx/dds/topic/TopicDescription.hpp
[84.808s] -- Installing: /home/yzz/ROS2_WS/install/unitree_sdk2/include/ddscxx/dds/topic/discovery.hpp
[84.808s] -- Installing: /home/yzz/ROS2_WS/install/unitree_sdk2/include/ddscxx/dds/topic/MultiTopic.hpp
[84.808s] -- Installing: /home/yzz/ROS2_WS/install/unitree_sdk2/include/ddscxx/dds/topic/TTopic.hpp
[84.808s] -- Installing: /home/yzz/ROS2_WS/install/unitree_sdk2/include/ddscxx/dds/topic/TBuiltinTopicKey.hpp
[84.809s] -- Installing: /home/yzz/ROS2_WS/install/unitree_sdk2/include/ddscxx/dds/topic/Topic.hpp
[84.809s] -- Installing: /home/yzz/ROS2_WS/install/unitree_sdk2/include/ddscxx/dds/topic/detail
[84.809s] -- Installing: /home/yzz/ROS2_WS/install/unitree_sdk2/include/ddscxx/dds/topic/detail/find.hpp
[84.809s] -- Installing: /home/yzz/ROS2_WS/install/unitree_sdk2/include/ddscxx/dds/topic/detail/ddstopic.hpp
[84.809s] -- Installing: /home/yzz/ROS2_WS/install/unitree_sdk2/include/ddscxx/dds/topic/detail/TBuiltinTopicImpl.hpp
[84.809s] -- Installing: /home/yzz/ROS2_WS/install/unitree_sdk2/include/ddscxx/dds/topic/detail/Filter.hpp
[84.809s] -- Installing: /home/yzz/ROS2_WS/install/unitree_sdk2/include/ddscxx/dds/topic/detail/TopicDescription.hpp
[84.809s] -- Installing: /home/yzz/ROS2_WS/install/unitree_sdk2/include/ddscxx/dds/topic/detail/discovery.hpp
[84.809s] -- Installing: /home/yzz/ROS2_WS/install/unitree_sdk2/include/ddscxx/dds/topic/detail/MultiTopic.hpp
[84.809s] -- Installing: /home/yzz/ROS2_WS/install/unitree_sdk2/include/ddscxx/dds/topic/detail/TTopicImpl.hpp
[84.809s] -- Installing: /home/yzz/ROS2_WS/install/unitree_sdk2/include/ddscxx/dds/topic/detail/TopicInstanceImpl.hpp
[84.809s] -- Installing: /home/yzz/ROS2_WS/install/unitree_sdk2/include/ddscxx/dds/topic/detail/Topic.hpp
[84.809s] -- Installing: /home/yzz/ROS2_WS/install/unitree_sdk2/include/ddscxx/dds/topic/detail/TTopicDescriptionImpl.hpp
[84.809s] -- Installing: /home/yzz/ROS2_WS/install/unitree_sdk2/include/ddscxx/dds/topic/detail/TBuiltinTopicKeyImpl.hpp
[84.809s] -- Installing: /home/yzz/ROS2_WS/install/unitree_sdk2/include/ddscxx/dds/topic/detail/TFilterImpl.hpp
[84.809s] -- Installing: /home/yzz/ROS2_WS/install/unitree_sdk2/include/ddscxx/dds/topic/detail/BuiltinTopic.hpp
[84.809s] -- Installing: /home/yzz/ROS2_WS/install/unitree_sdk2/include/ddscxx/dds/topic/detail/TAnyTopicImpl.hpp
[84.809s] -- Installing: /home/yzz/ROS2_WS/install/unitree_sdk2/include/ddscxx/dds/topic/detail/AnyTopic.hpp
[84.809s] -- Installing: /home/yzz/ROS2_WS/install/unitree_sdk2/include/ddscxx/dds/topic/detail/TContentFilteredTopicImpl.hpp
[84.812s] -- Installing: /home/yzz/ROS2_WS/install/unitree_sdk2/include/ddscxx/dds/topic/detail/ContentFilteredTopic.hpp
[84.812s] -- Installing: /home/yzz/ROS2_WS/install/unitree_sdk2/include/ddscxx/dds/topic/detail/BuiltinTopicKey.hpp
[84.812s] -- Installing: /home/yzz/ROS2_WS/install/unitree_sdk2/include/ddscxx/dds/topic/AnyTopicListener.hpp
[84.812s] -- Installing: /home/yzz/ROS2_WS/install/unitree_sdk2/include/ddscxx/dds/topic/TopicTraits.hpp
[84.812s] -- Installing: /home/yzz/ROS2_WS/install/unitree_sdk2/include/ddscxx/dds/topic/TAnyTopic.hpp
[84.812s] -- Installing: /home/yzz/ROS2_WS/install/unitree_sdk2/include/ddscxx/dds/topic/qos
[84.812s] -- Installing: /home/yzz/ROS2_WS/install/unitree_sdk2/include/ddscxx/dds/topic/qos/TopicQos.hpp
[84.812s] -- Installing: /home/yzz/ROS2_WS/install/unitree_sdk2/include/ddscxx/dds/topic/qos/detail
[84.812s] -- Installing: /home/yzz/ROS2_WS/install/unitree_sdk2/include/ddscxx/dds/topic/qos/detail/TopicQos.hpp
[84.812s] -- Installing: /home/yzz/ROS2_WS/install/unitree_sdk2/include/ddscxx/dds/topic/TBuiltinTopic.hpp
[84.812s] -- Installing: /home/yzz/ROS2_WS/install/unitree_sdk2/include/ddscxx/dds/topic/TFilter.hpp
[84.812s] -- Installing: /home/yzz/ROS2_WS/install/unitree_sdk2/include/ddscxx/dds/topic/BuiltinTopic.hpp
[84.812s] -- Installing: /home/yzz/ROS2_WS/install/unitree_sdk2/include/ddscxx/dds/topic/TopicListener.hpp
[84.812s] -- Installing: /home/yzz/ROS2_WS/install/unitree_sdk2/include/ddscxx/dds/topic/AnyTopic.hpp
[84.812s] -- Installing: /home/yzz/ROS2_WS/install/unitree_sdk2/include/ddscxx/dds/topic/TTopicDescription.hpp
[84.812s] -- Installing: /home/yzz/ROS2_WS/install/unitree_sdk2/include/ddscxx/dds/topic/ContentFilteredTopic.hpp
[84.812s] -- Installing: /home/yzz/ROS2_WS/install/unitree_sdk2/include/ddscxx/dds/topic/BuiltinTopicKey.hpp
[84.812s] -- Installing: /home/yzz/ROS2_WS/install/unitree_sdk2/include/ddscxx/dds/topic/TMultiTopic.hpp
[84.812s] -- Installing: /home/yzz/ROS2_WS/install/unitree_sdk2/include/ddscxx/dds/LICENSE
[84.812s] -- Installing: /home/yzz/ROS2_WS/install/unitree_sdk2/include/ddscxx/dds/features.hpp
[84.812s] -- Installing: /home/yzz/ROS2_WS/install/unitree_sdk2/include/ddscxx/org
[84.812s] -- Installing: /home/yzz/ROS2_WS/install/unitree_sdk2/include/ddscxx/org/eclipse
[84.812s] -- Installing: /home/yzz/ROS2_WS/install/unitree_sdk2/include/ddscxx/org/eclipse/cyclonedds
[84.812s] -- Installing: /home/yzz/ROS2_WS/install/unitree_sdk2/include/ddscxx/org/eclipse/cyclonedds/sub
[84.812s] -- Installing: /home/yzz/ROS2_WS/install/unitree_sdk2/include/ddscxx/org/eclipse/cyclonedds/sub/cond
[84.812s] -- Installing: /home/yzz/ROS2_WS/install/unitree_sdk2/include/ddscxx/org/eclipse/cyclonedds/sub/cond/ReadConditionDelegate.hpp
[84.812s] -- Installing: /home/yzz/ROS2_WS/install/unitree_sdk2/include/ddscxx/org/eclipse/cyclonedds/sub/cond/QueryConditionDelegate.hpp
[84.812s] -- Installing: /home/yzz/ROS2_WS/install/unitree_sdk2/include/ddscxx/org/eclipse/cyclonedds/sub/RankImpl.hpp
[84.812s] -- Installing: /home/yzz/ROS2_WS/install/unitree_sdk2/include/ddscxx/org/eclipse/cyclonedds/sub/BuiltinSubscriberDelegate.hpp
[84.812s] -- Installing: /home/yzz/ROS2_WS/install/unitree_sdk2/include/ddscxx/org/eclipse/cyclonedds/sub/QueryDelegate.hpp
[84.813s] -- Installing: /home/yzz/ROS2_WS/install/unitree_sdk2/include/ddscxx/org/eclipse/cyclonedds/sub/SampleInfoImpl.hpp
[84.813s] -- Installing: /home/yzz/ROS2_WS/install/unitree_sdk2/include/ddscxx/org/eclipse/cyclonedds/sub/CoherentAccessDelegate.hpp
[84.813s] -- Installing: /home/yzz/ROS2_WS/install/unitree_sdk2/include/ddscxx/org/eclipse/cyclonedds/sub/qos
[84.813s] -- Installing: /home/yzz/ROS2_WS/install/unitree_sdk2/include/ddscxx/org/eclipse/cyclonedds/sub/qos/SubscriberQosDelegate.hpp
[84.813s] -- Installing: /home/yzz/ROS2_WS/install/unitree_sdk2/include/ddscxx/org/eclipse/cyclonedds/sub/qos/DataReaderQosDelegate.hpp
[84.813s] -- Installing: /home/yzz/ROS2_WS/install/unitree_sdk2/include/ddscxx/org/eclipse/cyclonedds/sub/GenerationCountImpl.hpp
[84.813s] -- Installing: /home/yzz/ROS2_WS/install/unitree_sdk2/include/ddscxx/org/eclipse/cyclonedds/sub/AnyDataReaderDelegate.hpp
[84.813s] -- Installing: /home/yzz/ROS2_WS/install/unitree_sdk2/include/ddscxx/org/eclipse/cyclonedds/sub/SubscriberDelegate.hpp
[84.813s] -- Installing: /home/yzz/ROS2_WS/install/unitree_sdk2/include/ddscxx/org/eclipse/cyclonedds/domain
[84.813s] -- Installing: /home/yzz/ROS2_WS/install/unitree_sdk2/include/ddscxx/org/eclipse/cyclonedds/domain/DomainWrap.hpp
[84.813s] -- Installing: /home/yzz/ROS2_WS/install/unitree_sdk2/include/ddscxx/org/eclipse/cyclonedds/domain/DomainParticipantRegistry.hpp
[84.813s] -- Installing: /home/yzz/ROS2_WS/install/unitree_sdk2/include/ddscxx/org/eclipse/cyclonedds/domain/qos
[84.813s] -- Installing: /home/yzz/ROS2_WS/install/unitree_sdk2/include/ddscxx/org/eclipse/cyclonedds/domain/qos/DomainParticipantQosDelegate.hpp
[84.813s] -- Installing: /home/yzz/ROS2_WS/install/unitree_sdk2/include/ddscxx/org/eclipse/cyclonedds/domain/DomainParticipantListener.hpp
[84.813s] -- Installing: /home/yzz/ROS2_WS/install/unitree_sdk2/include/ddscxx/org/eclipse/cyclonedds/domain/DomainParticipantDelegate.hpp
[84.813s] -- Installing: /home/yzz/ROS2_WS/install/unitree_sdk2/include/ddscxx/org/eclipse/cyclonedds/domain/Domain.hpp
[84.813s] -- Installing: /home/yzz/ROS2_WS/install/unitree_sdk2/include/ddscxx/org/eclipse/cyclonedds/ForwardDeclarations.hpp
[84.813s] -- Installing: /home/yzz/ROS2_WS/install/unitree_sdk2/include/ddscxx/org/eclipse/cyclonedds/core
[84.813s] -- Installing: /home/yzz/ROS2_WS/install/unitree_sdk2/include/ddscxx/org/eclipse/cyclonedds/core/type_helpers.hpp
[84.813s] -- Installing: /home/yzz/ROS2_WS/install/unitree_sdk2/include/ddscxx/org/eclipse/cyclonedds/core/ObjectDelegate.hpp
[84.813s] -- Installing: /home/yzz/ROS2_WS/install/unitree_sdk2/include/ddscxx/org/eclipse/cyclonedds/core/TimeHelper.hpp
[84.813s] -- Installing: /home/yzz/ROS2_WS/install/unitree_sdk2/include/ddscxx/org/eclipse/cyclonedds/core/config.hpp
[84.813s] -- Installing: /home/yzz/ROS2_WS/install/unitree_sdk2/include/ddscxx/org/eclipse/cyclonedds/core/cond
[84.814s] -- Installing: /home/yzz/ROS2_WS/install/unitree_sdk2/include/ddscxx/org/eclipse/cyclonedds/core/cond/ConditionDelegate.hpp
[84.814s] -- Installing: /home/yzz/ROS2_WS/install/unitree_sdk2/include/ddscxx/org/eclipse/cyclonedds/core/cond/FunctorHolder.hpp
[84.814s] -- Installing: /home/yzz/ROS2_WS/install/unitree_sdk2/include/ddscxx/org/eclipse/cyclonedds/core/cond/WaitSetDelegate.hpp
[84.814s] -- Installing: /home/yzz/ROS2_WS/install/unitree_sdk2/include/ddscxx/org/eclipse/cyclonedds/core/cond/GuardConditionDelegate.hpp
[84.814s] -- Installing: /home/yzz/ROS2_WS/install/unitree_sdk2/include/ddscxx/org/eclipse/cyclonedds/core/cond/ShadowParticipant.hpp
[84.814s] -- Installing: /home/yzz/ROS2_WS/install/unitree_sdk2/include/ddscxx/org/eclipse/cyclonedds/core/cond/StatusConditionDelegate.hpp
[84.814s] -- Installing: /home/yzz/ROS2_WS/install/unitree_sdk2/include/ddscxx/org/eclipse/cyclonedds/core/WeakReferenceSet.hpp
[84.814s] -- Installing: /home/yzz/ROS2_WS/install/unitree_sdk2/include/ddscxx/org/eclipse/cyclonedds/core/ObjectSet.hpp
[84.814s] -- Installing: /home/yzz/ROS2_WS/install/unitree_sdk2/include/ddscxx/org/eclipse/cyclonedds/core/Missing.hpp
[84.814s] -- Installing: /home/yzz/ROS2_WS/install/unitree_sdk2/include/ddscxx/org/eclipse/cyclonedds/core/EntitySet.hpp
[84.814s] -- Installing: /home/yzz/ROS2_WS/install/unitree_sdk2/include/ddscxx/org/eclipse/cyclonedds/core/cdr
[84.814s] -- Installing: /home/yzz/ROS2_WS/install/unitree_sdk2/include/ddscxx/org/eclipse/cyclonedds/core/cdr/cdr_stream.hpp
[84.814s] -- Installing: /home/yzz/ROS2_WS/install/unitree_sdk2/include/ddscxx/org/eclipse/cyclonedds/core/cdr/extended_cdr_v2_ser.hpp
[84.815s] -- Installing: /home/yzz/ROS2_WS/install/unitree_sdk2/include/ddscxx/org/eclipse/cyclonedds/core/cdr/extended_cdr_v1_ser.hpp
[84.815s] -- Installing: /home/yzz/ROS2_WS/install/unitree_sdk2/include/ddscxx/org/eclipse/cyclonedds/core/cdr/cdr_enums.hpp
[84.815s] -- Installing: /home/yzz/ROS2_WS/install/unitree_sdk2/include/ddscxx/org/eclipse/cyclonedds/core/cdr/entity_properties.hpp
[84.815s] -- Installing: /home/yzz/ROS2_WS/install/unitree_sdk2/include/ddscxx/org/eclipse/cyclonedds/core/cdr/fragchain.hpp
[84.815s] -- Installing: /home/yzz/ROS2_WS/install/unitree_sdk2/include/ddscxx/org/eclipse/cyclonedds/core/cdr/basic_cdr_ser.hpp
[84.815s] -- Installing: /home/yzz/ROS2_WS/install/unitree_sdk2/include/ddscxx/org/eclipse/cyclonedds/core/DDScObjectDelegate.hpp
[84.815s] -- Installing: /home/yzz/ROS2_WS/install/unitree_sdk2/include/ddscxx/org/eclipse/cyclonedds/core/status
[84.815s] -- Installing: /home/yzz/ROS2_WS/install/unitree_sdk2/include/ddscxx/org/eclipse/cyclonedds/core/status/StatusDelegate.hpp
[84.815s] -- Installing: /home/yzz/ROS2_WS/install/unitree_sdk2/include/ddscxx/org/eclipse/cyclonedds/core/EntityDelegate.hpp
[84.815s] -- Installing: /home/yzz/ROS2_WS/install/unitree_sdk2/include/ddscxx/org/eclipse/cyclonedds/core/policy
[84.815s] -- Installing: /home/yzz/ROS2_WS/install/unitree_sdk2/include/ddscxx/org/eclipse/cyclonedds/core/policy/Policy.hpp
[84.815s] -- Installing: /home/yzz/ROS2_WS/install/unitree_sdk2/include/ddscxx/org/eclipse/cyclonedds/core/policy/PolicyDelegate.hpp
[84.815s] -- Installing: /home/yzz/ROS2_WS/install/unitree_sdk2/include/ddscxx/org/eclipse/cyclonedds/core/policy/QosPolicyCountDelegate.hpp
[84.815s] -- Installing: /home/yzz/ROS2_WS/install/unitree_sdk2/include/ddscxx/org/eclipse/cyclonedds/core/policy/ProprietaryPolicyKind.hpp
[84.815s] -- Installing: /home/yzz/ROS2_WS/install/unitree_sdk2/include/ddscxx/org/eclipse/cyclonedds/core/policy/TPolicy.hpp
[84.815s] -- Installing: /home/yzz/ROS2_WS/install/unitree_sdk2/include/ddscxx/org/eclipse/cyclonedds/core/InstanceHandleDelegate.hpp
[84.815s] -- Installing: /home/yzz/ROS2_WS/install/unitree_sdk2/include/ddscxx/org/eclipse/cyclonedds/core/ReportUtils.hpp
[84.815s] -- Installing: /home/yzz/ROS2_WS/install/unitree_sdk2/include/ddscxx/org/eclipse/cyclonedds/core/EntityRegistry.hpp
[84.815s] -- Installing: /home/yzz/ROS2_WS/install/unitree_sdk2/include/ddscxx/org/eclipse/cyclonedds/core/QosProviderDelegate.hpp
[84.815s] -- Installing: /home/yzz/ROS2_WS/install/unitree_sdk2/include/ddscxx/org/eclipse/cyclonedds/core/Mutex.hpp
[84.815s] -- Installing: /home/yzz/ROS2_WS/install/unitree_sdk2/include/ddscxx/org/eclipse/cyclonedds/core/MiscUtils.hpp
[84.818s] -- Installing: /home/yzz/ROS2_WS/install/unitree_sdk2/include/ddscxx/org/eclipse/cyclonedds/core/ListenerDispatcher.hpp
[84.818s] -- Installing: /home/yzz/ROS2_WS/install/unitree_sdk2/include/ddscxx/org/eclipse/cyclonedds/core/ScopedLock.hpp
[84.818s] -- Installing: /home/yzz/ROS2_WS/install/unitree_sdk2/include/ddscxx/org/eclipse/cyclonedds/pub
[84.818s] -- Installing: /home/yzz/ROS2_WS/install/unitree_sdk2/include/ddscxx/org/eclipse/cyclonedds/pub/CoherentSetDelegate.hpp
[84.818s] -- Installing: /home/yzz/ROS2_WS/install/unitree_sdk2/include/ddscxx/org/eclipse/cyclonedds/pub/qos
[84.818s] -- Installing: /home/yzz/ROS2_WS/install/unitree_sdk2/include/ddscxx/org/eclipse/cyclonedds/pub/qos/DataWriterQosDelegate.hpp
[84.818s] -- Installing: /home/yzz/ROS2_WS/install/unitree_sdk2/include/ddscxx/org/eclipse/cyclonedds/pub/qos/PublisherQosDelegate.hpp
[84.818s] -- Installing: /home/yzz/ROS2_WS/install/unitree_sdk2/include/ddscxx/org/eclipse/cyclonedds/pub/PublisherDelegate.hpp
[84.818s] -- Installing: /home/yzz/ROS2_WS/install/unitree_sdk2/include/ddscxx/org/eclipse/cyclonedds/pub/SuspendedPublicationDelegate.hpp
[84.818s] -- Installing: /home/yzz/ROS2_WS/install/unitree_sdk2/include/ddscxx/org/eclipse/cyclonedds/pub/AnyDataWriterDelegate.hpp
[84.818s] -- Installing: /home/yzz/ROS2_WS/install/unitree_sdk2/include/ddscxx/org/eclipse/cyclonedds/topic
[84.818s] -- Installing: /home/yzz/ROS2_WS/install/unitree_sdk2/include/ddscxx/org/eclipse/cyclonedds/topic/find.hpp
[84.818s] -- Installing: /home/yzz/ROS2_WS/install/unitree_sdk2/include/ddscxx/org/eclipse/cyclonedds/topic/hash.hpp
[84.818s] -- Installing: /home/yzz/ROS2_WS/install/unitree_sdk2/include/ddscxx/org/eclipse/cyclonedds/topic/discovery.hpp
[84.818s] -- Installing: /home/yzz/ROS2_WS/install/unitree_sdk2/include/ddscxx/org/eclipse/cyclonedds/topic/AnyTopicListener.hpp
[84.818s] -- Installing: /home/yzz/ROS2_WS/install/unitree_sdk2/include/ddscxx/org/eclipse/cyclonedds/topic/TopicTraits.hpp
[84.818s] -- Installing: /home/yzz/ROS2_WS/install/unitree_sdk2/include/ddscxx/org/eclipse/cyclonedds/topic/datatopic.hpp
[84.818s] -- Installing: /home/yzz/ROS2_WS/install/unitree_sdk2/include/ddscxx/org/eclipse/cyclonedds/topic/qos
[84.818s] -- Installing: /home/yzz/ROS2_WS/install/unitree_sdk2/include/ddscxx/org/eclipse/cyclonedds/topic/qos/TopicQosDelegate.hpp
[84.818s] -- Installing: /home/yzz/ROS2_WS/install/unitree_sdk2/include/ddscxx/org/eclipse/cyclonedds/topic/FilterDelegate.hpp
[84.818s] -- Installing: /home/yzz/ROS2_WS/install/unitree_sdk2/include/ddscxx/org/eclipse/cyclonedds/topic/AnyTopicDelegate.hpp
[84.818s] -- Installing: /home/yzz/ROS2_WS/install/unitree_sdk2/include/ddscxx/org/eclipse/cyclonedds/topic/TBuiltinTopic.hpp
[84.818s] -- Installing: /home/yzz/ROS2_WS/install/unitree_sdk2/include/ddscxx/org/eclipse/cyclonedds/topic/TopicDescriptionDelegate.hpp
[84.818s] -- Installing: /home/yzz/ROS2_WS/install/unitree_sdk2/include/ddscxx/org/eclipse/cyclonedds/topic/BuiltinTopicKeyDelegate.hpp
[84.818s] -- Installing: /home/yzz/ROS2_WS/install/unitree_sdk2/include/ddscxx/org/eclipse/cyclonedds/topic/BuiltinTopic.hpp
[84.818s] -- Installing: /home/yzz/ROS2_WS/install/unitree_sdk2/include/ddscxx/org/eclipse/cyclonedds/topic/TopicListener.hpp
[84.818s] -- Installing: /home/yzz/ROS2_WS/install/unitree_sdk2/include/ddscxx/org/eclipse/cyclonedds/topic/BuiltinTopicDelegate.hpp
[84.818s] -- Installing: /home/yzz/ROS2_WS/install/unitree_sdk2/include/ddscxx/org/eclipse/cyclonedds/topic/BuiltinTopicTraits.hpp
[84.818s] -- Installing: /home/yzz/ROS2_WS/install/unitree_sdk2/include/ddscxx/org/eclipse/cyclonedds/topic/CDRBlob.hpp
[84.819s] -- Installing: /home/yzz/ROS2_WS/install/unitree_sdk2/include/ddscxx/org/eclipse/cyclonedds/topic/BuiltinTopicCopy.hpp
[84.819s] -- Installing: /home/yzz/ROS2_WS/install/unitree_sdk2/include/dds
[84.819s] -- Installing: /home/yzz/ROS2_WS/install/unitree_sdk2/include/dds/ddsi
[84.819s] -- Installing: /home/yzz/ROS2_WS/install/unitree_sdk2/include/dds/ddsi/q_radmin.h
[84.819s] -- Installing: /home/yzz/ROS2_WS/install/unitree_sdk2/include/dds/ddsi/ddsi_sertopic.h
[84.821s] -- Installing: /home/yzz/ROS2_WS/install/unitree_sdk2/include/dds/ddsi/ddsi_pmd.h
[84.821s] -- Installing: /home/yzz/ROS2_WS/install/unitree_sdk2/include/dds/ddsi/ddsi_statistics.h
[84.821s] -- Installing: /home/yzz/ROS2_WS/install/unitree_sdk2/include/dds/ddsi/ddsi_proxy_endpoint.h
[84.821s] -- Installing: /home/yzz/ROS2_WS/install/unitree_sdk2/include/dds/ddsi/ddsi_security_exchange.h
[84.821s] -- Installing: /home/yzz/ROS2_WS/install/unitree_sdk2/include/dds/ddsi/ddsi_typelookup.h
[84.821s] -- Installing: /home/yzz/ROS2_WS/install/unitree_sdk2/include/dds/ddsi/q_debmon.h
[84.821s] -- Installing: /home/yzz/ROS2_WS/install/unitree_sdk2/include/dds/ddsi/ddsi_serdata_pserop.h
[84.821s] -- Installing: /home/yzz/ROS2_WS/install/unitree_sdk2/include/dds/ddsi/ddsi_list_tmpl.h
[84.821s] -- Installing: /home/yzz/ROS2_WS/install/unitree_sdk2/include/dds/ddsi/ddsi_serdata_default.h
[84.821s] -- Installing: /home/yzz/ROS2_WS/install/unitree_sdk2/include/dds/ddsi/ddsi_cfgelems.h
[84.821s] -- Installing: /home/yzz/ROS2_WS/install/unitree_sdk2/include/dds/ddsi/q_lease.h
[84.821s] -- Installing: /home/yzz/ROS2_WS/install/unitree_sdk2/include/dds/ddsi/ddsi_participant.h
[84.821s] -- Installing: /home/yzz/ROS2_WS/install/unitree_sdk2/include/dds/ddsi/ddsi_tran.h
[84.821s] -- Installing: /home/yzz/ROS2_WS/install/unitree_sdk2/include/dds/ddsi/q_protocol.h
[84.821s] -- Installing: /home/yzz/ROS2_WS/install/unitree_sdk2/include/dds/ddsi/ddsi_keyhash.h
[84.821s] -- Installing: /home/yzz/ROS2_WS/install/unitree_sdk2/include/dds/ddsi/q_init.h
[84.821s] -- Installing: /home/yzz/ROS2_WS/install/unitree_sdk2/include/dds/ddsi/ddsi_shm_transport.h
[84.821s] -- Installing: /home/yzz/ROS2_WS/install/unitree_sdk2/include/dds/ddsi/ddsi_xt_typeinfo.h
[84.821s] -- Installing: /home/yzz/ROS2_WS/install/unitree_sdk2/include/dds/ddsi/ddsi_xt_typeinfo.idl
[84.822s] -- Installing: /home/yzz/ROS2_WS/install/unitree_sdk2/include/dds/ddsi/ddsi_locator.h
[84.822s] -- Installing: /home/yzz/ROS2_WS/install/unitree_sdk2/include/dds/ddsi/q_pcap.h
[84.822s] -- Installing: /home/yzz/ROS2_WS/install/unitree_sdk2/include/dds/ddsi/q_gc.h
[84.822s] -- Installing: /home/yzz/ROS2_WS/install/unitree_sdk2/include/dds/ddsi/q_xmsg.h
[84.822s] -- Installing: /home/yzz/ROS2_WS/install/unitree_sdk2/include/dds/ddsi/q_qosmatch.h
[84.822s] -- Installing: /home/yzz/ROS2_WS/install/unitree_sdk2/include/dds/ddsi/ddsi_domaingv.h
[84.822s] -- Installing: /home/yzz/ROS2_WS/install/unitree_sdk2/include/dds/ddsi/ddsi_deliver_locally.h
[84.822s] -- Installing: /home/yzz/ROS2_WS/install/unitree_sdk2/include/dds/ddsi/q_bswap.h
[84.822s] -- Installing: /home/yzz/ROS2_WS/install/unitree_sdk2/include/dds/ddsi/ddsi_mcgroup.h
[84.822s] -- Installing: /home/yzz/ROS2_WS/install/unitree_sdk2/include/dds/ddsi/ddsi_config_impl.h
[84.822s] -- Installing: /home/yzz/ROS2_WS/install/unitree_sdk2/include/dds/ddsi/q_lat_estim.h
[84.822s] -- Installing: /home/yzz/ROS2_WS/install/unitree_sdk2/include/dds/ddsi/ddsi_endpoint.h
[84.822s] -- Installing: /home/yzz/ROS2_WS/install/unitree_sdk2/include/dds/ddsi/ddsi_acknack.h
[84.822s] -- Installing: /home/yzz/ROS2_WS/install/unitree_sdk2/include/dds/ddsi/ddsi_ipaddr.h
[84.822s] -- Installing: /home/yzz/ROS2_WS/install/unitree_sdk2/include/dds/ddsi/q_hbcontrol.h
[84.822s] -- Installing: /home/yzz/ROS2_WS/install/unitree_sdk2/include/dds/ddsi/q_misc.h
[84.822s] -- Installing: /home/yzz/ROS2_WS/install/unitree_sdk2/include/dds/ddsi/ddsi_list_genptr.h
[84.822s] -- Installing: /home/yzz/ROS2_WS/install/unitree_sdk2/include/dds/ddsi/ddsi_guid.h
[84.822s] -- Installing: /home/yzz/ROS2_WS/install/unitree_sdk2/include/dds/ddsi/ddsi_topic.h
[84.822s] -- Installing: /home/yzz/ROS2_WS/install/unitree_sdk2/include/dds/ddsi/q_bitset.h
[84.822s] -- Installing: /home/yzz/ROS2_WS/install/unitree_sdk2/include/dds/ddsi/ddsi_tkmap.h
[84.822s] -- Installing: /home/yzz/ROS2_WS/install/unitree_sdk2/include/dds/ddsi/q_ddsi_discovery.h
[84.822s] -- Installing: /home/yzz/ROS2_WS/install/unitree_sdk2/include/dds/ddsi/q_addrset.h
[84.825s] -- Installing: /home/yzz/ROS2_WS/install/unitree_sdk2/include/dds/ddsi/ddsi_xt_typelookup.h
[84.825s] -- Installing: /home/yzz/ROS2_WS/install/unitree_sdk2/include/dds/ddsi/ddsi_ssl.h
[84.825s] -- Installing: /home/yzz/ROS2_WS/install/unitree_sdk2/include/dds/ddsi/ddsi_ownip.h
[84.825s] -- Installing: /home/yzz/ROS2_WS/install/unitree_sdk2/include/dds/ddsi/q_thread.h
[84.825s] -- Installing: /home/yzz/ROS2_WS/install/unitree_sdk2/include/dds/ddsi/q_log.h
[84.825s] -- Installing: /home/yzz/ROS2_WS/install/unitree_sdk2/include/dds/ddsi/ddsi_typewrap.h
[84.825s] -- Installing: /home/yzz/ROS2_WS/install/unitree_sdk2/include/dds/ddsi/q_whc.h
[84.825s] -- Installing: /home/yzz/ROS2_WS/install/unitree_sdk2/include/dds/ddsi/ddsi_udp.h
[84.825s] -- Installing: /home/yzz/ROS2_WS/install/unitree_sdk2/include/dds/ddsi/ddsi_proxy_participant.h
[84.825s] -- Installing: /home/yzz/ROS2_WS/install/unitree_sdk2/include/dds/ddsi/q_unused.h
[84.825s] -- Installing: /home/yzz/ROS2_WS/install/unitree_sdk2/include/dds/ddsi/ddsi_entity_index.h
[84.825s] -- Installing: /home/yzz/ROS2_WS/install/unitree_sdk2/include/dds/ddsi/ddsi_vendor.h
[84.825s] -- Installing: /home/yzz/ROS2_WS/install/unitree_sdk2/include/dds/ddsi/ddsi_tcp.h
[84.825s] -- Installing: /home/yzz/ROS2_WS/install/unitree_sdk2/include/dds/ddsi/ddsi_cdrstream.h
[84.825s] -- Installing: /home/yzz/ROS2_WS/install/unitree_sdk2/include/dds/ddsi/ddsi_xt_impl.h
[84.825s] -- Installing: /home/yzz/ROS2_WS/install/unitree_sdk2/include/dds/ddsi/q_receive.h
[84.825s] -- Installing: /home/yzz/ROS2_WS/install/unitree_sdk2/include/dds/ddsi/ddsi_security_msg.h
[84.825s] -- Installing: /home/yzz/ROS2_WS/install/unitree_sdk2/include/dds/ddsi/ddsi_plist.h
[84.825s] -- Installing: /home/yzz/ROS2_WS/install/unitree_sdk2/include/dds/ddsi/ddsi_config.h
[84.825s] -- Installing: /home/yzz/ROS2_WS/install/unitree_sdk2/include/dds/ddsi/ddsi_time.h
[84.825s] -- Installing: /home/yzz/ROS2_WS/install/unitree_sdk2/include/dds/ddsi/q_inverse_uint32_set.h
[84.825s] -- Installing: /home/yzz/ROS2_WS/install/unitree_sdk2/include/dds/ddsi/ddsi_iid.h
[84.825s] -- Installing: /home/yzz/ROS2_WS/install/unitree_sdk2/include/dds/ddsi/ddsi_lifespan.h
[84.825s] -- Installing: /home/yzz/ROS2_WS/install/unitree_sdk2/include/dds/ddsi/q_freelist.h
[84.825s] -- Installing: /home/yzz/ROS2_WS/install/unitree_sdk2/include/dds/ddsi/q_sockwaitset.h
[84.825s] -- Installing: /home/yzz/ROS2_WS/install/unitree_sdk2/include/dds/ddsi/ddsi_xt_typemap.h
[84.825s] -- Installing: /home/yzz/ROS2_WS/install/unitree_sdk2/include/dds/ddsi/ddsi_security_util.h
[84.825s] -- Installing: /home/yzz/ROS2_WS/install/unitree_sdk2/include/dds/ddsi/ddsi_entity.h
[84.825s] -- Installing: /home/yzz/ROS2_WS/install/unitree_sdk2/include/dds/ddsi/ddsi_deadline.h
[84.825s] -- Installing: /home/yzz/ROS2_WS/install/unitree_sdk2/include/dds/ddsi/ddsi_typelib.h
[84.826s] -- Installing: /home/yzz/ROS2_WS/install/unitree_sdk2/include/dds/ddsi/ddsi_raweth.h
[84.826s] -- Installing: /home/yzz/ROS2_WS/install/unitree_sdk2/include/dds/ddsi/q_rtps.h
[84.826s] -- Installing: /home/yzz/ROS2_WS/install/unitree_sdk2/include/dds/ddsi/ddsi_entity_match.h
[84.826s] -- Installing: /home/yzz/ROS2_WS/install/unitree_sdk2/include/dds/ddsi/ddsi_serdata_plist.h
[84.826s] -- Installing: /home/yzz/ROS2_WS/install/unitree_sdk2/include/dds/ddsi/ddsi_xqos.h
[84.826s] -- Installing: /home/yzz/ROS2_WS/install/unitree_sdk2/include/dds/ddsi/q_feature_check.h
[84.826s] -- Installing: /home/yzz/ROS2_WS/install/unitree_sdk2/include/dds/ddsi/ddsi_security_omg.h
[84.826s] -- Installing: /home/yzz/ROS2_WS/install/unitree_sdk2/include/dds/ddsi/ddsi_threadmon.h
[84.826s] -- Installing: /home/yzz/ROS2_WS/install/unitree_sdk2/include/dds/ddsi/ddsi_handshake.h
[84.826s] -- Installing: /home/yzz/ROS2_WS/install/unitree_sdk2/include/dds/ddsi/ddsi_cfgunits.h
[84.826s] -- Installing: /home/yzz/ROS2_WS/install/unitree_sdk2/include/dds/ddsi/ddsi_vnet.h
[84.826s] -- Installing: /home/yzz/ROS2_WS/install/unitree_sdk2/include/dds/ddsi/ddsi_typebuilder.h
[84.826s] -- Installing: /home/yzz/ROS2_WS/install/unitree_sdk2/include/dds/ddsi/ddsi_wraddrset.h
[84.826s] -- Installing: /home/yzz/ROS2_WS/install/unitree_sdk2/include/dds/ddsi/ddsi_sertype.h
[84.826s] -- Installing: /home/yzz/ROS2_WS/install/unitree_sdk2/include/dds/ddsi/q_xevent.h
[84.826s] -- Installing: /home/yzz/ROS2_WS/install/unitree_sdk2/include/dds/ddsi/ddsi_xt_typemap.idl
[84.826s] -- Installing: /home/yzz/ROS2_WS/install/unitree_sdk2/include/dds/ddsi/q_transmit.h
[84.827s] -- Installing: /home/yzz/ROS2_WS/install/unitree_sdk2/include/dds/ddsi/ddsi_plist_generic.h
[84.827s] -- Installing: /home/yzz/ROS2_WS/install/unitree_sdk2/include/dds/ddsi/sysdeps.h
[84.827s] -- Installing: /home/yzz/ROS2_WS/install/unitree_sdk2/include/dds/ddsi/ddsi_builtin_topic_if.h
[84.827s] -- Installing: /home/yzz/ROS2_WS/install/unitree_sdk2/include/dds/ddsi/ddsi_serdata.h
[84.827s] -- Installing: /home/yzz/ROS2_WS/install/unitree_sdk2/include/dds/ddsi/ddsi_rhc.h
[84.827s] -- Installing: /home/yzz/ROS2_WS/install/unitree_sdk2/include/dds/ddsi/ddsi_portmapping.h
[84.827s] -- Installing: /home/yzz/ROS2_WS/install/unitree_sdk2/include/dds/ddsi/ddsi_xt_typelookup.idl
[84.828s] -- Installing: /home/yzz/ROS2_WS/install/unitree_sdk2/include/dds/dds.h
[84.828s] -- Installing: /home/yzz/ROS2_WS/install/unitree_sdk2/include/dds/export.h
[84.828s] -- Installing: /home/yzz/ROS2_WS/install/unitree_sdk2/include/dds/features.h
[84.828s] -- Installing: /home/yzz/ROS2_WS/install/unitree_sdk2/include/dds/version.h
[84.828s] -- Installing: /home/yzz/ROS2_WS/install/unitree_sdk2/include/dds/config.h
[84.828s] -- Installing: /home/yzz/ROS2_WS/install/unitree_sdk2/include/dds/ddsrt
[84.828s] -- Installing: /home/yzz/ROS2_WS/install/unitree_sdk2/include/dds/ddsrt/strtod.h
[84.828s] -- Installing: /home/yzz/ROS2_WS/install/unitree_sdk2/include/dds/ddsrt/sync.h
[84.829s] -- Installing: /home/yzz/ROS2_WS/install/unitree_sdk2/include/dds/ddsrt/filesystem
[84.829s] -- Installing: /home/yzz/ROS2_WS/install/unitree_sdk2/include/dds/ddsrt/filesystem/posix.h
[84.829s] -- Installing: /home/yzz/ROS2_WS/install/unitree_sdk2/include/dds/ddsrt/filesystem/windows.h
[84.829s] -- Installing: /home/yzz/ROS2_WS/install/unitree_sdk2/include/dds/ddsrt/circlist.h
[84.829s] -- Installing: /home/yzz/ROS2_WS/install/unitree_sdk2/include/dds/ddsrt/static_assert.h
[84.829s] -- Installing: /home/yzz/ROS2_WS/install/unitree_sdk2/include/dds/ddsrt/expand_vars.h
[84.829s] -- Installing: /home/yzz/ROS2_WS/install/unitree_sdk2/include/dds/ddsrt/random.h
[84.829s] -- Installing: /home/yzz/ROS2_WS/install/unitree_sdk2/include/dds/ddsrt/sync
[84.829s] -- Installing: /home/yzz/ROS2_WS/install/unitree_sdk2/include/dds/ddsrt/sync/freertos.h
[84.830s] -- Installing: /home/yzz/ROS2_WS/install/unitree_sdk2/include/dds/ddsrt/sync/posix.h
[84.830s] -- Installing: /home/yzz/ROS2_WS/install/unitree_sdk2/include/dds/ddsrt/sync/windows.h
[84.830s] -- Installing: /home/yzz/ROS2_WS/install/unitree_sdk2/include/dds/ddsrt/types
[84.830s] -- Installing: /home/yzz/ROS2_WS/install/unitree_sdk2/include/dds/ddsrt/types/vxworks.h
[84.831s] -- Installing: /home/yzz/ROS2_WS/install/unitree_sdk2/include/dds/ddsrt/types/posix.h
[84.831s] -- Installing: /home/yzz/ROS2_WS/install/unitree_sdk2/include/dds/ddsrt/types/windows.h
[84.831s] -- Installing: /home/yzz/ROS2_WS/install/unitree_sdk2/include/dds/ddsrt/threads
[84.831s] -- Installing: /home/yzz/ROS2_WS/install/unitree_sdk2/include/dds/ddsrt/threads/freertos.h
[84.831s] -- Installing: /home/yzz/ROS2_WS/install/unitree_sdk2/include/dds/ddsrt/threads/posix.h
[84.831s] -- Installing: /home/yzz/ROS2_WS/install/unitree_sdk2/include/dds/ddsrt/threads/windows.h
[84.831s] -- Installing: /home/yzz/ROS2_WS/install/unitree_sdk2/include/dds/ddsrt/atomics
[84.831s] -- Installing: /home/yzz/ROS2_WS/install/unitree_sdk2/include/dds/ddsrt/atomics/sun.h
[84.831s] -- Installing: /home/yzz/ROS2_WS/install/unitree_sdk2/include/dds/ddsrt/atomics/arm.h
[84.831s] -- Installing: /home/yzz/ROS2_WS/install/unitree_sdk2/include/dds/ddsrt/atomics/gcc.h
[84.832s] -- Installing: /home/yzz/ROS2_WS/install/unitree_sdk2/include/dds/ddsrt/atomics/msvc.h
[84.832s] -- Installing: /home/yzz/ROS2_WS/install/unitree_sdk2/include/dds/ddsrt/retcode.h
[84.832s] -- Installing: /home/yzz/ROS2_WS/install/unitree_sdk2/include/dds/ddsrt/sockets.h
[84.832s] -- Installing: /home/yzz/ROS2_WS/install/unitree_sdk2/include/dds/ddsrt/rusage.h
[84.832s] -- Installing: /home/yzz/ROS2_WS/install/unitree_sdk2/include/dds/ddsrt/log.h
[84.832s] -- Installing: /home/yzz/ROS2_WS/install/unitree_sdk2/include/dds/ddsrt/hopscotch.h
[84.833s] -- Installing: /home/yzz/ROS2_WS/install/unitree_sdk2/include/dds/ddsrt/io.h
[84.835s] -- Installing: /home/yzz/ROS2_WS/install/unitree_sdk2/include/dds/ddsrt/iovec.h
[84.837s] -- Installing: /home/yzz/ROS2_WS/install/unitree_sdk2/include/dds/ddsrt/time.h
[84.837s] -- Installing: /home/yzz/ROS2_WS/install/unitree_sdk2/include/dds/ddsrt/strtol.h
[84.837s] -- Installing: /home/yzz/ROS2_WS/install/unitree_sdk2/include/dds/ddsrt/md5.h
[84.837s] -- Installing: /home/yzz/ROS2_WS/install/unitree_sdk2/include/dds/ddsrt/misc.h
[84.837s] -- Installing: /home/yzz/ROS2_WS/install/unitree_sdk2/include/dds/ddsrt/sockets
[84.837s] -- Installing: /home/yzz/ROS2_WS/install/unitree_sdk2/include/dds/ddsrt/sockets/posix.h
[84.837s] -- Installing: /home/yzz/ROS2_WS/install/unitree_sdk2/include/dds/ddsrt/sockets/windows.h
[84.837s] -- Installing: /home/yzz/ROS2_WS/install/unitree_sdk2/include/dds/ddsrt/threads.h
[84.837s] -- Installing: /home/yzz/ROS2_WS/install/unitree_sdk2/include/dds/ddsrt/heap.h
[84.837s] -- Installing: /home/yzz/ROS2_WS/install/unitree_sdk2/include/dds/ddsrt/atomics.h
[84.837s] -- Installing: /home/yzz/ROS2_WS/install/unitree_sdk2/include/dds/ddsrt/time
[84.837s] -- Installing: /home/yzz/ROS2_WS/install/unitree_sdk2/include/dds/ddsrt/time/freertos.h
[84.837s] -- Installing: /home/yzz/ROS2_WS/install/unitree_sdk2/include/dds/ddsrt/string.h
[84.837s] -- Installing: /home/yzz/ROS2_WS/install/unitree_sdk2/include/dds/ddsrt/fibheap.h
[84.837s] -- Installing: /home/yzz/ROS2_WS/install/unitree_sdk2/include/dds/ddsrt/countargs.h
[84.837s] -- Installing: /home/yzz/ROS2_WS/install/unitree_sdk2/include/dds/ddsrt/align.h
[84.839s] -- Installing: /home/yzz/ROS2_WS/install/unitree_sdk2/include/dds/ddsrt/endian.h
[84.839s] -- Installing: /home/yzz/ROS2_WS/install/unitree_sdk2/include/dds/ddsrt/cdtors.h
[84.839s] -- Installing: /home/yzz/ROS2_WS/install/unitree_sdk2/include/dds/ddsrt/netstat.h
[84.839s] -- Installing: /home/yzz/ROS2_WS/install/unitree_sdk2/include/dds/ddsrt/process.h
[84.839s] -- Installing: /home/yzz/ROS2_WS/install/unitree_sdk2/include/dds/ddsrt/arch.h
[84.839s] -- Installing: /home/yzz/ROS2_WS/install/unitree_sdk2/include/dds/ddsrt/dynlib.h
[84.840s] -- Installing: /home/yzz/ROS2_WS/install/unitree_sdk2/include/dds/ddsrt/avl.h
[84.840s] -- Installing: /home/yzz/ROS2_WS/install/unitree_sdk2/include/dds/ddsrt/xmlparser.h
[84.840s] -- Installing: /home/yzz/ROS2_WS/install/unitree_sdk2/include/dds/ddsrt/sched.h
[84.840s] -- Installing: /home/yzz/ROS2_WS/install/unitree_sdk2/include/dds/ddsrt/types.h
[84.840s] -- Installing: /home/yzz/ROS2_WS/install/unitree_sdk2/include/dds/ddsrt/bswap.h
[84.840s] -- Installing: /home/yzz/ROS2_WS/install/unitree_sdk2/include/dds/ddsrt/ifaddrs.h
[84.840s] -- Installing: /home/yzz/ROS2_WS/install/unitree_sdk2/include/dds/ddsrt/environ.h
[84.842s] -- Installing: /home/yzz/ROS2_WS/install/unitree_sdk2/include/dds/ddsrt/attributes.h
[84.842s] -- Installing: /home/yzz/ROS2_WS/install/unitree_sdk2/include/dds/ddsrt/filesystem.h
[84.842s] -- Installing: /home/yzz/ROS2_WS/install/unitree_sdk2/include/dds/ddsrt/mh3.h
[84.842s] -- Installing: /home/yzz/ROS2_WS/install/unitree_sdk2/include/dds/ddsc
[84.842s] -- Installing: /home/yzz/ROS2_WS/install/unitree_sdk2/include/dds/ddsc/dds_loan_api.h
[84.842s] -- Installing: /home/yzz/ROS2_WS/install/unitree_sdk2/include/dds/ddsc/dds_internal_api.h
[84.842s] -- Installing: /home/yzz/ROS2_WS/install/unitree_sdk2/include/dds/ddsc/dds_data_allocator.h
[84.843s] -- Installing: /home/yzz/ROS2_WS/install/unitree_sdk2/include/dds/ddsc/dds_basic_types.h
[84.843s] -- Installing: /home/yzz/ROS2_WS/install/unitree_sdk2/include/dds/ddsc/dds_opcodes.h
[84.843s] -- Installing: /home/yzz/ROS2_WS/install/unitree_sdk2/include/dds/ddsc/dds_public_impl.h
[84.843s] -- Installing: /home/yzz/ROS2_WS/install/unitree_sdk2/include/dds/ddsc/dds_rhc.h
[84.844s] -- Installing: /home/yzz/ROS2_WS/install/unitree_sdk2/include/dds/ddsc/dds_public_status.h
[84.846s] -- Installing: /home/yzz/ROS2_WS/install/unitree_sdk2/include/dds/ddsc/dds_public_error.h
[84.846s] -- Installing: /home/yzz/ROS2_WS/install/unitree_sdk2/include/dds/ddsc/dds_public_qosdefs.h
[84.846s] -- Installing: /home/yzz/ROS2_WS/install/unitree_sdk2/include/dds/ddsc/dds_public_qos.h
[84.846s] -- Installing: /home/yzz/ROS2_WS/install/unitree_sdk2/include/dds/ddsc/dds_public_alloc.h
[84.846s] -- Installing: /home/yzz/ROS2_WS/install/unitree_sdk2/include/dds/ddsc/dds_statistics.h
[84.846s] -- Installing: /home/yzz/ROS2_WS/install/unitree_sdk2/include/dds/ddsc/dds_public_listener.h
[84.846s] -- Installing: /home/yzz/ROS2_WS/install/unitree_sdk2/include/ddsc
[84.846s] -- Installing: /home/yzz/ROS2_WS/install/unitree_sdk2/include/ddsc/dds.h
[84.851s] Invoked command in '/home/yzz/ROS2_WS/build/unitree_sdk2' returned '0': /usr/bin/cmake --install /home/yzz/ROS2_WS/build/unitree_sdk2
