[100%] Built target controller_common
-- Install configuration: "Release"
-- Execute custom install script
-- Up-to-date symlink: /home/yzz/ROS2_WS/install/controller_common/include/controller_common/controller_common/CtrlInterfaces.h
-- Up-to-date symlink: /home/yzz/ROS2_WS/install/controller_common/include/controller_common/controller_common/FSM/BaseFixedStand.h
-- Up-to-date symlink: /home/yzz/ROS2_WS/install/controller_common/include/controller_common/controller_common/FSM/FSMState.h
-- Up-to-date symlink: /home/yzz/ROS2_WS/install/controller_common/include/controller_common/controller_common/FSM/StateFixedDown.h
-- Up-to-date symlink: /home/yzz/ROS2_WS/install/controller_common/include/controller_common/controller_common/FSM/StatePassive.h
-- Up-to-date symlink: /home/yzz/ROS2_WS/install/controller_common/include/controller_common/controller_common/common/enumClass.h
-- Up-to-date symlink: /home/yzz/ROS2_WS/install/controller_common/include/controller_common/controller_common/common/mathTools.h
-- Up-to-date symlink: /home/yzz/ROS2_WS/install/controller_common/include/controller_common/controller_common/common/mathTypes.h
-- Up-to-date symlink: /home/yzz/ROS2_WS/install/controller_common/share/controller_common/environment/library_path.sh
-- Up-to-date symlink: /home/yzz/ROS2_WS/install/controller_common/share/controller_common/environment/library_path.dsv
-- Up-to-date symlink: /home/yzz/ROS2_WS/install/controller_common/share/ament_index/resource_index/package_run_dependencies/controller_common
-- Up-to-date symlink: /home/yzz/ROS2_WS/install/controller_common/share/ament_index/resource_index/parent_prefix_path/controller_common
-- Up-to-date symlink: /home/yzz/ROS2_WS/install/controller_common/share/controller_common/environment/ament_prefix_path.sh
-- Up-to-date symlink: /home/yzz/ROS2_WS/install/controller_common/share/controller_common/environment/ament_prefix_path.dsv
-- Up-to-date symlink: /home/yzz/ROS2_WS/install/controller_common/share/controller_common/environment/path.sh
-- Up-to-date symlink: /home/yzz/ROS2_WS/install/controller_common/share/controller_common/environment/path.dsv
-- Up-to-date symlink: /home/yzz/ROS2_WS/install/controller_common/share/controller_common/local_setup.bash
-- Up-to-date symlink: /home/yzz/ROS2_WS/install/controller_common/share/controller_common/local_setup.sh
-- Up-to-date symlink: /home/yzz/ROS2_WS/install/controller_common/share/controller_common/local_setup.zsh
-- Up-to-date symlink: /home/yzz/ROS2_WS/install/controller_common/share/controller_common/local_setup.dsv
-- Symlinking: /home/yzz/ROS2_WS/install/controller_common/share/controller_common/package.dsv
-- Up-to-date symlink: /home/yzz/ROS2_WS/install/controller_common/share/ament_index/resource_index/packages/controller_common
-- Up-to-date symlink: /home/yzz/ROS2_WS/install/controller_common/share/controller_common/cmake/ament_cmake_export_targets-extras.cmake
-- Up-to-date symlink: /home/yzz/ROS2_WS/install/controller_common/share/controller_common/cmake/controller_commonConfig.cmake
-- Up-to-date symlink: /home/yzz/ROS2_WS/install/controller_common/share/controller_common/cmake/controller_commonConfig-version.cmake
-- Up-to-date symlink: /home/yzz/ROS2_WS/install/controller_common/share/controller_common/package.xml
-- Up-to-date: /home/yzz/ROS2_WS/install/controller_common/lib/libcontroller_common.so
-- Up-to-date: /home/yzz/ROS2_WS/install/controller_common/share/controller_common/cmake/export_controller_commonExport.cmake
-- Up-to-date: /home/yzz/ROS2_WS/install/controller_common/share/controller_common/cmake/export_controller_commonExport-release.cmake
