[0.038s] Invoking command in '/home/yzz/ROS2_WS/build/unitree_guide_controller': CMAKE_PREFIX_PATH=/home/yzz/ROS2_WS/install/controller_common:/home/yzz/ROS2_WS/install/control_input_msgs:/home/yzz/ROS2_WS/install/unitree_sdk2:/home/yzz/ROS2_WS/install/unitree_guide_controller:/home/yzz/ROS2_WS/install/leg_pd_controller:/home/yzz/ROS2_WS/install/keyboard_input:/home/yzz/ROS2_WS/install/go1_description:/opt/ros/humble LD_LIBRARY_PATH=/home/yzz/ROS2_WS/install/controller_common/lib:/home/yzz/ROS2_WS/install/control_input_msgs/lib:/home/yzz/ROS2_WS/install/unitree_sdk2/lib:/home/yzz/ROS2_WS/install/unitree_guide_controller/lib:/home/yzz/ROS2_WS/install/leg_pd_controller/lib:/usr/lib/x86_64-linux-gnu/gazebo-11/plugins:/opt/ros/humble/opt/rviz_ogre_vendor/lib:/opt/ros/humble/lib/x86_64-linux-gnu:/opt/ros/humble/lib /usr/bin/cmake --build /home/yzz/ROS2_WS/build/unitree_guide_controller -- -j2 -l2
[0.323s] [35m[1mConsolidate compiler generated dependencies of target unitree_guide_controller[0m
[0.688s] [  5%] [32mBuilding CXX object CMakeFiles/unitree_guide_controller.dir/src/control/BalanceCtrl.cpp.o[0m
[9.560s] [ 11%] [32m[1mLinking CXX shared library libunitree_guide_controller.so[0m
[10.457s] [100%] Built target unitree_guide_controller
[10.508s] Invoked command in '/home/yzz/ROS2_WS/build/unitree_guide_controller' returned '0': CMAKE_PREFIX_PATH=/home/yzz/ROS2_WS/install/controller_common:/home/yzz/ROS2_WS/install/control_input_msgs:/home/yzz/ROS2_WS/install/unitree_sdk2:/home/yzz/ROS2_WS/install/unitree_guide_controller:/home/yzz/ROS2_WS/install/leg_pd_controller:/home/yzz/ROS2_WS/install/keyboard_input:/home/yzz/ROS2_WS/install/go1_description:/opt/ros/humble LD_LIBRARY_PATH=/home/yzz/ROS2_WS/install/controller_common/lib:/home/yzz/ROS2_WS/install/control_input_msgs/lib:/home/yzz/ROS2_WS/install/unitree_sdk2/lib:/home/yzz/ROS2_WS/install/unitree_guide_controller/lib:/home/yzz/ROS2_WS/install/leg_pd_controller/lib:/usr/lib/x86_64-linux-gnu/gazebo-11/plugins:/opt/ros/humble/opt/rviz_ogre_vendor/lib:/opt/ros/humble/lib/x86_64-linux-gnu:/opt/ros/humble/lib /usr/bin/cmake --build /home/yzz/ROS2_WS/build/unitree_guide_controller -- -j2 -l2
[10.523s] Invoking command in '/home/yzz/ROS2_WS/build/unitree_guide_controller': CMAKE_PREFIX_PATH=/home/yzz/ROS2_WS/install/controller_common:/home/yzz/ROS2_WS/install/control_input_msgs:/home/yzz/ROS2_WS/install/unitree_sdk2:/home/yzz/ROS2_WS/install/unitree_guide_controller:/home/yzz/ROS2_WS/install/leg_pd_controller:/home/yzz/ROS2_WS/install/keyboard_input:/home/yzz/ROS2_WS/install/go1_description:/opt/ros/humble LD_LIBRARY_PATH=/home/yzz/ROS2_WS/install/controller_common/lib:/home/yzz/ROS2_WS/install/control_input_msgs/lib:/home/yzz/ROS2_WS/install/unitree_sdk2/lib:/home/yzz/ROS2_WS/install/unitree_guide_controller/lib:/home/yzz/ROS2_WS/install/leg_pd_controller/lib:/usr/lib/x86_64-linux-gnu/gazebo-11/plugins:/opt/ros/humble/opt/rviz_ogre_vendor/lib:/opt/ros/humble/lib/x86_64-linux-gnu:/opt/ros/humble/lib /usr/bin/cmake --install /home/yzz/ROS2_WS/build/unitree_guide_controller
[10.575s] -- Install configuration: "Release"
[10.580s] -- Execute custom install script
[10.580s] -- Up-to-date symlink: /home/yzz/ROS2_WS/install/unitree_guide_controller/share/unitree_guide_controller//unitree_guide_controller.xml
[10.583s] -- Up-to-date symlink: /home/yzz/ROS2_WS/install/unitree_guide_controller/include/unitree_guide_controller/unitree_guide_controller/FSM/StateBalanceTest.h
[10.583s] -- Up-to-date symlink: /home/yzz/ROS2_WS/install/unitree_guide_controller/include/unitree_guide_controller/unitree_guide_controller/FSM/StateFixedStand.h
[10.587s] -- Up-to-date symlink: /home/yzz/ROS2_WS/install/unitree_guide_controller/include/unitree_guide_controller/unitree_guide_controller/FSM/StateFreeStand.h
[10.588s] -- Up-to-date symlink: /home/yzz/ROS2_WS/install/unitree_guide_controller/include/unitree_guide_controller/unitree_guide_controller/FSM/StateSwingTest.h
[10.588s] -- Up-to-date symlink: /home/yzz/ROS2_WS/install/unitree_guide_controller/include/unitree_guide_controller/unitree_guide_controller/FSM/StateTrotting.h
[10.589s] -- Up-to-date symlink: /home/yzz/ROS2_WS/install/unitree_guide_controller/include/unitree_guide_controller/unitree_guide_controller/UnitreeGuideController.h
[10.591s] -- Up-to-date symlink: /home/yzz/ROS2_WS/install/unitree_guide_controller/include/unitree_guide_controller/unitree_guide_controller/common/mathTools.h
[10.591s] -- Up-to-date symlink: /home/yzz/ROS2_WS/install/unitree_guide_controller/include/unitree_guide_controller/unitree_guide_controller/common/mathTypes.h
[10.594s] -- Up-to-date symlink: /home/yzz/ROS2_WS/install/unitree_guide_controller/include/unitree_guide_controller/unitree_guide_controller/control/BalanceCtrl.h
[10.595s] -- Up-to-date symlink: /home/yzz/ROS2_WS/install/unitree_guide_controller/include/unitree_guide_controller/unitree_guide_controller/control/CtrlComponent.h
[10.596s] -- Up-to-date symlink: /home/yzz/ROS2_WS/install/unitree_guide_controller/include/unitree_guide_controller/unitree_guide_controller/control/Estimator.h
[10.598s] -- Up-to-date symlink: /home/yzz/ROS2_WS/install/unitree_guide_controller/include/unitree_guide_controller/unitree_guide_controller/control/LowPassFilter.h
[10.599s] -- Up-to-date symlink: /home/yzz/ROS2_WS/install/unitree_guide_controller/include/unitree_guide_controller/unitree_guide_controller/gait/FeetEndCalc.h
[10.602s] -- Up-to-date symlink: /home/yzz/ROS2_WS/install/unitree_guide_controller/include/unitree_guide_controller/unitree_guide_controller/gait/GaitGenerator.h
[10.602s] -- Up-to-date symlink: /home/yzz/ROS2_WS/install/unitree_guide_controller/include/unitree_guide_controller/unitree_guide_controller/gait/WaveGenerator.h
[10.605s] -- Up-to-date symlink: /home/yzz/ROS2_WS/install/unitree_guide_controller/include/unitree_guide_controller/unitree_guide_controller/robot/QuadrupedRobot.h
[10.606s] -- Up-to-date symlink: /home/yzz/ROS2_WS/install/unitree_guide_controller/include/unitree_guide_controller/unitree_guide_controller/robot/RobotLeg.h
[10.607s] -- Up-to-date symlink: /home/yzz/ROS2_WS/install/unitree_guide_controller/share/unitree_guide_controller//launch/gazebo.launch.py
[10.608s] -- Up-to-date symlink: /home/yzz/ROS2_WS/install/unitree_guide_controller/share/unitree_guide_controller//launch/gazebo_classic.launch.py
[10.611s] -- Up-to-date symlink: /home/yzz/ROS2_WS/install/unitree_guide_controller/share/unitree_guide_controller//launch/mujoco.launch.py
[10.611s] -- Up-to-date symlink: /home/yzz/ROS2_WS/install/unitree_guide_controller/share/unitree_guide_controller/environment/library_path.sh
[10.613s] -- Up-to-date symlink: /home/yzz/ROS2_WS/install/unitree_guide_controller/share/unitree_guide_controller/environment/library_path.dsv
[10.613s] -- Up-to-date symlink: /home/yzz/ROS2_WS/install/unitree_guide_controller/share/ament_index/resource_index/package_run_dependencies/unitree_guide_controller
[10.617s] -- Up-to-date symlink: /home/yzz/ROS2_WS/install/unitree_guide_controller/share/ament_index/resource_index/parent_prefix_path/unitree_guide_controller
[10.617s] -- Up-to-date symlink: /home/yzz/ROS2_WS/install/unitree_guide_controller/share/unitree_guide_controller/environment/ament_prefix_path.sh
[10.618s] -- Up-to-date symlink: /home/yzz/ROS2_WS/install/unitree_guide_controller/share/unitree_guide_controller/environment/ament_prefix_path.dsv
[10.619s] -- Up-to-date symlink: /home/yzz/ROS2_WS/install/unitree_guide_controller/share/unitree_guide_controller/environment/path.sh
[10.621s] -- Up-to-date symlink: /home/yzz/ROS2_WS/install/unitree_guide_controller/share/unitree_guide_controller/environment/path.dsv
[10.622s] -- Up-to-date symlink: /home/yzz/ROS2_WS/install/unitree_guide_controller/share/unitree_guide_controller/local_setup.bash
[10.624s] -- Up-to-date symlink: /home/yzz/ROS2_WS/install/unitree_guide_controller/share/unitree_guide_controller/local_setup.sh
[10.625s] -- Up-to-date symlink: /home/yzz/ROS2_WS/install/unitree_guide_controller/share/unitree_guide_controller/local_setup.zsh
[10.627s] -- Up-to-date symlink: /home/yzz/ROS2_WS/install/unitree_guide_controller/share/unitree_guide_controller/local_setup.dsv
[10.627s] -- Symlinking: /home/yzz/ROS2_WS/install/unitree_guide_controller/share/unitree_guide_controller/package.dsv
[10.697s] -- Up-to-date symlink: /home/yzz/ROS2_WS/install/unitree_guide_controller/share/ament_index/resource_index/packages/unitree_guide_controller
[10.698s] -- Up-to-date symlink: /home/yzz/ROS2_WS/install/unitree_guide_controller/share/ament_index/resource_index/controller_interface__pluginlib__plugin/unitree_guide_controller
[10.700s] -- Up-to-date symlink: /home/yzz/ROS2_WS/install/unitree_guide_controller/share/unitree_guide_controller/cmake/ament_cmake_export_dependencies-extras.cmake
[10.701s] -- Up-to-date symlink: /home/yzz/ROS2_WS/install/unitree_guide_controller/share/unitree_guide_controller/cmake/ament_cmake_export_targets-extras.cmake
[10.705s] -- Up-to-date symlink: /home/yzz/ROS2_WS/install/unitree_guide_controller/share/unitree_guide_controller/cmake/unitree_guide_controllerConfig.cmake
[10.705s] -- Up-to-date symlink: /home/yzz/ROS2_WS/install/unitree_guide_controller/share/unitree_guide_controller/cmake/unitree_guide_controllerConfig-version.cmake
[10.707s] -- Up-to-date symlink: /home/yzz/ROS2_WS/install/unitree_guide_controller/share/unitree_guide_controller/package.xml
[10.711s] -- Installing: /home/yzz/ROS2_WS/install/unitree_guide_controller/lib/unitree_guide_controller/libunitree_guide_controller.so
[10.722s] -- Set runtime path of "/home/yzz/ROS2_WS/install/unitree_guide_controller/lib/unitree_guide_controller/libunitree_guide_controller.so" to ""
[10.724s] -- Up-to-date: /home/yzz/ROS2_WS/install/unitree_guide_controller/share/unitree_guide_controller/cmake/export_unitree_guide_controllerExport.cmake
[10.724s] -- Up-to-date: /home/yzz/ROS2_WS/install/unitree_guide_controller/share/unitree_guide_controller/cmake/export_unitree_guide_controllerExport-release.cmake
[10.733s] Invoked command in '/home/yzz/ROS2_WS/build/unitree_guide_controller' returned '0': CMAKE_PREFIX_PATH=/home/yzz/ROS2_WS/install/controller_common:/home/yzz/ROS2_WS/install/control_input_msgs:/home/yzz/ROS2_WS/install/unitree_sdk2:/home/yzz/ROS2_WS/install/unitree_guide_controller:/home/yzz/ROS2_WS/install/leg_pd_controller:/home/yzz/ROS2_WS/install/keyboard_input:/home/yzz/ROS2_WS/install/go1_description:/opt/ros/humble LD_LIBRARY_PATH=/home/yzz/ROS2_WS/install/controller_common/lib:/home/yzz/ROS2_WS/install/control_input_msgs/lib:/home/yzz/ROS2_WS/install/unitree_sdk2/lib:/home/yzz/ROS2_WS/install/unitree_guide_controller/lib:/home/yzz/ROS2_WS/install/leg_pd_controller/lib:/usr/lib/x86_64-linux-gnu/gazebo-11/plugins:/opt/ros/humble/opt/rviz_ogre_vendor/lib:/opt/ros/humble/lib/x86_64-linux-gnu:/opt/ros/humble/lib /usr/bin/cmake --install /home/yzz/ROS2_WS/build/unitree_guide_controller
