[0.051s] Invoking command in '/home/yzz/quadruped_ws/build/keyboard_input': CMAKE_PREFIX_PATH=/home/yzz/quadruped_ws/install/control_input_msgs:/home/yzz/quadruped_ws/install/unitree_sdk2:/home/yzz/quadruped_ws/install/unitree_guide_controller:/home/yzz/quadruped_ws/install/leg_pd_controller:/home/yzz/quadruped_ws/install/keyboard_input:/home/yzz/quadruped_ws/install/go1_description:/home/yzz/quadruped_ws/install/controller_common:/opt/ros/humble LD_LIBRARY_PATH=/home/yzz/quadruped_ws/install/control_input_msgs/lib:/home/yzz/quadruped_ws/install/unitree_guide_controller/lib:/home/yzz/quadruped_ws/install/unitree_sdk2/lib:/home/yzz/quadruped_ws/install/leg_pd_controller/lib:/home/yzz/quadruped_ws/install/controller_common/lib:/opt/ros/humble/opt/rviz_ogre_vendor/lib:/opt/ros/humble/lib/x86_64-linux-gnu:/opt/ros/humble/lib /usr/bin/cmake --build /home/yzz/quadruped_ws/build/keyboard_input -- -j2 -l2
[0.291s] [100%] Built target keyboard_input
[0.316s] Invoked command in '/home/yzz/quadruped_ws/build/keyboard_input' returned '0': CMAKE_PREFIX_PATH=/home/yzz/quadruped_ws/install/control_input_msgs:/home/yzz/quadruped_ws/install/unitree_sdk2:/home/yzz/quadruped_ws/install/unitree_guide_controller:/home/yzz/quadruped_ws/install/leg_pd_controller:/home/yzz/quadruped_ws/install/keyboard_input:/home/yzz/quadruped_ws/install/go1_description:/home/yzz/quadruped_ws/install/controller_common:/opt/ros/humble LD_LIBRARY_PATH=/home/yzz/quadruped_ws/install/control_input_msgs/lib:/home/yzz/quadruped_ws/install/unitree_guide_controller/lib:/home/yzz/quadruped_ws/install/unitree_sdk2/lib:/home/yzz/quadruped_ws/install/leg_pd_controller/lib:/home/yzz/quadruped_ws/install/controller_common/lib:/opt/ros/humble/opt/rviz_ogre_vendor/lib:/opt/ros/humble/lib/x86_64-linux-gnu:/opt/ros/humble/lib /usr/bin/cmake --build /home/yzz/quadruped_ws/build/keyboard_input -- -j2 -l2
[0.321s] Invoking command in '/home/yzz/quadruped_ws/build/keyboard_input': CMAKE_PREFIX_PATH=/home/yzz/quadruped_ws/install/control_input_msgs:/home/yzz/quadruped_ws/install/unitree_sdk2:/home/yzz/quadruped_ws/install/unitree_guide_controller:/home/yzz/quadruped_ws/install/leg_pd_controller:/home/yzz/quadruped_ws/install/keyboard_input:/home/yzz/quadruped_ws/install/go1_description:/home/yzz/quadruped_ws/install/controller_common:/opt/ros/humble LD_LIBRARY_PATH=/home/yzz/quadruped_ws/install/control_input_msgs/lib:/home/yzz/quadruped_ws/install/unitree_guide_controller/lib:/home/yzz/quadruped_ws/install/unitree_sdk2/lib:/home/yzz/quadruped_ws/install/leg_pd_controller/lib:/home/yzz/quadruped_ws/install/controller_common/lib:/opt/ros/humble/opt/rviz_ogre_vendor/lib:/opt/ros/humble/lib/x86_64-linux-gnu:/opt/ros/humble/lib /usr/bin/cmake --install /home/yzz/quadruped_ws/build/keyboard_input
[0.349s] -- Install configuration: ""
[0.349s] -- Execute custom install script
[0.352s] -- Up-to-date symlink: /home/yzz/quadruped_ws/install/keyboard_input/lib/keyboard_input/keyboard_input
[0.352s] -- Up-to-date symlink: /home/yzz/quadruped_ws/install/keyboard_input/share/ament_index/resource_index/package_run_dependencies/keyboard_input
[0.353s] -- Up-to-date symlink: /home/yzz/quadruped_ws/install/keyboard_input/share/ament_index/resource_index/parent_prefix_path/keyboard_input
[0.355s] -- Up-to-date symlink: /home/yzz/quadruped_ws/install/keyboard_input/share/keyboard_input/environment/ament_prefix_path.sh
[0.355s] -- Up-to-date symlink: /home/yzz/quadruped_ws/install/keyboard_input/share/keyboard_input/environment/ament_prefix_path.dsv
[0.356s] -- Up-to-date symlink: /home/yzz/quadruped_ws/install/keyboard_input/share/keyboard_input/environment/path.sh
[0.358s] -- Up-to-date symlink: /home/yzz/quadruped_ws/install/keyboard_input/share/keyboard_input/environment/path.dsv
[0.358s] -- Up-to-date symlink: /home/yzz/quadruped_ws/install/keyboard_input/share/keyboard_input/local_setup.bash
[0.358s] -- Up-to-date symlink: /home/yzz/quadruped_ws/install/keyboard_input/share/keyboard_input/local_setup.sh
[0.358s] -- Up-to-date symlink: /home/yzz/quadruped_ws/install/keyboard_input/share/keyboard_input/local_setup.zsh
[0.358s] -- Up-to-date symlink: /home/yzz/quadruped_ws/install/keyboard_input/share/keyboard_input/local_setup.dsv
[0.358s] -- Symlinking: /home/yzz/quadruped_ws/install/keyboard_input/share/keyboard_input/package.dsv
[0.389s] -- Up-to-date symlink: /home/yzz/quadruped_ws/install/keyboard_input/share/ament_index/resource_index/packages/keyboard_input
[0.390s] -- Up-to-date symlink: /home/yzz/quadruped_ws/install/keyboard_input/share/keyboard_input/cmake/keyboard_inputConfig.cmake
[0.393s] -- Up-to-date symlink: /home/yzz/quadruped_ws/install/keyboard_input/share/keyboard_input/cmake/keyboard_inputConfig-version.cmake
[0.393s] -- Up-to-date symlink: /home/yzz/quadruped_ws/install/keyboard_input/share/keyboard_input/package.xml
[0.398s] Invoked command in '/home/yzz/quadruped_ws/build/keyboard_input' returned '0': CMAKE_PREFIX_PATH=/home/yzz/quadruped_ws/install/control_input_msgs:/home/yzz/quadruped_ws/install/unitree_sdk2:/home/yzz/quadruped_ws/install/unitree_guide_controller:/home/yzz/quadruped_ws/install/leg_pd_controller:/home/yzz/quadruped_ws/install/keyboard_input:/home/yzz/quadruped_ws/install/go1_description:/home/yzz/quadruped_ws/install/controller_common:/opt/ros/humble LD_LIBRARY_PATH=/home/yzz/quadruped_ws/install/control_input_msgs/lib:/home/yzz/quadruped_ws/install/unitree_guide_controller/lib:/home/yzz/quadruped_ws/install/unitree_sdk2/lib:/home/yzz/quadruped_ws/install/leg_pd_controller/lib:/home/yzz/quadruped_ws/install/controller_common/lib:/opt/ros/humble/opt/rviz_ogre_vendor/lib:/opt/ros/humble/lib/x86_64-linux-gnu:/opt/ros/humble/lib /usr/bin/cmake --install /home/yzz/quadruped_ws/build/keyboard_input
