[0.012s] Invoking command in '/home/yzz/ROS2_WS/build/keyboard_input': AMENT_PREFIX_PATH=/home/yzz/ROS2_WS/install/control_input_msgs:${AMENT_PREFIX_PATH} CMAKE_PREFIX_PATH=/home/yzz/ROS2_WS/install/control_input_msgs:/opt/ros/humble LD_LIBRARY_PATH=/home/yzz/ROS2_WS/install/control_input_msgs/lib:${LD_LIBRARY_PATH} PYTHONPATH=/home/yzz/ROS2_WS/install/control_input_msgs/local/lib/python3.10/dist-packages:${PYTHONPATH} /usr/bin/cmake /home/yzz/ROS2_WS/src/quadruped_ros2_control-humble/commands/keyboard_input -DAMENT_CMAKE_SYMLINK_INSTALL=1 -DCMAKE_INSTALL_PREFIX=/home/yzz/ROS2_WS/install/keyboard_input
[0.098s] -- The C compiler identification is GNU 12.3.0
[0.159s] -- The CXX compiler identification is GNU 11.4.0
[0.163s] -- Detecting C compiler ABI info
[0.240s] -- Detecting C compiler ABI info - done
[0.244s] -- Check for working C compiler: /usr/bin/cc - skipped
[0.244s] -- Detecting C compile features
[0.244s] -- Detecting C compile features - done
[0.246s] -- Detecting CXX compiler ABI info
[0.335s] -- Detecting CXX compiler ABI info - done
[0.341s] -- Check for working CXX compiler: /usr/bin/c++ - skipped
[0.342s] -- Detecting CXX compile features
[0.342s] -- Detecting CXX compile features - done
[0.344s] -- Found ament_cmake: 1.3.12 (/opt/ros/humble/share/ament_cmake/cmake)
[0.455s] -- Found Python3: /usr/bin/python3 (found version "3.10.12") found components: Interpreter 
[0.576s] -- Override CMake install command with custom implementation using symlinks instead of copying resources
[0.634s] -- Found rclcpp: 16.0.15 (/opt/ros/humble/share/rclcpp/cmake)
[0.695s] -- Found rosidl_generator_c: 3.1.7 (/opt/ros/humble/share/rosidl_generator_c/cmake)
[0.699s] -- Found rosidl_adapter: 3.1.7 (/opt/ros/humble/share/rosidl_adapter/cmake)
[0.708s] -- Found rosidl_generator_cpp: 3.1.7 (/opt/ros/humble/share/rosidl_generator_cpp/cmake)
[0.716s] -- Using all available rosidl_typesupport_c: rosidl_typesupport_fastrtps_c;rosidl_typesupport_introspection_c
[0.727s] -- Using all available rosidl_typesupport_cpp: rosidl_typesupport_fastrtps_cpp;rosidl_typesupport_introspection_cpp
[0.770s] -- Found rmw_implementation_cmake: 6.1.2 (/opt/ros/humble/share/rmw_implementation_cmake/cmake)
[0.772s] -- Found rmw_fastrtps_cpp: 6.2.9 (/opt/ros/humble/share/rmw_fastrtps_cpp/cmake)
[0.844s] -- Found OpenSSL: /usr/lib/x86_64-linux-gnu/libcrypto.so (found version "3.0.2")  
[0.864s] -- Found FastRTPS: /opt/ros/humble/include  
[0.892s] -- Using RMW implementation 'rmw_fastrtps_cpp' as default
[0.899s] -- Looking for pthread.h
[0.968s] -- Looking for pthread.h - found
[0.971s] -- Performing Test CMAKE_HAVE_LIBC_PTHREAD
[1.043s] -- Performing Test CMAKE_HAVE_LIBC_PTHREAD - Success
[1.043s] -- Found Threads: TRUE  
[1.101s] -- Found control_input_msgs: 0.0.0 (/home/yzz/ROS2_WS/install/control_input_msgs/share/control_input_msgs/cmake)
[1.173s] -- Configuring done
[1.182s] -- Generating done
[1.185s] -- Build files have been written to: /home/yzz/ROS2_WS/build/keyboard_input
[1.191s] Invoked command in '/home/yzz/ROS2_WS/build/keyboard_input' returned '0': AMENT_PREFIX_PATH=/home/yzz/ROS2_WS/install/control_input_msgs:${AMENT_PREFIX_PATH} CMAKE_PREFIX_PATH=/home/yzz/ROS2_WS/install/control_input_msgs:/opt/ros/humble LD_LIBRARY_PATH=/home/yzz/ROS2_WS/install/control_input_msgs/lib:${LD_LIBRARY_PATH} PYTHONPATH=/home/yzz/ROS2_WS/install/control_input_msgs/local/lib/python3.10/dist-packages:${PYTHONPATH} /usr/bin/cmake /home/yzz/ROS2_WS/src/quadruped_ros2_control-humble/commands/keyboard_input -DAMENT_CMAKE_SYMLINK_INSTALL=1 -DCMAKE_INSTALL_PREFIX=/home/yzz/ROS2_WS/install/keyboard_input
[1.192s] Invoking command in '/home/yzz/ROS2_WS/build/keyboard_input': AMENT_PREFIX_PATH=/home/yzz/ROS2_WS/install/control_input_msgs:${AMENT_PREFIX_PATH} CMAKE_PREFIX_PATH=/home/yzz/ROS2_WS/install/control_input_msgs:/opt/ros/humble LD_LIBRARY_PATH=/home/yzz/ROS2_WS/install/control_input_msgs/lib:${LD_LIBRARY_PATH} PYTHONPATH=/home/yzz/ROS2_WS/install/control_input_msgs/local/lib/python3.10/dist-packages:${PYTHONPATH} /usr/bin/cmake --build /home/yzz/ROS2_WS/build/keyboard_input -- -j2 -l2
[1.237s] [ 50%] [32mBuilding CXX object CMakeFiles/keyboard_input.dir/src/KeyboardInput.cpp.o[0m
[4.797s] [100%] [32m[1mLinking CXX executable keyboard_input[0m
[5.042s] [100%] Built target keyboard_input
[5.078s] Invoked command in '/home/yzz/ROS2_WS/build/keyboard_input' returned '0': AMENT_PREFIX_PATH=/home/yzz/ROS2_WS/install/control_input_msgs:${AMENT_PREFIX_PATH} CMAKE_PREFIX_PATH=/home/yzz/ROS2_WS/install/control_input_msgs:/opt/ros/humble LD_LIBRARY_PATH=/home/yzz/ROS2_WS/install/control_input_msgs/lib:${LD_LIBRARY_PATH} PYTHONPATH=/home/yzz/ROS2_WS/install/control_input_msgs/local/lib/python3.10/dist-packages:${PYTHONPATH} /usr/bin/cmake --build /home/yzz/ROS2_WS/build/keyboard_input -- -j2 -l2
[5.084s] Invoking command in '/home/yzz/ROS2_WS/build/keyboard_input': AMENT_PREFIX_PATH=/home/yzz/ROS2_WS/install/control_input_msgs:${AMENT_PREFIX_PATH} CMAKE_PREFIX_PATH=/home/yzz/ROS2_WS/install/control_input_msgs:/opt/ros/humble LD_LIBRARY_PATH=/home/yzz/ROS2_WS/install/control_input_msgs/lib:${LD_LIBRARY_PATH} PYTHONPATH=/home/yzz/ROS2_WS/install/control_input_msgs/local/lib/python3.10/dist-packages:${PYTHONPATH} /usr/bin/cmake --install /home/yzz/ROS2_WS/build/keyboard_input
[5.093s] -- Install configuration: ""
[5.094s] -- Execute custom install script
[5.094s] -- Symlinking: /home/yzz/ROS2_WS/install/keyboard_input/lib/keyboard_input/keyboard_input
[5.102s] -- Symlinking: /home/yzz/ROS2_WS/install/keyboard_input/share/ament_index/resource_index/package_run_dependencies/keyboard_input
[5.110s] -- Symlinking: /home/yzz/ROS2_WS/install/keyboard_input/share/ament_index/resource_index/parent_prefix_path/keyboard_input
[5.139s] -- Symlinking: /home/yzz/ROS2_WS/install/keyboard_input/share/keyboard_input/environment/ament_prefix_path.sh
[5.161s] -- Symlinking: /home/yzz/ROS2_WS/install/keyboard_input/share/keyboard_input/environment/ament_prefix_path.dsv
[5.178s] -- Symlinking: /home/yzz/ROS2_WS/install/keyboard_input/share/keyboard_input/environment/path.sh
[5.196s] -- Symlinking: /home/yzz/ROS2_WS/install/keyboard_input/share/keyboard_input/environment/path.dsv
[5.208s] -- Symlinking: /home/yzz/ROS2_WS/install/keyboard_input/share/keyboard_input/local_setup.bash
[5.224s] -- Symlinking: /home/yzz/ROS2_WS/install/keyboard_input/share/keyboard_input/local_setup.sh
[5.233s] -- Symlinking: /home/yzz/ROS2_WS/install/keyboard_input/share/keyboard_input/local_setup.zsh
[5.247s] -- Symlinking: /home/yzz/ROS2_WS/install/keyboard_input/share/keyboard_input/local_setup.dsv
[5.259s] -- Symlinking: /home/yzz/ROS2_WS/install/keyboard_input/share/keyboard_input/package.dsv
[5.272s] -- Symlinking: /home/yzz/ROS2_WS/install/keyboard_input/share/ament_index/resource_index/packages/keyboard_input
[5.284s] -- Symlinking: /home/yzz/ROS2_WS/install/keyboard_input/share/keyboard_input/cmake/keyboard_inputConfig.cmake
[5.299s] -- Symlinking: /home/yzz/ROS2_WS/install/keyboard_input/share/keyboard_input/cmake/keyboard_inputConfig-version.cmake
[5.318s] -- Symlinking: /home/yzz/ROS2_WS/install/keyboard_input/share/keyboard_input/package.xml
[5.335s] Invoked command in '/home/yzz/ROS2_WS/build/keyboard_input' returned '0': AMENT_PREFIX_PATH=/home/yzz/ROS2_WS/install/control_input_msgs:${AMENT_PREFIX_PATH} CMAKE_PREFIX_PATH=/home/yzz/ROS2_WS/install/control_input_msgs:/opt/ros/humble LD_LIBRARY_PATH=/home/yzz/ROS2_WS/install/control_input_msgs/lib:${LD_LIBRARY_PATH} PYTHONPATH=/home/yzz/ROS2_WS/install/control_input_msgs/local/lib/python3.10/dist-packages:${PYTHONPATH} /usr/bin/cmake --install /home/yzz/ROS2_WS/build/keyboard_input
