[0.017s] Invoking command in '/home/yzz/ROS2_WS/build/go1_description': CMAKE_PREFIX_PATH=/opt/ros/humble /usr/bin/cmake /home/yzz/ROS2_WS/src/quadruped_ros2_control-humble/descriptions/unitree/go1_description -DAMENT_CMAKE_SYMLINK_INSTALL=1 -DCMAKE_INSTALL_PREFIX=/home/yzz/ROS2_WS/install/go1_description
[0.128s] -- The C compiler identification is GNU 12.3.0
[0.200s] -- The CXX compiler identification is GNU 11.4.0
[0.214s] -- Detecting C compiler ABI info
[0.314s] -- Detecting C compiler ABI info - done
[0.330s] -- Check for working C compiler: /usr/bin/cc - skipped
[0.331s] -- Detecting C compile features
[0.333s] -- Detecting C compile features - done
[0.344s] -- Detecting CXX compiler ABI info
[0.469s] -- Detecting CXX compiler ABI info - done
[0.477s] -- Check for working CXX compiler: /usr/bin/c++ - skipped
[0.477s] -- Detecting CXX compile features
[0.481s] -- Detecting CXX compile features - done
[0.484s] -- Found ament_cmake: 1.3.12 (/opt/ros/humble/share/ament_cmake/cmake)
[0.664s] -- Found Python3: /usr/bin/python3 (found version "3.10.12") found components: Interpreter 
[0.714s] -- Override CMake install command with custom implementation using symlinks instead of copying resources
[0.784s] -- Configuring done
[0.788s] -- Generating done
[0.791s] -- Build files have been written to: /home/yzz/ROS2_WS/build/go1_description
[0.793s] Invoked command in '/home/yzz/ROS2_WS/build/go1_description' returned '0': CMAKE_PREFIX_PATH=/opt/ros/humble /usr/bin/cmake /home/yzz/ROS2_WS/src/quadruped_ros2_control-humble/descriptions/unitree/go1_description -DAMENT_CMAKE_SYMLINK_INSTALL=1 -DCMAKE_INSTALL_PREFIX=/home/yzz/ROS2_WS/install/go1_description
[0.794s] Invoking command in '/home/yzz/ROS2_WS/build/go1_description': CMAKE_PREFIX_PATH=/opt/ros/humble /usr/bin/cmake --build /home/yzz/ROS2_WS/build/go1_description -- -j2 -l2
[0.826s] Invoked command in '/home/yzz/ROS2_WS/build/go1_description' returned '0': CMAKE_PREFIX_PATH=/opt/ros/humble /usr/bin/cmake --build /home/yzz/ROS2_WS/build/go1_description -- -j2 -l2
[0.831s] Invoking command in '/home/yzz/ROS2_WS/build/go1_description': CMAKE_PREFIX_PATH=/opt/ros/humble /usr/bin/cmake --install /home/yzz/ROS2_WS/build/go1_description
[0.847s] -- Install configuration: ""
[0.848s] -- Execute custom install script
[0.848s] -- Symlinking: /home/yzz/ROS2_WS/install/go1_description/share/go1_description//meshes/calf.dae
[0.876s] -- Symlinking: /home/yzz/ROS2_WS/install/go1_description/share/go1_description//meshes/depthCamera.dae
[0.903s] -- Symlinking: /home/yzz/ROS2_WS/install/go1_description/share/go1_description//meshes/hip.dae
[0.921s] -- Symlinking: /home/yzz/ROS2_WS/install/go1_description/share/go1_description//meshes/thigh.dae
[0.949s] -- Symlinking: /home/yzz/ROS2_WS/install/go1_description/share/go1_description//meshes/thigh_mirror.dae
[0.962s] -- Symlinking: /home/yzz/ROS2_WS/install/go1_description/share/go1_description//meshes/trunk.dae
[0.974s] -- Symlinking: /home/yzz/ROS2_WS/install/go1_description/share/go1_description//meshes/ultraSound.dae
[0.988s] -- Symlinking: /home/yzz/ROS2_WS/install/go1_description/share/go1_description//xacro/const.xacro
[1.003s] -- Symlinking: /home/yzz/ROS2_WS/install/go1_description/share/go1_description//xacro/depthCamera.xacro
[1.013s] -- Symlinking: /home/yzz/ROS2_WS/install/go1_description/share/go1_description//xacro/ft_sensor.xacro
[1.020s] -- Symlinking: /home/yzz/ROS2_WS/install/go1_description/share/go1_description//xacro/gazebo.xacro
[1.029s] -- Symlinking: /home/yzz/ROS2_WS/install/go1_description/share/go1_description//xacro/gazebo_classic.xacro
[1.036s] -- Symlinking: /home/yzz/ROS2_WS/install/go1_description/share/go1_description//xacro/leg.xacro
[1.045s] -- Symlinking: /home/yzz/ROS2_WS/install/go1_description/share/go1_description//xacro/materials.xacro
[1.055s] -- Symlinking: /home/yzz/ROS2_WS/install/go1_description/share/go1_description//xacro/robot.xacro
[1.062s] -- Symlinking: /home/yzz/ROS2_WS/install/go1_description/share/go1_description//xacro/ros2_control.xacro
[1.067s] -- Symlinking: /home/yzz/ROS2_WS/install/go1_description/share/go1_description//xacro/transmission.xacro
[1.075s] -- Symlinking: /home/yzz/ROS2_WS/install/go1_description/share/go1_description//xacro/ultraSound.xacro
[1.085s] -- Symlinking: /home/yzz/ROS2_WS/install/go1_description/share/go1_description//launch/visualize.launch.py
[1.094s] -- Symlinking: /home/yzz/ROS2_WS/install/go1_description/share/go1_description//config/gazebo.yaml
[1.102s] -- Symlinking: /home/yzz/ROS2_WS/install/go1_description/share/go1_description//config/ocs2/gait.info
[1.115s] -- Symlinking: /home/yzz/ROS2_WS/install/go1_description/share/go1_description//config/ocs2/reference.info
[1.135s] -- Symlinking: /home/yzz/ROS2_WS/install/go1_description/share/go1_description//config/ocs2/task.info
[1.146s] -- Symlinking: /home/yzz/ROS2_WS/install/go1_description/share/go1_description//config/robot_control.yaml
[1.156s] -- Symlinking: /home/yzz/ROS2_WS/install/go1_description/share/go1_description//config/visualize_urdf.rviz
[1.168s] -- Symlinking: /home/yzz/ROS2_WS/install/go1_description/share/go1_description//urdf/robot.urdf
[1.179s] -- Symlinking: /home/yzz/ROS2_WS/install/go1_description/share/ament_index/resource_index/package_run_dependencies/go1_description
[1.184s] -- Symlinking: /home/yzz/ROS2_WS/install/go1_description/share/ament_index/resource_index/parent_prefix_path/go1_description
[1.192s] -- Symlinking: /home/yzz/ROS2_WS/install/go1_description/share/go1_description/environment/ament_prefix_path.sh
[1.198s] -- Symlinking: /home/yzz/ROS2_WS/install/go1_description/share/go1_description/environment/ament_prefix_path.dsv
[1.204s] -- Symlinking: /home/yzz/ROS2_WS/install/go1_description/share/go1_description/environment/path.sh
[1.211s] -- Symlinking: /home/yzz/ROS2_WS/install/go1_description/share/go1_description/environment/path.dsv
[1.217s] -- Symlinking: /home/yzz/ROS2_WS/install/go1_description/share/go1_description/local_setup.bash
[1.224s] -- Symlinking: /home/yzz/ROS2_WS/install/go1_description/share/go1_description/local_setup.sh
[1.233s] -- Symlinking: /home/yzz/ROS2_WS/install/go1_description/share/go1_description/local_setup.zsh
[1.246s] -- Symlinking: /home/yzz/ROS2_WS/install/go1_description/share/go1_description/local_setup.dsv
[1.251s] -- Symlinking: /home/yzz/ROS2_WS/install/go1_description/share/go1_description/package.dsv
[1.258s] -- Symlinking: /home/yzz/ROS2_WS/install/go1_description/share/ament_index/resource_index/packages/go1_description
[1.264s] -- Symlinking: /home/yzz/ROS2_WS/install/go1_description/share/go1_description/cmake/go1_descriptionConfig.cmake
[1.269s] -- Symlinking: /home/yzz/ROS2_WS/install/go1_description/share/go1_description/cmake/go1_descriptionConfig-version.cmake
[1.277s] -- Symlinking: /home/yzz/ROS2_WS/install/go1_description/share/go1_description/package.xml
[1.283s] Invoked command in '/home/yzz/ROS2_WS/build/go1_description' returned '0': CMAKE_PREFIX_PATH=/opt/ros/humble /usr/bin/cmake --install /home/yzz/ROS2_WS/build/go1_description
