-- The C compiler identification is GNU 11.4.0
-- The CXX compiler identification is GNU 11.4.0
-- Detecting C compiler ABI info
-- Detecting C compiler ABI info - done
-- Check for working C compiler: /usr/bin/cc - skipped
-- Detecting C compile features
-- Detecting C compile features - done
-- Detecting CXX compiler ABI info
-- Detecting CXX compiler ABI info - done
-- Check for working CXX compiler: /usr/bin/c++ - skipped
-- Detecting CXX compile features
-- Detecting CXX compile features - done
-- Found ament_cmake: 1.3.12 (/opt/ros/humble/share/ament_cmake/cmake)
-- Found Python3: /usr/bin/python3 (found version "3.10.12") found components: Interpreter 
-- Found pluginlib: 5.1.2 (/opt/ros/humble/share/pluginlib/cmake)
-- Found controller_interface: 2.52.2 (/opt/ros/humble/share/controller_interface/cmake)
-- Found rosidl_generator_c: 3.1.7 (/opt/ros/humble/share/rosidl_generator_c/cmake)
-- Found rosidl_adapter: 3.1.7 (/opt/ros/humble/share/rosidl_adapter/cmake)
-- Found rosidl_generator_cpp: 3.1.7 (/opt/ros/humble/share/rosidl_generator_cpp/cmake)
-- Using all available rosidl_typesupport_c: rosidl_typesupport_fastrtps_c;rosidl_typesupport_introspection_c
-- Using all available rosidl_typesupport_cpp: rosidl_typesupport_fastrtps_cpp;rosidl_typesupport_introspection_cpp
-- Found rmw_implementation_cmake: 6.1.2 (/opt/ros/humble/share/rmw_implementation_cmake/cmake)
-- Found rmw_fastrtps_cpp: 6.2.9 (/opt/ros/humble/share/rmw_fastrtps_cpp/cmake)
-- Found TinyXML2 via Config file: TinyXML2_DIR-NOTFOUND
-- Found OpenSSL: /usr/lib/x86_64-linux-gnu/libcrypto.so (found version "3.0.2")  
-- Found TinyXML2 via Config file: TinyXML2_DIR-NOTFOUND
-- Found FastRTPS: /opt/ros/humble/include  
-- Found TinyXML2 via Config file: TinyXML2_DIR-NOTFOUND
-- Found TinyXML2 via Config file: TinyXML2_DIR-NOTFOUND
-- Using RMW implementation 'rmw_fastrtps_cpp' as default
-- Looking for pthread.h
-- Looking for pthread.h - found
-- Performing Test CMAKE_HAVE_LIBC_PTHREAD
-- Performing Test CMAKE_HAVE_LIBC_PTHREAD - Success
-- Found Threads: TRUE  
-- Found realtime_tools: 2.14.1 (/opt/ros/humble/share/realtime_tools/cmake)
-- Found controller_manager: 2.52.2 (/opt/ros/humble/share/controller_manager/cmake)
-- ros2_control version below 3.0.0. Change the implementation to support ros2_control version 2.
-- Found ament_lint_auto: 0.12.14 (/opt/ros/humble/share/ament_lint_auto/cmake)
-- Added test 'cppcheck' to perform static code analysis on C / C++ code
-- Configured cppcheck include dirs: $<BUILD_INTERFACE:/home/yzz/quadruped_ws/src/quadruped_ros2_control-humble/controllers/leg_pd_controller/include>
-- Configured cppcheck exclude dirs and/or files: 
-- Added test 'lint_cmake' to check CMake code style
-- Added test 'uncrustify' to check C / C++ code style
-- Configured uncrustify additional arguments: 
-- Added test 'xmllint' to check XML markup files
-- Configuring done
-- Generating done
-- Build files have been written to: /home/yzz/quadruped_ws/build/leg_pd_controller
[ 50%] [32mBuilding CXX object CMakeFiles/leg_pd_controller.dir/src/LegPdController.cpp.o[0m
[100%] [32m[1mLinking CXX shared library libleg_pd_controller.so[0m
[100%] Built target leg_pd_controller
-- Install configuration: "Release"
-- Installing: /home/yzz/quadruped_ws/install/leg_pd_controller/share/leg_pd_controller/leg_pd_controller.xml
-- Installing: /home/yzz/quadruped_ws/install/leg_pd_controller/include/leg_pd_controller
-- Installing: /home/yzz/quadruped_ws/install/leg_pd_controller/include/leg_pd_controller/leg_pd_controller
-- Installing: /home/yzz/quadruped_ws/install/leg_pd_controller/include/leg_pd_controller/leg_pd_controller/LegPdController.h
-- Installing: /home/yzz/quadruped_ws/install/leg_pd_controller/lib/leg_pd_controller/libleg_pd_controller.so
-- Set runtime path of "/home/yzz/quadruped_ws/install/leg_pd_controller/lib/leg_pd_controller/libleg_pd_controller.so" to ""
-- Installing: /home/yzz/quadruped_ws/install/leg_pd_controller/share/leg_pd_controller/environment/library_path.sh
-- Installing: /home/yzz/quadruped_ws/install/leg_pd_controller/share/leg_pd_controller/environment/library_path.dsv
-- Installing: /home/yzz/quadruped_ws/install/leg_pd_controller/share/ament_index/resource_index/package_run_dependencies/leg_pd_controller
-- Installing: /home/yzz/quadruped_ws/install/leg_pd_controller/share/ament_index/resource_index/parent_prefix_path/leg_pd_controller
-- Installing: /home/yzz/quadruped_ws/install/leg_pd_controller/share/leg_pd_controller/environment/ament_prefix_path.sh
-- Installing: /home/yzz/quadruped_ws/install/leg_pd_controller/share/leg_pd_controller/environment/ament_prefix_path.dsv
-- Installing: /home/yzz/quadruped_ws/install/leg_pd_controller/share/leg_pd_controller/environment/path.sh
-- Installing: /home/yzz/quadruped_ws/install/leg_pd_controller/share/leg_pd_controller/environment/path.dsv
-- Installing: /home/yzz/quadruped_ws/install/leg_pd_controller/share/leg_pd_controller/local_setup.bash
-- Installing: /home/yzz/quadruped_ws/install/leg_pd_controller/share/leg_pd_controller/local_setup.sh
-- Installing: /home/yzz/quadruped_ws/install/leg_pd_controller/share/leg_pd_controller/local_setup.zsh
-- Installing: /home/yzz/quadruped_ws/install/leg_pd_controller/share/leg_pd_controller/local_setup.dsv
-- Installing: /home/yzz/quadruped_ws/install/leg_pd_controller/share/leg_pd_controller/package.dsv
-- Installing: /home/yzz/quadruped_ws/install/leg_pd_controller/share/ament_index/resource_index/packages/leg_pd_controller
-- Installing: /home/yzz/quadruped_ws/install/leg_pd_controller/share/ament_index/resource_index/controller_interface__pluginlib__plugin/leg_pd_controller
-- Installing: /home/yzz/quadruped_ws/install/leg_pd_controller/share/leg_pd_controller/cmake/export_leg_pd_controllerExport.cmake
-- Installing: /home/yzz/quadruped_ws/install/leg_pd_controller/share/leg_pd_controller/cmake/export_leg_pd_controllerExport-release.cmake
-- Installing: /home/yzz/quadruped_ws/install/leg_pd_controller/share/leg_pd_controller/cmake/ament_cmake_export_dependencies-extras.cmake
-- Installing: /home/yzz/quadruped_ws/install/leg_pd_controller/share/leg_pd_controller/cmake/ament_cmake_export_targets-extras.cmake
-- Installing: /home/yzz/quadruped_ws/install/leg_pd_controller/share/leg_pd_controller/cmake/leg_pd_controllerConfig.cmake
-- Installing: /home/yzz/quadruped_ws/install/leg_pd_controller/share/leg_pd_controller/cmake/leg_pd_controllerConfig-version.cmake
-- Installing: /home/yzz/quadruped_ws/install/leg_pd_controller/share/leg_pd_controller/package.xml
