[0.015s] Invoking command in '/home/yzz/ROS2_WS/build/control_input_msgs': CMAKE_PREFIX_PATH=${CMAKE_PREFIX_PATH}:/opt/ros/humble /usr/bin/cmake --build /home/yzz/ROS2_WS/build/control_input_msgs -- -j2 -l2
[0.182s] [  6%] Built target control_input_msgs__cpp
[0.182s] [ 12%] Built target control_input_msgs__rosidl_generator_c
[0.237s] [ 12%] Built target ament_cmake_python_symlink_control_input_msgs
[0.248s] [ 22%] Built target control_input_msgs__rosidl_typesupport_fastrtps_cpp
[0.281s] [ 32%] Built target control_input_msgs__rosidl_typesupport_introspection_cpp
[0.283s] [ 41%] Built target control_input_msgs__rosidl_typesupport_cpp
[0.320s] [ 51%] Built target control_input_msgs__rosidl_typesupport_fastrtps_c
[0.329s] [ 61%] Built target control_input_msgs__rosidl_typesupport_introspection_c
[0.360s] [ 70%] Built target control_input_msgs__rosidl_typesupport_c
[0.395s] [ 70%] Built target control_input_msgs
[0.412s] [ 74%] Built target control_input_msgs__py
[0.465s] [ 80%] Built target control_input_msgs__rosidl_generator_py
[0.493s] [ 87%] Built target control_input_msgs__rosidl_typesupport_fastrtps_c__pyext
[0.519s] [ 93%] Built target control_input_msgs__rosidl_typesupport_introspection_c__pyext
[0.571s] [100%] Built target control_input_msgs__rosidl_typesupport_c__pyext
[0.665s] running egg_info
[0.666s] writing control_input_msgs.egg-info/PKG-INFO
[0.666s] writing dependency_links to control_input_msgs.egg-info/dependency_links.txt
[0.666s] writing top-level names to control_input_msgs.egg-info/top_level.txt
[0.669s] reading manifest file 'control_input_msgs.egg-info/SOURCES.txt'
[0.670s] writing manifest file 'control_input_msgs.egg-info/SOURCES.txt'
[0.689s] [100%] Built target ament_cmake_python_build_control_input_msgs_egg
[0.700s] Invoked command in '/home/yzz/ROS2_WS/build/control_input_msgs' returned '0': CMAKE_PREFIX_PATH=${CMAKE_PREFIX_PATH}:/opt/ros/humble /usr/bin/cmake --build /home/yzz/ROS2_WS/build/control_input_msgs -- -j2 -l2
[0.704s] Invoking command in '/home/yzz/ROS2_WS/build/control_input_msgs': CMAKE_PREFIX_PATH=${CMAKE_PREFIX_PATH}:/opt/ros/humble /usr/bin/cmake --install /home/yzz/ROS2_WS/build/control_input_msgs
[0.712s] -- Install configuration: ""
[0.713s] -- Execute custom install script
[0.715s] -- Up-to-date symlink: /home/yzz/ROS2_WS/install/control_input_msgs/share/ament_index/resource_index/rosidl_interfaces/control_input_msgs
[0.716s] -- Up-to-date symlink: /home/yzz/ROS2_WS/install/control_input_msgs/include/control_input_msgs/control_input_msgs/msg/detail/inputs__functions.h
[0.716s] -- Up-to-date symlink: /home/yzz/ROS2_WS/install/control_input_msgs/include/control_input_msgs/control_input_msgs/msg/detail/inputs__struct.h
[0.717s] -- Up-to-date symlink: /home/yzz/ROS2_WS/install/control_input_msgs/include/control_input_msgs/control_input_msgs/msg/detail/inputs__type_support.h
[0.717s] -- Up-to-date symlink: /home/yzz/ROS2_WS/install/control_input_msgs/include/control_input_msgs/control_input_msgs/msg/inputs.h
[0.717s] -- Up-to-date symlink: /home/yzz/ROS2_WS/install/control_input_msgs/include/control_input_msgs/control_input_msgs/msg/rosidl_generator_c__visibility_control.h
[0.718s] -- Up-to-date symlink: /home/yzz/ROS2_WS/install/control_input_msgs/share/control_input_msgs/environment/library_path.sh
[0.719s] -- Up-to-date symlink: /home/yzz/ROS2_WS/install/control_input_msgs/share/control_input_msgs/environment/library_path.dsv
[0.719s] -- Up-to-date symlink: /home/yzz/ROS2_WS/install/control_input_msgs/include/control_input_msgs/control_input_msgs/msg/detail/inputs__rosidl_typesupport_fastrtps_c.h
[0.720s] -- Up-to-date symlink: /home/yzz/ROS2_WS/install/control_input_msgs/include/control_input_msgs/control_input_msgs/msg/rosidl_typesupport_fastrtps_c__visibility_control.h
[0.720s] -- Up-to-date symlink: /home/yzz/ROS2_WS/install/control_input_msgs/include/control_input_msgs/control_input_msgs/msg/detail/inputs__rosidl_typesupport_introspection_c.h
[0.720s] -- Up-to-date symlink: /home/yzz/ROS2_WS/install/control_input_msgs/include/control_input_msgs/control_input_msgs/msg/rosidl_typesupport_introspection_c__visibility_control.h
[0.721s] -- Up-to-date symlink: /home/yzz/ROS2_WS/install/control_input_msgs/include/control_input_msgs/control_input_msgs/msg/detail/inputs__builder.hpp
[0.721s] -- Up-to-date symlink: /home/yzz/ROS2_WS/install/control_input_msgs/include/control_input_msgs/control_input_msgs/msg/detail/inputs__struct.hpp
[0.721s] -- Up-to-date symlink: /home/yzz/ROS2_WS/install/control_input_msgs/include/control_input_msgs/control_input_msgs/msg/detail/inputs__traits.hpp
[0.722s] -- Up-to-date symlink: /home/yzz/ROS2_WS/install/control_input_msgs/include/control_input_msgs/control_input_msgs/msg/detail/inputs__type_support.hpp
[0.722s] -- Up-to-date symlink: /home/yzz/ROS2_WS/install/control_input_msgs/include/control_input_msgs/control_input_msgs/msg/inputs.hpp
[0.722s] -- Up-to-date symlink: /home/yzz/ROS2_WS/install/control_input_msgs/include/control_input_msgs/control_input_msgs/msg/rosidl_generator_cpp__visibility_control.hpp
[0.723s] -- Up-to-date symlink: /home/yzz/ROS2_WS/install/control_input_msgs/include/control_input_msgs/control_input_msgs/msg/detail/inputs__rosidl_typesupport_fastrtps_cpp.hpp
[0.723s] -- Up-to-date symlink: /home/yzz/ROS2_WS/install/control_input_msgs/include/control_input_msgs/control_input_msgs/msg/rosidl_typesupport_fastrtps_cpp__visibility_control.h
[0.724s] -- Up-to-date symlink: /home/yzz/ROS2_WS/install/control_input_msgs/include/control_input_msgs/control_input_msgs/msg/detail/inputs__rosidl_typesupport_introspection_cpp.hpp
[0.724s] -- Up-to-date symlink: /home/yzz/ROS2_WS/install/control_input_msgs/share/control_input_msgs/environment/pythonpath.sh
[0.725s] -- Up-to-date symlink: /home/yzz/ROS2_WS/install/control_input_msgs/share/control_input_msgs/environment/pythonpath.dsv
[0.725s] -- Up-to-date symlink: /home/yzz/ROS2_WS/install/control_input_msgs/local/lib/python3.10/dist-packages/control_input_msgs-0.0.0-py3.10.egg-info/PKG-INFO
[0.726s] -- Up-to-date symlink: /home/yzz/ROS2_WS/install/control_input_msgs/local/lib/python3.10/dist-packages/control_input_msgs-0.0.0-py3.10.egg-info/SOURCES.txt
[0.727s] -- Up-to-date symlink: /home/yzz/ROS2_WS/install/control_input_msgs/local/lib/python3.10/dist-packages/control_input_msgs-0.0.0-py3.10.egg-info/dependency_links.txt
[0.727s] -- Up-to-date symlink: /home/yzz/ROS2_WS/install/control_input_msgs/local/lib/python3.10/dist-packages/control_input_msgs-0.0.0-py3.10.egg-info/top_level.txt
[0.729s] -- Up-to-date symlink: /home/yzz/ROS2_WS/install/control_input_msgs/local/lib/python3.10/dist-packages/control_input_msgs/__init__.py
[0.729s] -- Up-to-date symlink: /home/yzz/ROS2_WS/install/control_input_msgs/local/lib/python3.10/dist-packages/control_input_msgs/_control_input_msgs_s.ep.rosidl_typesupport_c.c
[0.729s] -- Up-to-date symlink: /home/yzz/ROS2_WS/install/control_input_msgs/local/lib/python3.10/dist-packages/control_input_msgs/_control_input_msgs_s.ep.rosidl_typesupport_fastrtps_c.c
[0.730s] -- Up-to-date symlink: /home/yzz/ROS2_WS/install/control_input_msgs/local/lib/python3.10/dist-packages/control_input_msgs/_control_input_msgs_s.ep.rosidl_typesupport_introspection_c.c
[0.730s] -- Up-to-date symlink: /home/yzz/ROS2_WS/install/control_input_msgs/local/lib/python3.10/dist-packages/control_input_msgs/control_input_msgs_s__rosidl_typesupport_c.cpython-310-x86_64-linux-gnu.so
[0.731s] -- Up-to-date symlink: /home/yzz/ROS2_WS/install/control_input_msgs/local/lib/python3.10/dist-packages/control_input_msgs/control_input_msgs_s__rosidl_typesupport_fastrtps_c.cpython-310-x86_64-linux-gnu.so
[0.732s] -- Up-to-date symlink: /home/yzz/ROS2_WS/install/control_input_msgs/local/lib/python3.10/dist-packages/control_input_msgs/control_input_msgs_s__rosidl_typesupport_introspection_c.cpython-310-x86_64-linux-gnu.so
[0.732s] -- Up-to-date symlink: /home/yzz/ROS2_WS/install/control_input_msgs/local/lib/python3.10/dist-packages/control_input_msgs/libcontrol_input_msgs__rosidl_generator_py.so
[0.732s] -- Up-to-date symlink: /home/yzz/ROS2_WS/install/control_input_msgs/local/lib/python3.10/dist-packages/control_input_msgs/msg/__init__.py
[0.733s] -- Up-to-date symlink: /home/yzz/ROS2_WS/install/control_input_msgs/local/lib/python3.10/dist-packages/control_input_msgs/msg/_inputs.py
[0.733s] -- Up-to-date symlink: /home/yzz/ROS2_WS/install/control_input_msgs/local/lib/python3.10/dist-packages/control_input_msgs/msg/_inputs_s.c
[0.734s] -- Up-to-date symlink: /home/yzz/ROS2_WS/install/control_input_msgs/local/lib/python3.10/dist-packages/control_input_msgs/control_input_msgs_s__rosidl_typesupport_fastrtps_c.cpython-310-x86_64-linux-gnu.so
[0.734s] -- Up-to-date symlink: /home/yzz/ROS2_WS/install/control_input_msgs/local/lib/python3.10/dist-packages/control_input_msgs/control_input_msgs_s__rosidl_typesupport_introspection_c.cpython-310-x86_64-linux-gnu.so
[0.735s] -- Up-to-date symlink: /home/yzz/ROS2_WS/install/control_input_msgs/local/lib/python3.10/dist-packages/control_input_msgs/control_input_msgs_s__rosidl_typesupport_c.cpython-310-x86_64-linux-gnu.so
[0.736s] -- Up-to-date symlink: /home/yzz/ROS2_WS/install/control_input_msgs/share/control_input_msgs/msg/Inputs.idl
[0.736s] -- Up-to-date symlink: /home/yzz/ROS2_WS/install/control_input_msgs/share/control_input_msgs/msg/Inputs.msg
[0.736s] -- Up-to-date symlink: /home/yzz/ROS2_WS/install/control_input_msgs/share/ament_index/resource_index/package_run_dependencies/control_input_msgs
[0.736s] -- Up-to-date symlink: /home/yzz/ROS2_WS/install/control_input_msgs/share/ament_index/resource_index/parent_prefix_path/control_input_msgs
[0.737s] -- Up-to-date symlink: /home/yzz/ROS2_WS/install/control_input_msgs/share/control_input_msgs/environment/ament_prefix_path.sh
[0.738s] -- Up-to-date symlink: /home/yzz/ROS2_WS/install/control_input_msgs/share/control_input_msgs/environment/ament_prefix_path.dsv
[0.738s] -- Up-to-date symlink: /home/yzz/ROS2_WS/install/control_input_msgs/share/control_input_msgs/environment/path.sh
[0.738s] -- Up-to-date symlink: /home/yzz/ROS2_WS/install/control_input_msgs/share/control_input_msgs/environment/path.dsv
[0.739s] -- Up-to-date symlink: /home/yzz/ROS2_WS/install/control_input_msgs/share/control_input_msgs/local_setup.bash
[0.740s] -- Up-to-date symlink: /home/yzz/ROS2_WS/install/control_input_msgs/share/control_input_msgs/local_setup.sh
[0.740s] -- Up-to-date symlink: /home/yzz/ROS2_WS/install/control_input_msgs/share/control_input_msgs/local_setup.zsh
[0.741s] -- Up-to-date symlink: /home/yzz/ROS2_WS/install/control_input_msgs/share/control_input_msgs/local_setup.dsv
[0.741s] -- Symlinking: /home/yzz/ROS2_WS/install/control_input_msgs/share/control_input_msgs/package.dsv
[0.755s] -- Up-to-date symlink: /home/yzz/ROS2_WS/install/control_input_msgs/share/ament_index/resource_index/packages/control_input_msgs
[0.755s] -- Up-to-date symlink: /home/yzz/ROS2_WS/install/control_input_msgs/share/control_input_msgs/cmake/rosidl_cmake-extras.cmake
[0.756s] -- Up-to-date symlink: /home/yzz/ROS2_WS/install/control_input_msgs/share/control_input_msgs/cmake/ament_cmake_export_include_directories-extras.cmake
[0.756s] -- Up-to-date symlink: /home/yzz/ROS2_WS/install/control_input_msgs/share/control_input_msgs/cmake/ament_cmake_export_libraries-extras.cmake
[0.757s] -- Up-to-date symlink: /home/yzz/ROS2_WS/install/control_input_msgs/share/control_input_msgs/cmake/ament_cmake_export_targets-extras.cmake
[0.758s] -- Up-to-date symlink: /home/yzz/ROS2_WS/install/control_input_msgs/share/control_input_msgs/cmake/rosidl_cmake_export_typesupport_targets-extras.cmake
[0.758s] -- Up-to-date symlink: /home/yzz/ROS2_WS/install/control_input_msgs/share/control_input_msgs/cmake/ament_cmake_export_dependencies-extras.cmake
[0.759s] -- Up-to-date symlink: /home/yzz/ROS2_WS/install/control_input_msgs/share/control_input_msgs/cmake/rosidl_cmake_export_typesupport_libraries-extras.cmake
[0.759s] -- Up-to-date symlink: /home/yzz/ROS2_WS/install/control_input_msgs/share/control_input_msgs/cmake/control_input_msgsConfig.cmake
[0.759s] -- Up-to-date symlink: /home/yzz/ROS2_WS/install/control_input_msgs/share/control_input_msgs/cmake/control_input_msgsConfig-version.cmake
[0.759s] -- Up-to-date symlink: /home/yzz/ROS2_WS/install/control_input_msgs/share/control_input_msgs/package.xml
[0.762s] -- Up-to-date: /home/yzz/ROS2_WS/install/control_input_msgs/lib/libcontrol_input_msgs__rosidl_generator_c.so
[0.762s] -- Up-to-date: /home/yzz/ROS2_WS/install/control_input_msgs/lib/libcontrol_input_msgs__rosidl_typesupport_fastrtps_c.so
[0.762s] -- Up-to-date: /home/yzz/ROS2_WS/install/control_input_msgs/lib/libcontrol_input_msgs__rosidl_typesupport_introspection_c.so
[0.762s] -- Up-to-date: /home/yzz/ROS2_WS/install/control_input_msgs/lib/libcontrol_input_msgs__rosidl_typesupport_c.so
[0.763s] -- Up-to-date: /home/yzz/ROS2_WS/install/control_input_msgs/lib/libcontrol_input_msgs__rosidl_typesupport_fastrtps_cpp.so
[0.764s] -- Up-to-date: /home/yzz/ROS2_WS/install/control_input_msgs/lib/libcontrol_input_msgs__rosidl_typesupport_introspection_cpp.so
[0.764s] -- Up-to-date: /home/yzz/ROS2_WS/install/control_input_msgs/lib/libcontrol_input_msgs__rosidl_typesupport_cpp.so
[0.800s] Listing '/home/yzz/ROS2_WS/install/control_input_msgs/local/lib/python3.10/dist-packages/control_input_msgs'...
[0.800s] Listing '/home/yzz/ROS2_WS/install/control_input_msgs/local/lib/python3.10/dist-packages/control_input_msgs/msg'...
[0.801s] -- Up-to-date: /home/yzz/ROS2_WS/install/control_input_msgs/lib/libcontrol_input_msgs__rosidl_generator_py.so
[0.802s] -- Up-to-date: /home/yzz/ROS2_WS/install/control_input_msgs/share/control_input_msgs/cmake/export_control_input_msgs__rosidl_generator_cExport.cmake
[0.803s] -- Up-to-date: /home/yzz/ROS2_WS/install/control_input_msgs/share/control_input_msgs/cmake/export_control_input_msgs__rosidl_generator_cExport-noconfig.cmake
[0.803s] -- Up-to-date: /home/yzz/ROS2_WS/install/control_input_msgs/share/control_input_msgs/cmake/export_control_input_msgs__rosidl_typesupport_fastrtps_cExport.cmake
[0.803s] -- Up-to-date: /home/yzz/ROS2_WS/install/control_input_msgs/share/control_input_msgs/cmake/export_control_input_msgs__rosidl_typesupport_fastrtps_cExport-noconfig.cmake
[0.803s] -- Up-to-date: /home/yzz/ROS2_WS/install/control_input_msgs/share/control_input_msgs/cmake/control_input_msgs__rosidl_typesupport_introspection_cExport.cmake
[0.804s] -- Up-to-date: /home/yzz/ROS2_WS/install/control_input_msgs/share/control_input_msgs/cmake/control_input_msgs__rosidl_typesupport_introspection_cExport-noconfig.cmake
[0.804s] -- Up-to-date: /home/yzz/ROS2_WS/install/control_input_msgs/share/control_input_msgs/cmake/control_input_msgs__rosidl_typesupport_cExport.cmake
[0.804s] -- Up-to-date: /home/yzz/ROS2_WS/install/control_input_msgs/share/control_input_msgs/cmake/control_input_msgs__rosidl_typesupport_cExport-noconfig.cmake
[0.806s] -- Up-to-date: /home/yzz/ROS2_WS/install/control_input_msgs/share/control_input_msgs/cmake/export_control_input_msgs__rosidl_generator_cppExport.cmake
[0.806s] -- Up-to-date: /home/yzz/ROS2_WS/install/control_input_msgs/share/control_input_msgs/cmake/export_control_input_msgs__rosidl_typesupport_fastrtps_cppExport.cmake
[0.806s] -- Up-to-date: /home/yzz/ROS2_WS/install/control_input_msgs/share/control_input_msgs/cmake/export_control_input_msgs__rosidl_typesupport_fastrtps_cppExport-noconfig.cmake
[0.806s] -- Up-to-date: /home/yzz/ROS2_WS/install/control_input_msgs/share/control_input_msgs/cmake/control_input_msgs__rosidl_typesupport_introspection_cppExport.cmake
[0.806s] -- Up-to-date: /home/yzz/ROS2_WS/install/control_input_msgs/share/control_input_msgs/cmake/control_input_msgs__rosidl_typesupport_introspection_cppExport-noconfig.cmake
[0.806s] -- Up-to-date: /home/yzz/ROS2_WS/install/control_input_msgs/share/control_input_msgs/cmake/control_input_msgs__rosidl_typesupport_cppExport.cmake
[0.806s] -- Up-to-date: /home/yzz/ROS2_WS/install/control_input_msgs/share/control_input_msgs/cmake/control_input_msgs__rosidl_typesupport_cppExport-noconfig.cmake
[0.806s] -- Up-to-date: /home/yzz/ROS2_WS/install/control_input_msgs/share/control_input_msgs/cmake/export_control_input_msgs__rosidl_generator_pyExport.cmake
[0.806s] -- Up-to-date: /home/yzz/ROS2_WS/install/control_input_msgs/share/control_input_msgs/cmake/export_control_input_msgs__rosidl_generator_pyExport-noconfig.cmake
[0.807s] Invoked command in '/home/yzz/ROS2_WS/build/control_input_msgs' returned '0': CMAKE_PREFIX_PATH=${CMAKE_PREFIX_PATH}:/opt/ros/humble /usr/bin/cmake --install /home/yzz/ROS2_WS/build/control_input_msgs
