[0.023s] Invoking command in '/home/yzz/ROS2_WS/build/control_input_msgs': CMAKE_PREFIX_PATH=${CMAKE_PREFIX_PATH}:/opt/ros/humble /usr/bin/cmake --build /home/yzz/ROS2_WS/build/control_input_msgs -- -j2 -l2
[0.236s] [  3%] Built target control_input_msgs__cpp
[0.269s] [ 12%] Built target control_input_msgs__rosidl_generator_c
[0.302s] [ 12%] Built target ament_cmake_python_symlink_control_input_msgs
[0.399s] [ 22%] Built target control_input_msgs__rosidl_typesupport_fastrtps_cpp
[0.421s] [ 32%] Built target control_input_msgs__rosidl_typesupport_introspection_cpp
[0.473s] [ 41%] Built target control_input_msgs__rosidl_typesupport_cpp
[0.493s] [ 51%] Built target control_input_msgs__rosidl_typesupport_fastrtps_c
[0.517s] [ 61%] Built target control_input_msgs__rosidl_typesupport_introspection_c
[0.567s] [ 70%] Built target control_input_msgs__rosidl_typesupport_c
[0.621s] [ 70%] Built target control_input_msgs
[0.683s] [ 74%] Built target control_input_msgs__py
[0.733s] [ 80%] Built target control_input_msgs__rosidl_generator_py
[0.846s] [ 87%] Built target control_input_msgs__rosidl_typesupport_fastrtps_c__pyext
[0.860s] running egg_info
[0.861s] writing control_input_msgs.egg-info/PKG-INFO
[0.862s] writing dependency_links to control_input_msgs.egg-info/dependency_links.txt
[0.862s] writing top-level names to control_input_msgs.egg-info/top_level.txt
[0.866s] reading manifest file 'control_input_msgs.egg-info/SOURCES.txt'
[0.869s] writing manifest file 'control_input_msgs.egg-info/SOURCES.txt'
[0.902s] [ 93%] Built target control_input_msgs__rosidl_typesupport_introspection_c__pyext
[0.915s] [ 93%] Built target ament_cmake_python_build_control_input_msgs_egg
[0.924s] [100%] Built target control_input_msgs__rosidl_typesupport_c__pyext
[0.947s] Invoked command in '/home/yzz/ROS2_WS/build/control_input_msgs' returned '0': CMAKE_PREFIX_PATH=${CMAKE_PREFIX_PATH}:/opt/ros/humble /usr/bin/cmake --build /home/yzz/ROS2_WS/build/control_input_msgs -- -j2 -l2
[0.977s] Invoking command in '/home/yzz/ROS2_WS/build/control_input_msgs': CMAKE_PREFIX_PATH=${CMAKE_PREFIX_PATH}:/opt/ros/humble /usr/bin/cmake --install /home/yzz/ROS2_WS/build/control_input_msgs
[0.985s] -- Install configuration: ""
[0.986s] -- Execute custom install script
[0.986s] -- Up-to-date symlink: /home/yzz/ROS2_WS/install/control_input_msgs/share/ament_index/resource_index/rosidl_interfaces/control_input_msgs
[0.988s] -- Up-to-date symlink: /home/yzz/ROS2_WS/install/control_input_msgs/include/control_input_msgs/control_input_msgs/msg/detail/inputs__functions.h
[0.988s] -- Up-to-date symlink: /home/yzz/ROS2_WS/install/control_input_msgs/include/control_input_msgs/control_input_msgs/msg/detail/inputs__struct.h
[0.988s] -- Up-to-date symlink: /home/yzz/ROS2_WS/install/control_input_msgs/include/control_input_msgs/control_input_msgs/msg/detail/inputs__type_support.h
[0.989s] -- Up-to-date symlink: /home/yzz/ROS2_WS/install/control_input_msgs/include/control_input_msgs/control_input_msgs/msg/inputs.h
[0.990s] -- Up-to-date symlink: /home/yzz/ROS2_WS/install/control_input_msgs/include/control_input_msgs/control_input_msgs/msg/rosidl_generator_c__visibility_control.h
[0.990s] -- Up-to-date symlink: /home/yzz/ROS2_WS/install/control_input_msgs/share/control_input_msgs/environment/library_path.sh
[0.991s] -- Up-to-date symlink: /home/yzz/ROS2_WS/install/control_input_msgs/share/control_input_msgs/environment/library_path.dsv
[0.993s] -- Up-to-date symlink: /home/yzz/ROS2_WS/install/control_input_msgs/include/control_input_msgs/control_input_msgs/msg/detail/inputs__rosidl_typesupport_fastrtps_c.h
[0.997s] -- Up-to-date symlink: /home/yzz/ROS2_WS/install/control_input_msgs/include/control_input_msgs/control_input_msgs/msg/rosidl_typesupport_fastrtps_c__visibility_control.h
[0.997s] -- Up-to-date symlink: /home/yzz/ROS2_WS/install/control_input_msgs/include/control_input_msgs/control_input_msgs/msg/detail/inputs__rosidl_typesupport_introspection_c.h
[0.997s] -- Up-to-date symlink: /home/yzz/ROS2_WS/install/control_input_msgs/include/control_input_msgs/control_input_msgs/msg/rosidl_typesupport_introspection_c__visibility_control.h
[0.997s] -- Up-to-date symlink: /home/yzz/ROS2_WS/install/control_input_msgs/include/control_input_msgs/control_input_msgs/msg/detail/inputs__builder.hpp
[0.997s] -- Up-to-date symlink: /home/yzz/ROS2_WS/install/control_input_msgs/include/control_input_msgs/control_input_msgs/msg/detail/inputs__struct.hpp
[0.997s] -- Up-to-date symlink: /home/yzz/ROS2_WS/install/control_input_msgs/include/control_input_msgs/control_input_msgs/msg/detail/inputs__traits.hpp
[0.998s] -- Up-to-date symlink: /home/yzz/ROS2_WS/install/control_input_msgs/include/control_input_msgs/control_input_msgs/msg/detail/inputs__type_support.hpp
[0.998s] -- Up-to-date symlink: /home/yzz/ROS2_WS/install/control_input_msgs/include/control_input_msgs/control_input_msgs/msg/inputs.hpp
[0.998s] -- Up-to-date symlink: /home/yzz/ROS2_WS/install/control_input_msgs/include/control_input_msgs/control_input_msgs/msg/rosidl_generator_cpp__visibility_control.hpp
[0.999s] -- Up-to-date symlink: /home/yzz/ROS2_WS/install/control_input_msgs/include/control_input_msgs/control_input_msgs/msg/detail/inputs__rosidl_typesupport_fastrtps_cpp.hpp
[1.000s] -- Up-to-date symlink: /home/yzz/ROS2_WS/install/control_input_msgs/include/control_input_msgs/control_input_msgs/msg/rosidl_typesupport_fastrtps_cpp__visibility_control.h
[1.000s] -- Up-to-date symlink: /home/yzz/ROS2_WS/install/control_input_msgs/include/control_input_msgs/control_input_msgs/msg/detail/inputs__rosidl_typesupport_introspection_cpp.hpp
[1.001s] -- Up-to-date symlink: /home/yzz/ROS2_WS/install/control_input_msgs/share/control_input_msgs/environment/pythonpath.sh
[1.001s] -- Up-to-date symlink: /home/yzz/ROS2_WS/install/control_input_msgs/share/control_input_msgs/environment/pythonpath.dsv
[1.001s] -- Up-to-date symlink: /home/yzz/ROS2_WS/install/control_input_msgs/local/lib/python3.10/dist-packages/control_input_msgs-0.0.0-py3.10.egg-info/PKG-INFO
[1.002s] -- Up-to-date symlink: /home/yzz/ROS2_WS/install/control_input_msgs/local/lib/python3.10/dist-packages/control_input_msgs-0.0.0-py3.10.egg-info/SOURCES.txt
[1.003s] -- Up-to-date symlink: /home/yzz/ROS2_WS/install/control_input_msgs/local/lib/python3.10/dist-packages/control_input_msgs-0.0.0-py3.10.egg-info/dependency_links.txt
[1.003s] -- Up-to-date symlink: /home/yzz/ROS2_WS/install/control_input_msgs/local/lib/python3.10/dist-packages/control_input_msgs-0.0.0-py3.10.egg-info/top_level.txt
[1.004s] -- Up-to-date symlink: /home/yzz/ROS2_WS/install/control_input_msgs/local/lib/python3.10/dist-packages/control_input_msgs/__init__.py
[1.004s] -- Up-to-date symlink: /home/yzz/ROS2_WS/install/control_input_msgs/local/lib/python3.10/dist-packages/control_input_msgs/_control_input_msgs_s.ep.rosidl_typesupport_c.c
[1.004s] -- Up-to-date symlink: /home/yzz/ROS2_WS/install/control_input_msgs/local/lib/python3.10/dist-packages/control_input_msgs/_control_input_msgs_s.ep.rosidl_typesupport_fastrtps_c.c
[1.006s] -- Up-to-date symlink: /home/yzz/ROS2_WS/install/control_input_msgs/local/lib/python3.10/dist-packages/control_input_msgs/_control_input_msgs_s.ep.rosidl_typesupport_introspection_c.c
[1.006s] -- Up-to-date symlink: /home/yzz/ROS2_WS/install/control_input_msgs/local/lib/python3.10/dist-packages/control_input_msgs/control_input_msgs_s__rosidl_typesupport_c.cpython-310-x86_64-linux-gnu.so
[1.007s] -- Up-to-date symlink: /home/yzz/ROS2_WS/install/control_input_msgs/local/lib/python3.10/dist-packages/control_input_msgs/control_input_msgs_s__rosidl_typesupport_fastrtps_c.cpython-310-x86_64-linux-gnu.so
[1.007s] -- Up-to-date symlink: /home/yzz/ROS2_WS/install/control_input_msgs/local/lib/python3.10/dist-packages/control_input_msgs/control_input_msgs_s__rosidl_typesupport_introspection_c.cpython-310-x86_64-linux-gnu.so
[1.008s] -- Up-to-date symlink: /home/yzz/ROS2_WS/install/control_input_msgs/local/lib/python3.10/dist-packages/control_input_msgs/libcontrol_input_msgs__rosidl_generator_py.so
[1.008s] -- Up-to-date symlink: /home/yzz/ROS2_WS/install/control_input_msgs/local/lib/python3.10/dist-packages/control_input_msgs/msg/__init__.py
[1.009s] -- Up-to-date symlink: /home/yzz/ROS2_WS/install/control_input_msgs/local/lib/python3.10/dist-packages/control_input_msgs/msg/_inputs.py
[1.009s] -- Up-to-date symlink: /home/yzz/ROS2_WS/install/control_input_msgs/local/lib/python3.10/dist-packages/control_input_msgs/msg/_inputs_s.c
[1.011s] -- Up-to-date symlink: /home/yzz/ROS2_WS/install/control_input_msgs/local/lib/python3.10/dist-packages/control_input_msgs/control_input_msgs_s__rosidl_typesupport_fastrtps_c.cpython-310-x86_64-linux-gnu.so
[1.011s] -- Up-to-date symlink: /home/yzz/ROS2_WS/install/control_input_msgs/local/lib/python3.10/dist-packages/control_input_msgs/control_input_msgs_s__rosidl_typesupport_introspection_c.cpython-310-x86_64-linux-gnu.so
[1.012s] -- Up-to-date symlink: /home/yzz/ROS2_WS/install/control_input_msgs/local/lib/python3.10/dist-packages/control_input_msgs/control_input_msgs_s__rosidl_typesupport_c.cpython-310-x86_64-linux-gnu.so
[1.013s] -- Up-to-date symlink: /home/yzz/ROS2_WS/install/control_input_msgs/share/control_input_msgs/msg/Inputs.idl
[1.013s] -- Up-to-date symlink: /home/yzz/ROS2_WS/install/control_input_msgs/share/control_input_msgs/msg/Inputs.msg
[1.013s] -- Up-to-date symlink: /home/yzz/ROS2_WS/install/control_input_msgs/share/ament_index/resource_index/package_run_dependencies/control_input_msgs
[1.014s] -- Up-to-date symlink: /home/yzz/ROS2_WS/install/control_input_msgs/share/ament_index/resource_index/parent_prefix_path/control_input_msgs
[1.014s] -- Up-to-date symlink: /home/yzz/ROS2_WS/install/control_input_msgs/share/control_input_msgs/environment/ament_prefix_path.sh
[1.014s] -- Up-to-date symlink: /home/yzz/ROS2_WS/install/control_input_msgs/share/control_input_msgs/environment/ament_prefix_path.dsv
[1.015s] -- Up-to-date symlink: /home/yzz/ROS2_WS/install/control_input_msgs/share/control_input_msgs/environment/path.sh
[1.016s] -- Up-to-date symlink: /home/yzz/ROS2_WS/install/control_input_msgs/share/control_input_msgs/environment/path.dsv
[1.016s] -- Up-to-date symlink: /home/yzz/ROS2_WS/install/control_input_msgs/share/control_input_msgs/local_setup.bash
[1.017s] -- Up-to-date symlink: /home/yzz/ROS2_WS/install/control_input_msgs/share/control_input_msgs/local_setup.sh
[1.017s] -- Up-to-date symlink: /home/yzz/ROS2_WS/install/control_input_msgs/share/control_input_msgs/local_setup.zsh
[1.017s] -- Up-to-date symlink: /home/yzz/ROS2_WS/install/control_input_msgs/share/control_input_msgs/local_setup.dsv
[1.017s] -- Symlinking: /home/yzz/ROS2_WS/install/control_input_msgs/share/control_input_msgs/package.dsv
[1.028s] -- Up-to-date symlink: /home/yzz/ROS2_WS/install/control_input_msgs/share/ament_index/resource_index/packages/control_input_msgs
[1.030s] -- Up-to-date symlink: /home/yzz/ROS2_WS/install/control_input_msgs/share/control_input_msgs/cmake/rosidl_cmake-extras.cmake
[1.030s] -- Up-to-date symlink: /home/yzz/ROS2_WS/install/control_input_msgs/share/control_input_msgs/cmake/ament_cmake_export_include_directories-extras.cmake
[1.031s] -- Up-to-date symlink: /home/yzz/ROS2_WS/install/control_input_msgs/share/control_input_msgs/cmake/ament_cmake_export_libraries-extras.cmake
[1.032s] -- Up-to-date symlink: /home/yzz/ROS2_WS/install/control_input_msgs/share/control_input_msgs/cmake/ament_cmake_export_targets-extras.cmake
[1.032s] -- Up-to-date symlink: /home/yzz/ROS2_WS/install/control_input_msgs/share/control_input_msgs/cmake/rosidl_cmake_export_typesupport_targets-extras.cmake
[1.032s] -- Up-to-date symlink: /home/yzz/ROS2_WS/install/control_input_msgs/share/control_input_msgs/cmake/ament_cmake_export_dependencies-extras.cmake
[1.033s] -- Up-to-date symlink: /home/yzz/ROS2_WS/install/control_input_msgs/share/control_input_msgs/cmake/rosidl_cmake_export_typesupport_libraries-extras.cmake
[1.034s] -- Up-to-date symlink: /home/yzz/ROS2_WS/install/control_input_msgs/share/control_input_msgs/cmake/control_input_msgsConfig.cmake
[1.034s] -- Up-to-date symlink: /home/yzz/ROS2_WS/install/control_input_msgs/share/control_input_msgs/cmake/control_input_msgsConfig-version.cmake
[1.035s] -- Up-to-date symlink: /home/yzz/ROS2_WS/install/control_input_msgs/share/control_input_msgs/package.xml
[1.037s] -- Up-to-date: /home/yzz/ROS2_WS/install/control_input_msgs/lib/libcontrol_input_msgs__rosidl_generator_c.so
[1.039s] -- Up-to-date: /home/yzz/ROS2_WS/install/control_input_msgs/lib/libcontrol_input_msgs__rosidl_typesupport_fastrtps_c.so
[1.042s] -- Up-to-date: /home/yzz/ROS2_WS/install/control_input_msgs/lib/libcontrol_input_msgs__rosidl_typesupport_introspection_c.so
[1.044s] -- Up-to-date: /home/yzz/ROS2_WS/install/control_input_msgs/lib/libcontrol_input_msgs__rosidl_typesupport_c.so
[1.046s] -- Up-to-date: /home/yzz/ROS2_WS/install/control_input_msgs/lib/libcontrol_input_msgs__rosidl_typesupport_fastrtps_cpp.so
[1.046s] -- Up-to-date: /home/yzz/ROS2_WS/install/control_input_msgs/lib/libcontrol_input_msgs__rosidl_typesupport_introspection_cpp.so
[1.047s] -- Up-to-date: /home/yzz/ROS2_WS/install/control_input_msgs/lib/libcontrol_input_msgs__rosidl_typesupport_cpp.so
[1.089s] Listing '/home/yzz/ROS2_WS/install/control_input_msgs/local/lib/python3.10/dist-packages/control_input_msgs'...
[1.089s] Listing '/home/yzz/ROS2_WS/install/control_input_msgs/local/lib/python3.10/dist-packages/control_input_msgs/msg'...
[1.092s] -- Up-to-date: /home/yzz/ROS2_WS/install/control_input_msgs/lib/libcontrol_input_msgs__rosidl_generator_py.so
[1.096s] -- Up-to-date: /home/yzz/ROS2_WS/install/control_input_msgs/share/control_input_msgs/cmake/export_control_input_msgs__rosidl_generator_cExport.cmake
[1.096s] -- Up-to-date: /home/yzz/ROS2_WS/install/control_input_msgs/share/control_input_msgs/cmake/export_control_input_msgs__rosidl_generator_cExport-noconfig.cmake
[1.096s] -- Up-to-date: /home/yzz/ROS2_WS/install/control_input_msgs/share/control_input_msgs/cmake/export_control_input_msgs__rosidl_typesupport_fastrtps_cExport.cmake
[1.096s] -- Up-to-date: /home/yzz/ROS2_WS/install/control_input_msgs/share/control_input_msgs/cmake/export_control_input_msgs__rosidl_typesupport_fastrtps_cExport-noconfig.cmake
[1.097s] -- Up-to-date: /home/yzz/ROS2_WS/install/control_input_msgs/share/control_input_msgs/cmake/control_input_msgs__rosidl_typesupport_introspection_cExport.cmake
[1.098s] -- Up-to-date: /home/yzz/ROS2_WS/install/control_input_msgs/share/control_input_msgs/cmake/control_input_msgs__rosidl_typesupport_introspection_cExport-noconfig.cmake
[1.098s] -- Up-to-date: /home/yzz/ROS2_WS/install/control_input_msgs/share/control_input_msgs/cmake/control_input_msgs__rosidl_typesupport_cExport.cmake
[1.098s] -- Up-to-date: /home/yzz/ROS2_WS/install/control_input_msgs/share/control_input_msgs/cmake/control_input_msgs__rosidl_typesupport_cExport-noconfig.cmake
[1.098s] -- Up-to-date: /home/yzz/ROS2_WS/install/control_input_msgs/share/control_input_msgs/cmake/export_control_input_msgs__rosidl_generator_cppExport.cmake
[1.098s] -- Up-to-date: /home/yzz/ROS2_WS/install/control_input_msgs/share/control_input_msgs/cmake/export_control_input_msgs__rosidl_typesupport_fastrtps_cppExport.cmake
[1.098s] -- Up-to-date: /home/yzz/ROS2_WS/install/control_input_msgs/share/control_input_msgs/cmake/export_control_input_msgs__rosidl_typesupport_fastrtps_cppExport-noconfig.cmake
[1.098s] -- Up-to-date: /home/yzz/ROS2_WS/install/control_input_msgs/share/control_input_msgs/cmake/control_input_msgs__rosidl_typesupport_introspection_cppExport.cmake
[1.098s] -- Up-to-date: /home/yzz/ROS2_WS/install/control_input_msgs/share/control_input_msgs/cmake/control_input_msgs__rosidl_typesupport_introspection_cppExport-noconfig.cmake
[1.100s] -- Up-to-date: /home/yzz/ROS2_WS/install/control_input_msgs/share/control_input_msgs/cmake/control_input_msgs__rosidl_typesupport_cppExport.cmake
[1.100s] -- Up-to-date: /home/yzz/ROS2_WS/install/control_input_msgs/share/control_input_msgs/cmake/control_input_msgs__rosidl_typesupport_cppExport-noconfig.cmake
[1.100s] -- Up-to-date: /home/yzz/ROS2_WS/install/control_input_msgs/share/control_input_msgs/cmake/export_control_input_msgs__rosidl_generator_pyExport.cmake
[1.100s] -- Up-to-date: /home/yzz/ROS2_WS/install/control_input_msgs/share/control_input_msgs/cmake/export_control_input_msgs__rosidl_generator_pyExport-noconfig.cmake
[1.102s] Invoked command in '/home/yzz/ROS2_WS/build/control_input_msgs' returned '0': CMAKE_PREFIX_PATH=${CMAKE_PREFIX_PATH}:/opt/ros/humble /usr/bin/cmake --install /home/yzz/ROS2_WS/build/control_input_msgs
