[0.026s] Invoking command in '/home/yzz/ROS2_WS/build/keyboard_input': CMAKE_PREFIX_PATH=/home/yzz/ROS2_WS/install/control_input_msgs:/home/yzz/ROS2_WS/install/unitree_sdk2:/home/yzz/ROS2_WS/install/unitree_guide_controller:/home/yzz/ROS2_WS/install/leg_pd_controller:/home/yzz/ROS2_WS/install/keyboard_input:/home/yzz/ROS2_WS/install/go1_description:/home/yzz/ROS2_WS/install/controller_common:/opt/ros/humble LD_LIBRARY_PATH=/home/yzz/ROS2_WS/install/control_input_msgs/lib:/home/yzz/ROS2_WS/install/unitree_sdk2/lib:/home/yzz/ROS2_WS/install/unitree_guide_controller/lib:/home/yzz/ROS2_WS/install/leg_pd_controller/lib:/home/yzz/ROS2_WS/install/controller_common/lib:/usr/lib/x86_64-linux-gnu/gazebo-11/plugins:/opt/ros/humble/opt/rviz_ogre_vendor/lib:/opt/ros/humble/lib/x86_64-linux-gnu:/opt/ros/humble/lib /usr/bin/cmake --build /home/yzz/ROS2_WS/build/keyboard_input -- -j2 -l2
[0.158s] [100%] Built target keyboard_input
[0.172s] Invoked command in '/home/yzz/ROS2_WS/build/keyboard_input' returned '0': CMAKE_PREFIX_PATH=/home/yzz/ROS2_WS/install/control_input_msgs:/home/yzz/ROS2_WS/install/unitree_sdk2:/home/yzz/ROS2_WS/install/unitree_guide_controller:/home/yzz/ROS2_WS/install/leg_pd_controller:/home/yzz/ROS2_WS/install/keyboard_input:/home/yzz/ROS2_WS/install/go1_description:/home/yzz/ROS2_WS/install/controller_common:/opt/ros/humble LD_LIBRARY_PATH=/home/yzz/ROS2_WS/install/control_input_msgs/lib:/home/yzz/ROS2_WS/install/unitree_sdk2/lib:/home/yzz/ROS2_WS/install/unitree_guide_controller/lib:/home/yzz/ROS2_WS/install/leg_pd_controller/lib:/home/yzz/ROS2_WS/install/controller_common/lib:/usr/lib/x86_64-linux-gnu/gazebo-11/plugins:/opt/ros/humble/opt/rviz_ogre_vendor/lib:/opt/ros/humble/lib/x86_64-linux-gnu:/opt/ros/humble/lib /usr/bin/cmake --build /home/yzz/ROS2_WS/build/keyboard_input -- -j2 -l2
[0.173s] Invoking command in '/home/yzz/ROS2_WS/build/keyboard_input': CMAKE_PREFIX_PATH=/home/yzz/ROS2_WS/install/control_input_msgs:/home/yzz/ROS2_WS/install/unitree_sdk2:/home/yzz/ROS2_WS/install/unitree_guide_controller:/home/yzz/ROS2_WS/install/leg_pd_controller:/home/yzz/ROS2_WS/install/keyboard_input:/home/yzz/ROS2_WS/install/go1_description:/home/yzz/ROS2_WS/install/controller_common:/opt/ros/humble LD_LIBRARY_PATH=/home/yzz/ROS2_WS/install/control_input_msgs/lib:/home/yzz/ROS2_WS/install/unitree_sdk2/lib:/home/yzz/ROS2_WS/install/unitree_guide_controller/lib:/home/yzz/ROS2_WS/install/leg_pd_controller/lib:/home/yzz/ROS2_WS/install/controller_common/lib:/usr/lib/x86_64-linux-gnu/gazebo-11/plugins:/opt/ros/humble/opt/rviz_ogre_vendor/lib:/opt/ros/humble/lib/x86_64-linux-gnu:/opt/ros/humble/lib /usr/bin/cmake --install /home/yzz/ROS2_WS/build/keyboard_input
[0.207s] -- Install configuration: ""
[0.213s] -- Execute custom install script
[0.213s] -- Up-to-date symlink: /home/yzz/ROS2_WS/install/keyboard_input/lib/keyboard_input/keyboard_input
[0.213s] -- Up-to-date symlink: /home/yzz/ROS2_WS/install/keyboard_input/share/ament_index/resource_index/package_run_dependencies/keyboard_input
[0.213s] -- Up-to-date symlink: /home/yzz/ROS2_WS/install/keyboard_input/share/ament_index/resource_index/parent_prefix_path/keyboard_input
[0.213s] -- Up-to-date symlink: /home/yzz/ROS2_WS/install/keyboard_input/share/keyboard_input/environment/ament_prefix_path.sh
[0.214s] -- Up-to-date symlink: /home/yzz/ROS2_WS/install/keyboard_input/share/keyboard_input/environment/ament_prefix_path.dsv
[0.215s] -- Up-to-date symlink: /home/yzz/ROS2_WS/install/keyboard_input/share/keyboard_input/environment/path.sh
[0.217s] -- Up-to-date symlink: /home/yzz/ROS2_WS/install/keyboard_input/share/keyboard_input/environment/path.dsv
[0.217s] -- Up-to-date symlink: /home/yzz/ROS2_WS/install/keyboard_input/share/keyboard_input/local_setup.bash
[0.217s] -- Up-to-date symlink: /home/yzz/ROS2_WS/install/keyboard_input/share/keyboard_input/local_setup.sh
[0.217s] -- Up-to-date symlink: /home/yzz/ROS2_WS/install/keyboard_input/share/keyboard_input/local_setup.zsh
[0.220s] -- Up-to-date symlink: /home/yzz/ROS2_WS/install/keyboard_input/share/keyboard_input/local_setup.dsv
[0.220s] -- Symlinking: /home/yzz/ROS2_WS/install/keyboard_input/share/keyboard_input/package.dsv
[0.240s] -- Up-to-date symlink: /home/yzz/ROS2_WS/install/keyboard_input/share/ament_index/resource_index/packages/keyboard_input
[0.240s] -- Up-to-date symlink: /home/yzz/ROS2_WS/install/keyboard_input/share/keyboard_input/cmake/keyboard_inputConfig.cmake
[0.242s] -- Up-to-date symlink: /home/yzz/ROS2_WS/install/keyboard_input/share/keyboard_input/cmake/keyboard_inputConfig-version.cmake
[0.243s] -- Up-to-date symlink: /home/yzz/ROS2_WS/install/keyboard_input/share/keyboard_input/package.xml
[0.244s] Invoked command in '/home/yzz/ROS2_WS/build/keyboard_input' returned '0': CMAKE_PREFIX_PATH=/home/yzz/ROS2_WS/install/control_input_msgs:/home/yzz/ROS2_WS/install/unitree_sdk2:/home/yzz/ROS2_WS/install/unitree_guide_controller:/home/yzz/ROS2_WS/install/leg_pd_controller:/home/yzz/ROS2_WS/install/keyboard_input:/home/yzz/ROS2_WS/install/go1_description:/home/yzz/ROS2_WS/install/controller_common:/opt/ros/humble LD_LIBRARY_PATH=/home/yzz/ROS2_WS/install/control_input_msgs/lib:/home/yzz/ROS2_WS/install/unitree_sdk2/lib:/home/yzz/ROS2_WS/install/unitree_guide_controller/lib:/home/yzz/ROS2_WS/install/leg_pd_controller/lib:/home/yzz/ROS2_WS/install/controller_common/lib:/usr/lib/x86_64-linux-gnu/gazebo-11/plugins:/opt/ros/humble/opt/rviz_ogre_vendor/lib:/opt/ros/humble/lib/x86_64-linux-gnu:/opt/ros/humble/lib /usr/bin/cmake --install /home/yzz/ROS2_WS/build/keyboard_input
