[0.017s] Invoking command in '/home/yzz/ROS2_WS/build/keyboard_input': AMENT_PREFIX_PATH=/home/yzz/ROS2_WS/install/control_input_msgs:${AMENT_PREFIX_PATH} CMAKE_PREFIX_PATH=/home/yzz/ROS2_WS/install/control_input_msgs:/opt/ros/humble LD_LIBRARY_PATH=/home/yzz/ROS2_WS/install/control_input_msgs/lib:${LD_LIBRARY_PATH} PYTHONPATH=/home/yzz/ROS2_WS/install/control_input_msgs/local/lib/python3.10/dist-packages:${PYTHONPATH} /usr/bin/cmake --build /home/yzz/ROS2_WS/build/keyboard_input -- -j2 -l2
[0.083s] [35m[1mConsolidate compiler generated dependencies of target keyboard_input[0m
[0.119s] [100%] Built target keyboard_input
[0.131s] Invoked command in '/home/yzz/ROS2_WS/build/keyboard_input' returned '0': AMENT_PREFIX_PATH=/home/yzz/ROS2_WS/install/control_input_msgs:${AMENT_PREFIX_PATH} CMAKE_PREFIX_PATH=/home/yzz/ROS2_WS/install/control_input_msgs:/opt/ros/humble LD_LIBRARY_PATH=/home/yzz/ROS2_WS/install/control_input_msgs/lib:${LD_LIBRARY_PATH} PYTHONPATH=/home/yzz/ROS2_WS/install/control_input_msgs/local/lib/python3.10/dist-packages:${PYTHONPATH} /usr/bin/cmake --build /home/yzz/ROS2_WS/build/keyboard_input -- -j2 -l2
[0.136s] Invoking command in '/home/yzz/ROS2_WS/build/keyboard_input': AMENT_PREFIX_PATH=/home/yzz/ROS2_WS/install/control_input_msgs:${AMENT_PREFIX_PATH} CMAKE_PREFIX_PATH=/home/yzz/ROS2_WS/install/control_input_msgs:/opt/ros/humble LD_LIBRARY_PATH=/home/yzz/ROS2_WS/install/control_input_msgs/lib:${LD_LIBRARY_PATH} PYTHONPATH=/home/yzz/ROS2_WS/install/control_input_msgs/local/lib/python3.10/dist-packages:${PYTHONPATH} /usr/bin/cmake --install /home/yzz/ROS2_WS/build/keyboard_input
[0.143s] -- Install configuration: ""
[0.144s] -- Execute custom install script
[0.144s] -- Up-to-date symlink: /home/yzz/ROS2_WS/install/keyboard_input/lib/keyboard_input/keyboard_input
[0.144s] -- Up-to-date symlink: /home/yzz/ROS2_WS/install/keyboard_input/share/ament_index/resource_index/package_run_dependencies/keyboard_input
[0.144s] -- Up-to-date symlink: /home/yzz/ROS2_WS/install/keyboard_input/share/ament_index/resource_index/parent_prefix_path/keyboard_input
[0.144s] -- Up-to-date symlink: /home/yzz/ROS2_WS/install/keyboard_input/share/keyboard_input/environment/ament_prefix_path.sh
[0.145s] -- Up-to-date symlink: /home/yzz/ROS2_WS/install/keyboard_input/share/keyboard_input/environment/ament_prefix_path.dsv
[0.146s] -- Up-to-date symlink: /home/yzz/ROS2_WS/install/keyboard_input/share/keyboard_input/environment/path.sh
[0.146s] -- Up-to-date symlink: /home/yzz/ROS2_WS/install/keyboard_input/share/keyboard_input/environment/path.dsv
[0.146s] -- Up-to-date symlink: /home/yzz/ROS2_WS/install/keyboard_input/share/keyboard_input/local_setup.bash
[0.146s] -- Up-to-date symlink: /home/yzz/ROS2_WS/install/keyboard_input/share/keyboard_input/local_setup.sh
[0.146s] -- Up-to-date symlink: /home/yzz/ROS2_WS/install/keyboard_input/share/keyboard_input/local_setup.zsh
[0.146s] -- Up-to-date symlink: /home/yzz/ROS2_WS/install/keyboard_input/share/keyboard_input/local_setup.dsv
[0.146s] -- Symlinking: /home/yzz/ROS2_WS/install/keyboard_input/share/keyboard_input/package.dsv
[0.153s] -- Up-to-date symlink: /home/yzz/ROS2_WS/install/keyboard_input/share/ament_index/resource_index/packages/keyboard_input
[0.154s] -- Up-to-date symlink: /home/yzz/ROS2_WS/install/keyboard_input/share/keyboard_input/cmake/keyboard_inputConfig.cmake
[0.154s] -- Up-to-date symlink: /home/yzz/ROS2_WS/install/keyboard_input/share/keyboard_input/cmake/keyboard_inputConfig-version.cmake
[0.154s] -- Up-to-date symlink: /home/yzz/ROS2_WS/install/keyboard_input/share/keyboard_input/package.xml
[0.155s] Invoked command in '/home/yzz/ROS2_WS/build/keyboard_input' returned '0': AMENT_PREFIX_PATH=/home/yzz/ROS2_WS/install/control_input_msgs:${AMENT_PREFIX_PATH} CMAKE_PREFIX_PATH=/home/yzz/ROS2_WS/install/control_input_msgs:/opt/ros/humble LD_LIBRARY_PATH=/home/yzz/ROS2_WS/install/control_input_msgs/lib:${LD_LIBRARY_PATH} PYTHONPATH=/home/yzz/ROS2_WS/install/control_input_msgs/local/lib/python3.10/dist-packages:${PYTHONPATH} /usr/bin/cmake --install /home/yzz/ROS2_WS/build/keyboard_input
