-- Found ament_cmake: 1.3.12 (/opt/ros/humble/share/ament_cmake/cmake)
-- Looking for pthread.h
-- Looking for pthread.h - found
-- Performing Test CMAKE_HAVE_LIBC_PTHREAD
-- Performing Test CMAKE_HAVE_LIBC_PTHREAD - Success
-- Found Threads: TRUE  
-- Found hardware_interface: 2.52.2 (/opt/ros/humble/share/hardware_interface/cmake)
-- Found rosidl_generator_c: 3.1.7 (/opt/ros/humble/share/rosidl_generator_c/cmake)
-- Found rosidl_adapter: 3.1.7 (/opt/ros/humble/share/rosidl_adapter/cmake)
-- Found rosidl_generator_cpp: 3.1.7 (/opt/ros/humble/share/rosidl_generator_cpp/cmake)
-- Using all available rosidl_typesupport_c: rosidl_typesupport_fastrtps_c;rosidl_typesupport_introspection_c
-- Using all available rosidl_typesupport_cpp: rosidl_typesupport_fastrtps_cpp;rosidl_typesupport_introspection_cpp
-- Found rmw_implementation_cmake: 6.1.2 (/opt/ros/humble/share/rmw_implementation_cmake/cmake)
-- Found rmw_fastrtps_cpp: 6.2.9 (/opt/ros/humble/share/rmw_fastrtps_cpp/cmake)
-- Found TinyXML2 via Config file: TinyXML2_DIR-NOTFOUND
-- Found OpenSSL: /usr/lib/x86_64-linux-gnu/libcrypto.so (found version "3.0.2")  
-- Found TinyXML2 via Config file: TinyXML2_DIR-NOTFOUND
-- Found FastRTPS: /opt/ros/humble/include  
-- Found TinyXML2 via Config file: TinyXML2_DIR-NOTFOUND
-- Found TinyXML2 via Config file: TinyXML2_DIR-NOTFOUND
-- Using RMW implementation 'rmw_fastrtps_cpp' as default
-- Found ament_lint_auto: 0.12.14 (/opt/ros/humble/share/ament_lint_auto/cmake)
-- Added test 'cppcheck' to perform static code analysis on C / C++ code
-- Configured cppcheck include dirs: $<BUILD_INTERFACE:/home/yzz/quadruped_ws/src/quadruped_ros2_control-humble/hardwares/hardware_unitree_mujoco/include>;/home/yzz/quadruped_ws/src/quadruped_ros2_control-humble/hardwares/hardware_unitree_mujoco/src
-- Configured cppcheck exclude dirs and/or files: 
-- Added test 'flake8' to check Python code syntax and style conventions
-- Added test 'lint_cmake' to check CMake code style
-- Added test 'pep257' to check Python code against some of the docstring style conventions in PEP 257
-- Added test 'uncrustify' to check C / C++ code style
-- Configured uncrustify additional arguments: 
-- Added test 'xmllint' to check XML markup files
-- Configuring done
-- Generating done
-- Build files have been written to: /home/yzz/quadruped_ws/build/hardware_unitree_mujoco
[ 50%] [32mBuilding CXX object CMakeFiles/hardware_unitree_mujoco.dir/src/HardwareUnitree.cpp.o[0m
[100%] [32m[1mLinking CXX shared library libhardware_unitree_mujoco.so[0m
[100%] Built target hardware_unitree_mujoco
-- Install configuration: ""
-- Installing: /home/yzz/quadruped_ws/install/hardware_unitree_mujoco/share/hardware_unitree_mujoco/HardwareUnitree.xml
-- Installing: /home/yzz/quadruped_ws/install/hardware_unitree_mujoco/include/hardware_unitree_mujoco
-- Installing: /home/yzz/quadruped_ws/install/hardware_unitree_mujoco/include/hardware_unitree_mujoco/hardware_unitree_mujoco
-- Installing: /home/yzz/quadruped_ws/install/hardware_unitree_mujoco/include/hardware_unitree_mujoco/hardware_unitree_mujoco/HardwareUnitree.h
-- Installing: /home/yzz/quadruped_ws/install/hardware_unitree_mujoco/lib/libhardware_unitree_mujoco.so
-- Set runtime path of "/home/yzz/quadruped_ws/install/hardware_unitree_mujoco/lib/libhardware_unitree_mujoco.so" to ""
-- Installing: /home/yzz/quadruped_ws/install/hardware_unitree_mujoco/share/hardware_unitree_mujoco/environment/library_path.sh
-- Installing: /home/yzz/quadruped_ws/install/hardware_unitree_mujoco/share/hardware_unitree_mujoco/environment/library_path.dsv
-- Installing: /home/yzz/quadruped_ws/install/hardware_unitree_mujoco/share/hardware_unitree_mujoco//launch
-- Installing: /home/yzz/quadruped_ws/install/hardware_unitree_mujoco/share/hardware_unitree_mujoco//launch/visualize.launch.py
-- Installing: /home/yzz/quadruped_ws/install/hardware_unitree_mujoco/share/ament_index/resource_index/package_run_dependencies/hardware_unitree_mujoco
-- Installing: /home/yzz/quadruped_ws/install/hardware_unitree_mujoco/share/ament_index/resource_index/parent_prefix_path/hardware_unitree_mujoco
-- Installing: /home/yzz/quadruped_ws/install/hardware_unitree_mujoco/share/hardware_unitree_mujoco/environment/ament_prefix_path.sh
-- Installing: /home/yzz/quadruped_ws/install/hardware_unitree_mujoco/share/hardware_unitree_mujoco/environment/ament_prefix_path.dsv
-- Installing: /home/yzz/quadruped_ws/install/hardware_unitree_mujoco/share/hardware_unitree_mujoco/environment/path.sh
-- Installing: /home/yzz/quadruped_ws/install/hardware_unitree_mujoco/share/hardware_unitree_mujoco/environment/path.dsv
-- Installing: /home/yzz/quadruped_ws/install/hardware_unitree_mujoco/share/hardware_unitree_mujoco/local_setup.bash
-- Installing: /home/yzz/quadruped_ws/install/hardware_unitree_mujoco/share/hardware_unitree_mujoco/local_setup.sh
-- Installing: /home/yzz/quadruped_ws/install/hardware_unitree_mujoco/share/hardware_unitree_mujoco/local_setup.zsh
-- Installing: /home/yzz/quadruped_ws/install/hardware_unitree_mujoco/share/hardware_unitree_mujoco/local_setup.dsv
-- Installing: /home/yzz/quadruped_ws/install/hardware_unitree_mujoco/share/hardware_unitree_mujoco/package.dsv
-- Installing: /home/yzz/quadruped_ws/install/hardware_unitree_mujoco/share/ament_index/resource_index/packages/hardware_unitree_mujoco
-- Installing: /home/yzz/quadruped_ws/install/hardware_unitree_mujoco/share/ament_index/resource_index/hardware_interface__pluginlib__plugin/hardware_unitree_mujoco
-- Installing: /home/yzz/quadruped_ws/install/hardware_unitree_mujoco/share/hardware_unitree_mujoco/cmake/export_hardware_unitree_mujocoExport.cmake
-- Installing: /home/yzz/quadruped_ws/install/hardware_unitree_mujoco/share/hardware_unitree_mujoco/cmake/export_hardware_unitree_mujocoExport-noconfig.cmake
-- Installing: /home/yzz/quadruped_ws/install/hardware_unitree_mujoco/share/hardware_unitree_mujoco/cmake/ament_cmake_export_targets-extras.cmake
-- Installing: /home/yzz/quadruped_ws/install/hardware_unitree_mujoco/share/hardware_unitree_mujoco/cmake/hardware_unitree_mujocoConfig.cmake
-- Installing: /home/yzz/quadruped_ws/install/hardware_unitree_mujoco/share/hardware_unitree_mujoco/cmake/hardware_unitree_mujocoConfig-version.cmake
-- Installing: /home/yzz/quadruped_ws/install/hardware_unitree_mujoco/share/hardware_unitree_mujoco/package.xml
