[100%] Built target hardware_unitree_mujoco
-- Install configuration: ""
-- Up-to-date: /home/yzz/quadruped_ws/install/hardware_unitree_mujoco/share/hardware_unitree_mujoco/HardwareUnitree.xml
-- Up-to-date: /home/yzz/quadruped_ws/install/hardware_unitree_mujoco/include/hardware_unitree_mujoco
-- Up-to-date: /home/yzz/quadruped_ws/install/hardware_unitree_mujoco/include/hardware_unitree_mujoco/hardware_unitree_mujoco
-- Up-to-date: /home/yzz/quadruped_ws/install/hardware_unitree_mujoco/include/hardware_unitree_mujoco/hardware_unitree_mujoco/HardwareUnitree.h
-- Up-to-date: /home/yzz/quadruped_ws/install/hardware_unitree_mujoco/lib/libhardware_unitree_mujoco.so
-- Up-to-date: /home/yzz/quadruped_ws/install/hardware_unitree_mujoco/share/hardware_unitree_mujoco/environment/library_path.sh
-- Up-to-date: /home/yzz/quadruped_ws/install/hardware_unitree_mujoco/share/hardware_unitree_mujoco/environment/library_path.dsv
-- Up-to-date: /home/yzz/quadruped_ws/install/hardware_unitree_mujoco/share/hardware_unitree_mujoco//launch
-- Up-to-date: /home/yzz/quadruped_ws/install/hardware_unitree_mujoco/share/hardware_unitree_mujoco//launch/visualize.launch.py
-- Up-to-date: /home/yzz/quadruped_ws/install/hardware_unitree_mujoco/share/ament_index/resource_index/package_run_dependencies/hardware_unitree_mujoco
-- Up-to-date: /home/yzz/quadruped_ws/install/hardware_unitree_mujoco/share/ament_index/resource_index/parent_prefix_path/hardware_unitree_mujoco
-- Up-to-date: /home/yzz/quadruped_ws/install/hardware_unitree_mujoco/share/hardware_unitree_mujoco/environment/ament_prefix_path.sh
-- Up-to-date: /home/yzz/quadruped_ws/install/hardware_unitree_mujoco/share/hardware_unitree_mujoco/environment/ament_prefix_path.dsv
-- Up-to-date: /home/yzz/quadruped_ws/install/hardware_unitree_mujoco/share/hardware_unitree_mujoco/environment/path.sh
-- Up-to-date: /home/yzz/quadruped_ws/install/hardware_unitree_mujoco/share/hardware_unitree_mujoco/environment/path.dsv
-- Up-to-date: /home/yzz/quadruped_ws/install/hardware_unitree_mujoco/share/hardware_unitree_mujoco/local_setup.bash
-- Up-to-date: /home/yzz/quadruped_ws/install/hardware_unitree_mujoco/share/hardware_unitree_mujoco/local_setup.sh
-- Up-to-date: /home/yzz/quadruped_ws/install/hardware_unitree_mujoco/share/hardware_unitree_mujoco/local_setup.zsh
-- Up-to-date: /home/yzz/quadruped_ws/install/hardware_unitree_mujoco/share/hardware_unitree_mujoco/local_setup.dsv
-- Installing: /home/yzz/quadruped_ws/install/hardware_unitree_mujoco/share/hardware_unitree_mujoco/package.dsv
-- Up-to-date: /home/yzz/quadruped_ws/install/hardware_unitree_mujoco/share/ament_index/resource_index/packages/hardware_unitree_mujoco
-- Up-to-date: /home/yzz/quadruped_ws/install/hardware_unitree_mujoco/share/ament_index/resource_index/hardware_interface__pluginlib__plugin/hardware_unitree_mujoco
-- Up-to-date: /home/yzz/quadruped_ws/install/hardware_unitree_mujoco/share/hardware_unitree_mujoco/cmake/export_hardware_unitree_mujocoExport.cmake
-- Up-to-date: /home/yzz/quadruped_ws/install/hardware_unitree_mujoco/share/hardware_unitree_mujoco/cmake/export_hardware_unitree_mujocoExport-noconfig.cmake
-- Up-to-date: /home/yzz/quadruped_ws/install/hardware_unitree_mujoco/share/hardware_unitree_mujoco/cmake/ament_cmake_export_targets-extras.cmake
-- Up-to-date: /home/yzz/quadruped_ws/install/hardware_unitree_mujoco/share/hardware_unitree_mujoco/cmake/hardware_unitree_mujocoConfig.cmake
-- Up-to-date: /home/yzz/quadruped_ws/install/hardware_unitree_mujoco/share/hardware_unitree_mujoco/cmake/hardware_unitree_mujocoConfig-version.cmake
-- Up-to-date: /home/yzz/quadruped_ws/install/hardware_unitree_mujoco/share/hardware_unitree_mujoco/package.xml
