[0.015s] Invoking command in '/home/yzz/quadruped_ws/build/hardware_unitree_mujoco': CMAKE_PREFIX_PATH=${CMAKE_PREFIX_PATH}:/opt/ros/humble /usr/bin/cmake --build /home/yzz/quadruped_ws/build/hardware_unitree_mujoco -- -j2 -l2
[0.151s] [100%] Built target hardware_unitree_mujoco
[0.168s] Invoked command in '/home/yzz/quadruped_ws/build/hardware_unitree_mujoco' returned '0': CMAKE_PREFIX_PATH=${CMAKE_PREFIX_PATH}:/opt/ros/humble /usr/bin/cmake --build /home/yzz/quadruped_ws/build/hardware_unitree_mujoco -- -j2 -l2
[0.194s] Invoking command in '/home/yzz/quadruped_ws/build/hardware_unitree_mujoco': CMAKE_PREFIX_PATH=${CMAKE_PREFIX_PATH}:/opt/ros/humble /usr/bin/cmake --install /home/yzz/quadruped_ws/build/hardware_unitree_mujoco
[0.218s] -- Install configuration: ""
[0.219s] -- Up-to-date: /home/yzz/quadruped_ws/install/hardware_unitree_mujoco/share/hardware_unitree_mujoco/HardwareUnitree.xml
[0.220s] -- Up-to-date: /home/yzz/quadruped_ws/install/hardware_unitree_mujoco/include/hardware_unitree_mujoco
[0.220s] -- Up-to-date: /home/yzz/quadruped_ws/install/hardware_unitree_mujoco/include/hardware_unitree_mujoco/hardware_unitree_mujoco
[0.221s] -- Up-to-date: /home/yzz/quadruped_ws/install/hardware_unitree_mujoco/include/hardware_unitree_mujoco/hardware_unitree_mujoco/HardwareUnitree.h
[0.221s] -- Up-to-date: /home/yzz/quadruped_ws/install/hardware_unitree_mujoco/lib/libhardware_unitree_mujoco.so
[0.223s] -- Up-to-date: /home/yzz/quadruped_ws/install/hardware_unitree_mujoco/share/hardware_unitree_mujoco/environment/library_path.sh
[0.223s] -- Up-to-date: /home/yzz/quadruped_ws/install/hardware_unitree_mujoco/share/hardware_unitree_mujoco/environment/library_path.dsv
[0.223s] -- Up-to-date: /home/yzz/quadruped_ws/install/hardware_unitree_mujoco/share/hardware_unitree_mujoco//launch
[0.223s] -- Up-to-date: /home/yzz/quadruped_ws/install/hardware_unitree_mujoco/share/hardware_unitree_mujoco//launch/visualize.launch.py
[0.223s] -- Up-to-date: /home/yzz/quadruped_ws/install/hardware_unitree_mujoco/share/ament_index/resource_index/package_run_dependencies/hardware_unitree_mujoco
[0.223s] -- Up-to-date: /home/yzz/quadruped_ws/install/hardware_unitree_mujoco/share/ament_index/resource_index/parent_prefix_path/hardware_unitree_mujoco
[0.223s] -- Up-to-date: /home/yzz/quadruped_ws/install/hardware_unitree_mujoco/share/hardware_unitree_mujoco/environment/ament_prefix_path.sh
[0.223s] -- Up-to-date: /home/yzz/quadruped_ws/install/hardware_unitree_mujoco/share/hardware_unitree_mujoco/environment/ament_prefix_path.dsv
[0.223s] -- Up-to-date: /home/yzz/quadruped_ws/install/hardware_unitree_mujoco/share/hardware_unitree_mujoco/environment/path.sh
[0.224s] -- Up-to-date: /home/yzz/quadruped_ws/install/hardware_unitree_mujoco/share/hardware_unitree_mujoco/environment/path.dsv
[0.224s] -- Up-to-date: /home/yzz/quadruped_ws/install/hardware_unitree_mujoco/share/hardware_unitree_mujoco/local_setup.bash
[0.224s] -- Up-to-date: /home/yzz/quadruped_ws/install/hardware_unitree_mujoco/share/hardware_unitree_mujoco/local_setup.sh
[0.224s] -- Up-to-date: /home/yzz/quadruped_ws/install/hardware_unitree_mujoco/share/hardware_unitree_mujoco/local_setup.zsh
[0.224s] -- Up-to-date: /home/yzz/quadruped_ws/install/hardware_unitree_mujoco/share/hardware_unitree_mujoco/local_setup.dsv
[0.224s] -- Installing: /home/yzz/quadruped_ws/install/hardware_unitree_mujoco/share/hardware_unitree_mujoco/package.dsv
[0.224s] -- Up-to-date: /home/yzz/quadruped_ws/install/hardware_unitree_mujoco/share/ament_index/resource_index/packages/hardware_unitree_mujoco
[0.224s] -- Up-to-date: /home/yzz/quadruped_ws/install/hardware_unitree_mujoco/share/ament_index/resource_index/hardware_interface__pluginlib__plugin/hardware_unitree_mujoco
[0.224s] -- Up-to-date: /home/yzz/quadruped_ws/install/hardware_unitree_mujoco/share/hardware_unitree_mujoco/cmake/export_hardware_unitree_mujocoExport.cmake
[0.224s] -- Up-to-date: /home/yzz/quadruped_ws/install/hardware_unitree_mujoco/share/hardware_unitree_mujoco/cmake/export_hardware_unitree_mujocoExport-noconfig.cmake
[0.224s] -- Up-to-date: /home/yzz/quadruped_ws/install/hardware_unitree_mujoco/share/hardware_unitree_mujoco/cmake/ament_cmake_export_targets-extras.cmake
[0.224s] -- Up-to-date: /home/yzz/quadruped_ws/install/hardware_unitree_mujoco/share/hardware_unitree_mujoco/cmake/hardware_unitree_mujocoConfig.cmake
[0.224s] -- Up-to-date: /home/yzz/quadruped_ws/install/hardware_unitree_mujoco/share/hardware_unitree_mujoco/cmake/hardware_unitree_mujocoConfig-version.cmake
[0.224s] -- Up-to-date: /home/yzz/quadruped_ws/install/hardware_unitree_mujoco/share/hardware_unitree_mujoco/package.xml
[0.229s] Invoked command in '/home/yzz/quadruped_ws/build/hardware_unitree_mujoco' returned '0': CMAKE_PREFIX_PATH=${CMAKE_PREFIX_PATH}:/opt/ros/humble /usr/bin/cmake --install /home/yzz/quadruped_ws/build/hardware_unitree_mujoco
