[0.008s] Invoking command in '/home/yzz/ROS2_WS/build/leg_pd_controller': CMAKE_PREFIX_PATH=/opt/ros/humble /usr/bin/cmake /home/yzz/ROS2_WS/src/quadruped_ros2_control-humble/controllers/leg_pd_controller -DCMAKE_INSTALL_PREFIX=/home/yzz/ROS2_WS/install/leg_pd_controller
[0.062s] -- The C compiler identification is GNU 12.3.0
[0.099s] -- The CXX compiler identification is GNU 11.4.0
[0.103s] -- Detecting C compiler ABI info
[0.161s] -- Detecting C compiler ABI info - done
[0.165s] -- Check for working C compiler: /usr/bin/cc - skipped
[0.166s] -- Detecting C compile features
[0.166s] -- Detecting C compile features - done
[0.169s] -- Detecting CXX compiler ABI info
[0.226s] -- Detecting CXX compiler ABI info - done
[0.232s] -- Check for working CXX compiler: /usr/bin/c++ - skipped
[0.232s] -- Detecting CXX compile features
[0.232s] -- Detecting CXX compile features - done
[0.235s] -- Found ament_cmake: 1.3.12 (/opt/ros/humble/share/ament_cmake/cmake)
[0.329s] -- Found Python3: /usr/bin/python3 (found version "3.10.12") found components: Interpreter 
[0.394s] -- Found pluginlib: 5.1.2 (/opt/ros/humble/share/pluginlib/cmake)
[0.416s] -- Found controller_interface: 2.52.0 (/opt/ros/humble/share/controller_interface/cmake)
[0.439s] -- Found rosidl_generator_c: 3.1.7 (/opt/ros/humble/share/rosidl_generator_c/cmake)
[0.442s] -- Found rosidl_adapter: 3.1.7 (/opt/ros/humble/share/rosidl_adapter/cmake)
[0.447s] -- Found rosidl_generator_cpp: 3.1.7 (/opt/ros/humble/share/rosidl_generator_cpp/cmake)
[0.454s] -- Using all available rosidl_typesupport_c: rosidl_typesupport_fastrtps_c;rosidl_typesupport_introspection_c
[0.461s] -- Using all available rosidl_typesupport_cpp: rosidl_typesupport_fastrtps_cpp;rosidl_typesupport_introspection_cpp
[0.571s] -- Found rmw_implementation_cmake: 6.1.2 (/opt/ros/humble/share/rmw_implementation_cmake/cmake)
[0.572s] -- Found rmw_fastrtps_cpp: 6.2.9 (/opt/ros/humble/share/rmw_fastrtps_cpp/cmake)
[0.586s] -- Found TinyXML2 via Config file: TinyXML2_DIR-NOTFOUND
[0.641s] -- Found OpenSSL: /usr/lib/x86_64-linux-gnu/libcrypto.so (found version "3.0.2")  
[0.642s] -- Found TinyXML2 via Config file: TinyXML2_DIR-NOTFOUND
[0.653s] -- Found FastRTPS: /opt/ros/humble/include  
[0.655s] -- Found TinyXML2 via Config file: TinyXML2_DIR-NOTFOUND
[0.661s] -- Found TinyXML2 via Config file: TinyXML2_DIR-NOTFOUND
[0.668s] -- Using RMW implementation 'rmw_fastrtps_cpp' as default
[0.673s] -- Looking for pthread.h
[0.755s] -- Looking for pthread.h - found
[0.755s] -- Performing Test CMAKE_HAVE_LIBC_PTHREAD
[0.813s] -- Performing Test CMAKE_HAVE_LIBC_PTHREAD - Success
[0.814s] -- Found Threads: TRUE  
[0.842s] -- Found realtime_tools: 2.14.1 (/opt/ros/humble/share/realtime_tools/cmake)
[0.854s] -- Found controller_manager: 2.52.0 (/opt/ros/humble/share/controller_manager/cmake)
[0.870s] -- ros2_control version below 3.0.0. Change the implementation to support ros2_control version 2.
[0.872s] -- Found ament_lint_auto: 0.12.14 (/opt/ros/humble/share/ament_lint_auto/cmake)
[0.920s] -- Added test 'cppcheck' to perform static code analysis on C / C++ code
[0.920s] -- Configured cppcheck include dirs: $<BUILD_INTERFACE:/home/yzz/ROS2_WS/src/quadruped_ros2_control-humble/controllers/leg_pd_controller/include>
[0.920s] -- Configured cppcheck exclude dirs and/or files: 
[0.920s] -- Added test 'lint_cmake' to check CMake code style
[0.920s] -- Added test 'uncrustify' to check C / C++ code style
[0.920s] -- Configured uncrustify additional arguments: 
[0.920s] -- Added test 'xmllint' to check XML markup files
[0.925s] -- Configuring done
[0.929s] -- Generating done
[0.932s] -- Build files have been written to: /home/yzz/ROS2_WS/build/leg_pd_controller
[0.938s] Invoked command in '/home/yzz/ROS2_WS/build/leg_pd_controller' returned '0': CMAKE_PREFIX_PATH=/opt/ros/humble /usr/bin/cmake /home/yzz/ROS2_WS/src/quadruped_ros2_control-humble/controllers/leg_pd_controller -DCMAKE_INSTALL_PREFIX=/home/yzz/ROS2_WS/install/leg_pd_controller
[0.939s] Invoking command in '/home/yzz/ROS2_WS/build/leg_pd_controller': CMAKE_PREFIX_PATH=/opt/ros/humble /usr/bin/cmake --build /home/yzz/ROS2_WS/build/leg_pd_controller -- -j2 -l2
[0.981s] [ 50%] [32mBuilding CXX object CMakeFiles/leg_pd_controller.dir/src/LegPdController.cpp.o[0m
[3.287s] [100%] [32m[1mLinking CXX shared library libleg_pd_controller.so[0m
[3.365s] [100%] Built target leg_pd_controller
[3.374s] Invoked command in '/home/yzz/ROS2_WS/build/leg_pd_controller' returned '0': CMAKE_PREFIX_PATH=/opt/ros/humble /usr/bin/cmake --build /home/yzz/ROS2_WS/build/leg_pd_controller -- -j2 -l2
[3.379s] Invoking command in '/home/yzz/ROS2_WS/build/leg_pd_controller': CMAKE_PREFIX_PATH=/opt/ros/humble /usr/bin/cmake --install /home/yzz/ROS2_WS/build/leg_pd_controller
[3.384s] -- Install configuration: "Release"
[3.384s] -- Installing: /home/yzz/ROS2_WS/install/leg_pd_controller/share/leg_pd_controller/leg_pd_controller.xml
[3.384s] -- Installing: /home/yzz/ROS2_WS/install/leg_pd_controller/include/leg_pd_controller
[3.385s] -- Installing: /home/yzz/ROS2_WS/install/leg_pd_controller/include/leg_pd_controller/leg_pd_controller
[3.385s] -- Installing: /home/yzz/ROS2_WS/install/leg_pd_controller/include/leg_pd_controller/leg_pd_controller/LegPdController.h
[3.385s] -- Installing: /home/yzz/ROS2_WS/install/leg_pd_controller/lib/leg_pd_controller/libleg_pd_controller.so
[3.385s] -- Set runtime path of "/home/yzz/ROS2_WS/install/leg_pd_controller/lib/leg_pd_controller/libleg_pd_controller.so" to ""
[3.385s] -- Installing: /home/yzz/ROS2_WS/install/leg_pd_controller/share/leg_pd_controller/environment/library_path.sh
[3.385s] -- Installing: /home/yzz/ROS2_WS/install/leg_pd_controller/share/leg_pd_controller/environment/library_path.dsv
[3.385s] -- Installing: /home/yzz/ROS2_WS/install/leg_pd_controller/share/ament_index/resource_index/package_run_dependencies/leg_pd_controller
[3.385s] -- Installing: /home/yzz/ROS2_WS/install/leg_pd_controller/share/ament_index/resource_index/parent_prefix_path/leg_pd_controller
[3.385s] -- Installing: /home/yzz/ROS2_WS/install/leg_pd_controller/share/leg_pd_controller/environment/ament_prefix_path.sh
[3.385s] -- Installing: /home/yzz/ROS2_WS/install/leg_pd_controller/share/leg_pd_controller/environment/ament_prefix_path.dsv
[3.386s] -- Installing: /home/yzz/ROS2_WS/install/leg_pd_controller/share/leg_pd_controller/environment/path.sh
[3.386s] -- Installing: /home/yzz/ROS2_WS/install/leg_pd_controller/share/leg_pd_controller/environment/path.dsv
[3.386s] -- Installing: /home/yzz/ROS2_WS/install/leg_pd_controller/share/leg_pd_controller/local_setup.bash
[3.386s] -- Installing: /home/yzz/ROS2_WS/install/leg_pd_controller/share/leg_pd_controller/local_setup.sh
[3.386s] -- Installing: /home/yzz/ROS2_WS/install/leg_pd_controller/share/leg_pd_controller/local_setup.zsh
[3.387s] -- Installing: /home/yzz/ROS2_WS/install/leg_pd_controller/share/leg_pd_controller/local_setup.dsv
[3.387s] -- Installing: /home/yzz/ROS2_WS/install/leg_pd_controller/share/leg_pd_controller/package.dsv
[3.387s] -- Installing: /home/yzz/ROS2_WS/install/leg_pd_controller/share/ament_index/resource_index/packages/leg_pd_controller
[3.387s] -- Installing: /home/yzz/ROS2_WS/install/leg_pd_controller/share/ament_index/resource_index/controller_interface__pluginlib__plugin/leg_pd_controller
[3.387s] -- Installing: /home/yzz/ROS2_WS/install/leg_pd_controller/share/leg_pd_controller/cmake/export_leg_pd_controllerExport.cmake
[3.387s] -- Installing: /home/yzz/ROS2_WS/install/leg_pd_controller/share/leg_pd_controller/cmake/export_leg_pd_controllerExport-release.cmake
[3.387s] -- Installing: /home/yzz/ROS2_WS/install/leg_pd_controller/share/leg_pd_controller/cmake/ament_cmake_export_dependencies-extras.cmake
[3.387s] -- Installing: /home/yzz/ROS2_WS/install/leg_pd_controller/share/leg_pd_controller/cmake/ament_cmake_export_targets-extras.cmake
[3.387s] -- Installing: /home/yzz/ROS2_WS/install/leg_pd_controller/share/leg_pd_controller/cmake/leg_pd_controllerConfig.cmake
[3.387s] -- Installing: /home/yzz/ROS2_WS/install/leg_pd_controller/share/leg_pd_controller/cmake/leg_pd_controllerConfig-version.cmake
[3.387s] -- Installing: /home/yzz/ROS2_WS/install/leg_pd_controller/share/leg_pd_controller/package.xml
[3.389s] Invoked command in '/home/yzz/ROS2_WS/build/leg_pd_controller' returned '0': CMAKE_PREFIX_PATH=/opt/ros/humble /usr/bin/cmake --install /home/yzz/ROS2_WS/build/leg_pd_controller
