[0.025s] Invoking command in '/home/yzz/quadruped_ws/build/control_input_msgs': CMAKE_PREFIX_PATH=${CMAKE_PREFIX_PATH}:/opt/ros/humble /usr/bin/cmake --build /home/yzz/quadruped_ws/build/control_input_msgs -- -j2 -l2
[0.247s] [  9%] Built target control_input_msgs__rosidl_generator_c
[0.256s] [ 12%] Built target control_input_msgs__cpp
[0.360s] [ 22%] Built target control_input_msgs__rosidl_typesupport_cpp
[0.411s] [ 22%] Built target ament_cmake_python_symlink_control_input_msgs
[0.466s] [ 32%] Built target control_input_msgs__rosidl_typesupport_fastrtps_c
[0.468s] [ 41%] Built target control_input_msgs__rosidl_typesupport_introspection_c
[0.530s] [ 51%] Built target control_input_msgs__rosidl_typesupport_fastrtps_cpp
[0.557s] [ 61%] Built target control_input_msgs__rosidl_typesupport_c
[0.658s] [ 70%] Built target control_input_msgs__rosidl_typesupport_introspection_cpp
[0.729s] [ 70%] Built target control_input_msgs
[0.782s] [ 74%] Built target control_input_msgs__py
[0.850s] [ 80%] Built target control_input_msgs__rosidl_generator_py
[0.916s] [ 87%] Built target control_input_msgs__rosidl_typesupport_fastrtps_c__pyext
[0.973s] [ 93%] Built target control_input_msgs__rosidl_typesupport_introspection_c__pyext
[1.029s] [100%] Built target control_input_msgs__rosidl_typesupport_c__pyext
[1.289s] running egg_info
[1.291s] writing control_input_msgs.egg-info/PKG-INFO
[1.292s] writing dependency_links to control_input_msgs.egg-info/dependency_links.txt
[1.292s] writing top-level names to control_input_msgs.egg-info/top_level.txt
[1.293s] reading manifest file 'control_input_msgs.egg-info/SOURCES.txt'
[1.294s] writing manifest file 'control_input_msgs.egg-info/SOURCES.txt'
[1.342s] [100%] Built target ament_cmake_python_build_control_input_msgs_egg
[1.362s] Invoked command in '/home/yzz/quadruped_ws/build/control_input_msgs' returned '0': CMAKE_PREFIX_PATH=${CMAKE_PREFIX_PATH}:/opt/ros/humble /usr/bin/cmake --build /home/yzz/quadruped_ws/build/control_input_msgs -- -j2 -l2
[1.370s] Invoking command in '/home/yzz/quadruped_ws/build/control_input_msgs': CMAKE_PREFIX_PATH=${CMAKE_PREFIX_PATH}:/opt/ros/humble /usr/bin/cmake --install /home/yzz/quadruped_ws/build/control_input_msgs
[1.394s] -- Install configuration: ""
[1.397s] -- Execute custom install script
[1.398s] -- Up-to-date symlink: /home/yzz/quadruped_ws/install/control_input_msgs/share/ament_index/resource_index/rosidl_interfaces/control_input_msgs
[1.399s] -- Up-to-date symlink: /home/yzz/quadruped_ws/install/control_input_msgs/include/control_input_msgs/control_input_msgs/msg/detail/inputs__functions.h
[1.400s] -- Up-to-date symlink: /home/yzz/quadruped_ws/install/control_input_msgs/include/control_input_msgs/control_input_msgs/msg/detail/inputs__struct.h
[1.401s] -- Up-to-date symlink: /home/yzz/quadruped_ws/install/control_input_msgs/include/control_input_msgs/control_input_msgs/msg/detail/inputs__type_support.h
[1.401s] -- Up-to-date symlink: /home/yzz/quadruped_ws/install/control_input_msgs/include/control_input_msgs/control_input_msgs/msg/inputs.h
[1.402s] -- Up-to-date symlink: /home/yzz/quadruped_ws/install/control_input_msgs/include/control_input_msgs/control_input_msgs/msg/rosidl_generator_c__visibility_control.h
[1.403s] -- Up-to-date symlink: /home/yzz/quadruped_ws/install/control_input_msgs/share/control_input_msgs/environment/library_path.sh
[1.404s] -- Up-to-date symlink: /home/yzz/quadruped_ws/install/control_input_msgs/share/control_input_msgs/environment/library_path.dsv
[1.405s] -- Up-to-date symlink: /home/yzz/quadruped_ws/install/control_input_msgs/include/control_input_msgs/control_input_msgs/msg/detail/inputs__rosidl_typesupport_fastrtps_c.h
[1.406s] -- Up-to-date symlink: /home/yzz/quadruped_ws/install/control_input_msgs/include/control_input_msgs/control_input_msgs/msg/rosidl_typesupport_fastrtps_c__visibility_control.h
[1.408s] -- Up-to-date symlink: /home/yzz/quadruped_ws/install/control_input_msgs/include/control_input_msgs/control_input_msgs/msg/detail/inputs__rosidl_typesupport_introspection_c.h
[1.408s] -- Up-to-date symlink: /home/yzz/quadruped_ws/install/control_input_msgs/include/control_input_msgs/control_input_msgs/msg/rosidl_typesupport_introspection_c__visibility_control.h
[1.410s] -- Up-to-date symlink: /home/yzz/quadruped_ws/install/control_input_msgs/include/control_input_msgs/control_input_msgs/msg/detail/inputs__builder.hpp
[1.410s] -- Up-to-date symlink: /home/yzz/quadruped_ws/install/control_input_msgs/include/control_input_msgs/control_input_msgs/msg/detail/inputs__struct.hpp
[1.411s] -- Up-to-date symlink: /home/yzz/quadruped_ws/install/control_input_msgs/include/control_input_msgs/control_input_msgs/msg/detail/inputs__traits.hpp
[1.412s] -- Up-to-date symlink: /home/yzz/quadruped_ws/install/control_input_msgs/include/control_input_msgs/control_input_msgs/msg/detail/inputs__type_support.hpp
[1.413s] -- Up-to-date symlink: /home/yzz/quadruped_ws/install/control_input_msgs/include/control_input_msgs/control_input_msgs/msg/inputs.hpp
[1.413s] -- Up-to-date symlink: /home/yzz/quadruped_ws/install/control_input_msgs/include/control_input_msgs/control_input_msgs/msg/rosidl_generator_cpp__visibility_control.hpp
[1.414s] -- Up-to-date symlink: /home/yzz/quadruped_ws/install/control_input_msgs/include/control_input_msgs/control_input_msgs/msg/detail/inputs__rosidl_typesupport_fastrtps_cpp.hpp
[1.415s] -- Up-to-date symlink: /home/yzz/quadruped_ws/install/control_input_msgs/include/control_input_msgs/control_input_msgs/msg/rosidl_typesupport_fastrtps_cpp__visibility_control.h
[1.416s] -- Up-to-date symlink: /home/yzz/quadruped_ws/install/control_input_msgs/include/control_input_msgs/control_input_msgs/msg/detail/inputs__rosidl_typesupport_introspection_cpp.hpp
[1.417s] -- Up-to-date symlink: /home/yzz/quadruped_ws/install/control_input_msgs/share/control_input_msgs/environment/pythonpath.sh
[1.418s] -- Up-to-date symlink: /home/yzz/quadruped_ws/install/control_input_msgs/share/control_input_msgs/environment/pythonpath.dsv
[1.420s] -- Up-to-date symlink: /home/yzz/quadruped_ws/install/control_input_msgs/local/lib/python3.10/dist-packages/control_input_msgs-0.0.0-py3.10.egg-info/PKG-INFO
[1.421s] -- Up-to-date symlink: /home/yzz/quadruped_ws/install/control_input_msgs/local/lib/python3.10/dist-packages/control_input_msgs-0.0.0-py3.10.egg-info/SOURCES.txt
[1.421s] -- Up-to-date symlink: /home/yzz/quadruped_ws/install/control_input_msgs/local/lib/python3.10/dist-packages/control_input_msgs-0.0.0-py3.10.egg-info/dependency_links.txt
[1.422s] -- Up-to-date symlink: /home/yzz/quadruped_ws/install/control_input_msgs/local/lib/python3.10/dist-packages/control_input_msgs-0.0.0-py3.10.egg-info/top_level.txt
[1.423s] -- Up-to-date symlink: /home/yzz/quadruped_ws/install/control_input_msgs/local/lib/python3.10/dist-packages/control_input_msgs/__init__.py
[1.424s] -- Up-to-date symlink: /home/yzz/quadruped_ws/install/control_input_msgs/local/lib/python3.10/dist-packages/control_input_msgs/_control_input_msgs_s.ep.rosidl_typesupport_c.c
[1.424s] -- Up-to-date symlink: /home/yzz/quadruped_ws/install/control_input_msgs/local/lib/python3.10/dist-packages/control_input_msgs/_control_input_msgs_s.ep.rosidl_typesupport_fastrtps_c.c
[1.426s] -- Up-to-date symlink: /home/yzz/quadruped_ws/install/control_input_msgs/local/lib/python3.10/dist-packages/control_input_msgs/_control_input_msgs_s.ep.rosidl_typesupport_introspection_c.c
[1.426s] -- Up-to-date symlink: /home/yzz/quadruped_ws/install/control_input_msgs/local/lib/python3.10/dist-packages/control_input_msgs/control_input_msgs_s__rosidl_typesupport_c.cpython-310-x86_64-linux-gnu.so
[1.427s] -- Up-to-date symlink: /home/yzz/quadruped_ws/install/control_input_msgs/local/lib/python3.10/dist-packages/control_input_msgs/control_input_msgs_s__rosidl_typesupport_fastrtps_c.cpython-310-x86_64-linux-gnu.so
[1.427s] -- Up-to-date symlink: /home/yzz/quadruped_ws/install/control_input_msgs/local/lib/python3.10/dist-packages/control_input_msgs/control_input_msgs_s__rosidl_typesupport_introspection_c.cpython-310-x86_64-linux-gnu.so
[1.428s] -- Up-to-date symlink: /home/yzz/quadruped_ws/install/control_input_msgs/local/lib/python3.10/dist-packages/control_input_msgs/libcontrol_input_msgs__rosidl_generator_py.so
[1.429s] -- Up-to-date symlink: /home/yzz/quadruped_ws/install/control_input_msgs/local/lib/python3.10/dist-packages/control_input_msgs/msg/__init__.py
[1.429s] -- Up-to-date symlink: /home/yzz/quadruped_ws/install/control_input_msgs/local/lib/python3.10/dist-packages/control_input_msgs/msg/_inputs.py
[1.430s] -- Up-to-date symlink: /home/yzz/quadruped_ws/install/control_input_msgs/local/lib/python3.10/dist-packages/control_input_msgs/msg/_inputs_s.c
[1.431s] -- Up-to-date symlink: /home/yzz/quadruped_ws/install/control_input_msgs/local/lib/python3.10/dist-packages/control_input_msgs/control_input_msgs_s__rosidl_typesupport_fastrtps_c.cpython-310-x86_64-linux-gnu.so
[1.432s] -- Up-to-date symlink: /home/yzz/quadruped_ws/install/control_input_msgs/local/lib/python3.10/dist-packages/control_input_msgs/control_input_msgs_s__rosidl_typesupport_introspection_c.cpython-310-x86_64-linux-gnu.so
[1.433s] -- Up-to-date symlink: /home/yzz/quadruped_ws/install/control_input_msgs/local/lib/python3.10/dist-packages/control_input_msgs/control_input_msgs_s__rosidl_typesupport_c.cpython-310-x86_64-linux-gnu.so
[1.434s] -- Up-to-date symlink: /home/yzz/quadruped_ws/install/control_input_msgs/share/control_input_msgs/msg/Inputs.idl
[1.434s] -- Up-to-date symlink: /home/yzz/quadruped_ws/install/control_input_msgs/share/control_input_msgs/msg/Inputs.msg
[1.435s] -- Up-to-date symlink: /home/yzz/quadruped_ws/install/control_input_msgs/share/ament_index/resource_index/package_run_dependencies/control_input_msgs
[1.435s] -- Up-to-date symlink: /home/yzz/quadruped_ws/install/control_input_msgs/share/ament_index/resource_index/parent_prefix_path/control_input_msgs
[1.436s] -- Up-to-date symlink: /home/yzz/quadruped_ws/install/control_input_msgs/share/control_input_msgs/environment/ament_prefix_path.sh
[1.437s] -- Up-to-date symlink: /home/yzz/quadruped_ws/install/control_input_msgs/share/control_input_msgs/environment/ament_prefix_path.dsv
[1.438s] -- Up-to-date symlink: /home/yzz/quadruped_ws/install/control_input_msgs/share/control_input_msgs/environment/path.sh
[1.438s] -- Up-to-date symlink: /home/yzz/quadruped_ws/install/control_input_msgs/share/control_input_msgs/environment/path.dsv
[1.439s] -- Up-to-date symlink: /home/yzz/quadruped_ws/install/control_input_msgs/share/control_input_msgs/local_setup.bash
[1.440s] -- Up-to-date symlink: /home/yzz/quadruped_ws/install/control_input_msgs/share/control_input_msgs/local_setup.sh
[1.441s] -- Up-to-date symlink: /home/yzz/quadruped_ws/install/control_input_msgs/share/control_input_msgs/local_setup.zsh
[1.441s] -- Up-to-date symlink: /home/yzz/quadruped_ws/install/control_input_msgs/share/control_input_msgs/local_setup.dsv
[1.442s] -- Symlinking: /home/yzz/quadruped_ws/install/control_input_msgs/share/control_input_msgs/package.dsv
[1.473s] -- Up-to-date symlink: /home/yzz/quadruped_ws/install/control_input_msgs/share/ament_index/resource_index/packages/control_input_msgs
[1.474s] -- Up-to-date symlink: /home/yzz/quadruped_ws/install/control_input_msgs/share/control_input_msgs/cmake/rosidl_cmake-extras.cmake
[1.475s] -- Up-to-date symlink: /home/yzz/quadruped_ws/install/control_input_msgs/share/control_input_msgs/cmake/ament_cmake_export_include_directories-extras.cmake
[1.475s] -- Up-to-date symlink: /home/yzz/quadruped_ws/install/control_input_msgs/share/control_input_msgs/cmake/ament_cmake_export_libraries-extras.cmake
[1.475s] -- Up-to-date symlink: /home/yzz/quadruped_ws/install/control_input_msgs/share/control_input_msgs/cmake/ament_cmake_export_targets-extras.cmake
[1.476s] -- Up-to-date symlink: /home/yzz/quadruped_ws/install/control_input_msgs/share/control_input_msgs/cmake/rosidl_cmake_export_typesupport_targets-extras.cmake
[1.477s] -- Up-to-date symlink: /home/yzz/quadruped_ws/install/control_input_msgs/share/control_input_msgs/cmake/ament_cmake_export_dependencies-extras.cmake
[1.478s] -- Up-to-date symlink: /home/yzz/quadruped_ws/install/control_input_msgs/share/control_input_msgs/cmake/rosidl_cmake_export_typesupport_libraries-extras.cmake
[1.479s] -- Up-to-date symlink: /home/yzz/quadruped_ws/install/control_input_msgs/share/control_input_msgs/cmake/control_input_msgsConfig.cmake
[1.479s] -- Up-to-date symlink: /home/yzz/quadruped_ws/install/control_input_msgs/share/control_input_msgs/cmake/control_input_msgsConfig-version.cmake
[1.480s] -- Up-to-date symlink: /home/yzz/quadruped_ws/install/control_input_msgs/share/control_input_msgs/package.xml
[1.481s] -- Up-to-date: /home/yzz/quadruped_ws/install/control_input_msgs/lib/libcontrol_input_msgs__rosidl_generator_c.so
[1.482s] -- Up-to-date: /home/yzz/quadruped_ws/install/control_input_msgs/lib/libcontrol_input_msgs__rosidl_typesupport_fastrtps_c.so
[1.485s] -- Up-to-date: /home/yzz/quadruped_ws/install/control_input_msgs/lib/libcontrol_input_msgs__rosidl_typesupport_introspection_c.so
[1.485s] -- Up-to-date: /home/yzz/quadruped_ws/install/control_input_msgs/lib/libcontrol_input_msgs__rosidl_typesupport_c.so
[1.485s] -- Up-to-date: /home/yzz/quadruped_ws/install/control_input_msgs/lib/libcontrol_input_msgs__rosidl_typesupport_fastrtps_cpp.so
[1.486s] -- Up-to-date: /home/yzz/quadruped_ws/install/control_input_msgs/lib/libcontrol_input_msgs__rosidl_typesupport_introspection_cpp.so
[1.486s] -- Up-to-date: /home/yzz/quadruped_ws/install/control_input_msgs/lib/libcontrol_input_msgs__rosidl_typesupport_cpp.so
[1.552s] Listing '/home/yzz/quadruped_ws/install/control_input_msgs/local/lib/python3.10/dist-packages/control_input_msgs'...
[1.552s] Listing '/home/yzz/quadruped_ws/install/control_input_msgs/local/lib/python3.10/dist-packages/control_input_msgs/msg'...
[1.559s] -- Up-to-date: /home/yzz/quadruped_ws/install/control_input_msgs/lib/libcontrol_input_msgs__rosidl_generator_py.so
[1.559s] -- Up-to-date: /home/yzz/quadruped_ws/install/control_input_msgs/share/control_input_msgs/cmake/export_control_input_msgs__rosidl_generator_cExport.cmake
[1.560s] -- Up-to-date: /home/yzz/quadruped_ws/install/control_input_msgs/share/control_input_msgs/cmake/export_control_input_msgs__rosidl_generator_cExport-noconfig.cmake
[1.560s] -- Up-to-date: /home/yzz/quadruped_ws/install/control_input_msgs/share/control_input_msgs/cmake/export_control_input_msgs__rosidl_typesupport_fastrtps_cExport.cmake
[1.561s] -- Up-to-date: /home/yzz/quadruped_ws/install/control_input_msgs/share/control_input_msgs/cmake/export_control_input_msgs__rosidl_typesupport_fastrtps_cExport-noconfig.cmake
[1.561s] -- Up-to-date: /home/yzz/quadruped_ws/install/control_input_msgs/share/control_input_msgs/cmake/control_input_msgs__rosidl_typesupport_introspection_cExport.cmake
[1.561s] -- Up-to-date: /home/yzz/quadruped_ws/install/control_input_msgs/share/control_input_msgs/cmake/control_input_msgs__rosidl_typesupport_introspection_cExport-noconfig.cmake
[1.562s] -- Up-to-date: /home/yzz/quadruped_ws/install/control_input_msgs/share/control_input_msgs/cmake/control_input_msgs__rosidl_typesupport_cExport.cmake
[1.563s] -- Up-to-date: /home/yzz/quadruped_ws/install/control_input_msgs/share/control_input_msgs/cmake/control_input_msgs__rosidl_typesupport_cExport-noconfig.cmake
[1.563s] -- Up-to-date: /home/yzz/quadruped_ws/install/control_input_msgs/share/control_input_msgs/cmake/export_control_input_msgs__rosidl_generator_cppExport.cmake
[1.563s] -- Up-to-date: /home/yzz/quadruped_ws/install/control_input_msgs/share/control_input_msgs/cmake/export_control_input_msgs__rosidl_typesupport_fastrtps_cppExport.cmake
[1.564s] -- Up-to-date: /home/yzz/quadruped_ws/install/control_input_msgs/share/control_input_msgs/cmake/export_control_input_msgs__rosidl_typesupport_fastrtps_cppExport-noconfig.cmake
[1.565s] -- Up-to-date: /home/yzz/quadruped_ws/install/control_input_msgs/share/control_input_msgs/cmake/control_input_msgs__rosidl_typesupport_introspection_cppExport.cmake
[1.567s] -- Up-to-date: /home/yzz/quadruped_ws/install/control_input_msgs/share/control_input_msgs/cmake/control_input_msgs__rosidl_typesupport_introspection_cppExport-noconfig.cmake
[1.567s] -- Up-to-date: /home/yzz/quadruped_ws/install/control_input_msgs/share/control_input_msgs/cmake/control_input_msgs__rosidl_typesupport_cppExport.cmake
[1.567s] -- Up-to-date: /home/yzz/quadruped_ws/install/control_input_msgs/share/control_input_msgs/cmake/control_input_msgs__rosidl_typesupport_cppExport-noconfig.cmake
[1.567s] -- Up-to-date: /home/yzz/quadruped_ws/install/control_input_msgs/share/control_input_msgs/cmake/export_control_input_msgs__rosidl_generator_pyExport.cmake
[1.567s] -- Up-to-date: /home/yzz/quadruped_ws/install/control_input_msgs/share/control_input_msgs/cmake/export_control_input_msgs__rosidl_generator_pyExport-noconfig.cmake
[1.573s] Invoked command in '/home/yzz/quadruped_ws/build/control_input_msgs' returned '0': CMAKE_PREFIX_PATH=${CMAKE_PREFIX_PATH}:/opt/ros/humble /usr/bin/cmake --install /home/yzz/quadruped_ws/build/control_input_msgs
