[0.017s] Invoking command in '/home/yzz/quadruped_ws/build/go1_description': CMAKE_PREFIX_PATH=${CMAKE_PREFIX_PATH}:/opt/ros/humble /usr/bin/cmake /home/yzz/quadruped_ws/src/quadruped_ros2_control-humble/descriptions/unitree/go1_description -DAMENT_CMAKE_SYMLINK_INSTALL=1 -DCMAKE_INSTALL_PREFIX=/home/yzz/quadruped_ws/install/go1_description
[0.103s] -- The C compiler identification is GNU 11.4.0
[0.235s] -- The CXX compiler identification is GNU 11.4.0
[0.251s] -- Detecting C compiler ABI info
[0.475s] -- Detecting C compiler ABI info - done
[0.484s] -- Check for working C compiler: /usr/bin/cc - skipped
[0.485s] -- Detecting C compile features
[0.490s] -- Detecting C compile features - done
[0.497s] -- Detecting CXX compiler ABI info
[0.731s] -- Detecting CXX compiler ABI info - done
[0.756s] -- Check for working CXX compiler: /usr/bin/c++ - skipped
[0.756s] -- Detecting CXX compile features
[0.756s] -- Detecting CXX compile features - done
[0.765s] -- Found ament_cmake: 1.3.12 (/opt/ros/humble/share/ament_cmake/cmake)
[1.199s] -- Found Python3: /usr/bin/python3 (found version "3.10.12") found components: Interpreter 
[1.347s] -- Override CMake install command with custom implementation using symlinks instead of copying resources
[1.649s] -- Configuring done
[1.657s] -- Generating done
[1.662s] -- Build files have been written to: /home/yzz/quadruped_ws/build/go1_description
[1.678s] Invoked command in '/home/yzz/quadruped_ws/build/go1_description' returned '0': CMAKE_PREFIX_PATH=${CMAKE_PREFIX_PATH}:/opt/ros/humble /usr/bin/cmake /home/yzz/quadruped_ws/src/quadruped_ros2_control-humble/descriptions/unitree/go1_description -DAMENT_CMAKE_SYMLINK_INSTALL=1 -DCMAKE_INSTALL_PREFIX=/home/yzz/quadruped_ws/install/go1_description
[1.679s] Invoking command in '/home/yzz/quadruped_ws/build/go1_description': CMAKE_PREFIX_PATH=${CMAKE_PREFIX_PATH}:/opt/ros/humble /usr/bin/cmake --build /home/yzz/quadruped_ws/build/go1_description -- -j2 -l2
[1.800s] Invoked command in '/home/yzz/quadruped_ws/build/go1_description' returned '0': CMAKE_PREFIX_PATH=${CMAKE_PREFIX_PATH}:/opt/ros/humble /usr/bin/cmake --build /home/yzz/quadruped_ws/build/go1_description -- -j2 -l2
[1.838s] Invoking command in '/home/yzz/quadruped_ws/build/go1_description': CMAKE_PREFIX_PATH=${CMAKE_PREFIX_PATH}:/opt/ros/humble /usr/bin/cmake --install /home/yzz/quadruped_ws/build/go1_description
[1.870s] -- Install configuration: ""
[1.872s] -- Execute custom install script
[1.874s] -- Symlinking: /home/yzz/quadruped_ws/install/go1_description/share/go1_description//meshes/calf.dae
[1.911s] -- Symlinking: /home/yzz/quadruped_ws/install/go1_description/share/go1_description//meshes/depthCamera.dae
[1.950s] -- Symlinking: /home/yzz/quadruped_ws/install/go1_description/share/go1_description//meshes/hip.dae
[1.992s] -- Symlinking: /home/yzz/quadruped_ws/install/go1_description/share/go1_description//meshes/thigh.dae
[2.027s] -- Symlinking: /home/yzz/quadruped_ws/install/go1_description/share/go1_description//meshes/thigh_mirror.dae
[2.071s] -- Symlinking: /home/yzz/quadruped_ws/install/go1_description/share/go1_description//meshes/trunk.dae
[2.098s] -- Symlinking: /home/yzz/quadruped_ws/install/go1_description/share/go1_description//meshes/ultraSound.dae
[2.123s] -- Symlinking: /home/yzz/quadruped_ws/install/go1_description/share/go1_description//xacro/const.xacro
[2.150s] -- Symlinking: /home/yzz/quadruped_ws/install/go1_description/share/go1_description//xacro/depthCamera.xacro
[2.185s] -- Symlinking: /home/yzz/quadruped_ws/install/go1_description/share/go1_description//xacro/ft_sensor.xacro
[2.213s] -- Symlinking: /home/yzz/quadruped_ws/install/go1_description/share/go1_description//xacro/gazebo.xacro
[2.245s] -- Symlinking: /home/yzz/quadruped_ws/install/go1_description/share/go1_description//xacro/gazebo_classic.xacro
[2.281s] -- Symlinking: /home/yzz/quadruped_ws/install/go1_description/share/go1_description//xacro/leg.xacro
[2.307s] -- Symlinking: /home/yzz/quadruped_ws/install/go1_description/share/go1_description//xacro/materials.xacro
[2.339s] -- Symlinking: /home/yzz/quadruped_ws/install/go1_description/share/go1_description//xacro/robot.xacro
[2.380s] -- Symlinking: /home/yzz/quadruped_ws/install/go1_description/share/go1_description//xacro/ros2_control.xacro
[2.417s] -- Symlinking: /home/yzz/quadruped_ws/install/go1_description/share/go1_description//xacro/transmission.xacro
[2.452s] -- Symlinking: /home/yzz/quadruped_ws/install/go1_description/share/go1_description//xacro/ultraSound.xacro
[2.489s] -- Symlinking: /home/yzz/quadruped_ws/install/go1_description/share/go1_description//launch/visualize.launch.py
[2.530s] -- Symlinking: /home/yzz/quadruped_ws/install/go1_description/share/go1_description//config/gazebo.yaml
[2.566s] -- Symlinking: /home/yzz/quadruped_ws/install/go1_description/share/go1_description//config/ocs2/gait.info
[2.597s] -- Symlinking: /home/yzz/quadruped_ws/install/go1_description/share/go1_description//config/ocs2/reference.info
[2.626s] -- Symlinking: /home/yzz/quadruped_ws/install/go1_description/share/go1_description//config/ocs2/task.info
[2.726s] -- Symlinking: /home/yzz/quadruped_ws/install/go1_description/share/go1_description//config/robot_control.yaml
[2.765s] -- Symlinking: /home/yzz/quadruped_ws/install/go1_description/share/go1_description//config/visualize_urdf.rviz
[2.788s] -- Symlinking: /home/yzz/quadruped_ws/install/go1_description/share/go1_description//urdf/robot.urdf
[2.827s] -- Symlinking: /home/yzz/quadruped_ws/install/go1_description/share/ament_index/resource_index/package_run_dependencies/go1_description
[2.865s] -- Symlinking: /home/yzz/quadruped_ws/install/go1_description/share/ament_index/resource_index/parent_prefix_path/go1_description
[2.894s] -- Symlinking: /home/yzz/quadruped_ws/install/go1_description/share/go1_description/environment/ament_prefix_path.sh
[2.931s] -- Symlinking: /home/yzz/quadruped_ws/install/go1_description/share/go1_description/environment/ament_prefix_path.dsv
[2.967s] -- Symlinking: /home/yzz/quadruped_ws/install/go1_description/share/go1_description/environment/path.sh
[3.001s] -- Symlinking: /home/yzz/quadruped_ws/install/go1_description/share/go1_description/environment/path.dsv
[3.035s] -- Symlinking: /home/yzz/quadruped_ws/install/go1_description/share/go1_description/local_setup.bash
[3.063s] -- Symlinking: /home/yzz/quadruped_ws/install/go1_description/share/go1_description/local_setup.sh
[3.091s] -- Symlinking: /home/yzz/quadruped_ws/install/go1_description/share/go1_description/local_setup.zsh
[3.115s] -- Symlinking: /home/yzz/quadruped_ws/install/go1_description/share/go1_description/local_setup.dsv
[3.145s] -- Symlinking: /home/yzz/quadruped_ws/install/go1_description/share/go1_description/package.dsv
[3.182s] -- Symlinking: /home/yzz/quadruped_ws/install/go1_description/share/ament_index/resource_index/packages/go1_description
[3.214s] -- Symlinking: /home/yzz/quadruped_ws/install/go1_description/share/go1_description/cmake/go1_descriptionConfig.cmake
[3.240s] -- Symlinking: /home/yzz/quadruped_ws/install/go1_description/share/go1_description/cmake/go1_descriptionConfig-version.cmake
[3.264s] -- Symlinking: /home/yzz/quadruped_ws/install/go1_description/share/go1_description/package.xml
[3.300s] Invoked command in '/home/yzz/quadruped_ws/build/go1_description' returned '0': CMAKE_PREFIX_PATH=${CMAKE_PREFIX_PATH}:/opt/ros/humble /usr/bin/cmake --install /home/yzz/quadruped_ws/build/go1_description
