[0.012s] Invoking command in '/home/yzz/ROS2_WS/build/keyboard_input': CMAKE_PREFIX_PATH=/home/yzz/ROS2_WS/install/control_input_msgs:/home/yzz/ROS2_WS/install/unitree_sdk2:/home/yzz/ROS2_WS/install/unitree_guide_controller:/home/yzz/ROS2_WS/install/leg_pd_controller:/home/yzz/ROS2_WS/install/keyboard_input:/home/yzz/ROS2_WS/install/go1_description:/home/yzz/ROS2_WS/install/controller_common:/opt/ros/humble LD_LIBRARY_PATH=/home/yzz/ROS2_WS/install/control_input_msgs/lib:/home/yzz/ROS2_WS/install/unitree_sdk2/lib:/home/yzz/ROS2_WS/install/unitree_guide_controller/lib:/home/yzz/ROS2_WS/install/leg_pd_controller/lib:/home/yzz/ROS2_WS/install/controller_common/lib:/usr/lib/x86_64-linux-gnu/gazebo-11/plugins:/opt/ros/humble/opt/rviz_ogre_vendor/lib:/opt/ros/humble/lib/x86_64-linux-gnu:/opt/ros/humble/lib /usr/bin/cmake --build /home/yzz/ROS2_WS/build/keyboard_input -- -j2 -l2
[0.103s] [100%] Built target keyboard_input
[0.117s] Invoked command in '/home/yzz/ROS2_WS/build/keyboard_input' returned '0': CMAKE_PREFIX_PATH=/home/yzz/ROS2_WS/install/control_input_msgs:/home/yzz/ROS2_WS/install/unitree_sdk2:/home/yzz/ROS2_WS/install/unitree_guide_controller:/home/yzz/ROS2_WS/install/leg_pd_controller:/home/yzz/ROS2_WS/install/keyboard_input:/home/yzz/ROS2_WS/install/go1_description:/home/yzz/ROS2_WS/install/controller_common:/opt/ros/humble LD_LIBRARY_PATH=/home/yzz/ROS2_WS/install/control_input_msgs/lib:/home/yzz/ROS2_WS/install/unitree_sdk2/lib:/home/yzz/ROS2_WS/install/unitree_guide_controller/lib:/home/yzz/ROS2_WS/install/leg_pd_controller/lib:/home/yzz/ROS2_WS/install/controller_common/lib:/usr/lib/x86_64-linux-gnu/gazebo-11/plugins:/opt/ros/humble/opt/rviz_ogre_vendor/lib:/opt/ros/humble/lib/x86_64-linux-gnu:/opt/ros/humble/lib /usr/bin/cmake --build /home/yzz/ROS2_WS/build/keyboard_input -- -j2 -l2
[0.120s] Invoking command in '/home/yzz/ROS2_WS/build/keyboard_input': CMAKE_PREFIX_PATH=/home/yzz/ROS2_WS/install/control_input_msgs:/home/yzz/ROS2_WS/install/unitree_sdk2:/home/yzz/ROS2_WS/install/unitree_guide_controller:/home/yzz/ROS2_WS/install/leg_pd_controller:/home/yzz/ROS2_WS/install/keyboard_input:/home/yzz/ROS2_WS/install/go1_description:/home/yzz/ROS2_WS/install/controller_common:/opt/ros/humble LD_LIBRARY_PATH=/home/yzz/ROS2_WS/install/control_input_msgs/lib:/home/yzz/ROS2_WS/install/unitree_sdk2/lib:/home/yzz/ROS2_WS/install/unitree_guide_controller/lib:/home/yzz/ROS2_WS/install/leg_pd_controller/lib:/home/yzz/ROS2_WS/install/controller_common/lib:/usr/lib/x86_64-linux-gnu/gazebo-11/plugins:/opt/ros/humble/opt/rviz_ogre_vendor/lib:/opt/ros/humble/lib/x86_64-linux-gnu:/opt/ros/humble/lib /usr/bin/cmake --install /home/yzz/ROS2_WS/build/keyboard_input
[0.132s] -- Install configuration: ""
[0.134s] -- Execute custom install script
[0.134s] -- Up-to-date symlink: /home/yzz/ROS2_WS/install/keyboard_input/lib/keyboard_input/keyboard_input
[0.134s] -- Up-to-date symlink: /home/yzz/ROS2_WS/install/keyboard_input/share/ament_index/resource_index/package_run_dependencies/keyboard_input
[0.134s] -- Up-to-date symlink: /home/yzz/ROS2_WS/install/keyboard_input/share/ament_index/resource_index/parent_prefix_path/keyboard_input
[0.136s] -- Up-to-date symlink: /home/yzz/ROS2_WS/install/keyboard_input/share/keyboard_input/environment/ament_prefix_path.sh
[0.136s] -- Up-to-date symlink: /home/yzz/ROS2_WS/install/keyboard_input/share/keyboard_input/environment/ament_prefix_path.dsv
[0.136s] -- Up-to-date symlink: /home/yzz/ROS2_WS/install/keyboard_input/share/keyboard_input/environment/path.sh
[0.136s] -- Up-to-date symlink: /home/yzz/ROS2_WS/install/keyboard_input/share/keyboard_input/environment/path.dsv
[0.136s] -- Up-to-date symlink: /home/yzz/ROS2_WS/install/keyboard_input/share/keyboard_input/local_setup.bash
[0.136s] -- Up-to-date symlink: /home/yzz/ROS2_WS/install/keyboard_input/share/keyboard_input/local_setup.sh
[0.137s] -- Up-to-date symlink: /home/yzz/ROS2_WS/install/keyboard_input/share/keyboard_input/local_setup.zsh
[0.137s] -- Up-to-date symlink: /home/yzz/ROS2_WS/install/keyboard_input/share/keyboard_input/local_setup.dsv
[0.138s] -- Symlinking: /home/yzz/ROS2_WS/install/keyboard_input/share/keyboard_input/package.dsv
[0.150s] -- Up-to-date symlink: /home/yzz/ROS2_WS/install/keyboard_input/share/ament_index/resource_index/packages/keyboard_input
[0.150s] -- Up-to-date symlink: /home/yzz/ROS2_WS/install/keyboard_input/share/keyboard_input/cmake/keyboard_inputConfig.cmake
[0.153s] -- Up-to-date symlink: /home/yzz/ROS2_WS/install/keyboard_input/share/keyboard_input/cmake/keyboard_inputConfig-version.cmake
[0.154s] -- Up-to-date symlink: /home/yzz/ROS2_WS/install/keyboard_input/share/keyboard_input/package.xml
[0.154s] Invoked command in '/home/yzz/ROS2_WS/build/keyboard_input' returned '0': CMAKE_PREFIX_PATH=/home/yzz/ROS2_WS/install/control_input_msgs:/home/yzz/ROS2_WS/install/unitree_sdk2:/home/yzz/ROS2_WS/install/unitree_guide_controller:/home/yzz/ROS2_WS/install/leg_pd_controller:/home/yzz/ROS2_WS/install/keyboard_input:/home/yzz/ROS2_WS/install/go1_description:/home/yzz/ROS2_WS/install/controller_common:/opt/ros/humble LD_LIBRARY_PATH=/home/yzz/ROS2_WS/install/control_input_msgs/lib:/home/yzz/ROS2_WS/install/unitree_sdk2/lib:/home/yzz/ROS2_WS/install/unitree_guide_controller/lib:/home/yzz/ROS2_WS/install/leg_pd_controller/lib:/home/yzz/ROS2_WS/install/controller_common/lib:/usr/lib/x86_64-linux-gnu/gazebo-11/plugins:/opt/ros/humble/opt/rviz_ogre_vendor/lib:/opt/ros/humble/lib/x86_64-linux-gnu:/opt/ros/humble/lib /usr/bin/cmake --install /home/yzz/ROS2_WS/build/keyboard_input
